2026-03-05 15:29:35,809 - INFO - ======================================================================
2026-03-05 15:29:35,810 - INFO - URL COLLECTION + DUPLICATE CHECKER
2026-03-05 15:29:35,810 - INFO -   Root   : Anskaffelser, avtaler, bygg og entrepriser
2026-03-05 15:29:35,811 - INFO -   Branch : Anskaffelser
2026-03-05 15:29:35,811 - INFO -   Leaf   : (branch level)
2026-03-05 15:29:35,812 - INFO - ======================================================================
2026-03-05 15:29:52,438 - INFO - Login successful
2026-03-05 15:29:57,714 - INFO - Tree nodes loaded
2026-03-05 15:29:58,749 - INFO - Found 35 tree nodes
2026-03-05 15:29:59,404 - INFO - Root categories: 35
2026-03-05 15:29:59,405 - INFO - Clicking root: 'Anskaffelser, avtaler, bygg og entrepriser'
2026-03-05 15:30:02,207 - INFO - Branches found: 5
2026-03-05 15:30:02,227 - INFO -   branch: 'Anskaffelser'
2026-03-05 15:30:02,249 - INFO -   branch: 'Avtaler'
2026-03-05 15:30:02,271 - INFO -   branch: 'Boligoppføring'
2026-03-05 15:30:02,291 - INFO -   branch: 'Byggesaksbehandling'
2026-03-05 15:30:02,309 - INFO -   branch: 'Entrepriser'
2026-03-05 15:30:02,340 - INFO - Clicking branch: 'Anskaffelser'
2026-03-05 15:30:05,449 - INFO - No leaf specified — waiting for branch level page
2026-03-05 15:30:06,503 - INFO - Branch level legal area loaded OK
2026-03-05 15:30:06,551 - INFO - Section tabs visible (11):
2026-03-05 15:30:06,577 - INFO -   tab: 'Siste dokumenter'
2026-03-05 15:30:06,607 - INFO -   tab: '¶Lover'
2026-03-05 15:30:06,631 - INFO -   tab: 'Forskrifter'
2026-03-05 15:30:06,669 - INFO -   tab: 'Avgjørelser fra Høyesterett'
2026-03-05 15:30:06,699 - INFO -   tab: 'Avgjørelser fra lagmannsrettene'
2026-03-05 15:30:06,733 - INFO -   tab: 'Avgjørelser fra tingrettene'
2026-03-05 15:30:06,754 - INFO -   tab: '📚Artikler'
2026-03-05 15:30:06,773 - INFO -   tab: 'Dokumenter fra Klagenemnda for offentlige anskaffelser'
2026-03-05 15:30:06,789 - INFO -   tab: 'Dokumenter fra Byggebransjens Faglig Juridiske Råd'
2026-03-05 15:30:06,806 - INFO -   tab: 'Dokumenter fra Justisdepartementet'
2026-03-05 15:30:06,826 - INFO -   tab: 'Andre dokumenter'
2026-03-05 15:30:06,827 - INFO - 
2026-03-05 15:30:06,827 - INFO - Collecting URLs from all sections (this may take a while)...
2026-03-05 15:30:07,387 - INFO -   Section tab links found: 11
2026-03-05 15:30:07,442 - INFO -   Section: LATEST DOCUMENTS                                         div_id=saker
2026-03-05 15:30:07,487 - INFO -   Section: LAWS                                                     div_id=lover
2026-03-05 15:30:07,532 - INFO -   Section: REGULATIONS                                              div_id=forskrifter
2026-03-05 15:30:07,576 - INFO -   Section: DECISIONS FROM THE SUPREME COURT                         div_id=hr
2026-03-05 15:30:07,623 - INFO -   Section: DECISIONS FROM THE COURTS OF APPEAL                      div_id=lr
2026-03-05 15:30:07,670 - INFO -   Section: DECISIONS FROM THE DISTRICT COURTS                       div_id=tr
2026-03-05 15:30:07,710 - INFO -   Section: ARTICLES                                                 div_id=artikler
2026-03-05 15:30:07,753 - INFO -   Section: DOCUMENTS FROM THE PUBLIC PROCUREMENT COMPLAINTS BOARD   div_id=firstOtherBase
2026-03-05 15:30:07,795 - INFO -   Section: DOCUMENTS FROM THE CONSTRUCTION INDUSTRY LEGAL COUNCIL   div_id=secondOtherBase
2026-03-05 15:30:07,837 - INFO -   Section: DOCUMENTS FROM THE MINISTRY OF JUSTICE                   div_id=thirdOtherBase
2026-03-05 15:30:07,881 - INFO -   Section: OTHER DOCUMENTS                                          div_id=otherBases
2026-03-05 15:30:07,882 - INFO - Processing 11 sections
2026-03-05 15:30:07,882 - INFO - [1/11] Section: LATEST DOCUMENTS
2026-03-05 15:30:08,209 - INFO -   Clicked section tab: 'Siste dokumenter'
2026-03-05 15:30:09,796 - INFO -   Small section mode
2026-03-05 15:30:09,833 - INFO -   Small section div#saker — collected 10 URLs
2026-03-05 15:30:09,834 - INFO -   Section result: LATEST DOCUMENTS                                   expected=?      collected=10
2026-03-05 15:30:09,836 - INFO - [2/11] Section: LAWS
2026-03-05 15:30:10,219 - INFO -   Clicked section tab: 'Lover'
2026-03-05 15:30:11,790 - INFO -   Small section mode
2026-03-05 15:30:11,821 - INFO -   Small section div#lover — collected 2 URLs
2026-03-05 15:30:11,821 - INFO -   Section result: LAWS                                               expected=?      collected=2
2026-03-05 15:30:11,822 - INFO - [3/11] Section: REGULATIONS
2026-03-05 15:30:12,233 - INFO -   Clicked section tab: 'Forskrifter'
2026-03-05 15:30:13,807 - INFO -   Vis alle clicked — expected: 16
2026-03-05 15:30:16,831 - INFO -   Advanced Search URL: https://lovdata.no/pro/#result&id=2523
2026-03-05 15:30:18,867 - INFO -   Advanced Search loaded
2026-03-05 15:30:18,887 - INFO -   Advanced Search mode
2026-03-05 15:30:20,926 - INFO -   Page 1: +16 new  (total: 16 / expected: 16)
2026-03-05 15:30:21,178 - INFO -   Next page clicked
2026-03-05 15:30:26,192 - INFO -   Page 2: +0 new  (total: 16 / expected: 16)
2026-03-05 15:30:26,194 - INFO -   No new URLs on page 2 — last page
2026-03-05 15:30:38,593 - WARNING -   Back() failed — navigating directly
2026-03-05 15:30:41,639 - INFO -   Section result: REGULATIONS                                        expected=16     collected=16
2026-03-05 15:30:41,640 - INFO - [4/11] Section: DECISIONS FROM THE SUPREME COURT
2026-03-05 15:30:42,084 - INFO -   Clicked section tab: 'Avgjørelser fra Høyesterett'
2026-03-05 15:30:43,657 - INFO -   Vis alle clicked — expected: 16
2026-03-05 15:30:46,709 - INFO -   Advanced Search URL: https://lovdata.no/pro/#result&id=3513
2026-03-05 15:30:48,776 - INFO -   Advanced Search loaded
2026-03-05 15:30:48,796 - INFO -   Advanced Search mode
2026-03-05 15:30:50,833 - INFO -   Page 1: +16 new  (total: 16 / expected: 16)
2026-03-05 15:30:51,028 - INFO -   Next page clicked
2026-03-05 15:30:56,056 - INFO -   Page 2: +0 new  (total: 16 / expected: 16)
2026-03-05 15:30:56,056 - INFO -   No new URLs on page 2 — last page
2026-03-05 15:31:08,474 - WARNING -   Back() failed — navigating directly
2026-03-05 15:31:11,537 - INFO -   Section result: DECISIONS FROM THE SUPREME COURT                   expected=16     collected=16
2026-03-05 15:31:11,538 - INFO - [5/11] Section: DECISIONS FROM THE COURTS OF APPEAL
2026-03-05 15:31:12,030 - INFO -   Clicked section tab: 'Avgjørelser fra lagmannsrettene'
2026-03-05 15:31:13,637 - INFO -   Advanced Search mode
2026-03-05 15:31:15,659 - INFO -   Page 1: +50 new  (total: 50 / expected: ?)
2026-03-05 15:31:15,840 - INFO -   Next page clicked
2026-03-05 15:31:20,878 - INFO -   Page 2: +50 new  (total: 100 / expected: ?)
2026-03-05 15:31:21,090 - INFO -   Next page clicked
2026-03-05 15:31:26,119 - INFO -   Page 3: +50 new  (total: 150 / expected: ?)
2026-03-05 15:31:26,345 - INFO -   Next page clicked
2026-03-05 15:31:31,365 - INFO -   Page 4: +18 new  (total: 168 / expected: ?)
2026-03-05 15:31:31,549 - INFO -   Next page clicked
2026-03-05 15:31:36,574 - INFO -   Page 5: +0 new  (total: 168 / expected: ?)
2026-03-05 15:31:36,575 - INFO -   No new URLs on page 5 — last page
2026-03-05 15:31:38,746 - INFO -   Back to legal area page
2026-03-05 15:31:38,746 - INFO -   Section result: DECISIONS FROM THE COURTS OF APPEAL                expected=?      collected=168
2026-03-05 15:31:38,746 - INFO - [6/11] Section: DECISIONS FROM THE DISTRICT COURTS
2026-03-05 15:31:39,230 - INFO -   Clicked section tab: 'Avgjørelser fra tingrettene'
2026-03-05 15:31:40,807 - INFO -   Vis alle clicked — expected: 132
2026-03-05 15:31:43,839 - INFO -   Advanced Search URL: https://lovdata.no/pro/#result&id=5473
2026-03-05 15:31:45,879 - INFO -   Advanced Search loaded
2026-03-05 15:31:45,899 - INFO -   Advanced Search mode
2026-03-05 15:31:47,923 - INFO -   Page 1: +50 new  (total: 50 / expected: 132)
2026-03-05 15:31:48,121 - INFO -   Next page clicked
2026-03-05 15:31:53,153 - INFO -   Page 2: +50 new  (total: 100 / expected: 132)
2026-03-05 15:31:53,357 - INFO -   Next page clicked
2026-03-05 15:31:58,387 - INFO -   Page 3: +32 new  (total: 132 / expected: 132)
2026-03-05 15:31:58,574 - INFO -   Next page clicked
2026-03-05 15:32:03,607 - INFO -   Page 4: +0 new  (total: 132 / expected: 132)
2026-03-05 15:32:03,607 - INFO -   No new URLs on page 4 — last page
2026-03-05 15:32:15,979 - WARNING -   Back() failed — navigating directly
2026-03-05 15:32:19,019 - INFO -   Section result: DECISIONS FROM THE DISTRICT COURTS                 expected=132    collected=132
2026-03-05 15:32:19,020 - INFO - [7/11] Section: ARTICLES
2026-03-05 15:32:19,534 - INFO -   Clicked section tab: 'Artikler'
2026-03-05 15:32:21,086 - INFO -   Vis alle clicked — expected: 44
2026-03-05 15:32:24,096 - INFO -   Advanced Search URL: https://lovdata.no/pro/#result&id=6492
2026-03-05 15:32:26,150 - INFO -   Advanced Search loaded
2026-03-05 15:32:26,171 - INFO -   Advanced Search mode
2026-03-05 15:32:28,193 - INFO -   Page 1: +44 new  (total: 44 / expected: 44)
2026-03-05 15:32:28,379 - INFO -   Next page clicked
2026-03-05 15:32:33,413 - INFO -   Page 2: +0 new  (total: 44 / expected: 44)
2026-03-05 15:32:33,415 - INFO -   No new URLs on page 2 — last page
2026-03-05 15:32:45,775 - WARNING -   Back() failed — navigating directly
2026-03-05 15:32:48,819 - INFO -   Section result: ARTICLES                                           expected=44     collected=44
2026-03-05 15:32:48,819 - INFO - [8/11] Section: DOCUMENTS FROM THE PUBLIC PROCUREMENT COMPLAINTS BOARD
2026-03-05 15:32:49,442 - INFO -   Clicked section tab: 'Dokumenter fra Klagenemnda for offentlige anskaffelser'
2026-03-05 15:32:51,001 - INFO -   Vis alle clicked — expected: 2532
2026-03-05 15:32:54,031 - INFO -   Advanced Search URL: https://lovdata.no/pro/#result&id=7415
2026-03-05 15:32:56,070 - INFO -   Advanced Search loaded
2026-03-05 15:32:56,089 - INFO -   Advanced Search mode
2026-03-05 15:32:58,123 - INFO -   Page 1: +50 new  (total: 50 / expected: 2532)
2026-03-05 15:32:58,345 - INFO -   Next page clicked
2026-03-05 15:33:03,384 - INFO -   Page 2: +50 new  (total: 100 / expected: 2532)
2026-03-05 15:33:03,626 - INFO -   Next page clicked
2026-03-05 15:33:08,659 - INFO -   Page 3: +50 new  (total: 150 / expected: 2532)
2026-03-05 15:33:08,849 - INFO -   Next page clicked
2026-03-05 15:33:13,889 - INFO -   Page 4: +50 new  (total: 200 / expected: 2532)
2026-03-05 15:33:14,119 - INFO -   Next page clicked
2026-03-05 15:33:19,189 - INFO -   Page 5: +50 new  (total: 250 / expected: 2532)
2026-03-05 15:33:19,415 - INFO -   Next page clicked
2026-03-05 15:33:24,453 - INFO -   Page 6: +50 new  (total: 300 / expected: 2532)
2026-03-05 15:33:24,680 - INFO -   Next page clicked
2026-03-05 15:33:29,716 - INFO -   Page 7: +50 new  (total: 350 / expected: 2532)
2026-03-05 15:33:29,907 - INFO -   Next page clicked
2026-03-05 15:33:34,973 - INFO -   Page 8: +50 new  (total: 400 / expected: 2532)
2026-03-05 15:33:35,280 - INFO -   Next page clicked
2026-03-05 15:33:40,310 - INFO -   Page 9: +50 new  (total: 450 / expected: 2532)
2026-03-05 15:33:40,541 - INFO -   Next page clicked
2026-03-05 15:33:45,572 - INFO -   Page 10: +50 new  (total: 500 / expected: 2532)
2026-03-05 15:33:45,757 - INFO -   Next page clicked
2026-03-05 15:33:50,788 - INFO -   Page 11: +50 new  (total: 550 / expected: 2532)
2026-03-05 15:33:50,995 - INFO -   Next page clicked
2026-03-05 15:33:56,031 - INFO -   Page 12: +50 new  (total: 600 / expected: 2532)
2026-03-05 15:33:56,247 - INFO -   Next page clicked
2026-03-05 15:34:01,280 - INFO -   Page 13: +50 new  (total: 650 / expected: 2532)
2026-03-05 15:34:01,505 - INFO -   Next page clicked
2026-03-05 15:34:06,529 - INFO -   Page 14: +50 new  (total: 700 / expected: 2532)
2026-03-05 15:34:06,732 - INFO -   Next page clicked
2026-03-05 15:34:11,765 - INFO -   Page 15: +50 new  (total: 750 / expected: 2532)
2026-03-05 15:34:11,949 - INFO -   Next page clicked
2026-03-05 15:34:16,988 - INFO -   Page 16: +50 new  (total: 800 / expected: 2532)
2026-03-05 15:34:17,180 - INFO -   Next page clicked
2026-03-05 15:34:22,228 - INFO -   Page 17: +50 new  (total: 850 / expected: 2532)
2026-03-05 15:34:22,455 - INFO -   Next page clicked
2026-03-05 15:34:27,491 - INFO -   Page 18: +50 new  (total: 900 / expected: 2532)
2026-03-05 15:34:27,709 - INFO -   Next page clicked
2026-03-05 15:34:32,742 - INFO -   Page 19: +50 new  (total: 950 / expected: 2532)
2026-03-05 15:34:32,959 - INFO -   Next page clicked
2026-03-05 15:34:37,996 - INFO -   Page 20: +50 new  (total: 1000 / expected: 2532)
2026-03-05 15:34:38,205 - INFO -   Next page clicked
2026-03-05 15:34:43,238 - INFO -   Page 21: +50 new  (total: 1050 / expected: 2532)
2026-03-05 15:34:43,463 - INFO -   Next page clicked
2026-03-05 15:34:48,494 - INFO -   Page 22: +50 new  (total: 1100 / expected: 2532)
2026-03-05 15:34:48,730 - INFO -   Next page clicked
2026-03-05 15:34:53,764 - INFO -   Page 23: +50 new  (total: 1150 / expected: 2532)
2026-03-05 15:34:53,978 - INFO -   Next page clicked
2026-03-05 15:34:59,006 - INFO -   Page 24: +50 new  (total: 1200 / expected: 2532)
2026-03-05 15:34:59,228 - INFO -   Next page clicked
2026-03-05 15:35:04,266 - INFO -   Page 25: +50 new  (total: 1250 / expected: 2532)
2026-03-05 15:35:04,476 - INFO -   Next page clicked
2026-03-05 15:35:09,500 - INFO -   Page 26: +50 new  (total: 1300 / expected: 2532)
2026-03-05 15:35:09,722 - INFO -   Next page clicked
2026-03-05 15:35:14,756 - INFO -   Page 27: +50 new  (total: 1350 / expected: 2532)
2026-03-05 15:35:14,924 - INFO -   Next page clicked
2026-03-05 15:35:19,945 - INFO -   Page 28: +50 new  (total: 1400 / expected: 2532)
2026-03-05 15:35:20,139 - INFO -   Next page clicked
2026-03-05 15:35:25,174 - INFO -   Page 29: +50 new  (total: 1450 / expected: 2532)
2026-03-05 15:35:25,374 - INFO -   Next page clicked
2026-03-05 15:35:30,409 - INFO -   Page 30: +50 new  (total: 1500 / expected: 2532)
2026-03-05 15:35:30,627 - INFO -   Next page clicked
2026-03-05 15:35:35,658 - INFO -   Page 31: +50 new  (total: 1550 / expected: 2532)
2026-03-05 15:35:35,868 - INFO -   Next page clicked
2026-03-05 15:35:40,892 - INFO -   Page 32: +50 new  (total: 1600 / expected: 2532)
2026-03-05 15:35:41,101 - INFO -   Next page clicked
2026-03-05 15:35:46,141 - INFO -   Page 33: +50 new  (total: 1650 / expected: 2532)
2026-03-05 15:35:46,341 - INFO -   Next page clicked
2026-03-05 15:35:51,364 - INFO -   Page 34: +50 new  (total: 1700 / expected: 2532)
2026-03-05 15:35:51,505 - INFO -   Next page clicked
2026-03-05 15:35:56,539 - INFO -   Page 35: +50 new  (total: 1750 / expected: 2532)
2026-03-05 15:35:56,750 - INFO -   Next page clicked
2026-03-05 15:36:01,772 - INFO -   Page 36: +50 new  (total: 1800 / expected: 2532)
2026-03-05 15:36:01,918 - INFO -   Next page clicked
2026-03-05 15:36:06,955 - INFO -   Page 37: +50 new  (total: 1850 / expected: 2532)
2026-03-05 15:36:07,185 - INFO -   Next page clicked
2026-03-05 15:36:12,223 - INFO -   Page 38: +50 new  (total: 1900 / expected: 2532)
2026-03-05 15:36:12,453 - INFO -   Next page clicked
2026-03-05 15:36:17,477 - INFO -   Page 39: +50 new  (total: 1950 / expected: 2532)
2026-03-05 15:36:17,685 - INFO -   Next page clicked
2026-03-05 15:36:22,717 - INFO -   Page 40: +50 new  (total: 2000 / expected: 2532)
2026-03-05 15:36:22,948 - INFO -   Next page clicked
2026-03-05 15:36:27,974 - INFO -   Page 41: +50 new  (total: 2050 / expected: 2532)
2026-03-05 15:36:28,193 - INFO -   Next page clicked
2026-03-05 15:36:33,219 - INFO -   Page 42: +50 new  (total: 2100 / expected: 2532)
2026-03-05 15:36:33,460 - INFO -   Next page clicked
2026-03-05 15:36:38,497 - INFO -   Page 43: +50 new  (total: 2150 / expected: 2532)
2026-03-05 15:36:38,614 - INFO -   Next page clicked
2026-03-05 15:36:43,639 - INFO -   Page 44: +50 new  (total: 2200 / expected: 2532)
2026-03-05 15:36:43,842 - INFO -   Next page clicked
2026-03-05 15:36:48,864 - INFO -   Page 45: +50 new  (total: 2250 / expected: 2532)
2026-03-05 15:36:49,077 - INFO -   Next page clicked
2026-03-05 15:36:54,109 - INFO -   Page 46: +50 new  (total: 2300 / expected: 2532)
2026-03-05 15:36:54,330 - INFO -   Next page clicked
2026-03-05 15:36:59,363 - INFO -   Page 47: +50 new  (total: 2350 / expected: 2532)
2026-03-05 15:36:59,590 - INFO -   Next page clicked
2026-03-05 15:37:04,623 - INFO -   Page 48: +50 new  (total: 2400 / expected: 2532)
2026-03-05 15:37:04,828 - INFO -   Next page clicked
2026-03-05 15:37:09,861 - INFO -   Page 49: +50 new  (total: 2450 / expected: 2532)
2026-03-05 15:37:10,075 - INFO -   Next page clicked
2026-03-05 15:37:15,116 - INFO -   Page 50: +50 new  (total: 2500 / expected: 2532)
2026-03-05 15:37:15,341 - INFO -   Next page clicked
2026-03-05 15:37:20,381 - INFO -   Page 51: +32 new  (total: 2532 / expected: 2532)
2026-03-05 15:37:20,581 - INFO -   Next page clicked
2026-03-05 15:37:25,603 - INFO -   Page 52: +0 new  (total: 2532 / expected: 2532)
2026-03-05 15:37:25,603 - INFO -   No new URLs on page 52 — last page
2026-03-05 15:37:38,036 - WARNING -   Back() failed — navigating directly
2026-03-05 15:37:41,078 - INFO -   Section result: DOCUMENTS FROM THE PUBLIC PROCUREMENT COMPLAINTS BOARD expected=2532   collected=2532
2026-03-05 15:37:41,078 - INFO - [9/11] Section: DOCUMENTS FROM THE CONSTRUCTION INDUSTRY LEGAL COUNCIL
2026-03-05 15:37:41,724 - INFO -   Clicked section tab: 'Dokumenter fra Byggebransjens Faglig Juridiske Råd'
2026-03-05 15:37:43,297 - INFO -   Vis alle clicked — expected: 659
2026-03-05 15:37:46,314 - INFO -   Advanced Search URL: https://lovdata.no/pro/#result&id=10978
2026-03-05 15:37:48,358 - INFO -   Advanced Search loaded
2026-03-05 15:37:48,375 - INFO -   Advanced Search mode
2026-03-05 15:37:50,408 - INFO -   Page 1: +50 new  (total: 50 / expected: 659)
2026-03-05 15:37:50,616 - INFO -   Next page clicked
2026-03-05 15:37:55,648 - INFO -   Page 2: +50 new  (total: 100 / expected: 659)
2026-03-05 15:37:55,855 - INFO -   Next page clicked
2026-03-05 15:38:00,893 - INFO -   Page 3: +50 new  (total: 150 / expected: 659)
2026-03-05 15:38:01,088 - INFO -   Next page clicked
2026-03-05 15:38:06,118 - INFO -   Page 4: +50 new  (total: 200 / expected: 659)
2026-03-05 15:38:06,322 - INFO -   Next page clicked
2026-03-05 15:38:11,361 - INFO -   Page 5: +50 new  (total: 250 / expected: 659)
2026-03-05 15:38:11,547 - INFO -   Next page clicked
2026-03-05 15:38:16,579 - INFO -   Page 6: +50 new  (total: 300 / expected: 659)
2026-03-05 15:38:16,827 - INFO -   Next page clicked
2026-03-05 15:38:21,866 - INFO -   Page 7: +50 new  (total: 350 / expected: 659)
2026-03-05 15:38:22,075 - INFO -   Next page clicked
2026-03-05 15:38:27,099 - INFO -   Page 8: +50 new  (total: 400 / expected: 659)
2026-03-05 15:38:27,327 - INFO -   Next page clicked
2026-03-05 15:38:32,364 - INFO -   Page 9: +50 new  (total: 450 / expected: 659)
2026-03-05 15:38:32,586 - INFO -   Next page clicked
2026-03-05 15:38:37,611 - INFO -   Page 10: +50 new  (total: 500 / expected: 659)
2026-03-05 15:38:37,826 - INFO -   Next page clicked
2026-03-05 15:38:42,865 - INFO -   Page 11: +50 new  (total: 550 / expected: 659)
2026-03-05 15:38:43,083 - INFO -   Next page clicked
2026-03-05 15:38:48,111 - INFO -   Page 12: +50 new  (total: 600 / expected: 659)
2026-03-05 15:38:48,295 - INFO -   Next page clicked
2026-03-05 15:38:53,329 - INFO -   Page 13: +50 new  (total: 650 / expected: 659)
2026-03-05 15:38:53,522 - INFO -   Next page clicked
2026-03-05 15:38:58,553 - INFO -   Page 14: +9 new  (total: 659 / expected: 659)
2026-03-05 15:38:58,749 - INFO -   Next page clicked
2026-03-05 15:39:03,789 - INFO -   Page 15: +0 new  (total: 659 / expected: 659)
2026-03-05 15:39:03,791 - INFO -   No new URLs on page 15 — last page
2026-03-05 15:39:15,907 - WARNING -   Back() failed — navigating directly
2026-03-05 15:39:18,952 - INFO -   Section result: DOCUMENTS FROM THE CONSTRUCTION INDUSTRY LEGAL COUNCIL expected=659    collected=659
2026-03-05 15:39:18,953 - INFO - [10/11] Section: DOCUMENTS FROM THE MINISTRY OF JUSTICE
2026-03-05 15:39:19,605 - INFO -   Clicked section tab: 'Dokumenter fra Justisdepartementet'
2026-03-05 15:39:21,178 - INFO -   Small section mode
2026-03-05 15:39:21,210 - INFO -   Small section div#thirdOtherBase — collected 6 URLs
2026-03-05 15:39:21,211 - INFO -   Section result: DOCUMENTS FROM THE MINISTRY OF JUSTICE             expected=?      collected=6
2026-03-05 15:39:21,211 - INFO - [11/11] Section: OTHER DOCUMENTS
2026-03-05 15:39:21,857 - INFO -   Clicked section tab: 'Andre dokumenter'
2026-03-05 15:39:23,428 - INFO -   Vis alle clicked — expected: 330
2026-03-05 15:39:26,457 - INFO -   Advanced Search URL: https://lovdata.no/pro/#result&id=12557
2026-03-05 15:39:28,494 - INFO -   Advanced Search loaded
2026-03-05 15:39:28,518 - INFO -   Advanced Search mode
2026-03-05 15:39:30,552 - INFO -   Page 1: +50 new  (total: 50 / expected: 330)
2026-03-05 15:39:30,786 - INFO -   Next page clicked
2026-03-05 15:39:35,823 - INFO -   Page 2: +50 new  (total: 100 / expected: 330)
2026-03-05 15:39:36,024 - INFO -   Next page clicked
2026-03-05 15:39:41,062 - INFO -   Page 3: +50 new  (total: 150 / expected: 330)
2026-03-05 15:39:41,243 - INFO -   Next page clicked
2026-03-05 15:39:46,280 - INFO -   Page 4: +50 new  (total: 200 / expected: 330)
2026-03-05 15:39:46,503 - INFO -   Next page clicked
2026-03-05 15:39:51,541 - INFO -   Page 5: +50 new  (total: 250 / expected: 330)
2026-03-05 15:39:51,740 - INFO -   Next page clicked
2026-03-05 15:39:56,773 - INFO -   Page 6: +50 new  (total: 300 / expected: 330)
2026-03-05 15:39:56,984 - INFO -   Next page clicked
2026-03-05 15:40:02,025 - INFO -   Page 7: +30 new  (total: 330 / expected: 330)
2026-03-05 15:40:02,176 - INFO -   Next page clicked
2026-03-05 15:40:07,209 - INFO -   Page 8: +0 new  (total: 330 / expected: 330)
2026-03-05 15:40:07,210 - INFO -   No new URLs on page 8 — last page
2026-03-05 15:40:19,659 - WARNING -   Back() failed — navigating directly
2026-03-05 15:40:22,705 - INFO -   Section result: OTHER DOCUMENTS                                    expected=330    collected=330
2026-03-05 15:40:22,706 - INFO - 
Section collection summary:
2026-03-05 15:40:22,708 - INFO -   LATEST DOCUMENTS                                        expected=?      found=10
2026-03-05 15:40:22,708 - INFO -   LAWS                                                    expected=?      found=2
2026-03-05 15:40:22,709 - INFO -   REGULATIONS                                             expected=16     found=16
2026-03-05 15:40:22,709 - INFO -   DECISIONS FROM THE SUPREME COURT                        expected=16     found=16
2026-03-05 15:40:22,709 - INFO -   DECISIONS FROM THE COURTS OF APPEAL                     expected=?      found=168
2026-03-05 15:40:22,710 - INFO -   DECISIONS FROM THE DISTRICT COURTS                      expected=132    found=132
2026-03-05 15:40:22,710 - INFO -   ARTICLES                                                expected=44     found=44
2026-03-05 15:40:22,710 - INFO -   DOCUMENTS FROM THE PUBLIC PROCUREMENT COMPLAINTS BOARD  expected=2532   found=2532
2026-03-05 15:40:22,712 - INFO -   DOCUMENTS FROM THE CONSTRUCTION INDUSTRY LEGAL COUNCIL  expected=659    found=659
2026-03-05 15:40:22,712 - INFO -   DOCUMENTS FROM THE MINISTRY OF JUSTICE                  expected=?      found=6
2026-03-05 15:40:22,714 - INFO -   OTHER DOCUMENTS                                         expected=330    found=330
2026-03-05 15:40:22,714 - INFO - Total URLs collected: 3915

2026-03-05 15:40:23,041 - INFO - 
2026-03-05 15:40:23,041 - INFO - ======================================================================
2026-03-05 15:40:23,041 - INFO - SECTION SUMMARY
2026-03-05 15:40:23,043 - INFO - ======================================================================
2026-03-05 15:40:23,043 - INFO -   LATEST DOCUMENTS                                         expected=?       found=10
2026-03-05 15:40:23,043 - INFO -   LAWS                                                     expected=?       found=2
2026-03-05 15:40:23,044 - INFO -   REGULATIONS                                              expected=16      found=16
2026-03-05 15:40:23,044 - INFO -   DECISIONS FROM THE SUPREME COURT                         expected=16      found=16
2026-03-05 15:40:23,045 - INFO -   DECISIONS FROM THE COURTS OF APPEAL                      expected=?       found=168
2026-03-05 15:40:23,045 - INFO -   DECISIONS FROM THE DISTRICT COURTS                       expected=132     found=132
2026-03-05 15:40:23,047 - INFO -   ARTICLES                                                 expected=44      found=44
2026-03-05 15:40:23,047 - INFO -   DOCUMENTS FROM THE PUBLIC PROCUREMENT COMPLAINTS BOARD   expected=2532    found=2532
2026-03-05 15:40:23,047 - INFO -   DOCUMENTS FROM THE CONSTRUCTION INDUSTRY LEGAL COUNCIL   expected=659     found=659
2026-03-05 15:40:23,048 - INFO -   DOCUMENTS FROM THE MINISTRY OF JUSTICE                   expected=?       found=6
2026-03-05 15:40:23,048 - INFO -   OTHER DOCUMENTS                                          expected=330     found=330
2026-03-05 15:40:23,048 - INFO - 
2026-03-05 15:40:23,050 - INFO - ======================================================================
2026-03-05 15:40:23,050 - INFO - DUPLICATE ANALYSIS
2026-03-05 15:40:23,051 - INFO - ======================================================================
2026-03-05 15:40:23,052 - INFO -   Total raw URLs (all sections combined) : 3915
2026-03-05 15:40:23,053 - INFO -   Unique URLs                            : 3905
2026-03-05 15:40:23,053 - INFO -   Duplicate occurrences removed          : 10
2026-03-05 15:40:23,054 - INFO - 
2026-03-05 15:40:23,336 - INFO -   URLs appearing in 2+ sections : 10
2026-03-05 15:40:23,337 - INFO - 
2026-03-05 15:40:23,339 - INFO -   Top 10 most duplicated URLs:
2026-03-05 15:40:23,347 - INFO -     x2  https://lovdata.no/pro/#document/EUR/eur-2025-20-04
         sections: LATEST DOCUMENTS | OTHER DOCUMENTS
2026-03-05 15:40:23,348 - INFO -     x2  https://lovdata.no/pro/#document/EUR/eur-2026-01-02
         sections: LATEST DOCUMENTS | OTHER DOCUMENTS
2026-03-05 15:40:23,349 - INFO -     x2  https://lovdata.no/pro/#document/EUR/eur-2026-03-06
         sections: LATEST DOCUMENTS | OTHER DOCUMENTS
2026-03-05 15:40:23,350 - INFO -     x2  https://lovdata.no/pro/#document/INNST/forarbeid/inns-38-l-202526
         sections: LATEST DOCUMENTS | OTHER DOCUMENTS
2026-03-05 15:40:23,351 - INFO -     x2  https://lovdata.no/pro/#document/LBSIV/avgjorelse/lb-2025-171257
         sections: LATEST DOCUMENTS | DECISIONS FROM THE COURTS OF APPEAL
2026-03-05 15:40:23,352 - INFO -     x2  https://lovdata.no/pro/#document/LBSIV/avgjorelse/lb-2025-26330
         sections: LATEST DOCUMENTS | DECISIONS FROM THE COURTS OF APPEAL
2026-03-05 15:40:23,353 - INFO -     x2  https://lovdata.no/pro/#document/ROO/rundskriv/is-2026-9001
         sections: LATEST DOCUMENTS | OTHER DOCUMENTS
2026-03-05 15:40:23,356 - INFO -     x2  https://lovdata.no/pro/#document/TRSIV/avgjorelse/tosl-2025-180124
         sections: LATEST DOCUMENTS | DECISIONS FROM THE DISTRICT COURTS
2026-03-05 15:40:23,357 - INFO -     x2  https://lovdata.no/pro/#document/TRSIV/avgjorelse/tosl-2025-198508
         sections: LATEST DOCUMENTS | DECISIONS FROM THE DISTRICT COURTS
2026-03-05 15:40:23,360 - INFO -     x2  https://lovdata.no/pro/#document/TRSIV/avgjorelse/tsol-2025-181219
         sections: LATEST DOCUMENTS | DECISIONS FROM THE DISTRICT COURTS
2026-03-05 15:40:23,360 - INFO - 
2026-03-05 15:40:23,361 - INFO -   Section overlap (which sections share URLs):
2026-03-05 15:40:23,393 - INFO -     LATEST DOCUMENTS                          x  DECISIONS FROM THE COURTS OF APPEAL       =  2 shared
2026-03-05 15:40:23,394 - INFO -     LATEST DOCUMENTS                          x  DECISIONS FROM THE DISTRICT COURTS        =  3 shared
2026-03-05 15:40:23,394 - INFO -     LATEST DOCUMENTS                          x  OTHER DOCUMENTS                           =  5 shared
2026-03-05 15:40:23,487 - INFO - 
2026-03-05 15:40:23,487 - INFO -   Saved all URLs to   : logs\url_collection_20260305_152935.csv  (3915 rows)
2026-03-05 15:40:23,503 - INFO -   Saved duplicates to : logs\url_duplicates_20260305_152935.csv  (10 rows)
2026-03-05 15:40:23,504 - INFO - 
2026-03-05 15:40:23,504 - INFO - ======================================================================
2026-03-05 15:40:23,505 - INFO - MANUAL PANDAS ANALYSIS — paste into a notebook:
2026-03-05 15:40:23,505 - INFO - ======================================================================
2026-03-05 15:40:23,507 - INFO -   import pandas as pd
2026-03-05 15:40:23,507 - INFO -   
2026-03-05 15:40:23,508 - INFO -   df = pd.read_csv(r'logs\url_collection_20260305_152935.csv')
2026-03-05 15:40:23,508 - INFO -   
2026-03-05 15:40:23,509 - INFO -   # All URLs per section
2026-03-05 15:40:23,509 - INFO -   print(df.groupby('section')['url'].count())
2026-03-05 15:40:23,510 - INFO -   
2026-03-05 15:40:23,511 - INFO -   # Find URLs that appear in more than one section
2026-03-05 15:40:23,511 - INFO -   dupes = df[df.duplicated('url', keep=False)].sort_values('url')
2026-03-05 15:40:23,512 - INFO -   print(f"Duplicate rows: {len(dupes)}")
2026-03-05 15:40:23,513 - INFO -   print(dupes.head(20))
2026-03-05 15:40:23,513 - INFO -   
2026-03-05 15:40:23,515 - INFO -   # How many times does each URL appear across sections?
2026-03-05 15:40:23,515 - INFO -   print(df['url'].value_counts().head(20))
2026-03-05 15:40:23,516 - INFO -   
2026-03-05 15:40:23,516 - INFO -   # How many URLs appear in exactly N sections?
2026-03-05 15:40:23,517 - INFO -   print(df.groupby('url')['section'].nunique().value_counts().sort_index())
2026-03-05 15:40:23,518 - INFO - 
2026-03-05 15:40:23,519 - INFO - Done!
2026-03-05 15:40:23,520 - INFO -   Open 'logs\url_collection_20260305_152935.csv' in Excel/pandas to inspect all URLs
2026-03-05 15:40:23,523 - INFO -   Open 'logs\url_duplicates_20260305_152935.csv' to see only duplicate URLs
