2026-03-04 19:27:29,829 - INFO - ✅ Login successful
2026-03-04 19:27:29,829 - INFO - Navigating to rettsområde page: https://lovdata.no/pro/#rettsomrade&id=Anskaffelser
2026-03-04 19:27:33,512 - INFO - navigate_to_section_and_click_vis_alle(section_id=tr, keyword=tingrettene) -> clicked
2026-03-04 19:27:36,072 - INFO - PAGE 1 URL: https://lovdata.no/pro/#document/TRSIV/avgjorelse/tosl-2025-198508
2026-03-04 19:27:36,072 - INFO - PAGE 1 URL: https://lovdata.no/pro/#document/TRSIV/avgjorelse/tosl-2025-180124
2026-03-04 19:27:36,072 - INFO - PAGE 1 URL: https://lovdata.no/pro/#document/TRSIV/avgjorelse/tsol-2025-181219
2026-03-04 19:27:36,073 - INFO - PAGE 1 URL: https://lovdata.no/pro/#document/TRSIV/avgjorelse/tosl-2025-122510
2026-03-04 19:27:36,074 - INFO - PAGE 1 URL: https://lovdata.no/pro/#document/TRSIV/avgjorelse/tosl-2025-88304
2026-03-04 19:27:36,074 - INFO - PAGE 1 URL: https://lovdata.no/pro/#document/TRSIV/avgjorelse/tosl-2025-82137
2026-03-04 19:27:36,076 - INFO - PAGE 1 URL: https://lovdata.no/pro/#document/TRSIV/avgjorelse/tosl-2025-71061
2026-03-04 19:27:36,076 - INFO - PAGE 1 URL: https://lovdata.no/pro/#document/TRSIV/avgjorelse/tosl-2025-65581
2026-03-04 19:27:36,076 - INFO - PAGE 1 URL: https://lovdata.no/pro/#document/TRSIV/avgjorelse/tosl-2025-82320
2026-03-04 19:27:36,077 - INFO - PAGE 1 URL: https://lovdata.no/pro/#document/TRSIV/avgjorelse/tsos-2025-57056
2026-03-04 19:27:36,077 - INFO - PAGE 1 URL: https://lovdata.no/pro/#document/TRSIV/avgjorelse/toin-2025-70990
2026-03-04 19:27:36,078 - INFO - PAGE 1 URL: https://lovdata.no/pro/#document/TRSIV/avgjorelse/tosl-2025-24526
2026-03-04 19:27:36,079 - INFO - PAGE 1 URL: https://lovdata.no/pro/#document/TRSIV/avgjorelse/tosl-2024-196966
2026-03-04 19:27:36,079 - INFO - PAGE 1 URL: https://lovdata.no/pro/#document/TRSIV/avgjorelse/tosl-2024-198902
2026-03-04 19:27:36,080 - INFO - PAGE 1 URL: https://lovdata.no/pro/#document/TRSIV/avgjorelse/tosl-2025-10182
2026-03-04 19:27:36,082 - INFO - PAGE 1 URL: https://lovdata.no/pro/#document/TRSIV/avgjorelse/tvin-2024-136597
2026-03-04 19:27:36,082 - INFO - PAGE 1 URL: https://lovdata.no/pro/#document/TRSIV/avgjorelse/tosl-2024-173447
2026-03-04 19:27:36,083 - INFO - PAGE 1 URL: https://lovdata.no/pro/#document/TRSIV/avgjorelse/thod-2023-91939
2026-03-04 19:27:36,083 - INFO - PAGE 1 URL: https://lovdata.no/pro/#document/TRSIV/avgjorelse/tnts-2024-71290
2026-03-04 19:27:36,084 - INFO - PAGE 1 URL: https://lovdata.no/pro/#document/TRSIV/avgjorelse/tosl-2024-128387
2026-03-04 19:27:36,084 - INFO - PAGE 1 URL: https://lovdata.no/pro/#document/TRSIV/avgjorelse/tosl-2024-76617
2026-03-04 19:27:36,085 - INFO - PAGE 1 URL: https://lovdata.no/pro/#document/TRSIV/avgjorelse/tosl-2024-61562
2026-03-04 19:27:36,086 - INFO - PAGE 1 URL: https://lovdata.no/pro/#document/TRSIV/avgjorelse/tosl-2024-39504
2026-03-04 19:27:36,087 - INFO - PAGE 1 URL: https://lovdata.no/pro/#document/TRSIV/avgjorelse/tosl-2024-20788
2026-03-04 19:27:36,088 - INFO - PAGE 1 URL: https://lovdata.no/pro/#document/TRSIV/avgjorelse/tsro-2024-16911
2026-03-04 19:27:36,088 - INFO - PAGE 1 URL: https://lovdata.no/pro/#document/TRSIV/avgjorelse/tosl-2023-135746
2026-03-04 19:27:36,088 - INFO - PAGE 1 URL: https://lovdata.no/pro/#document/TRSIV/avgjorelse/tosl-2023-195316
2026-03-04 19:27:36,089 - INFO - PAGE 1 URL: https://lovdata.no/pro/#document/TRSIV/avgjorelse/tosl-2021-21791
2026-03-04 19:27:36,089 - INFO - PAGE 1 URL: https://lovdata.no/pro/#document/TRSIV/avgjorelse/thod-2023-11039
2026-03-04 19:27:36,090 - INFO - PAGE 1 URL: https://lovdata.no/pro/#document/TRSIV/avgjorelse/tsol-2022-87333
2026-03-04 19:27:36,091 - INFO - PAGE 1 URL: https://lovdata.no/pro/#document/TRSIV/avgjorelse/tosl-2023-125503-2
2026-03-04 19:27:36,091 - INFO - PAGE 1 URL: https://lovdata.no/pro/#document/TRSIV/avgjorelse/tosl-2023-106172
2026-03-04 19:27:36,091 - INFO - PAGE 1 URL: https://lovdata.no/pro/#document/TRSIV/avgjorelse/ttel-2023-75878
2026-03-04 19:27:36,093 - INFO - PAGE 1 URL: https://lovdata.no/pro/#document/TRSIV/avgjorelse/tosl-2023-82511
2026-03-04 19:27:36,094 - INFO - PAGE 1 URL: https://lovdata.no/pro/#document/TRSIV/avgjorelse/tosl-2023-10069
2026-03-04 19:27:36,094 - INFO - PAGE 1 URL: https://lovdata.no/pro/#document/TRSIV/avgjorelse/tosl-2022-189572
2026-03-04 19:27:36,095 - INFO - PAGE 1 URL: https://lovdata.no/pro/#document/TRSIV/avgjorelse/tsro-2022-152332
2026-03-04 19:27:36,095 - INFO - PAGE 1 URL: https://lovdata.no/pro/#document/TRSIV/avgjorelse/tosl-2022-153282
2026-03-04 19:27:36,096 - INFO - PAGE 1 URL: https://lovdata.no/pro/#document/TRSIV/avgjorelse/tfno-2022-19363-2
2026-03-04 19:27:36,096 - INFO - PAGE 1 URL: https://lovdata.no/pro/#document/TRSIV/avgjorelse/toin-2021-130644
2026-03-04 19:27:36,098 - INFO - PAGE 1 URL: https://lovdata.no/pro/#document/TRSIV/avgjorelse/tosl-2022-70763
2026-03-04 19:27:36,098 - INFO - PAGE 1 URL: https://lovdata.no/pro/#document/TRSIV/avgjorelse/tosl-2021-166630
2026-03-04 19:27:36,098 - INFO - PAGE 1 URL: https://lovdata.no/pro/#document/TRSIV/avgjorelse/tvin-2021-66378
2026-03-04 19:27:36,099 - INFO - PAGE 1 URL: https://lovdata.no/pro/#document/TRSIV/avgjorelse/tosl-2021-122391
2026-03-04 19:27:36,099 - INFO - PAGE 1 URL: https://lovdata.no/pro/#document/TRSIV/avgjorelse/tosl-2021-100376
2026-03-04 19:27:36,100 - INFO - PAGE 1 URL: https://lovdata.no/pro/#document/TRSIV/avgjorelse/tnts-2020-174711
2026-03-04 19:27:36,100 - INFO - PAGE 1 URL: https://lovdata.no/pro/#document/TRSIV/avgjorelse/tsol-2020-163871
2026-03-04 19:27:36,101 - INFO - PAGE 1 URL: https://lovdata.no/pro/#document/TRSIV/avgjorelse/tosl-2021-72159
2026-03-04 19:27:36,101 - INFO - PAGE 1 URL: https://lovdata.no/pro/#document/TRSIV/avgjorelse/tosl-2021-63017
2026-03-04 19:27:36,102 - INFO - PAGE 1 URL: https://lovdata.no/pro/#document/TRSIV/avgjorelse/tosl-2020-185751
2026-03-04 19:27:36,102 - INFO - Page 1: +50 new URLs (total=50)
2026-03-04 19:27:41,325 - INFO - PAGE 2 URL: https://lovdata.no/pro/#document/TRSIV/avgjorelse/tobyf-2020-176435
2026-03-04 19:27:41,325 - INFO - PAGE 2 URL: https://lovdata.no/pro/#document/TRSIV/avgjorelse/tobyf-2021-11220
2026-03-04 19:27:41,325 - INFO - PAGE 2 URL: https://lovdata.no/pro/#document/TRSIV/avgjorelse/tobyf-2021-5815
2026-03-04 19:27:41,326 - INFO - PAGE 2 URL: https://lovdata.no/pro/#document/TRSIV/avgjorelse/tberg-2020-187666
2026-03-04 19:27:41,326 - INFO - PAGE 2 URL: https://lovdata.no/pro/#document/TRSIV/avgjorelse/tberg-2020-101870
2026-03-04 19:27:41,328 - INFO - PAGE 2 URL: https://lovdata.no/pro/#document/TRSIV/avgjorelse/toslo-2020-49134
2026-03-04 19:27:41,329 - INFO - PAGE 2 URL: https://lovdata.no/pro/#document/TRSIV/avgjorelse/tobyf-2020-160564
2026-03-04 19:27:41,329 - INFO - PAGE 2 URL: https://lovdata.no/pro/#document/TRSIV/avgjorelse/tberg-2020-45415
2026-03-04 19:27:41,329 - INFO - PAGE 2 URL: https://lovdata.no/pro/#document/TRSIV/avgjorelse/toslo-2019-140711
2026-03-04 19:27:41,330 - INFO - PAGE 2 URL: https://lovdata.no/pro/#document/TRSIV/avgjorelse/tobyf-2020-70585
2026-03-04 19:27:41,330 - INFO - PAGE 2 URL: https://lovdata.no/pro/#document/TRSIV/avgjorelse/tofot-2019-93527
2026-03-04 19:27:41,331 - INFO - PAGE 2 URL: https://lovdata.no/pro/#document/TRSIV/avgjorelse/tobyf-2019-85454
2026-03-04 19:27:41,331 - INFO - PAGE 2 URL: https://lovdata.no/pro/#document/TRSIV/avgjorelse/tobyf-2019-21028
2026-03-04 19:27:41,332 - INFO - PAGE 2 URL: https://lovdata.no/pro/#document/TRSIV/avgjorelse/tberg-2018-179945
2026-03-04 19:27:41,332 - INFO - PAGE 2 URL: https://lovdata.no/pro/#document/TRSIV/avgjorelse/tobyf-2018-187304
2026-03-04 19:27:41,332 - INFO - PAGE 2 URL: https://lovdata.no/pro/#document/TRSIV/avgjorelse/tobyf-2018-142478
2026-03-04 19:27:41,333 - INFO - PAGE 2 URL: https://lovdata.no/pro/#document/TRSIV/avgjorelse/tobyf-2018-97759
2026-03-04 19:27:41,333 - INFO - PAGE 2 URL: https://lovdata.no/pro/#document/TRSIV/avgjorelse/tobyf-2018-76342
2026-03-04 19:27:41,334 - INFO - PAGE 2 URL: https://lovdata.no/pro/#document/TRSIV/avgjorelse/tmoss-2017-112980
2026-03-04 19:27:41,335 - INFO - PAGE 2 URL: https://lovdata.no/pro/#document/TRSIV/avgjorelse/tvtra-2017-181677
2026-03-04 19:27:41,335 - INFO - PAGE 2 URL: https://lovdata.no/pro/#document/TRSIV/avgjorelse/taher-2017-180764
2026-03-04 19:27:41,336 - INFO - PAGE 2 URL: https://lovdata.no/pro/#document/TRSIV/avgjorelse/tnher-2017-190545
2026-03-04 19:27:41,336 - INFO - PAGE 2 URL: https://lovdata.no/pro/#document/TRSIV/avgjorelse/tobyf-2017-185662
2026-03-04 19:27:41,336 - INFO - PAGE 2 URL: https://lovdata.no/pro/#document/TRSIV/avgjorelse/tobyf-2017-138788
2026-03-04 19:27:41,337 - INFO - PAGE 2 URL: https://lovdata.no/pro/#document/TRSIV/avgjorelse/tobyf-2017-117355
2026-03-04 19:27:41,337 - INFO - PAGE 2 URL: https://lovdata.no/pro/#document/TRSIV/avgjorelse/tobyf-2017-108182
2026-03-04 19:27:41,338 - INFO - PAGE 2 URL: https://lovdata.no/pro/#document/TRSIV/avgjorelse/tobyf-2017-93457
2026-03-04 19:27:41,338 - INFO - PAGE 2 URL: https://lovdata.no/pro/#document/TRSIV/avgjorelse/tobyf-2017-82695
2026-03-04 19:27:41,338 - INFO - PAGE 2 URL: https://lovdata.no/pro/#document/TRSIV/avgjorelse/tobyf-2017-47526
2026-03-04 19:27:41,340 - INFO - PAGE 2 URL: https://lovdata.no/pro/#document/TRSIV/avgjorelse/tobyf-2017-41764
2026-03-04 19:27:41,340 - INFO - PAGE 2 URL: https://lovdata.no/pro/#document/TRSIV/avgjorelse/tobyf-2016-199812
2026-03-04 19:27:41,341 - INFO - PAGE 2 URL: https://lovdata.no/pro/#document/TRSIV/avgjorelse/tobyf-2016-180655
2026-03-04 19:27:41,341 - INFO - PAGE 2 URL: https://lovdata.no/pro/#document/TRSIV/avgjorelse/tobyf-2016-109245
2026-03-04 19:27:41,341 - INFO - PAGE 2 URL: https://lovdata.no/pro/#document/TRSIV/avgjorelse/toslo-2015-206785
2026-03-04 19:27:41,342 - INFO - PAGE 2 URL: https://lovdata.no/pro/#document/TRSIV/avgjorelse/tobyf-2016-63338
2026-03-04 19:27:41,343 - INFO - PAGE 2 URL: https://lovdata.no/pro/#document/TRSIV/avgjorelse/tobyf-2016-69808
2026-03-04 19:27:41,343 - INFO - PAGE 2 URL: https://lovdata.no/pro/#document/TRSIV/avgjorelse/tosfi-2016-60624
2026-03-04 19:27:41,344 - INFO - PAGE 2 URL: https://lovdata.no/pro/#document/TRSIV/avgjorelse/tobyf-2016-50986
2026-03-04 19:27:41,344 - INFO - PAGE 2 URL: https://lovdata.no/pro/#document/TRSIV/avgjorelse/toslo-2014-184164
2026-03-04 19:27:41,345 - INFO - PAGE 2 URL: https://lovdata.no/pro/#document/TRSIV/avgjorelse/tsenj-2015-85663
2026-03-04 19:27:41,345 - INFO - PAGE 2 URL: https://lovdata.no/pro/#document/TRSIV/avgjorelse/tobyf-2015-190102
2026-03-04 19:27:41,345 - INFO - PAGE 2 URL: https://lovdata.no/pro/#document/TRSIV/avgjorelse/tobyf-2015-196384
2026-03-04 19:27:41,346 - INFO - PAGE 2 URL: https://lovdata.no/pro/#document/TRSIV/avgjorelse/tobyf-2015-193581
2026-03-04 19:27:41,346 - INFO - PAGE 2 URL: https://lovdata.no/pro/#document/TRSIV/avgjorelse/tsalt-2014-197996
2026-03-04 19:27:41,346 - INFO - PAGE 2 URL: https://lovdata.no/pro/#document/TRSIV/avgjorelse/toslo-2014-168259
2026-03-04 19:27:41,347 - INFO - PAGE 2 URL: https://lovdata.no/pro/#document/TRSIV/avgjorelse/tsumo-2015-84189
2026-03-04 19:27:41,348 - INFO - PAGE 2 URL: https://lovdata.no/pro/#document/TRSIV/avgjorelse/toslo-2014-137282
2026-03-04 19:27:41,348 - INFO - PAGE 2 URL: https://lovdata.no/pro/#document/TRSIV/avgjorelse/tobyf-2015-40188
2026-03-04 19:27:41,349 - INFO - PAGE 2 URL: https://lovdata.no/pro/#document/TRSIV/avgjorelse/tgjov-2014-186866
2026-03-04 19:27:41,350 - INFO - PAGE 2 URL: https://lovdata.no/pro/#document/TRSIV/avgjorelse/tnher-2014-133159
2026-03-04 19:27:41,350 - INFO - Page 2: +50 new URLs (total=100)
2026-03-04 19:27:46,618 - INFO - PAGE 3 URL: https://lovdata.no/pro/#document/TRSIV/avgjorelse/thall-2014-128228
2026-03-04 19:27:46,619 - INFO - PAGE 3 URL: https://lovdata.no/pro/#document/TRSIV/avgjorelse/tstav-2013-140582
2026-03-04 19:27:46,621 - INFO - PAGE 3 URL: https://lovdata.no/pro/#document/TRSIV/avgjorelse/tnero-2014-36771
2026-03-04 19:27:46,621 - INFO - PAGE 3 URL: https://lovdata.no/pro/#document/TRSIV/avgjorelse/toslo-2012-161922
2026-03-04 19:27:46,621 - INFO - PAGE 3 URL: https://lovdata.no/pro/#document/TRSIV/avgjorelse/tgjov-2013-59956
2026-03-04 19:27:46,622 - INFO - PAGE 3 URL: https://lovdata.no/pro/#document/TRSIV/avgjorelse/tstro-2012-91967
2026-03-04 19:27:46,622 - INFO - PAGE 3 URL: https://lovdata.no/pro/#document/TRSIV/avgjorelse/toslo-2010-191253
2026-03-04 19:27:46,622 - INFO - PAGE 3 URL: https://lovdata.no/pro/#document/TRSIV/avgjorelse/tobyf-2012-205632
2026-03-04 19:27:46,624 - INFO - PAGE 3 URL: https://lovdata.no/pro/#document/TRSIV/avgjorelse/tstro-2012-198570
2026-03-04 19:27:46,624 - INFO - PAGE 3 URL: https://lovdata.no/pro/#document/TRSIV/avgjorelse/tintr-2012-44902
2026-03-04 19:27:46,625 - INFO - PAGE 3 URL: https://lovdata.no/pro/#document/TRSIV/avgjorelse/tstav-2011-206899
2026-03-04 19:27:46,625 - INFO - PAGE 3 URL: https://lovdata.no/pro/#document/TRSIV/avgjorelse/tobyf-2011-155612
2026-03-04 19:27:46,626 - INFO - PAGE 3 URL: https://lovdata.no/pro/#document/TRSIV/avgjorelse/toslo-2010-195161
2026-03-04 19:27:46,626 - INFO - PAGE 3 URL: https://lovdata.no/pro/#document/TRSIV/avgjorelse/tdram-2011-130871
2026-03-04 19:27:46,627 - INFO - PAGE 3 URL: https://lovdata.no/pro/#document/TRSIV/avgjorelse/tobyf-2011-91772
2026-03-04 19:27:46,627 - INFO - PAGE 3 URL: https://lovdata.no/pro/#document/TRSIV/avgjorelse/tobyf-2011-63242
2026-03-04 19:27:46,629 - INFO - PAGE 3 URL: https://lovdata.no/pro/#document/TRSIV/avgjorelse/tobyf-2010-153203
2026-03-04 19:27:46,629 - INFO - PAGE 3 URL: https://lovdata.no/pro/#document/TRSIV/avgjorelse/toslo-2010-31871
2026-03-04 19:27:46,629 - INFO - PAGE 3 URL: https://lovdata.no/pro/#document/TRSIV/avgjorelse/tosfi-2010-59689
2026-03-04 19:27:46,630 - INFO - PAGE 3 URL: https://lovdata.no/pro/#document/TRSIV/avgjorelse/tobyf-2009-182584
2026-03-04 19:27:46,630 - INFO - PAGE 3 URL: https://lovdata.no/pro/#document/TRSIV/avgjorelse/tgjov-2009-91385
2026-03-04 19:27:46,631 - INFO - PAGE 3 URL: https://lovdata.no/pro/#document/TRSIV/avgjorelse/tgjov-2009-85924
2026-03-04 19:27:46,631 - INFO - PAGE 3 URL: https://lovdata.no/pro/#document/TRSIV/avgjorelse/toslo-2008-140177
2026-03-04 19:27:46,632 - INFO - PAGE 3 URL: https://lovdata.no/pro/#document/TRSIV/avgjorelse/toslo-2007-104868
2026-03-04 19:27:46,632 - INFO - PAGE 3 URL: https://lovdata.no/pro/#document/TRSIV/avgjorelse/taher-2007-152570
2026-03-04 19:27:46,633 - INFO - PAGE 3 URL: https://lovdata.no/pro/#document/TRSIV/avgjorelse/tfred-2006-161337
2026-03-04 19:27:46,633 - INFO - PAGE 3 URL: https://lovdata.no/pro/#document/TRSIV/avgjorelse/toslo-2007-137460
2026-03-04 19:27:46,634 - INFO - PAGE 3 URL: https://lovdata.no/pro/#document/TRSIV/avgjorelse/toslo-2006-40448
2026-03-04 19:27:46,635 - INFO - PAGE 3 URL: https://lovdata.no/pro/#document/TRSIV/avgjorelse/tnher-2006-3904
2026-03-04 19:27:46,635 - INFO - PAGE 3 URL: https://lovdata.no/pro/#document/TRSIV/avgjorelse/toslo-2005-30621
2026-03-04 19:27:46,636 - INFO - PAGE 3 URL: https://lovdata.no/pro/#document/TRSIV/avgjorelse/tobyf-2004-713
2026-03-04 19:27:46,636 - INFO - PAGE 3 URL: https://lovdata.no/pro/#document/TRSIV/avgjorelse/tobyf-2004-580
2026-03-04 19:27:46,637 - INFO - Page 3: +32 new URLs (total=132)
2026-03-04 19:27:51,852 - INFO - Page 4: +0 new URLs (total=132)
2026-03-04 19:27:51,853 - INFO - No new URLs on page 4; assuming last page and stopping.
2026-03-04 19:27:51,854 - INFO - Total URLs collected: 132
2026-03-04 19:27:51,854 - INFO - URL details (per page) written to: logs\lagmannsrettene_urls_20260304_192716.log
2026-03-04 19:27:51,855 - INFO - Sleeping 5 seconds so you can inspect the page...
