2026-03-05 16:29:49,256 - INFO - Storage handler initialised  bucket=legal_area  table=legal_area_metadata
2026-03-05 16:29:49,269 - INFO - ======================================================================
2026-03-05 16:29:49,269 - INFO - LOVDATA PRO SCRAPER
2026-03-05 16:29:49,269 - INFO -   Table   : legal_area_metadata
2026-03-05 16:29:49,269 - INFO -   Bucket  : legal_area
2026-03-05 16:29:49,269 - INFO -   Base dir: ./scraped_xml
2026-03-05 16:29:49,269 - INFO -   Timeout : 30
2026-03-05 16:29:49,269 - INFO -   Headless: False
2026-03-05 16:29:49,269 - INFO -   Years   : 1900 - 2100
2026-03-05 16:29:49,269 - INFO -   Batch   : 10
2026-03-05 16:29:49,269 - INFO -   Max docs: 400
2026-03-05 16:29:49,272 - INFO -   Target categories (2):
2026-03-05 16:29:49,272 - INFO -     - Anskaffelser, avtaler, bygg og entrepriser
2026-03-05 16:29:49,272 - INFO -     - Arbeidsrett
2026-03-05 16:29:49,272 - INFO - ======================================================================
2026-03-05 16:29:54,938 - INFO - Login successful
2026-03-05 16:30:00,158 - INFO - Tree nodes loaded
2026-03-05 16:30:01,182 - INFO - Found 35 tree nodes
2026-03-05 16:30:01,749 - INFO - Root categories: 35
2026-03-05 16:30:01,749 - INFO - Total root categories found in tree: 35
2026-03-05 16:30:01,749 - INFO - Category filter active — 2/35 categories will be scraped:
2026-03-05 16:30:01,749 - INFO -     ✓ Anskaffelser, avtaler, bygg og entrepriser
2026-03-05 16:30:01,749 - INFO -     ✓ Arbeidsrett
2026-03-05 16:30:01,749 - INFO -   Skipping 33 categories (assigned to other laptops)
2026-03-05 16:30:01,749 - INFO - Will process 2 root categories
2026-03-05 16:30:06,914 - INFO - Tree nodes loaded
2026-03-05 16:30:07,933 - INFO - Found 35 tree nodes
2026-03-05 16:30:08,539 - INFO - Root categories: 35
2026-03-05 16:30:08,539 - INFO - 
2026-03-05 16:30:08,539 - INFO - ======================================================================
2026-03-05 16:30:08,539 - INFO - [1/2] Root: Anskaffelser, avtaler, bygg og entrepriser
2026-03-05 16:30:08,539 - INFO - ======================================================================
2026-03-05 16:30:10,565 - INFO -   Branches: 5
2026-03-05 16:30:15,773 - INFO - Tree nodes loaded
2026-03-05 16:30:16,826 - INFO - Found 40 tree nodes
2026-03-05 16:30:17,493 - INFO - Root categories: 40
2026-03-05 16:30:18,753 - INFO -   [1/5] Branch: Anskaffelser
2026-03-05 16:30:19,935 - INFO -     Leaves: 0
2026-03-05 16:30:19,935 - INFO - Scraping area  root='Anskaffelser, avtaler, bygg og entrepriser'  branch='Anskaffelser'  leaf=''
2026-03-05 16:30:20,497 - INFO -   Section tab links found: 11
2026-03-05 16:30:20,538 - INFO -   Section: LATEST DOCUMENTS                                         div_id=saker
2026-03-05 16:30:20,576 - INFO -   Section: LAWS                                                     div_id=lover
2026-03-05 16:30:20,611 - INFO -   Section: REGULATIONS                                              div_id=forskrifter
2026-03-05 16:30:20,652 - INFO -   Section: DECISIONS FROM THE SUPREME COURT                         div_id=hr
2026-03-05 16:30:20,690 - INFO -   Section: DECISIONS FROM THE COURTS OF APPEAL                      div_id=lr
2026-03-05 16:30:20,728 - INFO -   Section: DECISIONS FROM THE DISTRICT COURTS                       div_id=tr
2026-03-05 16:30:20,771 - INFO -   Section: ARTICLES                                                 div_id=artikler
2026-03-05 16:30:20,811 - INFO -   Section: DOCUMENTS FROM THE PUBLIC PROCUREMENT COMPLAINTS BOARD   div_id=firstOtherBase
2026-03-05 16:30:20,853 - INFO -   Section: DOCUMENTS FROM THE CONSTRUCTION INDUSTRY LEGAL COUNCIL   div_id=secondOtherBase
2026-03-05 16:30:20,889 - INFO -   Section: DOCUMENTS FROM THE MINISTRY OF JUSTICE                   div_id=thirdOtherBase
2026-03-05 16:30:20,930 - INFO -   Section: OTHER DOCUMENTS                                          div_id=otherBases
2026-03-05 16:30:20,930 - INFO - Processing 11 sections
2026-03-05 16:30:20,930 - INFO - [1/11] Section: LATEST DOCUMENTS
2026-03-05 16:30:21,255 - INFO -   Clicked section tab: 'Siste dokumenter'
2026-03-05 16:30:22,822 - INFO -   Small section mode
2026-03-05 16:30:22,853 - INFO -   Small section div#saker — collected 10 URLs
2026-03-05 16:30:22,855 - INFO -   Section result: LATEST DOCUMENTS                                   expected=?      collected=10
2026-03-05 16:30:22,855 - INFO - [2/11] Section: LAWS
2026-03-05 16:30:23,201 - INFO -   Clicked section tab: 'Lover'
2026-03-05 16:30:24,763 - INFO -   Small section mode
2026-03-05 16:30:24,788 - INFO -   Small section div#lover — collected 2 URLs
2026-03-05 16:30:24,788 - INFO -   Section result: LAWS                                               expected=?      collected=2
2026-03-05 16:30:24,788 - INFO - [3/11] Section: REGULATIONS
2026-03-05 16:30:25,155 - INFO -   Clicked section tab: 'Forskrifter'
2026-03-05 16:30:26,713 - INFO -   Vis alle clicked — expected: 16
2026-03-05 16:30:29,739 - INFO -   Advanced Search URL: https://lovdata.no/pro/#result&id=2896
2026-03-05 16:30:31,772 - INFO -   Advanced Search loaded
2026-03-05 16:30:31,787 - INFO -   Advanced Search mode
2026-03-05 16:30:33,813 - INFO -   Page 1: +16 new  (total: 16 / expected: 16)
2026-03-05 16:30:34,018 - INFO -   Next page clicked
2026-03-05 16:30:39,041 - INFO -   Page 2: +0 new  (total: 16 / expected: 16)
2026-03-05 16:30:39,044 - INFO -   No new URLs on page 2 — last page
2026-03-05 16:30:51,540 - WARNING -   Back() failed — navigating directly
2026-03-05 16:30:54,566 - INFO -   Section result: REGULATIONS                                        expected=16     collected=16
2026-03-05 16:30:54,566 - INFO - [4/11] Section: DECISIONS FROM THE SUPREME COURT
2026-03-05 16:30:54,988 - INFO -   Clicked section tab: 'Avgjørelser fra Høyesterett'
2026-03-05 16:30:56,537 - INFO -   Vis alle clicked — expected: 16
2026-03-05 16:30:59,565 - INFO -   Advanced Search URL: https://lovdata.no/pro/#result&id=3886
2026-03-05 16:31:01,598 - INFO -   Advanced Search loaded
2026-03-05 16:31:01,611 - INFO -   Advanced Search mode
2026-03-05 16:31:03,631 - INFO -   Page 1: +16 new  (total: 16 / expected: 16)
2026-03-05 16:31:03,782 - INFO -   Next page clicked
2026-03-05 16:31:08,810 - INFO -   Page 2: +0 new  (total: 16 / expected: 16)
2026-03-05 16:31:08,810 - INFO -   No new URLs on page 2 — last page
2026-03-05 16:31:21,175 - WARNING -   Back() failed — navigating directly
2026-03-05 16:31:24,215 - INFO -   Section result: DECISIONS FROM THE SUPREME COURT                   expected=16     collected=16
2026-03-05 16:31:24,215 - INFO - [5/11] Section: DECISIONS FROM THE COURTS OF APPEAL
2026-03-05 16:31:24,661 - INFO -   Clicked section tab: 'Avgjørelser fra lagmannsrettene'
2026-03-05 16:31:26,321 - INFO -   Advanced Search mode
2026-03-05 16:31:28,348 - INFO -   Page 1: +50 new  (total: 50 / expected: ?)
2026-03-05 16:31:28,529 - INFO -   Next page clicked
2026-03-05 16:31:33,558 - INFO -   Page 2: +50 new  (total: 100 / expected: ?)
2026-03-05 16:31:33,737 - INFO -   Next page clicked
2026-03-05 16:31:38,769 - INFO -   Page 3: +50 new  (total: 150 / expected: ?)
2026-03-05 16:31:38,955 - INFO -   Next page clicked
2026-03-05 16:31:43,996 - INFO -   Page 4: +18 new  (total: 168 / expected: ?)
2026-03-05 16:31:44,146 - INFO -   Next page clicked
2026-03-05 16:31:49,163 - INFO -   Page 5: +0 new  (total: 168 / expected: ?)
2026-03-05 16:31:49,163 - INFO -   No new URLs on page 5 — last page
2026-03-05 16:31:51,198 - INFO -   Back to legal area page
2026-03-05 16:31:51,199 - INFO -   Section result: DECISIONS FROM THE COURTS OF APPEAL                expected=?      collected=168
2026-03-05 16:31:51,199 - INFO - [6/11] Section: DECISIONS FROM THE DISTRICT COURTS
2026-03-05 16:31:51,638 - INFO -   Clicked section tab: 'Avgjørelser fra tingrettene'
2026-03-05 16:31:53,203 - INFO -   Vis alle clicked — expected: 132
2026-03-05 16:31:56,233 - INFO -   Advanced Search URL: https://lovdata.no/pro/#result&id=5846
2026-03-05 16:31:58,268 - INFO -   Advanced Search loaded
2026-03-05 16:31:58,286 - INFO -   Advanced Search mode
2026-03-05 16:32:00,315 - INFO -   Page 1: +50 new  (total: 50 / expected: 132)
2026-03-05 16:32:00,507 - INFO -   Next page clicked
2026-03-05 16:32:05,537 - INFO -   Page 2: +50 new  (total: 100 / expected: 132)
2026-03-05 16:32:05,717 - INFO -   Next page clicked
2026-03-05 16:32:10,748 - INFO -   Page 3: +32 new  (total: 132 / expected: 132)
2026-03-05 16:32:10,902 - INFO -   Next page clicked
2026-03-05 16:32:15,931 - INFO -   Page 4: +0 new  (total: 132 / expected: 132)
2026-03-05 16:32:15,931 - INFO -   No new URLs on page 4 — last page
2026-03-05 16:32:28,271 - WARNING -   Back() failed — navigating directly
2026-03-05 16:32:31,388 - INFO -   Section result: DECISIONS FROM THE DISTRICT COURTS                 expected=132    collected=132
2026-03-05 16:32:31,391 - INFO - [7/11] Section: ARTICLES
2026-03-05 16:32:31,776 - INFO -   Clicked section tab: 'Artikler'
2026-03-05 16:32:33,334 - INFO -   Vis alle clicked — expected: 44
2026-03-05 16:32:36,358 - INFO -   Advanced Search URL: https://lovdata.no/pro/#result&id=6865
2026-03-05 16:32:38,390 - INFO -   Advanced Search loaded
2026-03-05 16:32:38,403 - INFO -   Advanced Search mode
2026-03-05 16:32:40,436 - INFO -   Page 1: +44 new  (total: 44 / expected: 44)
2026-03-05 16:32:40,599 - INFO -   Next page clicked
2026-03-05 16:32:45,623 - INFO -   Page 2: +0 new  (total: 44 / expected: 44)
2026-03-05 16:32:45,623 - INFO -   No new URLs on page 2 — last page
2026-03-05 16:32:57,990 - WARNING -   Back() failed — navigating directly
2026-03-05 16:33:01,025 - INFO -   Section result: ARTICLES                                           expected=44     collected=44
2026-03-05 16:33:01,025 - INFO - [8/11] Section: DOCUMENTS FROM THE PUBLIC PROCUREMENT COMPLAINTS BOARD
2026-03-05 16:33:01,555 - INFO -   Clicked section tab: 'Dokumenter fra Klagenemnda for offentlige anskaffelser'
2026-03-05 16:33:03,108 - INFO -   Vis alle clicked — expected: 2532
2026-03-05 16:33:06,119 - INFO -   Advanced Search URL: https://lovdata.no/pro/#result&id=7788
2026-03-05 16:33:08,157 - INFO -   Advanced Search loaded
2026-03-05 16:33:08,173 - INFO -   Advanced Search mode
2026-03-05 16:33:10,198 - INFO -   Page 1: +50 new  (total: 50 / expected: 2532)
2026-03-05 16:33:10,394 - INFO -   Next page clicked
2026-03-05 16:33:15,433 - INFO -   Page 2: +50 new  (total: 100 / expected: 2532)
2026-03-05 16:33:15,570 - INFO -   Next page clicked
2026-03-05 16:33:20,594 - INFO -   Page 3: +50 new  (total: 150 / expected: 2532)
2026-03-05 16:33:20,798 - INFO -   Next page clicked
2026-03-05 16:33:25,841 - INFO -   Page 4: +50 new  (total: 200 / expected: 2532)
2026-03-05 16:33:26,034 - INFO -   Next page clicked
2026-03-05 16:33:31,063 - INFO -   Page 5: +50 new  (total: 250 / expected: 2532)
2026-03-05 16:33:31,240 - INFO -   Next page clicked
2026-03-05 16:33:36,269 - INFO -   Page 6: +50 new  (total: 300 / expected: 2532)
2026-03-05 16:33:36,455 - INFO -   Next page clicked
2026-03-05 16:33:41,480 - INFO -   Page 7: +50 new  (total: 350 / expected: 2532)
2026-03-05 16:33:41,669 - INFO -   Next page clicked
2026-03-05 16:33:46,697 - INFO -   Page 8: +50 new  (total: 400 / expected: 2532)
2026-03-05 16:33:46,871 - INFO -   Next page clicked
2026-03-05 16:33:51,912 - INFO -   Page 9: +50 new  (total: 450 / expected: 2532)
2026-03-05 16:33:52,089 - INFO -   Next page clicked
2026-03-05 16:33:57,126 - INFO -   Page 10: +50 new  (total: 500 / expected: 2532)
2026-03-05 16:33:57,303 - INFO -   Next page clicked
2026-03-05 16:34:02,330 - INFO -   Page 11: +50 new  (total: 550 / expected: 2532)
2026-03-05 16:34:02,460 - INFO -   Next page clicked
2026-03-05 16:34:07,492 - INFO -   Page 12: +50 new  (total: 600 / expected: 2532)
2026-03-05 16:34:07,666 - INFO -   Next page clicked
2026-03-05 16:34:12,702 - INFO -   Page 13: +50 new  (total: 650 / expected: 2532)
2026-03-05 16:34:12,888 - INFO -   Next page clicked
2026-03-05 16:34:17,920 - INFO -   Page 14: +50 new  (total: 700 / expected: 2532)
2026-03-05 16:34:18,109 - INFO -   Next page clicked
2026-03-05 16:34:23,145 - INFO -   Page 15: +50 new  (total: 750 / expected: 2532)
2026-03-05 16:34:23,331 - INFO -   Next page clicked
2026-03-05 16:34:28,363 - INFO -   Page 16: +50 new  (total: 800 / expected: 2532)
2026-03-05 16:34:28,553 - INFO -   Next page clicked
2026-03-05 16:34:33,585 - INFO -   Page 17: +50 new  (total: 850 / expected: 2532)
2026-03-05 16:34:33,766 - INFO -   Next page clicked
2026-03-05 16:34:38,797 - INFO -   Page 18: +50 new  (total: 900 / expected: 2532)
2026-03-05 16:34:38,986 - INFO -   Next page clicked
2026-03-05 16:34:44,017 - INFO -   Page 19: +50 new  (total: 950 / expected: 2532)
2026-03-05 16:34:44,190 - INFO -   Next page clicked
2026-03-05 16:34:49,269 - INFO -   Page 20: +50 new  (total: 1000 / expected: 2532)
2026-03-05 16:34:49,502 - INFO -   Next page clicked
2026-03-05 16:34:54,522 - INFO -   Page 21: +50 new  (total: 1050 / expected: 2532)
2026-03-05 16:34:54,688 - INFO -   Next page clicked
2026-03-05 16:34:59,730 - INFO -   Page 22: +50 new  (total: 1100 / expected: 2532)
2026-03-05 16:34:59,927 - INFO -   Next page clicked
2026-03-05 16:35:04,963 - INFO -   Page 23: +50 new  (total: 1150 / expected: 2532)
2026-03-05 16:35:05,143 - INFO -   Next page clicked
2026-03-05 16:35:10,171 - INFO -   Page 24: +50 new  (total: 1200 / expected: 2532)
2026-03-05 16:35:10,358 - INFO -   Next page clicked
2026-03-05 16:35:15,388 - INFO -   Page 25: +50 new  (total: 1250 / expected: 2532)
2026-03-05 16:35:15,581 - INFO -   Next page clicked
2026-03-05 16:35:20,599 - INFO -   Page 26: +50 new  (total: 1300 / expected: 2532)
2026-03-05 16:35:20,781 - INFO -   Next page clicked
2026-03-05 16:35:25,811 - INFO -   Page 27: +50 new  (total: 1350 / expected: 2532)
2026-03-05 16:35:25,992 - INFO -   Next page clicked
2026-03-05 16:35:31,026 - INFO -   Page 28: +50 new  (total: 1400 / expected: 2532)
2026-03-05 16:35:31,216 - INFO -   Next page clicked
2026-03-05 16:35:36,244 - INFO -   Page 29: +50 new  (total: 1450 / expected: 2532)
2026-03-05 16:35:36,419 - INFO -   Next page clicked
2026-03-05 16:35:41,451 - INFO -   Page 30: +50 new  (total: 1500 / expected: 2532)
2026-03-05 16:35:41,603 - INFO -   Next page clicked
2026-03-05 16:35:46,637 - INFO -   Page 31: +50 new  (total: 1550 / expected: 2532)
2026-03-05 16:35:46,804 - INFO -   Next page clicked
2026-03-05 16:35:51,826 - INFO -   Page 32: +50 new  (total: 1600 / expected: 2532)
2026-03-05 16:35:51,957 - INFO -   Next page clicked
2026-03-05 16:35:56,975 - INFO -   Page 33: +50 new  (total: 1650 / expected: 2532)
2026-03-05 16:35:57,109 - INFO -   Next page clicked
2026-03-05 16:36:02,141 - INFO -   Page 34: +50 new  (total: 1700 / expected: 2532)
2026-03-05 16:36:02,309 - INFO -   Next page clicked
2026-03-05 16:36:07,344 - INFO -   Page 35: +50 new  (total: 1750 / expected: 2532)
2026-03-05 16:36:07,524 - INFO -   Next page clicked
2026-03-05 16:36:12,545 - INFO -   Page 36: +50 new  (total: 1800 / expected: 2532)
2026-03-05 16:36:12,674 - INFO -   Next page clicked
2026-03-05 16:36:17,703 - INFO -   Page 37: +50 new  (total: 1850 / expected: 2532)
2026-03-05 16:36:17,851 - INFO -   Next page clicked
2026-03-05 16:36:22,880 - INFO -   Page 38: +50 new  (total: 1900 / expected: 2532)
2026-03-05 16:36:23,046 - INFO -   Next page clicked
2026-03-05 16:36:28,073 - INFO -   Page 39: +50 new  (total: 1950 / expected: 2532)
2026-03-05 16:36:28,197 - INFO -   Next page clicked
2026-03-05 16:36:33,221 - INFO -   Page 40: +50 new  (total: 2000 / expected: 2532)
2026-03-05 16:36:33,391 - INFO -   Next page clicked
2026-03-05 16:36:38,423 - INFO -   Page 41: +50 new  (total: 2050 / expected: 2532)
2026-03-05 16:36:38,602 - INFO -   Next page clicked
2026-03-05 16:36:43,630 - INFO -   Page 42: +50 new  (total: 2100 / expected: 2532)
2026-03-05 16:36:43,819 - INFO -   Next page clicked
2026-03-05 16:36:48,850 - INFO -   Page 43: +50 new  (total: 2150 / expected: 2532)
2026-03-05 16:36:48,979 - INFO -   Next page clicked
2026-03-05 16:36:54,014 - INFO -   Page 44: +50 new  (total: 2200 / expected: 2532)
2026-03-05 16:36:54,181 - INFO -   Next page clicked
2026-03-05 16:36:59,203 - INFO -   Page 45: +50 new  (total: 2250 / expected: 2532)
2026-03-05 16:36:59,381 - INFO -   Next page clicked
2026-03-05 16:37:04,405 - INFO -   Page 46: +50 new  (total: 2300 / expected: 2532)
2026-03-05 16:37:04,535 - INFO -   Next page clicked
2026-03-05 16:37:09,567 - INFO -   Page 47: +50 new  (total: 2350 / expected: 2532)
2026-03-05 16:37:09,752 - INFO -   Next page clicked
2026-03-05 16:37:14,769 - INFO -   Page 48: +50 new  (total: 2400 / expected: 2532)
2026-03-05 16:37:14,890 - INFO -   Next page clicked
2026-03-05 16:37:19,913 - INFO -   Page 49: +50 new  (total: 2450 / expected: 2532)
2026-03-05 16:37:20,075 - INFO -   Next page clicked
2026-03-05 16:37:25,101 - INFO -   Page 50: +50 new  (total: 2500 / expected: 2532)
2026-03-05 16:37:25,229 - INFO -   Next page clicked
2026-03-05 16:37:30,259 - INFO -   Page 51: +32 new  (total: 2532 / expected: 2532)
2026-03-05 16:37:30,404 - INFO -   Next page clicked
2026-03-05 16:37:35,433 - INFO -   Page 52: +0 new  (total: 2532 / expected: 2532)
2026-03-05 16:37:35,433 - INFO -   No new URLs on page 52 — last page
2026-03-05 16:37:47,784 - WARNING -   Back() failed — navigating directly
2026-03-05 16:37:50,818 - INFO -   Section result: DOCUMENTS FROM THE PUBLIC PROCUREMENT COMPLAINTS BOARD expected=2532   collected=2532
2026-03-05 16:37:50,822 - INFO - [9/11] Section: DOCUMENTS FROM THE CONSTRUCTION INDUSTRY LEGAL COUNCIL
2026-03-05 16:37:51,421 - INFO -   Clicked section tab: 'Dokumenter fra Byggebransjens Faglig Juridiske Råd'
2026-03-05 16:37:52,976 - INFO -   Vis alle clicked — expected: 659
2026-03-05 16:37:55,998 - INFO -   Advanced Search URL: https://lovdata.no/pro/#result&id=11351
2026-03-05 16:37:58,024 - INFO -   Advanced Search loaded
2026-03-05 16:37:58,038 - INFO -   Advanced Search mode
2026-03-05 16:38:00,070 - INFO -   Page 1: +50 new  (total: 50 / expected: 659)
2026-03-05 16:38:00,236 - INFO -   Next page clicked
2026-03-05 16:38:05,267 - INFO -   Page 2: +50 new  (total: 100 / expected: 659)
2026-03-05 16:38:05,435 - INFO -   Next page clicked
2026-03-05 16:38:10,467 - INFO -   Page 3: +50 new  (total: 150 / expected: 659)
2026-03-05 16:38:10,645 - INFO -   Next page clicked
2026-03-05 16:38:15,674 - INFO -   Page 4: +50 new  (total: 200 / expected: 659)
2026-03-05 16:38:15,849 - INFO -   Next page clicked
2026-03-05 16:38:20,872 - INFO -   Page 5: +50 new  (total: 250 / expected: 659)
2026-03-05 16:38:21,012 - INFO -   Next page clicked
2026-03-05 16:38:26,040 - INFO -   Page 6: +50 new  (total: 300 / expected: 659)
2026-03-05 16:38:26,186 - INFO -   Next page clicked
2026-03-05 16:38:31,211 - INFO -   Page 7: +50 new  (total: 350 / expected: 659)
2026-03-05 16:38:31,360 - INFO -   Next page clicked
2026-03-05 16:38:36,382 - INFO -   Page 8: +50 new  (total: 400 / expected: 659)
2026-03-05 16:38:36,536 - INFO -   Next page clicked
2026-03-05 16:38:41,562 - INFO -   Page 9: +50 new  (total: 450 / expected: 659)
2026-03-05 16:38:41,701 - INFO -   Next page clicked
2026-03-05 16:38:46,723 - INFO -   Page 10: +50 new  (total: 500 / expected: 659)
2026-03-05 16:38:46,845 - INFO -   Next page clicked
2026-03-05 16:38:51,860 - INFO -   Page 11: +50 new  (total: 550 / expected: 659)
2026-03-05 16:38:52,027 - INFO -   Next page clicked
2026-03-05 16:38:57,058 - INFO -   Page 12: +50 new  (total: 600 / expected: 659)
2026-03-05 16:38:57,253 - INFO -   Next page clicked
2026-03-05 16:39:02,278 - INFO -   Page 13: +50 new  (total: 650 / expected: 659)
2026-03-05 16:39:02,414 - INFO -   Next page clicked
2026-03-05 16:39:07,448 - INFO -   Page 14: +9 new  (total: 659 / expected: 659)
2026-03-05 16:39:07,586 - INFO -   Next page clicked
2026-03-05 16:39:12,606 - INFO -   Page 15: +0 new  (total: 659 / expected: 659)
2026-03-05 16:39:12,606 - INFO -   No new URLs on page 15 — last page
2026-03-05 16:39:24,988 - WARNING -   Back() failed — navigating directly
2026-03-05 16:39:28,019 - INFO -   Section result: DOCUMENTS FROM THE CONSTRUCTION INDUSTRY LEGAL COUNCIL expected=659    collected=659
2026-03-05 16:39:28,021 - INFO - [10/11] Section: DOCUMENTS FROM THE MINISTRY OF JUSTICE
2026-03-05 16:39:28,609 - INFO -   Clicked section tab: 'Dokumenter fra Justisdepartementet'
2026-03-05 16:39:30,173 - INFO -   Small section mode
2026-03-05 16:39:30,214 - INFO -   Small section div#thirdOtherBase — collected 6 URLs
2026-03-05 16:39:30,214 - INFO -   Section result: DOCUMENTS FROM THE MINISTRY OF JUSTICE             expected=?      collected=6
2026-03-05 16:39:30,216 - INFO - [11/11] Section: OTHER DOCUMENTS
2026-03-05 16:39:30,852 - INFO -   Clicked section tab: 'Andre dokumenter'
2026-03-05 16:39:32,414 - INFO -   Vis alle clicked — expected: 330
2026-03-05 16:39:35,436 - INFO -   Advanced Search URL: https://lovdata.no/pro/#result&id=12930
2026-03-05 16:39:37,461 - INFO -   Advanced Search loaded
2026-03-05 16:39:37,474 - INFO -   Advanced Search mode
2026-03-05 16:39:39,498 - INFO -   Page 1: +50 new  (total: 50 / expected: 330)
2026-03-05 16:39:39,677 - INFO -   Next page clicked
2026-03-05 16:39:44,707 - INFO -   Page 2: +50 new  (total: 100 / expected: 330)
2026-03-05 16:39:44,853 - INFO -   Next page clicked
2026-03-05 16:39:49,889 - INFO -   Page 3: +50 new  (total: 150 / expected: 330)
2026-03-05 16:39:50,075 - INFO -   Next page clicked
2026-03-05 16:39:55,102 - INFO -   Page 4: +50 new  (total: 200 / expected: 330)
2026-03-05 16:39:55,269 - INFO -   Next page clicked
2026-03-05 16:40:00,297 - INFO -   Page 5: +50 new  (total: 250 / expected: 330)
2026-03-05 16:40:00,469 - INFO -   Next page clicked
2026-03-05 16:40:05,500 - INFO -   Page 6: +50 new  (total: 300 / expected: 330)
2026-03-05 16:40:05,665 - INFO -   Next page clicked
2026-03-05 16:40:10,697 - INFO -   Page 7: +30 new  (total: 330 / expected: 330)
2026-03-05 16:40:10,864 - INFO -   Next page clicked
2026-03-05 16:40:15,892 - INFO -   Page 8: +0 new  (total: 330 / expected: 330)
2026-03-05 16:40:15,894 - INFO -   No new URLs on page 8 — last page
2026-03-05 16:40:28,266 - WARNING -   Back() failed — navigating directly
2026-03-05 16:40:31,322 - INFO -   Section result: OTHER DOCUMENTS                                    expected=330    collected=330
2026-03-05 16:40:31,322 - INFO - 
Section collection summary:
2026-03-05 16:40:31,322 - INFO -   LATEST DOCUMENTS                                        expected=?      found=10
2026-03-05 16:40:31,324 - INFO -   LAWS                                                    expected=?      found=2
2026-03-05 16:40:31,324 - INFO -   REGULATIONS                                             expected=16     found=16
2026-03-05 16:40:31,324 - INFO -   DECISIONS FROM THE SUPREME COURT                        expected=16     found=16
2026-03-05 16:40:31,324 - INFO -   DECISIONS FROM THE COURTS OF APPEAL                     expected=?      found=168
2026-03-05 16:40:31,324 - INFO -   DECISIONS FROM THE DISTRICT COURTS                      expected=132    found=132
2026-03-05 16:40:31,324 - INFO -   ARTICLES                                                expected=44     found=44
2026-03-05 16:40:31,324 - INFO -   DOCUMENTS FROM THE PUBLIC PROCUREMENT COMPLAINTS BOARD  expected=2532   found=2532
2026-03-05 16:40:31,324 - INFO -   DOCUMENTS FROM THE CONSTRUCTION INDUSTRY LEGAL COUNCIL  expected=659    found=659
2026-03-05 16:40:31,324 - INFO -   DOCUMENTS FROM THE MINISTRY OF JUSTICE                  expected=?      found=6
2026-03-05 16:40:31,324 - INFO -   OTHER DOCUMENTS                                         expected=330    found=330
2026-03-05 16:40:31,330 - INFO - Total URLs collected: 3915

2026-03-05 16:40:31,332 - INFO - 
2026-03-05 16:40:31,332 - INFO - Section collection summary:
2026-03-05 16:40:31,335 - INFO -   LATEST DOCUMENTS                                         expected=?       found=10
2026-03-05 16:40:31,335 - INFO -   LAWS                                                     expected=?       found=2
2026-03-05 16:40:31,336 - INFO -   REGULATIONS                                              expected=16      found=16
2026-03-05 16:40:31,336 - INFO -   DECISIONS FROM THE SUPREME COURT                         expected=16      found=16
2026-03-05 16:40:31,336 - INFO -   DECISIONS FROM THE COURTS OF APPEAL                      expected=?       found=168
2026-03-05 16:40:31,337 - INFO -   DECISIONS FROM THE DISTRICT COURTS                       expected=132     found=132
2026-03-05 16:40:31,337 - INFO -   ARTICLES                                                 expected=44      found=44
2026-03-05 16:40:31,337 - INFO -   DOCUMENTS FROM THE PUBLIC PROCUREMENT COMPLAINTS BOARD   expected=2532    found=2532
2026-03-05 16:40:31,338 - INFO -   DOCUMENTS FROM THE CONSTRUCTION INDUSTRY LEGAL COUNCIL   expected=659     found=659
2026-03-05 16:40:31,338 - INFO -   DOCUMENTS FROM THE MINISTRY OF JUSTICE                   expected=?       found=6
2026-03-05 16:40:31,338 - INFO -   OTHER DOCUMENTS                                          expected=330     found=330
2026-03-05 16:40:31,338 - INFO - Total URLs collected (before dedup): 3915
2026-03-05 16:40:31,339 - INFO - 
2026-03-05 16:40:31,346 - INFO - After dedup: 1514 unique URLs (2401 cross-section duplicates removed)
2026-03-05 16:40:31,346 - INFO - Processing 1514 documents in batches of 10
2026-03-05 16:40:32,937 - INFO - HTTP Request: GET https://exeklzgcqykkutjfikei.supabase.co/rest/v1/legal_area_metadata?select=file_name&file_name=eq.EUR_eur-2026-03-06.xml&limit=1 "HTTP/1.1 200 OK"
2026-03-05 16:40:33,030 - INFO -   [1/1514] Scraping: https://lovdata.no/pro/#document/EUR/eur-2026-03-06
2026-03-05 16:40:38,974 - INFO -   Scraped: title='EuroRett: Fortrinnsrett til konsesjonskontrakt i strid med k'  date='(none)'  year=2026  chars=7157  source=iframe_body  meta_fields=['fulltittel']
2026-03-05 16:40:38,975 - INFO -   [1/1514] Year=2026  title=EuroRett: Fortrinnsrett til konsesjonskontrakt i strid med k
2026-03-05 16:40:39,479 - INFO - HTTP Request: GET https://exeklzgcqykkutjfikei.supabase.co/rest/v1/legal_area_metadata?select=file_hash&file_hash=eq.b9360105783996aee604790fc1b6adda&limit=1 "HTTP/1.1 200 OK"
2026-03-05 16:40:39,605 - INFO - XML saved: EUR_eur-2026-03-06.xml  size=8178 bytes  page_meta=['fulltittel', 'korttittel', 'year']
2026-03-05 16:40:39,605 - INFO -   [1/1514] Queued: EUR_eur-2026-03-06.xml                    type=LATEST DOCUMENTS
2026-03-05 16:40:41,791 - INFO - HTTP Request: GET https://exeklzgcqykkutjfikei.supabase.co/rest/v1/legal_area_metadata?select=file_name&file_name=eq.TRSIV_avgjorelse_tosl-2025-198508.xml&limit=1 "HTTP/1.1 200 OK"
2026-03-05 16:40:41,793 - INFO -   [2/1514] Scraping: https://lovdata.no/pro/#document/TRSIV/avgjorelse/tosl-2025-198508
2026-03-05 16:40:46,913 - INFO -   Scraped: title='TOSL-2025-198508'  date='(none)'  year=2025  chars=64069  source=iframe_body  meta_fields=['fulltittel']
2026-03-05 16:40:46,913 - INFO -   [2/1514] Year=2025  title=TOSL-2025-198508
2026-03-05 16:40:47,147 - INFO - HTTP Request: GET https://exeklzgcqykkutjfikei.supabase.co/rest/v1/legal_area_metadata?select=file_hash&file_hash=eq.47168ad5f1148b454f57d7febae93fa6&limit=1 "HTTP/1.1 200 OK"
2026-03-05 16:40:47,234 - INFO - XML saved: TRSIV_avgjorelse_tosl-2025-198508.xml  size=66444 bytes  page_meta=['fulltittel', 'korttittel', 'year']
2026-03-05 16:40:47,235 - INFO -   [2/1514] Queued: TRSIV_avgjorelse_tosl-2025-198508.xml     type=LATEST DOCUMENTS
2026-03-05 16:40:49,502 - INFO - HTTP Request: GET https://exeklzgcqykkutjfikei.supabase.co/rest/v1/legal_area_metadata?select=file_name&file_name=eq.TRSIV_avgjorelse_tosl-2025-180124.xml&limit=1 "HTTP/1.1 200 OK"
2026-03-05 16:40:49,515 - INFO -   [3/1514] Scraping: https://lovdata.no/pro/#document/TRSIV/avgjorelse/tosl-2025-180124
2026-03-05 16:41:08,549 - INFO -   Scraped: title='TOSL-2025-180124'  date='(none)'  year=2025  chars=42492  source=iframe_body  meta_fields=['fulltittel']
2026-03-05 16:41:08,550 - INFO -   [3/1514] Year=2025  title=TOSL-2025-180124
2026-03-05 16:41:08,986 - INFO - HTTP Request: GET https://exeklzgcqykkutjfikei.supabase.co/rest/v1/legal_area_metadata?select=file_hash&file_hash=eq.d9c1673b499db7d2f07340fd71ff7c77&limit=1 "HTTP/1.1 200 OK"
2026-03-05 16:41:09,010 - INFO - XML saved: TRSIV_avgjorelse_tosl-2025-180124.xml  size=44306 bytes  page_meta=['fulltittel', 'korttittel', 'year']
2026-03-05 16:41:09,010 - INFO -   [3/1514] Queued: TRSIV_avgjorelse_tosl-2025-180124.xml     type=LATEST DOCUMENTS
2026-03-05 16:41:11,218 - INFO - HTTP Request: GET https://exeklzgcqykkutjfikei.supabase.co/rest/v1/legal_area_metadata?select=file_name&file_name=eq.EUR_eur-2026-01-02.xml&limit=1 "HTTP/1.1 200 OK"
2026-03-05 16:41:11,218 - INFO -   [4/1514] Scraping: https://lovdata.no/pro/#document/EUR/eur-2026-01-02
2026-03-05 16:41:16,278 - INFO -   Scraped: title='EuroRett: Om brudd på anskaffelsesregelverket var «tilstrekk'  date='(none)'  year=2025  chars=7488  source=iframe_body  meta_fields=['fulltittel']
2026-03-05 16:41:16,279 - INFO -   [4/1514] Year=2025  title=EuroRett: Om brudd på anskaffelsesregelverket var «tilstrekk
2026-03-05 16:41:16,783 - INFO - HTTP Request: GET https://exeklzgcqykkutjfikei.supabase.co/rest/v1/legal_area_metadata?select=file_hash&file_hash=eq.12653d30d522417cf617d017eb90cb58&limit=1 "HTTP/1.1 200 OK"
2026-03-05 16:41:16,816 - INFO - XML saved: EUR_eur-2026-01-02.xml  size=8569 bytes  page_meta=['fulltittel', 'korttittel', 'year']
2026-03-05 16:41:16,817 - INFO -   [4/1514] Queued: EUR_eur-2026-01-02.xml                    type=LATEST DOCUMENTS
2026-03-05 16:41:19,020 - INFO - HTTP Request: GET https://exeklzgcqykkutjfikei.supabase.co/rest/v1/legal_area_metadata?select=file_name&file_name=eq.ROO_rundskriv_is-2026-9001.xml&limit=1 "HTTP/1.1 200 OK"
2026-03-05 16:41:19,020 - INFO -   [5/1514] Scraping: https://lovdata.no/pro/#document/ROO/rundskriv/is-2026-9001
2026-03-05 16:41:28,747 - INFO -   Scraped: title='Helse- og omsorgstjenesteloven med kommentarer'  date='(none)'  year=2026  chars=265572  source=iframe_body  meta_fields=['fulltittel']
2026-03-05 16:41:28,747 - INFO -   [5/1514] Year=2026  title=Helse- og omsorgstjenesteloven med kommentarer
2026-03-05 16:41:29,012 - INFO - HTTP Request: GET https://exeklzgcqykkutjfikei.supabase.co/rest/v1/legal_area_metadata?select=file_hash&file_hash=eq.6385afb2af37ff97f374785736bd0648&limit=1 "HTTP/1.1 200 OK"
2026-03-05 16:41:29,058 - INFO - XML saved: ROO_rundskriv_is-2026-9001.xml  size=273700 bytes  page_meta=['fulltittel', 'korttittel', 'year']
2026-03-05 16:41:29,058 - INFO -   [5/1514] Queued: ROO_rundskriv_is-2026-9001.xml            type=LATEST DOCUMENTS
2026-03-05 16:41:31,270 - INFO - HTTP Request: GET https://exeklzgcqykkutjfikei.supabase.co/rest/v1/legal_area_metadata?select=file_name&file_name=eq.LBSIV_avgjorelse_lb-2025-171257.xml&limit=1 "HTTP/1.1 200 OK"
2026-03-05 16:41:31,270 - INFO -   [6/1514] Scraping: https://lovdata.no/pro/#document/LBSIV/avgjorelse/lb-2025-171257
2026-03-05 16:41:36,418 - INFO -   Scraped: title='LB-2025-171257'  date='(none)'  year=2025  chars=58084  source=iframe_body  meta_fields=['fulltittel']
2026-03-05 16:41:36,418 - INFO -   [6/1514] Year=2025  title=LB-2025-171257
2026-03-05 16:41:36,757 - INFO - HTTP Request: GET https://exeklzgcqykkutjfikei.supabase.co/rest/v1/legal_area_metadata?select=file_hash&file_hash=eq.4e59ca943d0cdff0b4bc0bb04b3fd9f3&limit=1 "HTTP/1.1 200 OK"
2026-03-05 16:41:36,796 - INFO - XML saved: LBSIV_avgjorelse_lb-2025-171257.xml  size=60255 bytes  page_meta=['fulltittel', 'korttittel', 'year']
2026-03-05 16:41:36,796 - INFO -   [6/1514] Queued: LBSIV_avgjorelse_lb-2025-171257.xml       type=LATEST DOCUMENTS
2026-03-05 16:41:39,003 - INFO - HTTP Request: GET https://exeklzgcqykkutjfikei.supabase.co/rest/v1/legal_area_metadata?select=file_name&file_name=eq.INNST_forarbeid_inns-38-l-202526.xml&limit=1 "HTTP/1.1 200 OK"
2026-03-05 16:41:39,003 - INFO -   [7/1514] Scraping: https://lovdata.no/pro/#document/INNST/forarbeid/inns-38-l-202526
2026-03-05 16:41:44,363 - INFO -   Scraped: title='Innst. 38 L (2025–2026) Innstilling fra næringskomiteen om L'  date='(none)'  year=2025  chars=67596  source=iframe_body  meta_fields=['fulltittel']
2026-03-05 16:41:44,364 - INFO -   [7/1514] Year=2025  title=Innst. 38 L (2025–2026) Innstilling fra næringskomiteen om L
2026-03-05 16:41:44,624 - INFO - HTTP Request: GET https://exeklzgcqykkutjfikei.supabase.co/rest/v1/legal_area_metadata?select=file_hash&file_hash=eq.1446a643f59c8900c2a62bfff46235e9&limit=1 "HTTP/1.1 200 OK"
2026-03-05 16:41:44,640 - INFO - XML saved: INNST_forarbeid_inns-38-l-202526.xml  size=70693 bytes  page_meta=['fulltittel', 'korttittel', 'year']
2026-03-05 16:41:44,640 - INFO -   [7/1514] Queued: INNST_forarbeid_inns-38-l-202526.xml      type=LATEST DOCUMENTS
2026-03-05 16:41:46,892 - INFO - HTTP Request: GET https://exeklzgcqykkutjfikei.supabase.co/rest/v1/legal_area_metadata?select=file_name&file_name=eq.TRSIV_avgjorelse_tsol-2025-181219.xml&limit=1 "HTTP/1.1 200 OK"
2026-03-05 16:41:46,894 - INFO -   [8/1514] Scraping: https://lovdata.no/pro/#document/TRSIV/avgjorelse/tsol-2025-181219
2026-03-05 16:41:52,086 - INFO -   Scraped: title='TSOL-2025-181219'  date='(none)'  year=2025  chars=72769  source=iframe_body  meta_fields=['fulltittel']
2026-03-05 16:41:52,088 - INFO -   [8/1514] Year=2025  title=TSOL-2025-181219
2026-03-05 16:41:52,387 - INFO - HTTP Request: GET https://exeklzgcqykkutjfikei.supabase.co/rest/v1/legal_area_metadata?select=file_hash&file_hash=eq.3dfba0f8f2abdb465e271aa00507c6ae&limit=1 "HTTP/1.1 200 OK"
2026-03-05 16:41:52,425 - INFO - XML saved: TRSIV_avgjorelse_tsol-2025-181219.xml  size=75321 bytes  page_meta=['fulltittel', 'korttittel', 'year']
2026-03-05 16:41:52,425 - INFO -   [8/1514] Queued: TRSIV_avgjorelse_tsol-2025-181219.xml     type=LATEST DOCUMENTS
2026-03-05 16:41:54,627 - INFO - HTTP Request: GET https://exeklzgcqykkutjfikei.supabase.co/rest/v1/legal_area_metadata?select=file_name&file_name=eq.EUR_eur-2025-20-04.xml&limit=1 "HTTP/1.1 200 OK"
2026-03-05 16:41:54,628 - INFO -   [9/1514] Scraping: https://lovdata.no/pro/#document/EUR/eur-2025-20-04
2026-03-05 16:41:59,491 - INFO -   Scraped: title='Høyesterett om adgangen til å reservere konkurransen om kont'  date='(none)'  year=2025  chars=8681  source=iframe_body  meta_fields=['fulltittel']
2026-03-05 16:41:59,491 - INFO -   [9/1514] Year=2025  title=Høyesterett om adgangen til å reservere konkurransen om kont
2026-03-05 16:41:59,723 - INFO - HTTP Request: GET https://exeklzgcqykkutjfikei.supabase.co/rest/v1/legal_area_metadata?select=file_hash&file_hash=eq.0a42933a6ef3000a2dabc0c4b4610ecd&limit=1 "HTTP/1.1 200 OK"
2026-03-05 16:41:59,763 - INFO - XML saved: EUR_eur-2025-20-04.xml  size=9877 bytes  page_meta=['fulltittel', 'korttittel', 'year']
2026-03-05 16:41:59,763 - INFO -   [9/1514] Queued: EUR_eur-2025-20-04.xml                    type=LATEST DOCUMENTS
2026-03-05 16:42:01,968 - INFO - HTTP Request: GET https://exeklzgcqykkutjfikei.supabase.co/rest/v1/legal_area_metadata?select=file_name&file_name=eq.LBSIV_avgjorelse_lb-2025-26330.xml&limit=1 "HTTP/1.1 200 OK"
2026-03-05 16:42:01,968 - INFO -   [10/1514] Scraping: https://lovdata.no/pro/#document/LBSIV/avgjorelse/lb-2025-26330
2026-03-05 16:42:06,778 - INFO -   Scraped: title='LB-2025-26330'  date='(none)'  year=2025  chars=61339  source=iframe_body  meta_fields=['fulltittel']
2026-03-05 16:42:06,779 - INFO -   [10/1514] Year=2025  title=LB-2025-26330
2026-03-05 16:42:06,970 - INFO - HTTP Request: GET https://exeklzgcqykkutjfikei.supabase.co/rest/v1/legal_area_metadata?select=file_hash&file_hash=eq.df2e4d79e6d57edcb375ded613540295&limit=1 "HTTP/1.1 200 OK"
2026-03-05 16:42:06,997 - INFO - XML saved: LBSIV_avgjorelse_lb-2025-26330.xml  size=63606 bytes  page_meta=['fulltittel', 'korttittel', 'year']
2026-03-05 16:42:06,998 - INFO -   [10/1514] Queued: LBSIV_avgjorelse_lb-2025-26330.xml        type=LATEST DOCUMENTS
2026-03-05 16:42:06,998 - INFO - 
2026-03-05 16:42:06,999 - INFO - ----------------------------------------------------------------------
2026-03-05 16:42:06,999 - INFO - Batch upload: 10 files
2026-03-05 16:42:06,999 - INFO - ----------------------------------------------------------------------
2026-03-05 16:42:06,999 - INFO -   [1/10] EUR_eur-2026-03-06.xml -> Anskaffelser_avtaler_bygg_og_entrepriser/Anskaffelser/EUR_eur-2026-03-06.xml
2026-03-05 16:42:07,810 - INFO - HTTP Request: POST https://exeklzgcqykkutjfikei.supabase.co/storage/v1/object/legal_area/Anskaffelser_avtaler_bygg_og_entrepriser/Anskaffelser/EUR_eur-2026-03-06.xml "HTTP/2 200 OK"
2026-03-05 16:42:07,815 - INFO - Uploaded: Anskaffelser_avtaler_bygg_og_entrepriser/Anskaffelser/EUR_eur-2026-03-06.xml
2026-03-05 16:42:08,113 - INFO - HTTP Request: POST https://exeklzgcqykkutjfikei.supabase.co/rest/v1/legal_area_metadata "HTTP/1.1 201 Created"
2026-03-05 16:42:08,119 - INFO - Metadata inserted: EUR_eur-2026-03-06.xml
2026-03-05 16:42:08,121 - INFO -   [2/10] TRSIV_avgjorelse_tosl-2025-198508.xml -> Anskaffelser_avtaler_bygg_og_entrepriser/Anskaffelser/TRSIV_avgjorelse_tosl-2025-198508.xml
2026-03-05 16:42:08,542 - INFO - HTTP Request: POST https://exeklzgcqykkutjfikei.supabase.co/storage/v1/object/legal_area/Anskaffelser_avtaler_bygg_og_entrepriser/Anskaffelser/TRSIV_avgjorelse_tosl-2025-198508.xml "HTTP/2 200 OK"
2026-03-05 16:42:08,543 - INFO - Uploaded: Anskaffelser_avtaler_bygg_og_entrepriser/Anskaffelser/TRSIV_avgjorelse_tosl-2025-198508.xml
2026-03-05 16:42:08,731 - INFO - HTTP Request: POST https://exeklzgcqykkutjfikei.supabase.co/rest/v1/legal_area_metadata "HTTP/1.1 201 Created"
2026-03-05 16:42:08,734 - INFO - Metadata inserted: TRSIV_avgjorelse_tosl-2025-198508.xml
2026-03-05 16:42:08,737 - INFO -   [3/10] TRSIV_avgjorelse_tosl-2025-180124.xml -> Anskaffelser_avtaler_bygg_og_entrepriser/Anskaffelser/TRSIV_avgjorelse_tosl-2025-180124.xml
2026-03-05 16:42:09,022 - INFO - HTTP Request: POST https://exeklzgcqykkutjfikei.supabase.co/storage/v1/object/legal_area/Anskaffelser_avtaler_bygg_og_entrepriser/Anskaffelser/TRSIV_avgjorelse_tosl-2025-180124.xml "HTTP/2 200 OK"
2026-03-05 16:42:09,023 - INFO - Uploaded: Anskaffelser_avtaler_bygg_og_entrepriser/Anskaffelser/TRSIV_avgjorelse_tosl-2025-180124.xml
2026-03-05 16:42:09,213 - INFO - HTTP Request: POST https://exeklzgcqykkutjfikei.supabase.co/rest/v1/legal_area_metadata "HTTP/1.1 201 Created"
2026-03-05 16:42:09,213 - INFO - Metadata inserted: TRSIV_avgjorelse_tosl-2025-180124.xml
2026-03-05 16:42:09,213 - INFO -   [4/10] EUR_eur-2026-01-02.xml -> Anskaffelser_avtaler_bygg_og_entrepriser/Anskaffelser/EUR_eur-2026-01-02.xml
2026-03-05 16:42:09,529 - INFO - HTTP Request: POST https://exeklzgcqykkutjfikei.supabase.co/storage/v1/object/legal_area/Anskaffelser_avtaler_bygg_og_entrepriser/Anskaffelser/EUR_eur-2026-01-02.xml "HTTP/2 200 OK"
2026-03-05 16:42:09,530 - INFO - Uploaded: Anskaffelser_avtaler_bygg_og_entrepriser/Anskaffelser/EUR_eur-2026-01-02.xml
2026-03-05 16:42:09,728 - INFO - HTTP Request: POST https://exeklzgcqykkutjfikei.supabase.co/rest/v1/legal_area_metadata "HTTP/1.1 201 Created"
2026-03-05 16:42:09,729 - INFO - Metadata inserted: EUR_eur-2026-01-02.xml
2026-03-05 16:42:09,729 - INFO -   [5/10] ROO_rundskriv_is-2026-9001.xml -> Anskaffelser_avtaler_bygg_og_entrepriser/Anskaffelser/ROO_rundskriv_is-2026-9001.xml
2026-03-05 16:42:10,350 - INFO - HTTP Request: POST https://exeklzgcqykkutjfikei.supabase.co/storage/v1/object/legal_area/Anskaffelser_avtaler_bygg_og_entrepriser/Anskaffelser/ROO_rundskriv_is-2026-9001.xml "HTTP/2 200 OK"
2026-03-05 16:42:10,352 - INFO - Uploaded: Anskaffelser_avtaler_bygg_og_entrepriser/Anskaffelser/ROO_rundskriv_is-2026-9001.xml
2026-03-05 16:42:10,558 - INFO - HTTP Request: POST https://exeklzgcqykkutjfikei.supabase.co/rest/v1/legal_area_metadata "HTTP/1.1 201 Created"
2026-03-05 16:42:10,559 - INFO - Metadata inserted: ROO_rundskriv_is-2026-9001.xml
2026-03-05 16:42:10,561 - INFO -   [6/10] LBSIV_avgjorelse_lb-2025-171257.xml -> Anskaffelser_avtaler_bygg_og_entrepriser/Anskaffelser/LBSIV_avgjorelse_lb-2025-171257.xml
2026-03-05 16:42:10,893 - INFO - HTTP Request: POST https://exeklzgcqykkutjfikei.supabase.co/storage/v1/object/legal_area/Anskaffelser_avtaler_bygg_og_entrepriser/Anskaffelser/LBSIV_avgjorelse_lb-2025-171257.xml "HTTP/2 200 OK"
2026-03-05 16:42:10,893 - INFO - Uploaded: Anskaffelser_avtaler_bygg_og_entrepriser/Anskaffelser/LBSIV_avgjorelse_lb-2025-171257.xml
2026-03-05 16:42:11,076 - INFO - HTTP Request: POST https://exeklzgcqykkutjfikei.supabase.co/rest/v1/legal_area_metadata "HTTP/1.1 201 Created"
2026-03-05 16:42:11,078 - INFO - Metadata inserted: LBSIV_avgjorelse_lb-2025-171257.xml
2026-03-05 16:42:11,079 - INFO -   [7/10] INNST_forarbeid_inns-38-l-202526.xml -> Anskaffelser_avtaler_bygg_og_entrepriser/Anskaffelser/INNST_forarbeid_inns-38-l-202526.xml
2026-03-05 16:42:11,504 - INFO - HTTP Request: POST https://exeklzgcqykkutjfikei.supabase.co/storage/v1/object/legal_area/Anskaffelser_avtaler_bygg_og_entrepriser/Anskaffelser/INNST_forarbeid_inns-38-l-202526.xml "HTTP/2 200 OK"
2026-03-05 16:42:11,505 - INFO - Uploaded: Anskaffelser_avtaler_bygg_og_entrepriser/Anskaffelser/INNST_forarbeid_inns-38-l-202526.xml
2026-03-05 16:42:11,676 - INFO - HTTP Request: POST https://exeklzgcqykkutjfikei.supabase.co/rest/v1/legal_area_metadata "HTTP/1.1 201 Created"
2026-03-05 16:42:11,676 - INFO - Metadata inserted: INNST_forarbeid_inns-38-l-202526.xml
2026-03-05 16:42:11,683 - INFO -   [8/10] TRSIV_avgjorelse_tsol-2025-181219.xml -> Anskaffelser_avtaler_bygg_og_entrepriser/Anskaffelser/TRSIV_avgjorelse_tsol-2025-181219.xml
2026-03-05 16:42:12,090 - INFO - HTTP Request: POST https://exeklzgcqykkutjfikei.supabase.co/storage/v1/object/legal_area/Anskaffelser_avtaler_bygg_og_entrepriser/Anskaffelser/TRSIV_avgjorelse_tsol-2025-181219.xml "HTTP/2 200 OK"
2026-03-05 16:42:12,091 - INFO - Uploaded: Anskaffelser_avtaler_bygg_og_entrepriser/Anskaffelser/TRSIV_avgjorelse_tsol-2025-181219.xml
2026-03-05 16:42:12,264 - INFO - HTTP Request: POST https://exeklzgcqykkutjfikei.supabase.co/rest/v1/legal_area_metadata "HTTP/1.1 201 Created"
2026-03-05 16:42:12,265 - INFO - Metadata inserted: TRSIV_avgjorelse_tsol-2025-181219.xml
2026-03-05 16:42:12,266 - INFO -   [9/10] EUR_eur-2025-20-04.xml -> Anskaffelser_avtaler_bygg_og_entrepriser/Anskaffelser/EUR_eur-2025-20-04.xml
2026-03-05 16:42:12,579 - INFO - HTTP Request: POST https://exeklzgcqykkutjfikei.supabase.co/storage/v1/object/legal_area/Anskaffelser_avtaler_bygg_og_entrepriser/Anskaffelser/EUR_eur-2025-20-04.xml "HTTP/2 200 OK"
2026-03-05 16:42:12,580 - INFO - Uploaded: Anskaffelser_avtaler_bygg_og_entrepriser/Anskaffelser/EUR_eur-2025-20-04.xml
2026-03-05 16:42:12,750 - INFO - HTTP Request: POST https://exeklzgcqykkutjfikei.supabase.co/rest/v1/legal_area_metadata "HTTP/1.1 201 Created"
2026-03-05 16:42:12,751 - INFO - Metadata inserted: EUR_eur-2025-20-04.xml
2026-03-05 16:42:12,752 - INFO -   [10/10] LBSIV_avgjorelse_lb-2025-26330.xml -> Anskaffelser_avtaler_bygg_og_entrepriser/Anskaffelser/LBSIV_avgjorelse_lb-2025-26330.xml
2026-03-05 16:42:13,065 - INFO - HTTP Request: POST https://exeklzgcqykkutjfikei.supabase.co/storage/v1/object/legal_area/Anskaffelser_avtaler_bygg_og_entrepriser/Anskaffelser/LBSIV_avgjorelse_lb-2025-26330.xml "HTTP/2 200 OK"
2026-03-05 16:42:13,067 - INFO - Uploaded: Anskaffelser_avtaler_bygg_og_entrepriser/Anskaffelser/LBSIV_avgjorelse_lb-2025-26330.xml
2026-03-05 16:42:13,257 - INFO - HTTP Request: POST https://exeklzgcqykkutjfikei.supabase.co/rest/v1/legal_area_metadata "HTTP/1.1 201 Created"
2026-03-05 16:42:13,258 - INFO - Metadata inserted: LBSIV_avgjorelse_lb-2025-26330.xml
2026-03-05 16:42:13,263 - INFO - Batch complete: 10 files processed
2026-03-05 16:42:13,263 - INFO - ----------------------------------------------------------------------
2026-03-05 16:42:13,264 - INFO - 
2026-03-05 16:42:15,443 - INFO - HTTP Request: GET https://exeklzgcqykkutjfikei.supabase.co/rest/v1/legal_area_metadata?select=file_name&file_name=eq.NL_lov_2016-06-17-73.xml&limit=1 "HTTP/1.1 200 OK"
2026-03-05 16:42:15,449 - INFO -   [11/1514] Scraping: https://lovdata.no/pro/#document/NL/lov/2016-06-17-73
2026-03-05 16:42:20,310 - INFO -   Scraped: title='Lov om offentlige anskaffelser (anskaffelsesloven)'  date='(none)'  year=2016  chars=19283  source=iframe_body  meta_fields=['fulltittel']
2026-03-05 16:42:20,310 - INFO -   [11/1514] Year=2016  title=Lov om offentlige anskaffelser (anskaffelsesloven)
2026-03-05 16:42:20,481 - INFO - HTTP Request: GET https://exeklzgcqykkutjfikei.supabase.co/rest/v1/legal_area_metadata?select=file_hash&file_hash=eq.be9e663213f249ffeaf307eb17b258e9&limit=1 "HTTP/1.1 200 OK"
2026-03-05 16:42:20,506 - INFO - XML saved: NL_lov_2016-06-17-73.xml  size=20981 bytes  page_meta=['fulltittel', 'korttittel', 'year']
2026-03-05 16:42:20,506 - INFO -   [11/1514] Queued: NL_lov_2016-06-17-73.xml                  type=LAWS
2026-03-05 16:42:22,703 - INFO - HTTP Request: GET https://exeklzgcqykkutjfikei.supabase.co/rest/v1/legal_area_metadata?select=file_name&file_name=eq.NLO_lov_1999-07-16-69.xml&limit=1 "HTTP/1.1 200 OK"
2026-03-05 16:42:22,705 - INFO -   [12/1514] Scraping: https://lovdata.no/pro/#document/NLO/lov/1999-07-16-69
2026-03-05 16:42:27,519 - INFO -   Scraped: title='Lov om offentlige anskaffelser [anskaffelsesloven]'  date='(none)'  year=1999  chars=473  source=iframe_content  meta_fields=['fulltittel']
2026-03-05 16:42:27,520 - INFO -   [12/1514] Year=1999  title=Lov om offentlige anskaffelser [anskaffelsesloven]
2026-03-05 16:42:27,690 - INFO - HTTP Request: GET https://exeklzgcqykkutjfikei.supabase.co/rest/v1/legal_area_metadata?select=file_hash&file_hash=eq.dc404a6ba5e544a98adde7383838ee8d&limit=1 "HTTP/1.1 200 OK"
2026-03-05 16:42:27,789 - INFO - XML saved: NLO_lov_1999-07-16-69.xml  size=1257 bytes  page_meta=['fulltittel', 'korttittel', 'year']
2026-03-05 16:42:27,790 - INFO -   [12/1514] Queued: NLO_lov_1999-07-16-69.xml                 type=LAWS
2026-03-05 16:42:29,974 - INFO - HTTP Request: GET https://exeklzgcqykkutjfikei.supabase.co/rest/v1/legal_area_metadata?select=file_name&file_name=eq.SF_forskrift_2002-11-15-1288.xml&limit=1 "HTTP/1.1 200 OK"
2026-03-05 16:42:29,974 - INFO -   [13/1514] Scraping: https://lovdata.no/pro/#document/SF/forskrift/2002-11-15-1288
2026-03-05 16:42:34,755 - INFO -   Scraped: title='Forskrift om klagenemnd for offentlige anskaffelser'  date='(none)'  year=2002  chars=674  source=iframe_content  meta_fields=['fulltittel']
2026-03-05 16:42:34,756 - INFO -   [13/1514] Year=2002  title=Forskrift om klagenemnd for offentlige anskaffelser
2026-03-05 16:42:34,944 - INFO - HTTP Request: GET https://exeklzgcqykkutjfikei.supabase.co/rest/v1/legal_area_metadata?select=file_hash&file_hash=eq.7200e8272b69e49161e3e34cdec2ec5a&limit=1 "HTTP/1.1 200 OK"
2026-03-05 16:42:34,970 - INFO - XML saved: SF_forskrift_2002-11-15-1288.xml  size=1475 bytes  page_meta=['fulltittel', 'korttittel', 'year']
2026-03-05 16:42:34,971 - INFO -   [13/1514] Queued: SF_forskrift_2002-11-15-1288.xml          type=REGULATIONS
2026-03-05 16:42:37,189 - INFO - HTTP Request: GET https://exeklzgcqykkutjfikei.supabase.co/rest/v1/legal_area_metadata?select=file_name&file_name=eq.SF_forskrift_2016-08-12-974.xml&limit=1 "HTTP/1.1 200 OK"
2026-03-05 16:42:37,189 - INFO -   [14/1514] Scraping: https://lovdata.no/pro/#document/SF/forskrift/2016-08-12-974
2026-03-05 16:42:42,062 - INFO -   Scraped: title='Forskrift om offentlige anskaffelser (anskaffelsesforskrifte'  date='(none)'  year=2016  chars=1696  source=iframe_body  meta_fields=['fulltittel']
2026-03-05 16:42:42,063 - INFO -   [14/1514] Year=2016  title=Forskrift om offentlige anskaffelser (anskaffelsesforskrifte
2026-03-05 16:42:42,234 - INFO - HTTP Request: GET https://exeklzgcqykkutjfikei.supabase.co/rest/v1/legal_area_metadata?select=file_hash&file_hash=eq.729a076bee98b936c5fae48f6c196c79&limit=1 "HTTP/1.1 200 OK"
2026-03-05 16:42:42,266 - INFO - XML saved: SF_forskrift_2016-08-12-974.xml  size=2589 bytes  page_meta=['fulltittel', 'korttittel', 'year']
2026-03-05 16:42:42,267 - INFO -   [14/1514] Queued: SF_forskrift_2016-08-12-974.xml           type=REGULATIONS
2026-03-05 16:42:43,485 - INFO - Flushing remaining 4 items
2026-03-05 16:42:43,486 - INFO - 
2026-03-05 16:42:43,486 - INFO - ----------------------------------------------------------------------
2026-03-05 16:42:43,487 - INFO - Batch upload: 4 files
2026-03-05 16:42:43,487 - INFO - ----------------------------------------------------------------------
2026-03-05 16:42:43,487 - INFO -   [1/4] NL_lov_2016-06-17-73.xml -> Anskaffelser_avtaler_bygg_og_entrepriser/Anskaffelser/NL_lov_2016-06-17-73.xml
