2026-02-16 00:59:58,591 - INFO - ✓ Storage handler initialized (bucket: lovdata-docs)
2026-02-16 00:59:58,591 - INFO - 🔐 Opening Lovdata login page...
2026-02-16 01:00:04,554 - INFO - ✅ Login successful
2026-02-16 01:00:04,554 - INFO - ======================================================================
2026-02-16 01:00:04,556 - INFO - MODE: legal_areas_only
2026-02-16 01:00:04,556 - INFO - ======================================================================
2026-02-16 01:00:04,556 - INFO - 
======================================================================
2026-02-16 01:00:04,556 - INFO - ⚖️  SCRAPING LEGAL AREAS
2026-02-16 01:00:04,556 - INFO -    Using fallback list from config.LEGAL_AREA_TRANSLATIONS
2026-02-16 01:00:04,558 - INFO - ======================================================================
2026-02-16 01:00:04,558 - INFO - 📂 Loading legal areas from config.py...
2026-02-16 01:00:04,558 - INFO - 📋 Loaded 38 legal areas
2026-02-16 01:00:04,558 - INFO - 
📊 Total legal areas: 38

2026-02-16 01:00:04,558 - INFO - 
======================================================================
2026-02-16 01:00:04,558 - INFO - [1/38] Labor_Law
2026-02-16 01:00:04,559 - INFO - ======================================================================
2026-02-16 01:00:04,559 - INFO -    Norwegian: arbeidsrett
2026-02-16 01:00:04,559 - INFO -    🔗 https://lovdata.no/pro/#rettsomrade/arbeidsrett
2026-02-16 01:00:04,559 - INFO - 📂 Navigating to: https://lovdata.no/pro/#rettsomrade/arbeidsrett
2026-02-16 01:00:10,579 - INFO -    📄 Scraping page 1
2026-02-16 01:00:11,472 - INFO -    📎 Total collected so far: 43
2026-02-16 01:00:11,495 - INFO -    ✅ No next page found
2026-02-16 01:00:11,495 - INFO -    🎉 Finished. Found 43 documents.
2026-02-16 01:00:11,495 - INFO - 🚀 Processing 43 documents
2026-02-16 01:00:11,495 - INFO - 
   [1/43] Processing document...
2026-02-16 01:00:11,498 - INFO - 📄 Scraping document...
2026-02-16 01:00:14,249 - INFO - HTTP Request: GET https://vegzmiigjvetbaqqcukd.supabase.co/rest/v1/lovdata_metadata?select=file_name&file_name=eq.NL_lov_2007-06-15-40_C2_A744.xml&limit=1 "HTTP/1.1 200 OK"
2026-02-16 01:00:14,262 - INFO - ⏭️  Skipping existing: NL_lov_2007-06-15-40_C2_A744.xml
2026-02-16 01:00:14,562 - INFO - 
   [2/43] Processing document...
2026-02-16 01:00:14,562 - INFO - 📄 Scraping document...
2026-02-16 01:00:16,793 - INFO - HTTP Request: GET https://vegzmiigjvetbaqqcukd.supabase.co/rest/v1/lovdata_metadata?select=file_name&file_name=eq.NL_lov_2025-03-28-5.xml&limit=1 "HTTP/1.1 200 OK"
2026-02-16 01:00:16,799 - INFO - ⏭️  Skipping existing: NL_lov_2025-03-28-5.xml
2026-02-16 01:00:17,101 - INFO - 
   [3/43] Processing document...
2026-02-16 01:00:17,101 - INFO - 📄 Scraping document...
2026-02-16 01:00:19,493 - INFO - HTTP Request: GET https://vegzmiigjvetbaqqcukd.supabase.co/rest/v1/lovdata_metadata?select=file_name&file_name=eq.NL_lov_2007-06-15-40_C2_A79.xml&limit=1 "HTTP/1.1 200 OK"
2026-02-16 01:00:19,495 - INFO - ⏭️  Skipping existing: NL_lov_2007-06-15-40_C2_A79.xml
2026-02-16 01:00:19,808 - INFO - 
   [4/43] Processing document...
2026-02-16 01:00:19,808 - INFO - 📄 Scraping document...
2026-02-16 01:00:22,085 - INFO - HTTP Request: GET https://vegzmiigjvetbaqqcukd.supabase.co/rest/v1/lovdata_metadata?select=file_name&file_name=eq.HRSTR_avgjorelse_hr-2026-373-a.xml&limit=1 "HTTP/1.1 200 OK"
2026-02-16 01:00:22,085 - INFO - ⏭️  Skipping existing: HRSTR_avgjorelse_hr-2026-373-a.xml
2026-02-16 01:00:22,390 - INFO - 
   [5/43] Processing document...
2026-02-16 01:00:22,390 - INFO - 📄 Scraping document...
2026-02-16 01:00:24,651 - INFO - HTTP Request: GET https://vegzmiigjvetbaqqcukd.supabase.co/rest/v1/lovdata_metadata?select=file_name&file_name=eq.HRSIV_avgjorelse_hr-2026-372-a.xml&limit=1 "HTTP/1.1 200 OK"
2026-02-16 01:00:24,655 - INFO - ⏭️  Skipping existing: HRSIV_avgjorelse_hr-2026-372-a.xml
2026-02-16 01:00:24,963 - INFO - 
   [6/43] Processing document...
2026-02-16 01:00:24,964 - INFO - 📄 Scraping document...
2026-02-16 01:00:27,214 - INFO - HTTP Request: GET https://vegzmiigjvetbaqqcukd.supabase.co/rest/v1/lovdata_metadata?select=file_name&file_name=eq.HRSTR_avgjorelse_hr-2026-359-u.xml&limit=1 "HTTP/1.1 200 OK"
2026-02-16 01:00:27,214 - INFO - ⏭️  Skipping existing: HRSTR_avgjorelse_hr-2026-359-u.xml
2026-02-16 01:00:27,515 - INFO - 
   [7/43] Processing document...
2026-02-16 01:00:27,515 - INFO - 📄 Scraping document...
2026-02-16 01:00:29,765 - INFO - HTTP Request: GET https://vegzmiigjvetbaqqcukd.supabase.co/rest/v1/lovdata_metadata?select=file_name&file_name=eq.HRSIV_avgjorelse_hr-2026-346-u.xml&limit=1 "HTTP/1.1 200 OK"
2026-02-16 01:00:29,769 - INFO - ⏭️  Skipping existing: HRSIV_avgjorelse_hr-2026-346-u.xml
2026-02-16 01:00:30,083 - INFO - 
   [8/43] Processing document...
2026-02-16 01:00:30,083 - INFO - 📄 Scraping document...
2026-02-16 01:00:32,294 - INFO - HTTP Request: GET https://vegzmiigjvetbaqqcukd.supabase.co/rest/v1/lovdata_metadata?select=file_name&file_name=eq.HRSTR_avgjorelse_hr-2026-344-u.xml&limit=1 "HTTP/1.1 200 OK"
2026-02-16 01:00:32,294 - INFO - ⏭️  Skipping existing: HRSTR_avgjorelse_hr-2026-344-u.xml
2026-02-16 01:00:32,604 - INFO - 
   [9/43] Processing document...
2026-02-16 01:00:32,604 - INFO - 📄 Scraping document...
2026-02-16 01:00:34,926 - INFO - HTTP Request: GET https://vegzmiigjvetbaqqcukd.supabase.co/rest/v1/lovdata_metadata?select=file_name&file_name=eq.HRSIV_avgjorelse_hr-2026-339-u.xml&limit=1 "HTTP/1.1 200 OK"
2026-02-16 01:00:34,928 - INFO - ⏭️  Skipping existing: HRSIV_avgjorelse_hr-2026-339-u.xml
2026-02-16 01:00:35,235 - INFO - 
   [10/43] Processing document...
2026-02-16 01:00:35,235 - INFO - 📄 Scraping document...
2026-02-16 01:00:37,492 - INFO - HTTP Request: GET https://vegzmiigjvetbaqqcukd.supabase.co/rest/v1/lovdata_metadata?select=file_name&file_name=eq.HRSIV_avgjorelse_hr-2026-334-u.xml&limit=1 "HTTP/1.1 200 OK"
2026-02-16 01:00:37,492 - INFO - ⏭️  Skipping existing: HRSIV_avgjorelse_hr-2026-334-u.xml
2026-02-16 01:00:37,813 - INFO - 
   [11/43] Processing document...
2026-02-16 01:00:37,813 - INFO - 📄 Scraping document...
2026-02-16 01:00:40,097 - INFO - HTTP Request: GET https://vegzmiigjvetbaqqcukd.supabase.co/rest/v1/lovdata_metadata?select=file_name&file_name=eq.HRSTR_avgjorelse_hr-2026-333-u.xml&limit=1 "HTTP/1.1 200 OK"
2026-02-16 01:00:40,101 - INFO - ⏭️  Skipping existing: HRSTR_avgjorelse_hr-2026-333-u.xml
2026-02-16 01:00:40,411 - INFO - 
   [12/43] Processing document...
2026-02-16 01:00:40,411 - INFO - 📄 Scraping document...
2026-02-16 01:00:42,674 - INFO - HTTP Request: GET https://vegzmiigjvetbaqqcukd.supabase.co/rest/v1/lovdata_metadata?select=file_name&file_name=eq.HRSTR_avgjorelse_hr-2026-312-u.xml&limit=1 "HTTP/1.1 200 OK"
2026-02-16 01:00:42,677 - INFO - ⏭️  Skipping existing: HRSTR_avgjorelse_hr-2026-312-u.xml
2026-02-16 01:00:42,990 - INFO - 
   [13/43] Processing document...
2026-02-16 01:00:42,990 - INFO - 📄 Scraping document...
2026-02-16 01:00:45,332 - INFO - HTTP Request: GET https://vegzmiigjvetbaqqcukd.supabase.co/rest/v1/lovdata_metadata?select=file_name&file_name=eq.HRSIV_avgjorelse_hr-2026-296-u.xml&limit=1 "HTTP/1.1 200 OK"
2026-02-16 01:00:45,334 - INFO - ⏭️  Skipping existing: HRSIV_avgjorelse_hr-2026-296-u.xml
2026-02-16 01:00:45,643 - INFO - 
   [14/43] Processing document...
2026-02-16 01:00:45,643 - INFO - 📄 Scraping document...
2026-02-16 01:00:47,956 - INFO - HTTP Request: GET https://vegzmiigjvetbaqqcukd.supabase.co/rest/v1/lovdata_metadata?select=file_name&file_name=eq.LGSIV_avgjorelse_lg-2025-49402.xml&limit=1 "HTTP/1.1 200 OK"
2026-02-16 01:00:47,960 - INFO - ⏭️  Skipping existing: LGSIV_avgjorelse_lg-2025-49402.xml
2026-02-16 01:00:48,265 - INFO - 
   [15/43] Processing document...
2026-02-16 01:00:48,265 - INFO - 📄 Scraping document...
2026-02-16 01:00:50,548 - INFO - HTTP Request: GET https://vegzmiigjvetbaqqcukd.supabase.co/rest/v1/lovdata_metadata?select=file_name&file_name=eq.LGSIV_avgjorelse_lg-2026-18220.xml&limit=1 "HTTP/1.1 200 OK"
2026-02-16 01:00:50,551 - INFO - ⏭️  Skipping existing: LGSIV_avgjorelse_lg-2026-18220.xml
2026-02-16 01:00:50,860 - INFO - 
   [16/43] Processing document...
2026-02-16 01:00:50,860 - INFO - 📄 Scraping document...
2026-02-16 01:00:53,151 - INFO - HTTP Request: GET https://vegzmiigjvetbaqqcukd.supabase.co/rest/v1/lovdata_metadata?select=file_name&file_name=eq.LBSIV_avgjorelse_lb-2025-181309.xml&limit=1 "HTTP/1.1 200 OK"
2026-02-16 01:00:53,222 - INFO - ⏭️  Skipping existing: LBSIV_avgjorelse_lb-2025-181309.xml
2026-02-16 01:00:53,540 - INFO - 
   [17/43] Processing document...
2026-02-16 01:00:53,540 - INFO - 📄 Scraping document...
2026-02-16 01:00:55,893 - INFO - HTTP Request: GET https://vegzmiigjvetbaqqcukd.supabase.co/rest/v1/lovdata_metadata?select=file_name&file_name=eq.LBSIV_avgjorelse_lb-2025-103123.xml&limit=1 "HTTP/1.1 200 OK"
2026-02-16 01:00:55,894 - INFO - ⏭️  Skipping existing: LBSIV_avgjorelse_lb-2025-103123.xml
2026-02-16 01:00:56,196 - INFO - 
   [18/43] Processing document...
2026-02-16 01:00:56,196 - INFO - 📄 Scraping document...
2026-02-16 01:00:58,508 - INFO - HTTP Request: GET https://vegzmiigjvetbaqqcukd.supabase.co/rest/v1/lovdata_metadata?select=file_name&file_name=eq.LBSTR_avgjorelse_lb-2025-101938.xml&limit=1 "HTTP/1.1 200 OK"
2026-02-16 01:00:58,510 - INFO - ⏭️  Skipping existing: LBSTR_avgjorelse_lb-2025-101938.xml
2026-02-16 01:00:58,822 - INFO - 
   [19/43] Processing document...
2026-02-16 01:00:58,823 - INFO - 📄 Scraping document...
2026-02-16 01:01:01,171 - INFO - HTTP Request: GET https://vegzmiigjvetbaqqcukd.supabase.co/rest/v1/lovdata_metadata?select=file_name&file_name=eq.LHSIV_avgjorelse_lh-2026-8272.xml&limit=1 "HTTP/1.1 200 OK"
2026-02-16 01:01:01,172 - INFO - ⏭️  Skipping existing: LHSIV_avgjorelse_lh-2026-8272.xml
2026-02-16 01:01:01,478 - INFO - 
   [20/43] Processing document...
2026-02-16 01:01:01,478 - INFO - 📄 Scraping document...
2026-02-16 01:01:03,820 - INFO - HTTP Request: GET https://vegzmiigjvetbaqqcukd.supabase.co/rest/v1/lovdata_metadata?select=file_name&file_name=eq.LHSTR_avgjorelse_lh-2025-188441.xml&limit=1 "HTTP/1.1 200 OK"
2026-02-16 01:01:03,821 - INFO - ⏭️  Skipping existing: LHSTR_avgjorelse_lh-2025-188441.xml
2026-02-16 01:01:04,132 - INFO - 
   [21/43] Processing document...
2026-02-16 01:01:04,132 - INFO - 📄 Scraping document...
2026-02-16 01:01:06,461 - INFO - HTTP Request: GET https://vegzmiigjvetbaqqcukd.supabase.co/rest/v1/lovdata_metadata?select=file_name&file_name=eq.LGSIV_avgjorelse_lg-2026-16764.xml&limit=1 "HTTP/1.1 200 OK"
2026-02-16 01:01:06,462 - INFO - ⏭️  Skipping existing: LGSIV_avgjorelse_lg-2026-16764.xml
2026-02-16 01:01:06,763 - INFO - 
   [22/43] Processing document...
2026-02-16 01:01:06,763 - INFO - 📄 Scraping document...
2026-02-16 01:01:09,089 - INFO - HTTP Request: GET https://vegzmiigjvetbaqqcukd.supabase.co/rest/v1/lovdata_metadata?select=file_name&file_name=eq.LGSIV_avgjorelse_lg-2026-5180.xml&limit=1 "HTTP/1.1 200 OK"
2026-02-16 01:01:09,091 - INFO - ⏭️  Skipping existing: LGSIV_avgjorelse_lg-2026-5180.xml
2026-02-16 01:01:09,391 - INFO - 
   [23/43] Processing document...
2026-02-16 01:01:09,392 - INFO - 📄 Scraping document...
2026-02-16 01:01:11,780 - INFO - HTTP Request: GET https://vegzmiigjvetbaqqcukd.supabase.co/rest/v1/lovdata_metadata?select=file_name&file_name=eq.LESIV_avgjorelse_le-2025-196437.xml&limit=1 "HTTP/1.1 200 OK"
2026-02-16 01:01:11,781 - INFO - ⏭️  Skipping existing: LESIV_avgjorelse_le-2025-196437.xml
2026-02-16 01:01:12,091 - INFO - 
   [24/43] Processing document...
2026-02-16 01:01:12,092 - INFO - 📄 Scraping document...
2026-02-16 01:01:14,528 - INFO - HTTP Request: GET https://vegzmiigjvetbaqqcukd.supabase.co/rest/v1/lovdata_metadata?select=file_name&file_name=eq.TRSTR_avgjorelse_tnet-2025-201859.xml&limit=1 "HTTP/1.1 200 OK"
2026-02-16 01:01:14,530 - INFO - ⏭️  Skipping existing: TRSTR_avgjorelse_tnet-2025-201859.xml
2026-02-16 01:01:14,832 - INFO - 
   [25/43] Processing document...
2026-02-16 01:01:14,833 - INFO - 📄 Scraping document...
2026-02-16 01:01:17,186 - INFO - HTTP Request: GET https://vegzmiigjvetbaqqcukd.supabase.co/rest/v1/lovdata_metadata?select=file_name&file_name=eq.TRSTR_avgjorelse_thrd-2025-147974.xml&limit=1 "HTTP/1.1 200 OK"
2026-02-16 01:01:17,188 - INFO - ⏭️  Skipping existing: TRSTR_avgjorelse_thrd-2025-147974.xml
2026-02-16 01:01:17,494 - INFO - 
   [26/43] Processing document...
2026-02-16 01:01:17,495 - INFO - 📄 Scraping document...
2026-02-16 01:01:19,860 - INFO - HTTP Request: GET https://vegzmiigjvetbaqqcukd.supabase.co/rest/v1/lovdata_metadata?select=file_name&file_name=eq.TRSTR_avgjorelse_thrd-2025-179533.xml&limit=1 "HTTP/1.1 200 OK"
2026-02-16 01:01:19,861 - INFO - ⏭️  Skipping existing: TRSTR_avgjorelse_thrd-2025-179533.xml
2026-02-16 01:01:20,174 - INFO - 
   [27/43] Processing document...
2026-02-16 01:01:20,175 - INFO - 📄 Scraping document...
2026-02-16 01:01:22,547 - INFO - HTTP Request: GET https://vegzmiigjvetbaqqcukd.supabase.co/rest/v1/lovdata_metadata?select=file_name&file_name=eq.TRSIV_avgjorelse_tosl-2025-206996.xml&limit=1 "HTTP/1.1 200 OK"
2026-02-16 01:01:22,548 - INFO - ⏭️  Skipping existing: TRSIV_avgjorelse_tosl-2025-206996.xml
2026-02-16 01:01:22,851 - INFO - 
   [28/43] Processing document...
2026-02-16 01:01:22,852 - INFO - 📄 Scraping document...
2026-02-16 01:01:25,229 - INFO - HTTP Request: GET https://vegzmiigjvetbaqqcukd.supabase.co/rest/v1/lovdata_metadata?select=file_name&file_name=eq.TRSTR_avgjorelse_tosl-2025-46750.xml&limit=1 "HTTP/1.1 200 OK"
2026-02-16 01:01:25,231 - INFO - ⏭️  Skipping existing: TRSTR_avgjorelse_tosl-2025-46750.xml
2026-02-16 01:01:25,534 - INFO - 
   [29/43] Processing document...
2026-02-16 01:01:25,535 - INFO - 📄 Scraping document...
2026-02-16 01:01:28,057 - INFO - HTTP Request: GET https://vegzmiigjvetbaqqcukd.supabase.co/rest/v1/lovdata_metadata?select=file_name&file_name=eq.TRSIV_avgjorelse_tosl-2025-180124.xml&limit=1 "HTTP/1.1 200 OK"
2026-02-16 01:01:28,059 - INFO - ⏭️  Skipping existing: TRSIV_avgjorelse_tosl-2025-180124.xml
2026-02-16 01:01:28,369 - INFO - 
   [30/43] Processing document...
2026-02-16 01:01:28,369 - INFO - 📄 Scraping document...
2026-02-16 01:01:30,795 - INFO - HTTP Request: GET https://vegzmiigjvetbaqqcukd.supabase.co/rest/v1/lovdata_metadata?select=file_name&file_name=eq.TRSIV_avgjorelse_tosl-2025-3971.xml&limit=1 "HTTP/1.1 200 OK"
2026-02-16 01:01:30,797 - INFO - ⏭️  Skipping existing: TRSIV_avgjorelse_tosl-2025-3971.xml
2026-02-16 01:01:31,103 - INFO - 
   [31/43] Processing document...
2026-02-16 01:01:31,103 - INFO - 📄 Scraping document...
2026-02-16 01:01:33,488 - INFO - HTTP Request: GET https://vegzmiigjvetbaqqcukd.supabase.co/rest/v1/lovdata_metadata?select=file_name&file_name=eq.TRSIV_avgjorelse_tvov-2025-54083.xml&limit=1 "HTTP/1.1 200 OK"
2026-02-16 01:01:33,489 - INFO - ⏭️  Skipping existing: TRSIV_avgjorelse_tvov-2025-54083.xml
2026-02-16 01:01:33,803 - INFO - 
   [32/43] Processing document...
2026-02-16 01:01:33,803 - INFO - 📄 Scraping document...
2026-02-16 01:01:36,225 - INFO - HTTP Request: GET https://vegzmiigjvetbaqqcukd.supabase.co/rest/v1/lovdata_metadata?select=file_name&file_name=eq.TRSIV_avgjorelse_tosl-2025-195280.xml&limit=1 "HTTP/1.1 200 OK"
2026-02-16 01:01:36,227 - INFO - ⏭️  Skipping existing: TRSIV_avgjorelse_tosl-2025-195280.xml
2026-02-16 01:01:36,529 - INFO - 
   [33/43] Processing document...
2026-02-16 01:01:36,530 - INFO - 📄 Scraping document...
2026-02-16 01:01:38,895 - INFO - HTTP Request: GET https://vegzmiigjvetbaqqcukd.supabase.co/rest/v1/lovdata_metadata?select=file_name&file_name=eq.TRSTR_avgjorelse_tgud-2025-196990.xml&limit=1 "HTTP/1.1 200 OK"
2026-02-16 01:01:38,898 - INFO - ⏭️  Skipping existing: TRSTR_avgjorelse_tgud-2025-196990.xml
2026-02-16 01:01:39,209 - INFO - 
   [34/43] Processing document...
2026-02-16 01:01:39,210 - INFO - 📄 Scraping document...
2026-02-16 01:01:41,581 - INFO - HTTP Request: GET https://vegzmiigjvetbaqqcukd.supabase.co/rest/v1/lovdata_metadata?select=file_name&file_name=eq.LTI_forskrift_2026-02-13-200.xml&limit=1 "HTTP/1.1 200 OK"
2026-02-16 01:01:41,583 - INFO - ⏭️  Skipping existing: LTI_forskrift_2026-02-13-200.xml
2026-02-16 01:01:41,892 - INFO - 
   [35/43] Processing document...
2026-02-16 01:01:41,892 - INFO - 📄 Scraping document...
2026-02-16 01:01:44,314 - INFO - HTTP Request: GET https://vegzmiigjvetbaqqcukd.supabase.co/rest/v1/lovdata_metadata?select=file_name&file_name=eq.LTI_forskrift_2026-02-12-199.xml&limit=1 "HTTP/1.1 200 OK"
2026-02-16 01:01:44,317 - INFO - ⏭️  Skipping existing: LTI_forskrift_2026-02-12-199.xml
2026-02-16 01:01:44,621 - INFO - 
   [36/43] Processing document...
2026-02-16 01:01:44,658 - INFO - 📄 Scraping document...
2026-02-16 01:01:47,075 - INFO - HTTP Request: GET https://vegzmiigjvetbaqqcukd.supabase.co/rest/v1/lovdata_metadata?select=file_name&file_name=eq.LTI_forskrift_2026-01-21-198.xml&limit=1 "HTTP/1.1 200 OK"
2026-02-16 01:01:47,076 - INFO - ⏭️  Skipping existing: LTI_forskrift_2026-01-21-198.xml
2026-02-16 01:01:47,392 - INFO - 
   [37/43] Processing document...
2026-02-16 01:01:47,392 - INFO - 📄 Scraping document...
2026-02-16 01:01:49,712 - INFO - HTTP Request: GET https://vegzmiigjvetbaqqcukd.supabase.co/rest/v1/lovdata_metadata?select=file_name&file_name=eq.LTI_forskrift_2026-02-13-197.xml&limit=1 "HTTP/1.1 200 OK"
2026-02-16 01:01:49,714 - INFO - ⏭️  Skipping existing: LTI_forskrift_2026-02-13-197.xml
2026-02-16 01:01:50,023 - INFO - 
   [38/43] Processing document...
2026-02-16 01:01:50,023 - INFO - 📄 Scraping document...
2026-02-16 01:01:52,506 - INFO - HTTP Request: GET https://vegzmiigjvetbaqqcukd.supabase.co/rest/v1/lovdata_metadata?select=file_name&file_name=eq.LTI_lov_2026-02-13-6.xml&limit=1 "HTTP/1.1 200 OK"
2026-02-16 01:01:52,509 - INFO - ⏭️  Skipping existing: LTI_lov_2026-02-13-6.xml
2026-02-16 01:01:52,819 - INFO - 
   [39/43] Processing document...
2026-02-16 01:01:52,820 - INFO - 📄 Scraping document...
2026-02-16 01:01:55,110 - INFO - HTTP Request: GET https://vegzmiigjvetbaqqcukd.supabase.co/rest/v1/lovdata_metadata?select=file_name&file_name=eq.LTI_lov_2026-02-13-5.xml&limit=1 "HTTP/1.1 200 OK"
2026-02-16 01:01:55,113 - INFO - ⏭️  Skipping existing: LTI_lov_2026-02-13-5.xml
2026-02-16 01:01:55,419 - INFO - 
   [40/43] Processing document...
2026-02-16 01:01:55,419 - INFO - 📄 Scraping document...
2026-02-16 01:01:57,830 - INFO - HTTP Request: GET https://vegzmiigjvetbaqqcukd.supabase.co/rest/v1/lovdata_metadata?select=file_name&file_name=eq.LTI_forskrift_2026-02-12-196.xml&limit=1 "HTTP/1.1 200 OK"
2026-02-16 01:01:57,832 - INFO - ⏭️  Skipping existing: LTI_forskrift_2026-02-12-196.xml
2026-02-16 01:01:58,144 - INFO - 
   [41/43] Processing document...
2026-02-16 01:01:58,144 - INFO - 📄 Scraping document...
2026-02-16 01:02:00,494 - INFO - HTTP Request: GET https://vegzmiigjvetbaqqcukd.supabase.co/rest/v1/lovdata_metadata?select=file_name&file_name=eq.LTI_forskrift_2026-02-12-195.xml&limit=1 "HTTP/1.1 200 OK"
2026-02-16 01:02:00,500 - INFO - ⏭️  Skipping existing: LTI_forskrift_2026-02-12-195.xml
2026-02-16 01:02:00,807 - INFO - 
   [42/43] Processing document...
2026-02-16 01:02:00,807 - INFO - 📄 Scraping document...
2026-02-16 01:02:03,211 - INFO - HTTP Request: GET https://vegzmiigjvetbaqqcukd.supabase.co/rest/v1/lovdata_metadata?select=file_name&file_name=eq.LTI_forskrift_2026-02-11-194.xml&limit=1 "HTTP/1.1 200 OK"
2026-02-16 01:02:03,215 - INFO - ⏭️  Skipping existing: LTI_forskrift_2026-02-11-194.xml
2026-02-16 01:02:03,515 - INFO - 
   [43/43] Processing document...
2026-02-16 01:02:03,515 - INFO - 📄 Scraping document...
2026-02-16 01:02:05,892 - INFO - HTTP Request: GET https://vegzmiigjvetbaqqcukd.supabase.co/rest/v1/lovdata_metadata?select=file_name&file_name=eq.LTI_forskrift_2026-02-09-193.xml&limit=1 "HTTP/1.1 200 OK"
2026-02-16 01:02:05,895 - INFO - ⏭️  Skipping existing: LTI_forskrift_2026-02-09-193.xml
2026-02-16 01:02:06,205 - INFO - 
✅ Completed area: Labor_Law
2026-02-16 01:02:06,205 - INFO - 
======================================================================
2026-02-16 01:02:06,205 - INFO - [2/38] Work_Environment
2026-02-16 01:02:06,205 - INFO - ======================================================================
2026-02-16 01:02:06,205 - INFO -    Norwegian: arbeidsmiljo
2026-02-16 01:02:06,205 - INFO -    🔗 https://lovdata.no/pro/#rettsomrade/arbeidsmiljo
2026-02-16 01:02:06,205 - INFO - 📂 Navigating to: https://lovdata.no/pro/#rettsomrade/arbeidsmiljo
2026-02-16 01:02:12,284 - INFO -    📄 Scraping page 1
2026-02-16 01:02:12,808 - INFO -    📎 Total collected so far: 43
2026-02-16 01:02:12,820 - INFO -    ✅ No next page found
2026-02-16 01:02:12,820 - INFO -    🎉 Finished. Found 43 documents.
2026-02-16 01:02:12,820 - INFO - 🚀 Processing 43 documents
2026-02-16 01:02:12,820 - INFO - 
   [1/43] Processing document...
2026-02-16 01:02:12,820 - INFO - 📄 Scraping document...
2026-02-16 01:02:15,559 - INFO - HTTP Request: GET https://vegzmiigjvetbaqqcukd.supabase.co/rest/v1/lovdata_metadata?select=file_name&file_name=eq.NL_lov_2007-06-15-40_C2_A744.xml&limit=1 "HTTP/1.1 200 OK"
2026-02-16 01:02:15,567 - INFO - ⏭️  Skipping existing: NL_lov_2007-06-15-40_C2_A744.xml
2026-02-16 01:02:15,883 - INFO - 
   [2/43] Processing document...
2026-02-16 01:02:15,883 - INFO - 📄 Scraping document...
2026-02-16 01:02:18,264 - INFO - HTTP Request: GET https://vegzmiigjvetbaqqcukd.supabase.co/rest/v1/lovdata_metadata?select=file_name&file_name=eq.NL_lov_2025-03-28-5.xml&limit=1 "HTTP/1.1 200 OK"
2026-02-16 01:02:18,271 - INFO - ⏭️  Skipping existing: NL_lov_2025-03-28-5.xml
2026-02-16 01:02:18,585 - INFO - 
   [3/43] Processing document...
2026-02-16 01:02:18,585 - INFO - 📄 Scraping document...
2026-02-16 01:02:20,953 - INFO - HTTP Request: GET https://vegzmiigjvetbaqqcukd.supabase.co/rest/v1/lovdata_metadata?select=file_name&file_name=eq.NL_lov_2007-06-15-40_C2_A79.xml&limit=1 "HTTP/1.1 200 OK"
2026-02-16 01:02:20,970 - INFO - ⏭️  Skipping existing: NL_lov_2007-06-15-40_C2_A79.xml
2026-02-16 01:02:21,283 - INFO - 
   [4/43] Processing document...
2026-02-16 01:02:21,284 - INFO - 📄 Scraping document...
2026-02-16 01:02:23,605 - INFO - HTTP Request: GET https://vegzmiigjvetbaqqcukd.supabase.co/rest/v1/lovdata_metadata?select=file_name&file_name=eq.HRSTR_avgjorelse_hr-2026-373-a.xml&limit=1 "HTTP/1.1 200 OK"
2026-02-16 01:02:23,608 - INFO - ⏭️  Skipping existing: HRSTR_avgjorelse_hr-2026-373-a.xml
2026-02-16 01:02:23,911 - INFO - 
   [5/43] Processing document...
2026-02-16 01:02:23,911 - INFO - 📄 Scraping document...
2026-02-16 01:02:26,401 - INFO - HTTP Request: GET https://vegzmiigjvetbaqqcukd.supabase.co/rest/v1/lovdata_metadata?select=file_name&file_name=eq.HRSIV_avgjorelse_hr-2026-372-a.xml&limit=1 "HTTP/1.1 200 OK"
2026-02-16 01:02:26,403 - INFO - ⏭️  Skipping existing: HRSIV_avgjorelse_hr-2026-372-a.xml
2026-02-16 01:02:26,717 - INFO - 
   [6/43] Processing document...
2026-02-16 01:02:26,718 - INFO - 📄 Scraping document...
2026-02-16 01:02:29,077 - INFO - HTTP Request: GET https://vegzmiigjvetbaqqcukd.supabase.co/rest/v1/lovdata_metadata?select=file_name&file_name=eq.HRSTR_avgjorelse_hr-2026-359-u.xml&limit=1 "HTTP/1.1 200 OK"
2026-02-16 01:02:29,087 - INFO - ⏭️  Skipping existing: HRSTR_avgjorelse_hr-2026-359-u.xml
2026-02-16 01:02:29,399 - INFO - 
   [7/43] Processing document...
2026-02-16 01:02:29,399 - INFO - 📄 Scraping document...
2026-02-16 01:02:31,759 - INFO - HTTP Request: GET https://vegzmiigjvetbaqqcukd.supabase.co/rest/v1/lovdata_metadata?select=file_name&file_name=eq.HRSIV_avgjorelse_hr-2026-346-u.xml&limit=1 "HTTP/1.1 200 OK"
2026-02-16 01:02:31,760 - INFO - ⏭️  Skipping existing: HRSIV_avgjorelse_hr-2026-346-u.xml
2026-02-16 01:02:32,067 - INFO - 
   [8/43] Processing document...
2026-02-16 01:02:32,068 - INFO - 📄 Scraping document...
2026-02-16 01:02:34,490 - INFO - HTTP Request: GET https://vegzmiigjvetbaqqcukd.supabase.co/rest/v1/lovdata_metadata?select=file_name&file_name=eq.HRSTR_avgjorelse_hr-2026-344-u.xml&limit=1 "HTTP/1.1 200 OK"
2026-02-16 01:02:34,490 - INFO - ⏭️  Skipping existing: HRSTR_avgjorelse_hr-2026-344-u.xml
2026-02-16 01:02:34,803 - INFO - 
   [9/43] Processing document...
2026-02-16 01:02:34,804 - INFO - 📄 Scraping document...
2026-02-16 01:02:37,202 - INFO - HTTP Request: GET https://vegzmiigjvetbaqqcukd.supabase.co/rest/v1/lovdata_metadata?select=file_name&file_name=eq.HRSIV_avgjorelse_hr-2026-339-u.xml&limit=1 "HTTP/1.1 200 OK"
2026-02-16 01:02:37,202 - INFO - ⏭️  Skipping existing: HRSIV_avgjorelse_hr-2026-339-u.xml
2026-02-16 01:02:37,514 - INFO - 
   [10/43] Processing document...
2026-02-16 01:02:37,514 - INFO - 📄 Scraping document...
2026-02-16 01:02:39,835 - INFO - HTTP Request: GET https://vegzmiigjvetbaqqcukd.supabase.co/rest/v1/lovdata_metadata?select=file_name&file_name=eq.HRSIV_avgjorelse_hr-2026-334-u.xml&limit=1 "HTTP/1.1 200 OK"
2026-02-16 01:02:39,836 - INFO - ⏭️  Skipping existing: HRSIV_avgjorelse_hr-2026-334-u.xml
2026-02-16 01:02:40,140 - INFO - 
   [11/43] Processing document...
2026-02-16 01:02:40,140 - INFO - 📄 Scraping document...
2026-02-16 01:02:42,578 - INFO - HTTP Request: GET https://vegzmiigjvetbaqqcukd.supabase.co/rest/v1/lovdata_metadata?select=file_name&file_name=eq.HRSTR_avgjorelse_hr-2026-333-u.xml&limit=1 "HTTP/1.1 200 OK"
2026-02-16 01:02:42,582 - INFO - ⏭️  Skipping existing: HRSTR_avgjorelse_hr-2026-333-u.xml
2026-02-16 01:02:42,883 - INFO - 
   [12/43] Processing document...
2026-02-16 01:02:42,883 - INFO - 📄 Scraping document...
2026-02-16 01:02:45,187 - INFO - HTTP Request: GET https://vegzmiigjvetbaqqcukd.supabase.co/rest/v1/lovdata_metadata?select=file_name&file_name=eq.HRSTR_avgjorelse_hr-2026-312-u.xml&limit=1 "HTTP/1.1 200 OK"
2026-02-16 01:02:45,199 - INFO - ⏭️  Skipping existing: HRSTR_avgjorelse_hr-2026-312-u.xml
2026-02-16 01:02:45,501 - INFO - 
   [13/43] Processing document...
2026-02-16 01:02:45,502 - INFO - 📄 Scraping document...
2026-02-16 01:02:47,765 - INFO - HTTP Request: GET https://vegzmiigjvetbaqqcukd.supabase.co/rest/v1/lovdata_metadata?select=file_name&file_name=eq.HRSIV_avgjorelse_hr-2026-296-u.xml&limit=1 "HTTP/1.1 200 OK"
2026-02-16 01:02:47,765 - INFO - ⏭️  Skipping existing: HRSIV_avgjorelse_hr-2026-296-u.xml
2026-02-16 01:02:48,083 - INFO - 
   [14/43] Processing document...
2026-02-16 01:02:48,083 - INFO - 📄 Scraping document...
2026-02-16 01:02:50,840 - INFO - HTTP Request: GET https://vegzmiigjvetbaqqcukd.supabase.co/rest/v1/lovdata_metadata?select=file_name&file_name=eq.LGSIV_avgjorelse_lg-2025-49402.xml&limit=1 "HTTP/1.1 200 OK"
2026-02-16 01:02:50,843 - INFO - ⏭️  Skipping existing: LGSIV_avgjorelse_lg-2025-49402.xml
2026-02-16 01:02:51,149 - INFO - 
   [15/43] Processing document...
2026-02-16 01:02:51,149 - INFO - 📄 Scraping document...
2026-02-16 01:02:53,477 - INFO - HTTP Request: GET https://vegzmiigjvetbaqqcukd.supabase.co/rest/v1/lovdata_metadata?select=file_name&file_name=eq.LGSIV_avgjorelse_lg-2026-18220.xml&limit=1 "HTTP/1.1 200 OK"
2026-02-16 01:02:53,484 - INFO - ⏭️  Skipping existing: LGSIV_avgjorelse_lg-2026-18220.xml
2026-02-16 01:02:53,792 - INFO - 
   [16/43] Processing document...
2026-02-16 01:02:53,792 - INFO - 📄 Scraping document...
2026-02-16 01:02:56,076 - INFO - HTTP Request: GET https://vegzmiigjvetbaqqcukd.supabase.co/rest/v1/lovdata_metadata?select=file_name&file_name=eq.LBSIV_avgjorelse_lb-2025-181309.xml&limit=1 "HTTP/1.1 200 OK"
2026-02-16 01:02:56,076 - INFO - ⏭️  Skipping existing: LBSIV_avgjorelse_lb-2025-181309.xml
2026-02-16 01:02:56,384 - INFO - 
   [17/43] Processing document...
2026-02-16 01:02:56,384 - INFO - 📄 Scraping document...
2026-02-16 01:02:58,693 - INFO - HTTP Request: GET https://vegzmiigjvetbaqqcukd.supabase.co/rest/v1/lovdata_metadata?select=file_name&file_name=eq.LBSIV_avgjorelse_lb-2025-103123.xml&limit=1 "HTTP/1.1 200 OK"
2026-02-16 01:02:58,707 - INFO - ⏭️  Skipping existing: LBSIV_avgjorelse_lb-2025-103123.xml
2026-02-16 01:02:59,017 - INFO - 
   [18/43] Processing document...
2026-02-16 01:02:59,017 - INFO - 📄 Scraping document...
2026-02-16 01:03:01,295 - INFO - HTTP Request: GET https://vegzmiigjvetbaqqcukd.supabase.co/rest/v1/lovdata_metadata?select=file_name&file_name=eq.LBSTR_avgjorelse_lb-2025-101938.xml&limit=1 "HTTP/1.1 200 OK"
2026-02-16 01:03:01,313 - INFO - ⏭️  Skipping existing: LBSTR_avgjorelse_lb-2025-101938.xml
2026-02-16 01:03:01,627 - INFO - 
   [19/43] Processing document...
2026-02-16 01:03:01,627 - INFO - 📄 Scraping document...
