2026-03-04 12:36:32,366 - INFO - ✓ Supabase bucket : legal_area
2026-03-04 12:36:32,367 - INFO - ✓ Supabase table  : legal_area_metadata
2026-03-04 12:36:32,368 - INFO - ✓ StorageHandler initialized
2026-03-04 12:36:33,116 - INFO - HTTP Request: GET https://exeklzgcqykkutjfikei.supabase.co/rest/v1/scraper_claims?select=area_key&limit=1 "HTTP/1.1 404 Not Found"
2026-03-04 12:36:33,117 - WARNING - ⚠️  scraper_claims table not found — parallel claim tracking disabled. Create it with:  CREATE TABLE scraper_claims (area_key TEXT PRIMARY KEY, claimed_by TEXT, claimed_at TIMESTAMPTZ, status TEXT);
2026-03-04 12:36:33,118 - INFO - ======================================================================
2026-03-04 12:36:33,118 - INFO - ENV / CONFIG
2026-03-04 12:36:33,120 - INFO -   WORKER ID       : e0f6307b
2026-03-04 12:36:33,120 - INFO -   SUPABASE_TABLE  : legal_area_metadata
2026-03-04 12:36:33,120 - INFO -   SUPABASE_BUCKET : legal_area
2026-03-04 12:36:33,120 - INFO -   BASE_DIR        : ./scraped_xml
2026-03-04 12:36:33,121 - INFO -   TIMEOUT         : 30
2026-03-04 12:36:33,121 - INFO -   HEADLESS        : False
2026-03-04 12:36:33,122 - INFO -   YEAR RANGE      : 2000 – 2026
2026-03-04 12:36:33,123 - INFO -   BATCH SIZE      : 10
2026-03-04 12:36:33,123 - INFO - ======================================================================
2026-03-04 12:36:37,078 - INFO - ✅ Login successful
2026-03-04 12:36:42,298 - INFO - ✅ Tree nodes present
2026-03-04 12:36:43,322 - INFO - Found 35 tree node(s)
2026-03-04 12:36:43,894 - INFO - 📋 ROOT categories: 35
2026-03-04 12:36:43,895 - INFO - 📊 Total ROOTs: 35
2026-03-04 12:36:49,093 - INFO - ✅ Tree nodes present
2026-03-04 12:36:50,111 - INFO - Found 35 tree node(s)
2026-03-04 12:36:50,487 - INFO - 📋 ROOT categories: 35
2026-03-04 12:36:50,487 - INFO - 
======================================================================
2026-03-04 12:36:50,487 - INFO - [1/35] ROOT: Anskaffelser, avtaler, bygg og entrepriser
2026-03-04 12:36:50,487 - INFO - ======================================================================
2026-03-04 12:36:52,287 - INFO -    Branch count: 5
2026-03-04 12:36:57,488 - INFO - ✅ Tree nodes present
2026-03-04 12:36:58,506 - INFO - Found 40 tree node(s)
2026-03-04 12:36:59,187 - INFO - 📋 ROOT categories: 40
2026-03-04 12:37:00,422 - INFO -    [1/5] BRANCH: Anskaffelser
2026-03-04 12:37:02,428 - INFO -       Leaf count: 0
2026-03-04 12:37:02,429 - INFO - 🔍 Scraping  root='Anskaffelser, avtaler, bygg og entrepriser'  branch='Anskaffelser'  leaf=''
2026-03-04 12:37:02,795 - INFO - HTTP Request: GET https://exeklzgcqykkutjfikei.supabase.co/rest/v1/scraper_claims?select=claimed_by%2Cclaimed_at%2Cstatus&area_key=eq.Anskaffelser_avtaler_bygg_og_entrepriser/Anskaffelser/_ "HTTP/1.1 404 Not Found"
2026-03-04 12:37:02,797 - WARNING - ⚠️  Claim check failed ({'code': 'PGRST205', 'details': None, 'hint': None, 'message': "Could not find the table 'public.scraper_claims' in the schema cache"}) — proceeding anyway: Anskaffelser_avtaler_bygg_og_entrepriser/Anskaffelser/_
2026-03-04 12:37:03,320 - INFO -     ✅ div.legal-area-header present
2026-03-04 12:37:03,358 - INFO -     Found 11 anchor links in legal-area-header
2026-03-04 12:37:03,395 - INFO -     ✓ Section: 'Siste dokumenter'  →  LATEST DOCUMENTS  (div#saker)
2026-03-04 12:37:03,426 - INFO -     ✓ Section: 'Lover'  →  LAWS  (div#lover)
2026-03-04 12:37:03,457 - INFO -     ✓ Section: 'Forskrifter'  →  REGULATIONS  (div#forskrifter)
2026-03-04 12:37:03,491 - INFO -     ✓ Section: 'Avgjørelser fra Høyesterett'  →  DECISIONS FROM THE SUPREME COURT  (div#hr)
2026-03-04 12:37:03,523 - INFO -     ✓ Section: 'Avgjørelser fra lagmannsrettene'  →  DECISIONS FROM THE COURTS OF APPEAL  (div#lr)
2026-03-04 12:37:03,559 - INFO -     ✓ Section: 'Avgjørelser fra tingrettene'  →  DECISIONS FROM THE DISTRICT COURTS  (div#tr)
2026-03-04 12:37:03,597 - INFO -     ✓ Section: 'Artikler'  →  ARTICLES  (div#artikler)
2026-03-04 12:37:03,633 - INFO -     ✓ Section: 'Dokumenter fra Klagenemnda for offentlige anskaffelser'  →  DOCUMENTS FROM THE PUBLIC PROCUREMENT COMPLAINTS BOARD  (div#kofa)
2026-03-04 12:37:03,670 - INFO -     ✓ Section: 'Dokumenter fra Byggebransjens Faglig Juridiske Råd'  →  DOCUMENTS FROM THE CONSTRUCTION INDUSTRY LEGAL COUNCIL  (div#bfjr)
2026-03-04 12:37:03,708 - INFO -     ✓ Section: 'Dokumenter fra Justisdepartementet'  →  DOCUMENTS FROM THE MINISTRY OF JUSTICE  (div#jd)
2026-03-04 12:37:03,745 - INFO -     ✓ Section: 'Andre dokumenter'  →  OTHER DOCUMENTS  (div#otherBases)
2026-03-04 12:37:03,745 - INFO - 
    ════════════════════════════════════════════════
    11 SECTIONS FOUND — processing one by one
    ════════════════════════════════════════════════
2026-03-04 12:37:03,746 - INFO - 
    ── [1/11] LATEST DOCUMENTS ──
2026-03-04 12:37:04,048 - INFO -     👆 Clicked section tab: 'Siste dokumenter'
2026-03-04 12:37:05,562 - INFO -     ✅ Heading div#saker found
2026-03-04 12:37:05,580 - INFO -     ℹ️  No 'Vis alle' button found for div#saker
2026-03-04 12:37:05,598 - INFO -       page 1: +10 new  (total: 10 / expected: ?)
2026-03-04 12:37:05,620 - INFO -     ⏹  No Next button for div#saker (no_toolbar)
2026-03-04 12:37:05,620 - INFO -     ✅ COMPLETE 'LATEST DOCUMENTS'  expected=None  collected=10
2026-03-04 12:37:05,622 - INFO - 
    ── [2/11] LAWS ──
2026-03-04 12:37:05,935 - INFO -     👆 Clicked section tab: 'Lover'
2026-03-04 12:37:07,456 - INFO -     ✅ Heading div#lover found
2026-03-04 12:37:07,482 - INFO -     ℹ️  No 'Vis alle' button found for div#lover
2026-03-04 12:37:07,511 - INFO -       page 1: +2 new  (total: 2 / expected: ?)
2026-03-04 12:37:07,542 - INFO -     ⏹  No Next button for div#lover (no_toolbar)
2026-03-04 12:37:07,542 - INFO -     ✅ COMPLETE 'LAWS'  expected=None  collected=2
2026-03-04 12:37:07,543 - INFO - 
    ── [3/11] REGULATIONS ──
2026-03-04 12:37:07,887 - INFO -     👆 Clicked section tab: 'Forskrifter'
2026-03-04 12:37:09,408 - INFO -     ✅ Heading div#forskrifter found
2026-03-04 12:37:09,460 - INFO -     ✅ Vis alle clicked — expected=16
2026-03-04 12:37:12,058 - INFO -       page 1: +0 new  (total: 0 / expected: 16)
2026-03-04 12:37:12,136 - INFO -     ⏹  No toolbar found for div#forskrifter
2026-03-04 12:37:12,136 - WARNING -     ⚠️  COUNT MISMATCH 'REGULATIONS': expected=16  collected=0
2026-03-04 12:37:12,136 - INFO - 
    ── [4/11] DECISIONS FROM THE SUPREME COURT ──
2026-03-04 12:37:12,153 - WARNING -     ⚠️  Could not find section tab: 'Avgjørelser fra Høyesterett'
2026-03-04 12:37:12,154 - WARNING -     ⚠️  Could not click tab 'Avgjørelser fra Høyesterett' — skipping
2026-03-04 12:37:12,154 - INFO - 
    ── [5/11] DECISIONS FROM THE COURTS OF APPEAL ──
2026-03-04 12:37:12,170 - WARNING -     ⚠️  Could not find section tab: 'Avgjørelser fra lagmannsrettene'
2026-03-04 12:37:12,171 - WARNING -     ⚠️  Could not click tab 'Avgjørelser fra lagmannsrettene' — skipping
2026-03-04 12:37:12,171 - INFO - 
    ── [6/11] DECISIONS FROM THE DISTRICT COURTS ──
2026-03-04 12:37:12,186 - WARNING -     ⚠️  Could not find section tab: 'Avgjørelser fra tingrettene'
2026-03-04 12:37:12,186 - WARNING -     ⚠️  Could not click tab 'Avgjørelser fra tingrettene' — skipping
2026-03-04 12:37:12,187 - INFO - 
    ── [7/11] ARTICLES ──
2026-03-04 12:37:12,202 - WARNING -     ⚠️  Could not find section tab: 'Artikler'
2026-03-04 12:37:12,203 - WARNING -     ⚠️  Could not click tab 'Artikler' — skipping
2026-03-04 12:37:12,203 - INFO - 
    ── [8/11] DOCUMENTS FROM THE PUBLIC PROCUREMENT COMPLAINTS BOARD ──
2026-03-04 12:37:12,219 - WARNING -     ⚠️  Could not find section tab: 'Dokumenter fra Klagenemnda for offentlige anskaffelser'
2026-03-04 12:37:12,219 - WARNING -     ⚠️  Could not click tab 'Dokumenter fra Klagenemnda for offentlige anskaffelser' — skipping
2026-03-04 12:37:12,219 - INFO - 
    ── [9/11] DOCUMENTS FROM THE CONSTRUCTION INDUSTRY LEGAL COUNCIL ──
2026-03-04 12:37:12,236 - WARNING -     ⚠️  Could not find section tab: 'Dokumenter fra Byggebransjens Faglig Juridiske Råd'
2026-03-04 12:37:12,237 - WARNING -     ⚠️  Could not click tab 'Dokumenter fra Byggebransjens Faglig Juridiske Råd' — skipping
2026-03-04 12:37:12,237 - INFO - 
    ── [10/11] DOCUMENTS FROM THE MINISTRY OF JUSTICE ──
2026-03-04 12:37:12,251 - WARNING -     ⚠️  Could not find section tab: 'Dokumenter fra Justisdepartementet'
2026-03-04 12:37:12,252 - WARNING -     ⚠️  Could not click tab 'Dokumenter fra Justisdepartementet' — skipping
2026-03-04 12:37:12,252 - INFO - 
    ── [11/11] OTHER DOCUMENTS ──
2026-03-04 12:37:12,266 - WARNING -     ⚠️  Could not find section tab: 'Andre dokumenter'
2026-03-04 12:37:12,268 - WARNING -     ⚠️  Could not click tab 'Andre dokumenter' — skipping
2026-03-04 12:37:12,268 - INFO - 
    ════════════════════════════════════════════════
    SECTION COLLECTION COMPLETE
    sections=11  total_docs=12
    ════════════════════════════════════════════════
2026-03-04 12:37:12,268 - INFO -    📊 Total sections=11  total_urls=12
2026-03-04 12:37:12,269 - INFO -    📂 SECTION | LATEST DOCUMENTS                                        | expected=None  | found=10
2026-03-04 12:37:12,836 - INFO - HTTP Request: GET https://exeklzgcqykkutjfikei.supabase.co/rest/v1/legal_area_metadata?select=file_name&file_name=eq.EUR_eur-2026-03-06.xml&limit=1 "HTTP/1.1 200 OK"
2026-03-04 12:37:12,840 - INFO - 🌐 Visiting: #document/EUR/eur-2026-03-06
2026-03-04 12:37:17,541 - INFO -   📄 title='EuroRett: Fortrinnsrett til konsesjonskontrakt i strid med k'  date='—'  chars=7157  src=iframe_body
2026-03-04 12:37:17,762 - INFO - HTTP Request: GET https://exeklzgcqykkutjfikei.supabase.co/rest/v1/legal_area_metadata?select=file_hash&file_hash=eq.b9360105783996aee604790fc1b6adda&limit=1 "HTTP/1.1 200 OK"
2026-03-04 12:37:17,795 - INFO - 💾 XML saved: scraped_xml\Anskaffelser_avtaler_bygg_og_entrepriser\Anskaffelser\leaf\EUR_eur-2026-03-06.xml  root='Anskaffelser, avtaler, bygg og entrepriser'  branch='Anskaffelser'  leaf='(none)'  size=8159b
2026-03-04 12:37:17,796 - INFO - ✅ Queued [1/10] EUR_eur-2026-03-06.xml                   type=LATEST DOCUMENTS               source=iframe_body
2026-03-04 12:37:20,037 - INFO - HTTP Request: GET https://exeklzgcqykkutjfikei.supabase.co/rest/v1/legal_area_metadata?select=file_name&file_name=eq.TRSIV_avgjorelse_tosl-2025-198508.xml&limit=1 "HTTP/1.1 200 OK"
2026-03-04 12:37:20,038 - INFO - 🌐 Visiting: #document/TRSIV/avgjorelse/tosl-2025-198508
2026-03-04 12:37:24,717 - INFO -   📄 title='TOSL-2025-198508'  date='—'  chars=64069  src=iframe_body
2026-03-04 12:37:24,932 - INFO - HTTP Request: GET https://exeklzgcqykkutjfikei.supabase.co/rest/v1/legal_area_metadata?select=file_hash&file_hash=eq.47168ad5f1148b454f57d7febae93fa6&limit=1 "HTTP/1.1 200 OK"
2026-03-04 12:37:24,958 - INFO - 💾 XML saved: scraped_xml\Anskaffelser_avtaler_bygg_og_entrepriser\Anskaffelser\leaf\TRSIV_avgjorelse_tosl-2025-198508.xml  root='Anskaffelser, avtaler, bygg og entrepriser'  branch='Anskaffelser'  leaf='(none)'  size=66519b
2026-03-04 12:37:24,959 - INFO - ✅ Queued [2/10] TRSIV_avgjorelse_tosl-2025-198508.xml    type=LATEST DOCUMENTS               source=iframe_body
2026-03-04 12:37:27,172 - INFO - HTTP Request: GET https://exeklzgcqykkutjfikei.supabase.co/rest/v1/legal_area_metadata?select=file_name&file_name=eq.TRSIV_avgjorelse_tosl-2025-180124.xml&limit=1 "HTTP/1.1 200 OK"
2026-03-04 12:37:27,173 - INFO - 🌐 Visiting: #document/TRSIV/avgjorelse/tosl-2025-180124
2026-03-04 12:37:32,646 - INFO -   📄 title='TOSL-2025-180124'  date='—'  chars=42492  src=iframe_body
2026-03-04 12:37:32,972 - INFO - HTTP Request: GET https://exeklzgcqykkutjfikei.supabase.co/rest/v1/legal_area_metadata?select=file_hash&file_hash=eq.d9c1673b499db7d2f07340fd71ff7c77&limit=1 "HTTP/1.1 200 OK"
2026-03-04 12:37:32,992 - INFO - 💾 XML saved: scraped_xml\Anskaffelser_avtaler_bygg_og_entrepriser\Anskaffelser\leaf\TRSIV_avgjorelse_tosl-2025-180124.xml  root='Anskaffelser, avtaler, bygg og entrepriser'  branch='Anskaffelser'  leaf='(none)'  size=44381b
2026-03-04 12:37:32,993 - INFO - ✅ Queued [3/10] TRSIV_avgjorelse_tosl-2025-180124.xml    type=LATEST DOCUMENTS               source=iframe_body
2026-03-04 12:37:35,265 - INFO - HTTP Request: GET https://exeklzgcqykkutjfikei.supabase.co/rest/v1/legal_area_metadata?select=file_name&file_name=eq.EUR_eur-2026-01-02.xml&limit=1 "HTTP/1.1 200 OK"
2026-03-04 12:37:35,267 - INFO - 🌐 Visiting: #document/EUR/eur-2026-01-02
2026-03-04 12:37:39,865 - INFO -   📄 title='EuroRett: Om brudd på anskaffelsesregelverket var «tilstrekk'  date='—'  chars=7488  src=iframe_body
2026-03-04 12:37:40,074 - INFO - HTTP Request: GET https://exeklzgcqykkutjfikei.supabase.co/rest/v1/legal_area_metadata?select=file_hash&file_hash=eq.12653d30d522417cf617d017eb90cb58&limit=1 "HTTP/1.1 200 OK"
2026-03-04 12:37:40,095 - INFO - 💾 XML saved: scraped_xml\Anskaffelser_avtaler_bygg_og_entrepriser\Anskaffelser\leaf\EUR_eur-2026-01-02.xml  root='Anskaffelser, avtaler, bygg og entrepriser'  branch='Anskaffelser'  leaf='(none)'  size=8549b
2026-03-04 12:37:40,095 - INFO - ✅ Queued [4/10] EUR_eur-2026-01-02.xml                   type=LATEST DOCUMENTS               source=iframe_body
2026-03-04 12:37:42,327 - INFO - HTTP Request: GET https://exeklzgcqykkutjfikei.supabase.co/rest/v1/legal_area_metadata?select=file_name&file_name=eq.ROO_rundskriv_is-2026-9001.xml&limit=1 "HTTP/1.1 200 OK"
2026-03-04 12:37:42,328 - INFO - 🌐 Visiting: #document/ROO/rundskriv/is-2026-9001
2026-03-04 12:37:49,169 - INFO -   📄 title='Helse- og omsorgstjenesteloven med kommentarer'  date='—'  chars=265572  src=iframe_body
2026-03-04 12:37:49,523 - INFO - HTTP Request: GET https://exeklzgcqykkutjfikei.supabase.co/rest/v1/legal_area_metadata?select=file_hash&file_hash=eq.6385afb2af37ff97f374785736bd0648&limit=1 "HTTP/1.1 200 OK"
2026-03-04 12:37:49,575 - INFO - 💾 XML saved: scraped_xml\Anskaffelser_avtaler_bygg_og_entrepriser\Anskaffelser\leaf\ROO_rundskriv_is-2026-9001.xml  root='Anskaffelser, avtaler, bygg og entrepriser'  branch='Anskaffelser'  leaf='(none)'  size=273738b
2026-03-04 12:37:49,576 - INFO - ✅ Queued [5/10] ROO_rundskriv_is-2026-9001.xml           type=LATEST DOCUMENTS               source=iframe_body
2026-03-04 12:37:51,834 - INFO - HTTP Request: GET https://exeklzgcqykkutjfikei.supabase.co/rest/v1/legal_area_metadata?select=file_name&file_name=eq.LBSIV_avgjorelse_lb-2025-171257.xml&limit=1 "HTTP/1.1 200 OK"
2026-03-04 12:37:51,835 - INFO - 🌐 Visiting: #document/LBSIV/avgjorelse/lb-2025-171257
2026-03-04 12:37:56,543 - INFO -   📄 title='LB-2025-171257'  date='—'  chars=58084  src=iframe_body
2026-03-04 12:37:56,774 - INFO - HTTP Request: GET https://exeklzgcqykkutjfikei.supabase.co/rest/v1/legal_area_metadata?select=file_hash&file_hash=eq.4e59ca943d0cdff0b4bc0bb04b3fd9f3&limit=1 "HTTP/1.1 200 OK"
2026-03-04 12:37:56,798 - INFO - 💾 XML saved: scraped_xml\Anskaffelser_avtaler_bygg_og_entrepriser\Anskaffelser\leaf\LBSIV_avgjorelse_lb-2025-171257.xml  root='Anskaffelser, avtaler, bygg og entrepriser'  branch='Anskaffelser'  leaf='(none)'  size=60330b
2026-03-04 12:37:56,799 - INFO - ✅ Queued [6/10] LBSIV_avgjorelse_lb-2025-171257.xml      type=LATEST DOCUMENTS               source=iframe_body
2026-03-04 12:37:59,017 - INFO - HTTP Request: GET https://exeklzgcqykkutjfikei.supabase.co/rest/v1/legal_area_metadata?select=file_name&file_name=eq.INNST_forarbeid_inns-38-l-202526.xml&limit=1 "HTTP/1.1 200 OK"
2026-03-04 12:37:59,018 - INFO - 🌐 Visiting: #document/INNST/forarbeid/inns-38-l-202526
2026-03-04 12:38:03,748 - INFO -   📄 title='Innst. 38 L (2025–2026) Innstilling fra næringskomiteen om L'  date='—'  chars=67596  src=iframe_body
2026-03-04 12:38:03,971 - INFO - HTTP Request: GET https://exeklzgcqykkutjfikei.supabase.co/rest/v1/legal_area_metadata?select=file_hash&file_hash=eq.1446a643f59c8900c2a62bfff46235e9&limit=1 "HTTP/1.1 200 OK"
2026-03-04 12:38:03,995 - INFO - 💾 XML saved: scraped_xml\Anskaffelser_avtaler_bygg_og_entrepriser\Anskaffelser\leaf\INNST_forarbeid_inns-38-l-202526.xml  root='Anskaffelser, avtaler, bygg og entrepriser'  branch='Anskaffelser'  leaf='(none)'  size=70664b
2026-03-04 12:38:03,996 - INFO - ✅ Queued [7/10] INNST_forarbeid_inns-38-l-202526.xml     type=LATEST DOCUMENTS               source=iframe_body
2026-03-04 12:38:06,207 - INFO - HTTP Request: GET https://exeklzgcqykkutjfikei.supabase.co/rest/v1/legal_area_metadata?select=file_name&file_name=eq.TRSIV_avgjorelse_tsol-2025-181219.xml&limit=1 "HTTP/1.1 200 OK"
2026-03-04 12:38:06,208 - INFO - 🌐 Visiting: #document/TRSIV/avgjorelse/tsol-2025-181219
2026-03-04 12:38:10,886 - INFO -   📄 title='TSOL-2025-181219'  date='—'  chars=72769  src=iframe_body
2026-03-04 12:38:11,117 - INFO - HTTP Request: GET https://exeklzgcqykkutjfikei.supabase.co/rest/v1/legal_area_metadata?select=file_hash&file_hash=eq.3dfba0f8f2abdb465e271aa00507c6ae&limit=1 "HTTP/1.1 200 OK"
2026-03-04 12:38:11,138 - INFO - 💾 XML saved: scraped_xml\Anskaffelser_avtaler_bygg_og_entrepriser\Anskaffelser\leaf\TRSIV_avgjorelse_tsol-2025-181219.xml  root='Anskaffelser, avtaler, bygg og entrepriser'  branch='Anskaffelser'  leaf='(none)'  size=75396b
2026-03-04 12:38:11,138 - INFO - ✅ Queued [8/10] TRSIV_avgjorelse_tsol-2025-181219.xml    type=LATEST DOCUMENTS               source=iframe_body
2026-03-04 12:38:13,372 - INFO - HTTP Request: GET https://exeklzgcqykkutjfikei.supabase.co/rest/v1/legal_area_metadata?select=file_name&file_name=eq.EUR_eur-2025-20-04.xml&limit=1 "HTTP/1.1 200 OK"
2026-03-04 12:38:13,373 - INFO - 🌐 Visiting: #document/EUR/eur-2025-20-04
2026-03-04 12:38:18,000 - INFO -   📄 title='Høyesterett om adgangen til å reservere konkurransen om kont'  date='—'  chars=8681  src=iframe_body
2026-03-04 12:38:18,214 - INFO - HTTP Request: GET https://exeklzgcqykkutjfikei.supabase.co/rest/v1/legal_area_metadata?select=file_hash&file_hash=eq.0a42933a6ef3000a2dabc0c4b4610ecd&limit=1 "HTTP/1.1 200 OK"
2026-03-04 12:38:18,235 - INFO - 💾 XML saved: scraped_xml\Anskaffelser_avtaler_bygg_og_entrepriser\Anskaffelser\leaf\EUR_eur-2025-20-04.xml  root='Anskaffelser, avtaler, bygg og entrepriser'  branch='Anskaffelser'  leaf='(none)'  size=9822b
2026-03-04 12:38:18,236 - INFO - ✅ Queued [9/10] EUR_eur-2025-20-04.xml                   type=LATEST DOCUMENTS               source=iframe_body
2026-03-04 12:38:20,439 - INFO - HTTP Request: GET https://exeklzgcqykkutjfikei.supabase.co/rest/v1/legal_area_metadata?select=file_name&file_name=eq.LBSIV_avgjorelse_lb-2025-26330.xml&limit=1 "HTTP/1.1 200 OK"
2026-03-04 12:38:20,440 - INFO - 🌐 Visiting: #document/LBSIV/avgjorelse/lb-2025-26330
2026-03-04 12:38:25,059 - INFO -   📄 title='LB-2025-26330'  date='—'  chars=61339  src=iframe_body
2026-03-04 12:38:25,310 - INFO - HTTP Request: GET https://exeklzgcqykkutjfikei.supabase.co/rest/v1/legal_area_metadata?select=file_hash&file_hash=eq.df2e4d79e6d57edcb375ded613540295&limit=1 "HTTP/1.1 200 OK"
2026-03-04 12:38:25,333 - INFO - 💾 XML saved: scraped_xml\Anskaffelser_avtaler_bygg_og_entrepriser\Anskaffelser\leaf\LBSIV_avgjorelse_lb-2025-26330.xml  root='Anskaffelser, avtaler, bygg og entrepriser'  branch='Anskaffelser'  leaf='(none)'  size=63681b
2026-03-04 12:38:25,334 - INFO - ✅ Queued [10/10] LBSIV_avgjorelse_lb-2025-26330.xml       type=LATEST DOCUMENTS               source=iframe_body
2026-03-04 12:38:25,334 - INFO - 
2026-03-04 12:38:25,335 - INFO - ━━━━━━━━━━━━━━━━━━━━━━━━━━━━━━━━━━━━━━━━━━━━━━━━━━━━━━━━━━━━━━━━━━━━━━
2026-03-04 12:38:25,335 - INFO - ⬆️  BATCH UPLOAD — 10 XML files
2026-03-04 12:38:25,336 - INFO - ━━━━━━━━━━━━━━━━━━━━━━━━━━━━━━━━━━━━━━━━━━━━━━━━━━━━━━━━━━━━━━━━━━━━━━
2026-03-04 12:38:25,336 - INFO -   [1/10] Uploading: EUR_eur-2026-03-06.xml → bucket: Anskaffelser_avtaler_bygg_og_entrepriser/Anskaffelser/leaf/EUR_eur-2026-03-06.xml
2026-03-04 12:38:26,756 - INFO - HTTP Request: POST https://exeklzgcqykkutjfikei.supabase.co/storage/v1/object/legal_area/Anskaffelser_avtaler_bygg_og_entrepriser/Anskaffelser/leaf/EUR_eur-2026-03-06.xml "HTTP/2 400 Bad Request"
2026-03-04 12:38:26,757 - ERROR - ✗ Upload failed [Anskaffelser_avtaler_bygg_og_entrepriser/Anskaffelser/leaf/EUR_eur-2026-03-06.xml]: {'statusCode': 400, 'error': 'Unauthorized', 'message': 'new row violates row-level security policy'}
2026-03-04 12:38:26,759 - ERROR -   ❌ Upload failed: EUR_eur-2026-03-06.xml
2026-03-04 12:38:26,759 - INFO -   [2/10] Uploading: TRSIV_avgjorelse_tosl-2025-198508.xml → bucket: Anskaffelser_avtaler_bygg_og_entrepriser/Anskaffelser/leaf/TRSIV_avgjorelse_tosl-2025-198508.xml
2026-03-04 12:38:27,200 - INFO - HTTP Request: POST https://exeklzgcqykkutjfikei.supabase.co/storage/v1/object/legal_area/Anskaffelser_avtaler_bygg_og_entrepriser/Anskaffelser/leaf/TRSIV_avgjorelse_tosl-2025-198508.xml "HTTP/2 400 Bad Request"
2026-03-04 12:38:27,202 - ERROR - ✗ Upload failed [Anskaffelser_avtaler_bygg_og_entrepriser/Anskaffelser/leaf/TRSIV_avgjorelse_tosl-2025-198508.xml]: {'statusCode': 400, 'error': 'Unauthorized', 'message': 'new row violates row-level security policy'}
2026-03-04 12:38:27,203 - ERROR -   ❌ Upload failed: TRSIV_avgjorelse_tosl-2025-198508.xml
2026-03-04 12:38:27,203 - INFO -   [3/10] Uploading: TRSIV_avgjorelse_tosl-2025-180124.xml → bucket: Anskaffelser_avtaler_bygg_og_entrepriser/Anskaffelser/leaf/TRSIV_avgjorelse_tosl-2025-180124.xml
2026-03-04 12:38:27,609 - INFO - HTTP Request: POST https://exeklzgcqykkutjfikei.supabase.co/storage/v1/object/legal_area/Anskaffelser_avtaler_bygg_og_entrepriser/Anskaffelser/leaf/TRSIV_avgjorelse_tosl-2025-180124.xml "HTTP/2 400 Bad Request"
2026-03-04 12:38:27,611 - ERROR - ✗ Upload failed [Anskaffelser_avtaler_bygg_og_entrepriser/Anskaffelser/leaf/TRSIV_avgjorelse_tosl-2025-180124.xml]: {'statusCode': 400, 'error': 'Unauthorized', 'message': 'new row violates row-level security policy'}
2026-03-04 12:38:27,611 - ERROR -   ❌ Upload failed: TRSIV_avgjorelse_tosl-2025-180124.xml
2026-03-04 12:38:27,612 - INFO -   [4/10] Uploading: EUR_eur-2026-01-02.xml → bucket: Anskaffelser_avtaler_bygg_og_entrepriser/Anskaffelser/leaf/EUR_eur-2026-01-02.xml
2026-03-04 12:38:27,930 - INFO - HTTP Request: POST https://exeklzgcqykkutjfikei.supabase.co/storage/v1/object/legal_area/Anskaffelser_avtaler_bygg_og_entrepriser/Anskaffelser/leaf/EUR_eur-2026-01-02.xml "HTTP/2 400 Bad Request"
2026-03-04 12:38:27,931 - ERROR - ✗ Upload failed [Anskaffelser_avtaler_bygg_og_entrepriser/Anskaffelser/leaf/EUR_eur-2026-01-02.xml]: {'statusCode': 400, 'error': 'Unauthorized', 'message': 'new row violates row-level security policy'}
2026-03-04 12:38:27,932 - ERROR -   ❌ Upload failed: EUR_eur-2026-01-02.xml
2026-03-04 12:38:27,932 - INFO -   [5/10] Uploading: ROO_rundskriv_is-2026-9001.xml → bucket: Anskaffelser_avtaler_bygg_og_entrepriser/Anskaffelser/leaf/ROO_rundskriv_is-2026-9001.xml
2026-03-04 12:38:28,871 - INFO - HTTP Request: POST https://exeklzgcqykkutjfikei.supabase.co/storage/v1/object/legal_area/Anskaffelser_avtaler_bygg_og_entrepriser/Anskaffelser/leaf/ROO_rundskriv_is-2026-9001.xml "HTTP/2 400 Bad Request"
2026-03-04 12:38:28,873 - ERROR - ✗ Upload failed [Anskaffelser_avtaler_bygg_og_entrepriser/Anskaffelser/leaf/ROO_rundskriv_is-2026-9001.xml]: {'statusCode': 400, 'error': 'Unauthorized', 'message': 'new row violates row-level security policy'}
2026-03-04 12:38:28,873 - ERROR -   ❌ Upload failed: ROO_rundskriv_is-2026-9001.xml
2026-03-04 12:38:28,875 - INFO -   [6/10] Uploading: LBSIV_avgjorelse_lb-2025-171257.xml → bucket: Anskaffelser_avtaler_bygg_og_entrepriser/Anskaffelser/leaf/LBSIV_avgjorelse_lb-2025-171257.xml
2026-03-04 12:38:29,389 - INFO - HTTP Request: POST https://exeklzgcqykkutjfikei.supabase.co/storage/v1/object/legal_area/Anskaffelser_avtaler_bygg_og_entrepriser/Anskaffelser/leaf/LBSIV_avgjorelse_lb-2025-171257.xml "HTTP/2 400 Bad Request"
2026-03-04 12:38:29,395 - ERROR - ✗ Upload failed [Anskaffelser_avtaler_bygg_og_entrepriser/Anskaffelser/leaf/LBSIV_avgjorelse_lb-2025-171257.xml]: {'statusCode': 400, 'error': 'Unauthorized', 'message': 'new row violates row-level security policy'}
2026-03-04 12:38:29,396 - ERROR -   ❌ Upload failed: LBSIV_avgjorelse_lb-2025-171257.xml
2026-03-04 12:38:29,396 - INFO -   [7/10] Uploading: INNST_forarbeid_inns-38-l-202526.xml → bucket: Anskaffelser_avtaler_bygg_og_entrepriser/Anskaffelser/leaf/INNST_forarbeid_inns-38-l-202526.xml
2026-03-04 12:38:29,786 - INFO - HTTP Request: POST https://exeklzgcqykkutjfikei.supabase.co/storage/v1/object/legal_area/Anskaffelser_avtaler_bygg_og_entrepriser/Anskaffelser/leaf/INNST_forarbeid_inns-38-l-202526.xml "HTTP/2 400 Bad Request"
2026-03-04 12:38:29,788 - ERROR - ✗ Upload failed [Anskaffelser_avtaler_bygg_og_entrepriser/Anskaffelser/leaf/INNST_forarbeid_inns-38-l-202526.xml]: {'statusCode': 400, 'error': 'Unauthorized', 'message': 'new row violates row-level security policy'}
2026-03-04 12:38:29,800 - ERROR -   ❌ Upload failed: INNST_forarbeid_inns-38-l-202526.xml
2026-03-04 12:38:29,818 - INFO -   [8/10] Uploading: TRSIV_avgjorelse_tsol-2025-181219.xml → bucket: Anskaffelser_avtaler_bygg_og_entrepriser/Anskaffelser/leaf/TRSIV_avgjorelse_tsol-2025-181219.xml
2026-03-04 12:38:30,300 - INFO - HTTP Request: POST https://exeklzgcqykkutjfikei.supabase.co/storage/v1/object/legal_area/Anskaffelser_avtaler_bygg_og_entrepriser/Anskaffelser/leaf/TRSIV_avgjorelse_tsol-2025-181219.xml "HTTP/2 400 Bad Request"
2026-03-04 12:38:30,306 - ERROR - ✗ Upload failed [Anskaffelser_avtaler_bygg_og_entrepriser/Anskaffelser/leaf/TRSIV_avgjorelse_tsol-2025-181219.xml]: {'statusCode': 400, 'error': 'Unauthorized', 'message': 'new row violates row-level security policy'}
2026-03-04 12:38:30,306 - ERROR -   ❌ Upload failed: TRSIV_avgjorelse_tsol-2025-181219.xml
2026-03-04 12:38:30,306 - INFO -   [9/10] Uploading: EUR_eur-2025-20-04.xml → bucket: Anskaffelser_avtaler_bygg_og_entrepriser/Anskaffelser/leaf/EUR_eur-2025-20-04.xml
2026-03-04 12:38:30,550 - INFO - HTTP Request: POST https://exeklzgcqykkutjfikei.supabase.co/storage/v1/object/legal_area/Anskaffelser_avtaler_bygg_og_entrepriser/Anskaffelser/leaf/EUR_eur-2025-20-04.xml "HTTP/2 400 Bad Request"
2026-03-04 12:38:30,552 - ERROR - ✗ Upload failed [Anskaffelser_avtaler_bygg_og_entrepriser/Anskaffelser/leaf/EUR_eur-2025-20-04.xml]: {'statusCode': 400, 'error': 'Unauthorized', 'message': 'new row violates row-level security policy'}
2026-03-04 12:38:30,552 - ERROR -   ❌ Upload failed: EUR_eur-2025-20-04.xml
2026-03-04 12:38:30,553 - INFO -   [10/10] Uploading: LBSIV_avgjorelse_lb-2025-26330.xml → bucket: Anskaffelser_avtaler_bygg_og_entrepriser/Anskaffelser/leaf/LBSIV_avgjorelse_lb-2025-26330.xml
2026-03-04 12:38:30,933 - INFO - HTTP Request: POST https://exeklzgcqykkutjfikei.supabase.co/storage/v1/object/legal_area/Anskaffelser_avtaler_bygg_og_entrepriser/Anskaffelser/leaf/LBSIV_avgjorelse_lb-2025-26330.xml "HTTP/2 400 Bad Request"
2026-03-04 12:38:30,934 - ERROR - ✗ Upload failed [Anskaffelser_avtaler_bygg_og_entrepriser/Anskaffelser/leaf/LBSIV_avgjorelse_lb-2025-26330.xml]: {'statusCode': 400, 'error': 'Unauthorized', 'message': 'new row violates row-level security policy'}
2026-03-04 12:38:30,934 - ERROR -   ❌ Upload failed: LBSIV_avgjorelse_lb-2025-26330.xml
2026-03-04 12:38:30,939 - INFO - ✅ Batch complete — all 10 files uploaded & local copies removed
2026-03-04 12:38:30,939 - INFO - ━━━━━━━━━━━━━━━━━━━━━━━━━━━━━━━━━━━━━━━━━━━━━━━━━━━━━━━━━━━━━━━━━━━━━━
2026-03-04 12:38:30,939 - INFO - 
2026-03-04 12:38:32,941 - INFO -    📂 SECTION | LAWS                                                    | expected=None  | found=2
2026-03-04 12:38:33,282 - INFO - HTTP Request: GET https://exeklzgcqykkutjfikei.supabase.co/rest/v1/legal_area_metadata?select=file_name&file_name=eq.NL_lov_2016-06-17-73.xml&limit=1 "HTTP/1.1 200 OK"
2026-03-04 12:38:33,285 - INFO - 🌐 Visiting: #document/NL/lov/2016-06-17-73
2026-03-04 12:38:37,733 - INFO -   📄 title='Lov om offentlige anskaffelser (anskaffelsesloven)'  date='—'  chars=230  src=iframe_content
2026-03-04 12:38:37,917 - INFO - HTTP Request: GET https://exeklzgcqykkutjfikei.supabase.co/rest/v1/legal_area_metadata?select=file_hash&file_hash=eq.932e81442d1c88878704ffb862af3df4&limit=1 "HTTP/1.1 200 OK"
2026-03-04 12:38:37,953 - INFO - 💾 XML saved: scraped_xml\Anskaffelser_avtaler_bygg_og_entrepriser\Anskaffelser\leaf\NL_lov_2016-06-17-73.xml  root='Anskaffelser, avtaler, bygg og entrepriser'  branch='Anskaffelser'  leaf='(none)'  size=1036b
2026-03-04 12:38:37,955 - INFO - ✅ Queued [1/10] NL_lov_2016-06-17-73.xml                 type=LAWS                           source=iframe_content
2026-03-04 12:38:39,956 - INFO - ⏭️  Year 1999 out of range — skip: #document/NLO/lov/1999-07-16-69
2026-03-04 12:38:41,957 - INFO -    📂 SECTION | REGULATIONS                                             | expected=16    | found=0
2026-03-04 12:38:41,957 - WARNING -    ⚠️  COUNT MISMATCH: expected 16, found 0 for section 'REGULATIONS'
2026-03-04 12:38:41,958 - INFO -    📂 SECTION | DECISIONS FROM THE SUPREME COURT                        | expected=None  | found=0
2026-03-04 12:38:41,959 - INFO -    📂 SECTION | DECISIONS FROM THE COURTS OF APPEAL                     | expected=None  | found=0
2026-03-04 12:38:41,960 - INFO -    📂 SECTION | DECISIONS FROM THE DISTRICT COURTS                      | expected=None  | found=0
2026-03-04 12:38:41,961 - INFO -    📂 SECTION | ARTICLES                                                | expected=None  | found=0
2026-03-04 12:38:41,961 - INFO -    📂 SECTION | DOCUMENTS FROM THE PUBLIC PROCUREMENT COMPLAINTS BOARD  | expected=None  | found=0
2026-03-04 12:38:41,961 - INFO -    📂 SECTION | DOCUMENTS FROM THE CONSTRUCTION INDUSTRY LEGAL COUNCIL  | expected=None  | found=0
2026-03-04 12:38:41,962 - INFO -    📂 SECTION | DOCUMENTS FROM THE MINISTRY OF JUSTICE                  | expected=None  | found=0
2026-03-04 12:38:41,963 - INFO -    📂 SECTION | OTHER DOCUMENTS                                         | expected=None  | found=0
2026-03-04 12:38:42,172 - INFO - HTTP Request: PATCH https://exeklzgcqykkutjfikei.supabase.co/rest/v1/scraper_claims?area_key=eq.Anskaffelser_avtaler_bygg_og_entrepriser/Anskaffelser/_ "HTTP/1.1 404 Not Found"
2026-03-04 12:38:42,173 - WARNING - ⚠️  mark_done failed: {'code': 'PGRST205', 'details': None, 'hint': None, 'message': "Could not find the table 'public.scraper_claims' in the schema cache"}
2026-03-04 12:38:47,525 - INFO - ✅ Tree nodes present
2026-03-04 12:38:48,549 - INFO - Found 35 tree node(s)
2026-03-04 12:38:49,040 - INFO - 📋 ROOT categories: 35
2026-03-04 12:38:50,317 - INFO -    [2/5] BRANCH: Avtaler
2026-03-04 12:38:52,362 - INFO -       Leaf count: 0
2026-03-04 12:38:52,362 - INFO - 🔍 Scraping  root='Anskaffelser, avtaler, bygg og entrepriser'  branch='Avtaler'  leaf=''
2026-03-04 12:38:52,670 - INFO - HTTP Request: GET https://exeklzgcqykkutjfikei.supabase.co/rest/v1/scraper_claims?select=claimed_by%2Cclaimed_at%2Cstatus&area_key=eq.Anskaffelser_avtaler_bygg_og_entrepriser/Avtaler/_ "HTTP/1.1 404 Not Found"
2026-03-04 12:38:52,672 - WARNING - ⚠️  Claim check failed ({'code': 'PGRST205', 'details': None, 'hint': None, 'message': "Could not find the table 'public.scraper_claims' in the schema cache"}) — proceeding anyway: Anskaffelser_avtaler_bygg_og_entrepriser/Avtaler/_
2026-03-04 12:38:53,196 - INFO -     ✅ div.legal-area-header present
2026-03-04 12:38:53,225 - INFO -     Found 11 anchor links in legal-area-header
2026-03-04 12:38:53,255 - INFO -     ✓ Section: 'Siste dokumenter'  →  LATEST DOCUMENTS  (div#saker)
2026-03-04 12:38:53,281 - INFO -     ✓ Section: 'Lover'  →  LAWS  (div#lover)
2026-03-04 12:38:53,333 - INFO -     ✓ Section: 'Forskrifter'  →  REGULATIONS  (div#forskrifter)
2026-03-04 12:38:53,356 - INFO -     ✓ Section: 'Avgjørelser fra Høyesterett'  →  DECISIONS FROM THE SUPREME COURT  (div#hr)
2026-03-04 12:38:53,377 - INFO -     ✓ Section: 'Avgjørelser fra lagmannsrettene'  →  DECISIONS FROM THE COURTS OF APPEAL  (div#lr)
2026-03-04 12:38:53,396 - INFO -     ✓ Section: 'Avgjørelser fra tingrettene'  →  DECISIONS FROM THE DISTRICT COURTS  (div#tr)
2026-03-04 12:38:53,412 - INFO -     ✓ Section: 'Artikler'  →  ARTICLES  (div#artikler)
2026-03-04 12:38:53,426 - INFO -     ✓ Section: 'Dokumenter fra Justisdepartementet'  →  DOCUMENTS FROM THE MINISTRY OF JUSTICE  (div#jd)
2026-03-04 12:38:53,456 - INFO -     ✓ Section: 'Andre dokumenter'  →  OTHER DOCUMENTS  (div#otherBases)
2026-03-04 12:38:53,456 - INFO - 
    ════════════════════════════════════════════════
    9 SECTIONS FOUND — processing one by one
    ════════════════════════════════════════════════
2026-03-04 12:38:53,456 - INFO - 
    ── [1/9] LATEST DOCUMENTS ──
2026-03-04 12:38:53,750 - INFO -     👆 Clicked section tab: 'Siste dokumenter'
2026-03-04 12:38:55,268 - INFO -     ✅ Heading div#saker found
2026-03-04 12:38:55,295 - INFO -     ℹ️  No 'Vis alle' button found for div#saker
2026-03-04 12:38:55,325 - INFO -       page 1: +10 new  (total: 10 / expected: ?)
2026-03-04 12:38:55,351 - INFO -     ⏹  No Next button for div#saker (no_toolbar)
2026-03-04 12:38:55,352 - INFO -     ✅ COMPLETE 'LATEST DOCUMENTS'  expected=None  collected=10
2026-03-04 12:38:55,353 - INFO - 
    ── [2/9] LAWS ──
2026-03-04 12:38:55,663 - INFO -     👆 Clicked section tab: 'Lover'
2026-03-04 12:38:57,184 - INFO -     ✅ Heading div#lover found
2026-03-04 12:38:57,208 - INFO -     ℹ️  No 'Vis alle' button found for div#lover
2026-03-04 12:38:57,230 - INFO -       page 1: +6 new  (total: 6 / expected: ?)
2026-03-04 12:38:57,246 - INFO -     ⏹  No Next button for div#lover (no_toolbar)
2026-03-04 12:38:57,248 - INFO -     ✅ COMPLETE 'LAWS'  expected=None  collected=6
2026-03-04 12:38:57,248 - INFO - 
    ── [3/9] REGULATIONS ──
2026-03-04 12:38:57,602 - INFO -     👆 Clicked section tab: 'Forskrifter'
2026-03-04 12:38:59,119 - INFO -     ✅ Heading div#forskrifter found
2026-03-04 12:38:59,142 - INFO -     ℹ️  No 'Vis alle' button found for div#forskrifter
2026-03-04 12:38:59,163 - INFO -       page 1: +2 new  (total: 2 / expected: ?)
2026-03-04 12:38:59,184 - INFO -     ⏹  No Next button for div#forskrifter (no_toolbar)
2026-03-04 12:38:59,184 - INFO -     ✅ COMPLETE 'REGULATIONS'  expected=None  collected=2
2026-03-04 12:38:59,185 - INFO - 
    ── [4/9] DECISIONS FROM THE SUPREME COURT ──
2026-03-04 12:38:59,553 - INFO -     👆 Clicked section tab: 'Avgjørelser fra Høyesterett'
2026-03-04 12:39:01,075 - INFO -     ✅ Heading div#hr found
2026-03-04 12:39:01,111 - INFO -     ✅ Vis alle clicked — expected=388
2026-03-04 12:39:03,697 - INFO -       page 1: +0 new  (total: 0 / expected: 388)
2026-03-04 12:39:03,793 - INFO -     ⏹  No toolbar found for div#hr
2026-03-04 12:39:03,795 - WARNING -     ⚠️  COUNT MISMATCH 'DECISIONS FROM THE SUPREME COURT': expected=388  collected=0
2026-03-04 12:39:03,795 - INFO - 
    ── [5/9] DECISIONS FROM THE COURTS OF APPEAL ──
2026-03-04 12:39:03,803 - WARNING -     ⚠️  Could not find section tab: 'Avgjørelser fra lagmannsrettene'
2026-03-04 12:39:03,805 - WARNING -     ⚠️  Could not click tab 'Avgjørelser fra lagmannsrettene' — skipping
2026-03-04 12:39:03,805 - INFO - 
    ── [6/9] DECISIONS FROM THE DISTRICT COURTS ──
2026-03-04 12:39:03,816 - WARNING -     ⚠️  Could not find section tab: 'Avgjørelser fra tingrettene'
2026-03-04 12:39:03,816 - WARNING -     ⚠️  Could not click tab 'Avgjørelser fra tingrettene' — skipping
2026-03-04 12:39:03,816 - INFO - 
    ── [7/9] ARTICLES ──
2026-03-04 12:39:03,826 - WARNING -     ⚠️  Could not find section tab: 'Artikler'
2026-03-04 12:39:03,828 - WARNING -     ⚠️  Could not click tab 'Artikler' — skipping
2026-03-04 12:39:03,828 - INFO - 
    ── [8/9] DOCUMENTS FROM THE MINISTRY OF JUSTICE ──
2026-03-04 12:39:03,841 - WARNING -     ⚠️  Could not find section tab: 'Dokumenter fra Justisdepartementet'
2026-03-04 12:39:03,842 - WARNING -     ⚠️  Could not click tab 'Dokumenter fra Justisdepartementet' — skipping
2026-03-04 12:39:03,842 - INFO - 
    ── [9/9] OTHER DOCUMENTS ──
2026-03-04 12:39:03,855 - WARNING -     ⚠️  Could not find section tab: 'Andre dokumenter'
2026-03-04 12:39:03,856 - WARNING -     ⚠️  Could not click tab 'Andre dokumenter' — skipping
2026-03-04 12:39:03,857 - INFO - 
    ════════════════════════════════════════════════
    SECTION COLLECTION COMPLETE
    sections=9  total_docs=18
    ════════════════════════════════════════════════
2026-03-04 12:39:03,857 - INFO -    📊 Total sections=9  total_urls=18
2026-03-04 12:39:03,857 - INFO -    📂 SECTION | LATEST DOCUMENTS                                        | expected=None  | found=10
2026-03-04 12:39:04,307 - INFO - HTTP Request: GET https://exeklzgcqykkutjfikei.supabase.co/rest/v1/legal_area_metadata?select=file_name&file_name=eq.LASIV_avgjorelse_la-2025-118666.xml&limit=1 "HTTP/1.1 200 OK"
2026-03-04 12:39:04,311 - INFO - 🌐 Visiting: #document/LASIV/avgjorelse/la-2025-118666
2026-03-04 12:39:09,087 - INFO -   📄 title='LA-2025-118666'  date='—'  chars=75255  src=iframe_body
2026-03-04 12:39:09,279 - INFO - HTTP Request: GET https://exeklzgcqykkutjfikei.supabase.co/rest/v1/legal_area_metadata?select=file_hash&file_hash=eq.aabde62e97ff643dca91d74c7b5221f7&limit=1 "HTTP/1.1 200 OK"
2026-03-04 12:39:09,305 - INFO - 💾 XML saved: scraped_xml\Anskaffelser_avtaler_bygg_og_entrepriser\Avtaler\leaf\LASIV_avgjorelse_la-2025-118666.xml  root='Anskaffelser, avtaler, bygg og entrepriser'  branch='Avtaler'  leaf='(none)'  size=77930b
2026-03-04 12:39:09,306 - INFO - ✅ Queued [2/10] LASIV_avgjorelse_la-2025-118666.xml      type=LATEST DOCUMENTS               source=iframe_body
2026-03-04 12:39:11,496 - INFO - HTTP Request: GET https://exeklzgcqykkutjfikei.supabase.co/rest/v1/legal_area_metadata?select=file_name&file_name=eq.LBSIV_avgjorelse_lb-2025-58098.xml&limit=1 "HTTP/1.1 200 OK"
2026-03-04 12:39:11,497 - INFO - 🌐 Visiting: #document/LBSIV/avgjorelse/lb-2025-58098
2026-03-04 12:39:16,031 - INFO -   📄 title='LB-2025-58098'  date='—'  chars=57651  src=iframe_body
2026-03-04 12:39:16,267 - INFO - HTTP Request: GET https://exeklzgcqykkutjfikei.supabase.co/rest/v1/legal_area_metadata?select=file_hash&file_hash=eq.58bacbd57bfd3e818ff45f4ea0aa2807&limit=1 "HTTP/1.1 200 OK"
2026-03-04 12:39:16,291 - INFO - 💾 XML saved: scraped_xml\Anskaffelser_avtaler_bygg_og_entrepriser\Avtaler\leaf\LBSIV_avgjorelse_lb-2025-58098.xml  root='Anskaffelser, avtaler, bygg og entrepriser'  branch='Avtaler'  leaf='(none)'  size=59945b
2026-03-04 12:39:16,291 - INFO - ✅ Queued [3/10] LBSIV_avgjorelse_lb-2025-58098.xml       type=LATEST DOCUMENTS               source=iframe_body
2026-03-04 12:39:18,493 - INFO - HTTP Request: GET https://exeklzgcqykkutjfikei.supabase.co/rest/v1/legal_area_metadata?select=file_name&file_name=eq.LASIV_avgjorelse_la-2025-102834.xml&limit=1 "HTTP/1.1 200 OK"
2026-03-04 12:39:18,494 - INFO - 🌐 Visiting: #document/LASIV/avgjorelse/la-2025-102834
2026-03-04 12:39:22,999 - INFO -   📄 title='LA-2025-102834'  date='—'  chars=64661  src=iframe_body
2026-03-04 12:39:23,215 - INFO - HTTP Request: GET https://exeklzgcqykkutjfikei.supabase.co/rest/v1/legal_area_metadata?select=file_hash&file_hash=eq.1933425d782e9a03a318fdfdf0e9d22a&limit=1 "HTTP/1.1 200 OK"
2026-03-04 12:39:23,236 - INFO - 💾 XML saved: scraped_xml\Anskaffelser_avtaler_bygg_og_entrepriser\Avtaler\leaf\LASIV_avgjorelse_la-2025-102834.xml  root='Anskaffelser, avtaler, bygg og entrepriser'  branch='Avtaler'  leaf='(none)'  size=67332b
2026-03-04 12:39:23,236 - INFO - ✅ Queued [4/10] LASIV_avgjorelse_la-2025-102834.xml      type=LATEST DOCUMENTS               source=iframe_body
2026-03-04 12:39:25,450 - INFO - HTTP Request: GET https://exeklzgcqykkutjfikei.supabase.co/rest/v1/legal_area_metadata?select=file_name&file_name=eq.LBSIV_avgjorelse_lb-2025-26457.xml&limit=1 "HTTP/1.1 200 OK"
2026-03-04 12:39:25,451 - INFO - 🌐 Visiting: #document/LBSIV/avgjorelse/lb-2025-26457
2026-03-04 12:39:29,992 - INFO -   📄 title='LB-2025-26457'  date='—'  chars=50881  src=iframe_body
2026-03-04 12:39:30,183 - INFO - HTTP Request: GET https://exeklzgcqykkutjfikei.supabase.co/rest/v1/legal_area_metadata?select=file_hash&file_hash=eq.20182b3501bebbae691912bea194f475&limit=1 "HTTP/1.1 200 OK"
2026-03-04 12:39:30,208 - INFO - 💾 XML saved: scraped_xml\Anskaffelser_avtaler_bygg_og_entrepriser\Avtaler\leaf\LBSIV_avgjorelse_lb-2025-26457.xml  root='Anskaffelser, avtaler, bygg og entrepriser'  branch='Avtaler'  leaf='(none)'  size=52739b
2026-03-04 12:39:30,209 - INFO - ✅ Queued [5/10] LBSIV_avgjorelse_lb-2025-26457.xml       type=LATEST DOCUMENTS               source=iframe_body
2026-03-04 12:39:32,426 - INFO - HTTP Request: GET https://exeklzgcqykkutjfikei.supabase.co/rest/v1/legal_area_metadata?select=file_name&file_name=eq.EUR_eur-2026-02-04.xml&limit=1 "HTTP/1.1 200 OK"
2026-03-04 12:39:32,427 - INFO - 🌐 Visiting: #document/EUR/eur-2026-02-04
2026-03-04 12:39:36,949 - INFO -   📄 title='EuroRett: Urimelige vilkår om renteregulering'  date='—'  chars=8287  src=iframe_body
2026-03-04 12:39:37,161 - INFO - HTTP Request: GET https://exeklzgcqykkutjfikei.supabase.co/rest/v1/legal_area_metadata?select=file_hash&file_hash=eq.faa5be4641716bc37745f11a8fc25862&limit=1 "HTTP/1.1 200 OK"
2026-03-04 12:39:37,179 - INFO - 💾 XML saved: scraped_xml\Anskaffelser_avtaler_bygg_og_entrepriser\Avtaler\leaf\EUR_eur-2026-02-04.xml  root='Anskaffelser, avtaler, bygg og entrepriser'  branch='Avtaler'  leaf='(none)'  size=9329b
2026-03-04 12:39:37,180 - INFO - ✅ Queued [6/10] EUR_eur-2026-02-04.xml                   type=LATEST DOCUMENTS               source=iframe_body
2026-03-04 12:39:39,402 - INFO - HTTP Request: GET https://exeklzgcqykkutjfikei.supabase.co/rest/v1/legal_area_metadata?select=file_name&file_name=eq.EUR_eur-2026-02-02.xml&limit=1 "HTTP/1.1 200 OK"
2026-03-04 12:39:39,403 - INFO - 🌐 Visiting: #document/EUR/eur-2026-02-02
2026-03-04 12:39:44,037 - INFO -   📄 title='EuroRett: Bankers motregningskrav og prosessuelle rettighete'  date='—'  chars=6610  src=iframe_body
2026-03-04 12:39:44,255 - INFO - HTTP Request: GET https://exeklzgcqykkutjfikei.supabase.co/rest/v1/legal_area_metadata?select=file_hash&file_hash=eq.5c6dedf9d193360e6c09c49ae2bbedd5&limit=1 "HTTP/1.1 200 OK"
2026-03-04 12:39:44,277 - INFO - 💾 XML saved: scraped_xml\Anskaffelser_avtaler_bygg_og_entrepriser\Avtaler\leaf\EUR_eur-2026-02-02.xml  root='Anskaffelser, avtaler, bygg og entrepriser'  branch='Avtaler'  leaf='(none)'  size=7628b
2026-03-04 12:39:44,277 - INFO - ✅ Queued [7/10] EUR_eur-2026-02-02.xml                   type=LATEST DOCUMENTS               source=iframe_body
2026-03-04 12:39:46,481 - INFO - HTTP Request: GET https://exeklzgcqykkutjfikei.supabase.co/rest/v1/legal_area_metadata?select=file_name&file_name=eq.HRSIV_avgjorelse_hr-2026-280-a.xml&limit=1 "HTTP/1.1 200 OK"
2026-03-04 12:39:46,484 - INFO - 🌐 Visiting: #document/HRSIV/avgjorelse/hr-2026-280-a
2026-03-04 12:39:51,203 - INFO -   📄 title='HR-2026-280-A'  date='—'  chars=32031  src=iframe_body
2026-03-04 12:39:51,496 - INFO - HTTP Request: GET https://exeklzgcqykkutjfikei.supabase.co/rest/v1/legal_area_metadata?select=file_hash&file_hash=eq.86a08d0bbda41e49431562dea29cc8ad&limit=1 "HTTP/1.1 200 OK"
2026-03-04 12:39:51,521 - INFO - 💾 XML saved: scraped_xml\Anskaffelser_avtaler_bygg_og_entrepriser\Avtaler\leaf\HRSIV_avgjorelse_hr-2026-280-a.xml  root='Anskaffelser, avtaler, bygg og entrepriser'  branch='Avtaler'  leaf='(none)'  size=33712b
2026-03-04 12:39:51,522 - INFO - ✅ Queued [8/10] HRSIV_avgjorelse_hr-2026-280-a.xml       type=LATEST DOCUMENTS               source=iframe_body
2026-03-04 12:39:53,714 - INFO - HTTP Request: GET https://exeklzgcqykkutjfikei.supabase.co/rest/v1/legal_area_metadata?select=file_name&file_name=eq.LESIV_avgjorelse_le-2025-55999.xml&limit=1 "HTTP/1.1 200 OK"
2026-03-04 12:39:53,716 - INFO - 🌐 Visiting: #document/LESIV/avgjorelse/le-2025-55999
2026-03-04 12:39:58,321 - INFO -   📄 title='LE-2025-55999'  date='—'  chars=54039  src=iframe_body
2026-03-04 12:39:58,546 - INFO - HTTP Request: GET https://exeklzgcqykkutjfikei.supabase.co/rest/v1/legal_area_metadata?select=file_hash&file_hash=eq.6e703b084a40dab1c95f6eb99619a172&limit=1 "HTTP/1.1 200 OK"
2026-03-04 12:39:58,573 - INFO - 💾 XML saved: scraped_xml\Anskaffelser_avtaler_bygg_og_entrepriser\Avtaler\leaf\LESIV_avgjorelse_le-2025-55999.xml  root='Anskaffelser, avtaler, bygg og entrepriser'  branch='Avtaler'  leaf='(none)'  size=56063b
2026-03-04 12:39:58,574 - INFO - ✅ Queued [9/10] LESIV_avgjorelse_le-2025-55999.xml       type=LATEST DOCUMENTS               source=iframe_body
2026-03-04 12:40:00,785 - INFO - HTTP Request: GET https://exeklzgcqykkutjfikei.supabase.co/rest/v1/legal_area_metadata?select=file_name&file_name=eq.LFSIV_avgjorelse_lf-2025-131361.xml&limit=1 "HTTP/1.1 200 OK"
2026-03-04 12:40:00,786 - INFO - 🌐 Visiting: #document/LFSIV/avgjorelse/lf-2025-131361
2026-03-04 12:40:05,402 - INFO -   📄 title='LF-2025-131361'  date='—'  chars=55074  src=iframe_body
2026-03-04 12:40:05,593 - INFO - HTTP Request: GET https://exeklzgcqykkutjfikei.supabase.co/rest/v1/legal_area_metadata?select=file_hash&file_hash=eq.404b4f9b4d8f013dc114b8c78d4e0c16&limit=1 "HTTP/1.1 200 OK"
2026-03-04 12:40:05,614 - INFO - 💾 XML saved: scraped_xml\Anskaffelser_avtaler_bygg_og_entrepriser\Avtaler\leaf\LFSIV_avgjorelse_lf-2025-131361.xml  root='Anskaffelser, avtaler, bygg og entrepriser'  branch='Avtaler'  leaf='(none)'  size=57254b
2026-03-04 12:40:05,615 - INFO - ✅ Queued [10/10] LFSIV_avgjorelse_lf-2025-131361.xml      type=LATEST DOCUMENTS               source=iframe_body
2026-03-04 12:40:05,615 - INFO - 
2026-03-04 12:40:05,616 - INFO - ━━━━━━━━━━━━━━━━━━━━━━━━━━━━━━━━━━━━━━━━━━━━━━━━━━━━━━━━━━━━━━━━━━━━━━
2026-03-04 12:40:05,616 - INFO - ⬆️  BATCH UPLOAD — 10 XML files
2026-03-04 12:40:05,616 - INFO - ━━━━━━━━━━━━━━━━━━━━━━━━━━━━━━━━━━━━━━━━━━━━━━━━━━━━━━━━━━━━━━━━━━━━━━
2026-03-04 12:40:05,616 - INFO -   [1/10] Uploading: NL_lov_2016-06-17-73.xml → bucket: Anskaffelser_avtaler_bygg_og_entrepriser/Anskaffelser/leaf/NL_lov_2016-06-17-73.xml
2026-03-04 12:40:06,593 - INFO - HTTP Request: POST https://exeklzgcqykkutjfikei.supabase.co/storage/v1/object/legal_area/Anskaffelser_avtaler_bygg_og_entrepriser/Anskaffelser/leaf/NL_lov_2016-06-17-73.xml "HTTP/2 400 Bad Request"
2026-03-04 12:40:06,595 - ERROR - ✗ Upload failed [Anskaffelser_avtaler_bygg_og_entrepriser/Anskaffelser/leaf/NL_lov_2016-06-17-73.xml]: {'statusCode': 400, 'error': 'Unauthorized', 'message': 'new row violates row-level security policy'}
2026-03-04 12:40:06,595 - ERROR -   ❌ Upload failed: NL_lov_2016-06-17-73.xml
2026-03-04 12:40:06,596 - INFO -   [2/10] Uploading: LASIV_avgjorelse_la-2025-118666.xml → bucket: Anskaffelser_avtaler_bygg_og_entrepriser/Avtaler/leaf/LASIV_avgjorelse_la-2025-118666.xml
2026-03-04 12:40:07,475 - INFO - HTTP Request: POST https://exeklzgcqykkutjfikei.supabase.co/storage/v1/object/legal_area/Anskaffelser_avtaler_bygg_og_entrepriser/Avtaler/leaf/LASIV_avgjorelse_la-2025-118666.xml "HTTP/2 400 Bad Request"
2026-03-04 12:40:07,476 - ERROR - ✗ Upload failed [Anskaffelser_avtaler_bygg_og_entrepriser/Avtaler/leaf/LASIV_avgjorelse_la-2025-118666.xml]: {'statusCode': 400, 'error': 'Unauthorized', 'message': 'new row violates row-level security policy'}
2026-03-04 12:40:07,477 - ERROR -   ❌ Upload failed: LASIV_avgjorelse_la-2025-118666.xml
2026-03-04 12:40:07,477 - INFO -   [3/10] Uploading: LBSIV_avgjorelse_lb-2025-58098.xml → bucket: Anskaffelser_avtaler_bygg_og_entrepriser/Avtaler/leaf/LBSIV_avgjorelse_lb-2025-58098.xml
2026-03-04 12:40:08,107 - INFO - HTTP Request: POST https://exeklzgcqykkutjfikei.supabase.co/storage/v1/object/legal_area/Anskaffelser_avtaler_bygg_og_entrepriser/Avtaler/leaf/LBSIV_avgjorelse_lb-2025-58098.xml "HTTP/2 400 Bad Request"
2026-03-04 12:40:08,108 - ERROR - ✗ Upload failed [Anskaffelser_avtaler_bygg_og_entrepriser/Avtaler/leaf/LBSIV_avgjorelse_lb-2025-58098.xml]: {'statusCode': 400, 'error': 'Unauthorized', 'message': 'new row violates row-level security policy'}
2026-03-04 12:40:08,110 - ERROR -   ❌ Upload failed: LBSIV_avgjorelse_lb-2025-58098.xml
2026-03-04 12:40:08,110 - INFO -   [4/10] Uploading: LASIV_avgjorelse_la-2025-102834.xml → bucket: Anskaffelser_avtaler_bygg_og_entrepriser/Avtaler/leaf/LASIV_avgjorelse_la-2025-102834.xml
2026-03-04 12:40:08,841 - INFO - HTTP Request: POST https://exeklzgcqykkutjfikei.supabase.co/storage/v1/object/legal_area/Anskaffelser_avtaler_bygg_og_entrepriser/Avtaler/leaf/LASIV_avgjorelse_la-2025-102834.xml "HTTP/2 400 Bad Request"
2026-03-04 12:40:08,842 - ERROR - ✗ Upload failed [Anskaffelser_avtaler_bygg_og_entrepriser/Avtaler/leaf/LASIV_avgjorelse_la-2025-102834.xml]: {'statusCode': 400, 'error': 'Unauthorized', 'message': 'new row violates row-level security policy'}
2026-03-04 12:40:08,843 - ERROR -   ❌ Upload failed: LASIV_avgjorelse_la-2025-102834.xml
2026-03-04 12:40:08,843 - INFO -   [5/10] Uploading: LBSIV_avgjorelse_lb-2025-26457.xml → bucket: Anskaffelser_avtaler_bygg_og_entrepriser/Avtaler/leaf/LBSIV_avgjorelse_lb-2025-26457.xml
2026-03-04 12:40:09,346 - INFO - HTTP Request: POST https://exeklzgcqykkutjfikei.supabase.co/storage/v1/object/legal_area/Anskaffelser_avtaler_bygg_og_entrepriser/Avtaler/leaf/LBSIV_avgjorelse_lb-2025-26457.xml "HTTP/2 400 Bad Request"
2026-03-04 12:40:09,347 - ERROR - ✗ Upload failed [Anskaffelser_avtaler_bygg_og_entrepriser/Avtaler/leaf/LBSIV_avgjorelse_lb-2025-26457.xml]: {'statusCode': 400, 'error': 'Unauthorized', 'message': 'new row violates row-level security policy'}
2026-03-04 12:40:09,348 - ERROR -   ❌ Upload failed: LBSIV_avgjorelse_lb-2025-26457.xml
2026-03-04 12:40:09,348 - INFO -   [6/10] Uploading: EUR_eur-2026-02-04.xml → bucket: Anskaffelser_avtaler_bygg_og_entrepriser/Avtaler/leaf/EUR_eur-2026-02-04.xml
2026-03-04 12:40:09,616 - INFO - HTTP Request: POST https://exeklzgcqykkutjfikei.supabase.co/storage/v1/object/legal_area/Anskaffelser_avtaler_bygg_og_entrepriser/Avtaler/leaf/EUR_eur-2026-02-04.xml "HTTP/2 400 Bad Request"
2026-03-04 12:40:09,617 - ERROR - ✗ Upload failed [Anskaffelser_avtaler_bygg_og_entrepriser/Avtaler/leaf/EUR_eur-2026-02-04.xml]: {'statusCode': 400, 'error': 'Unauthorized', 'message': 'new row violates row-level security policy'}
2026-03-04 12:40:09,618 - ERROR -   ❌ Upload failed: EUR_eur-2026-02-04.xml
2026-03-04 12:40:09,618 - INFO -   [7/10] Uploading: EUR_eur-2026-02-02.xml → bucket: Anskaffelser_avtaler_bygg_og_entrepriser/Avtaler/leaf/EUR_eur-2026-02-02.xml
2026-03-04 12:40:09,920 - INFO - HTTP Request: POST https://exeklzgcqykkutjfikei.supabase.co/storage/v1/object/legal_area/Anskaffelser_avtaler_bygg_og_entrepriser/Avtaler/leaf/EUR_eur-2026-02-02.xml "HTTP/2 400 Bad Request"
2026-03-04 12:40:09,922 - ERROR - ✗ Upload failed [Anskaffelser_avtaler_bygg_og_entrepriser/Avtaler/leaf/EUR_eur-2026-02-02.xml]: {'statusCode': 400, 'error': 'Unauthorized', 'message': 'new row violates row-level security policy'}
2026-03-04 12:40:09,923 - ERROR -   ❌ Upload failed: EUR_eur-2026-02-02.xml
2026-03-04 12:40:09,923 - INFO -   [8/10] Uploading: HRSIV_avgjorelse_hr-2026-280-a.xml → bucket: Anskaffelser_avtaler_bygg_og_entrepriser/Avtaler/leaf/HRSIV_avgjorelse_hr-2026-280-a.xml
2026-03-04 12:40:10,297 - INFO - HTTP Request: POST https://exeklzgcqykkutjfikei.supabase.co/storage/v1/object/legal_area/Anskaffelser_avtaler_bygg_og_entrepriser/Avtaler/leaf/HRSIV_avgjorelse_hr-2026-280-a.xml "HTTP/2 400 Bad Request"
2026-03-04 12:40:10,298 - ERROR - ✗ Upload failed [Anskaffelser_avtaler_bygg_og_entrepriser/Avtaler/leaf/HRSIV_avgjorelse_hr-2026-280-a.xml]: {'statusCode': 400, 'error': 'Unauthorized', 'message': 'new row violates row-level security policy'}
2026-03-04 12:40:10,300 - ERROR -   ❌ Upload failed: HRSIV_avgjorelse_hr-2026-280-a.xml
2026-03-04 12:40:10,300 - INFO -   [9/10] Uploading: LESIV_avgjorelse_le-2025-55999.xml → bucket: Anskaffelser_avtaler_bygg_og_entrepriser/Avtaler/leaf/LESIV_avgjorelse_le-2025-55999.xml
2026-03-04 12:40:10,725 - INFO - HTTP Request: POST https://exeklzgcqykkutjfikei.supabase.co/storage/v1/object/legal_area/Anskaffelser_avtaler_bygg_og_entrepriser/Avtaler/leaf/LESIV_avgjorelse_le-2025-55999.xml "HTTP/2 400 Bad Request"
2026-03-04 12:40:10,726 - ERROR - ✗ Upload failed [Anskaffelser_avtaler_bygg_og_entrepriser/Avtaler/leaf/LESIV_avgjorelse_le-2025-55999.xml]: {'statusCode': 400, 'error': 'Unauthorized', 'message': 'new row violates row-level security policy'}
2026-03-04 12:40:10,727 - ERROR -   ❌ Upload failed: LESIV_avgjorelse_le-2025-55999.xml
2026-03-04 12:40:10,727 - INFO -   [10/10] Uploading: LFSIV_avgjorelse_lf-2025-131361.xml → bucket: Anskaffelser_avtaler_bygg_og_entrepriser/Avtaler/leaf/LFSIV_avgjorelse_lf-2025-131361.xml
2026-03-04 12:40:11,107 - INFO - HTTP Request: POST https://exeklzgcqykkutjfikei.supabase.co/storage/v1/object/legal_area/Anskaffelser_avtaler_bygg_og_entrepriser/Avtaler/leaf/LFSIV_avgjorelse_lf-2025-131361.xml "HTTP/2 400 Bad Request"
2026-03-04 12:40:11,109 - ERROR - ✗ Upload failed [Anskaffelser_avtaler_bygg_og_entrepriser/Avtaler/leaf/LFSIV_avgjorelse_lf-2025-131361.xml]: {'statusCode': 400, 'error': 'Unauthorized', 'message': 'new row violates row-level security policy'}
2026-03-04 12:40:11,110 - ERROR -   ❌ Upload failed: LFSIV_avgjorelse_lf-2025-131361.xml
2026-03-04 12:40:11,112 - INFO - ✅ Batch complete — all 10 files uploaded & local copies removed
2026-03-04 12:40:11,112 - INFO - ━━━━━━━━━━━━━━━━━━━━━━━━━━━━━━━━━━━━━━━━━━━━━━━━━━━━━━━━━━━━━━━━━━━━━━
2026-03-04 12:40:11,113 - INFO - 
2026-03-04 12:40:13,524 - INFO - HTTP Request: GET https://exeklzgcqykkutjfikei.supabase.co/rest/v1/legal_area_metadata?select=file_name&file_name=eq.LASIV_avgjorelse_la-2026-7531.xml&limit=1 "HTTP/1.1 200 OK"
2026-03-04 12:40:13,526 - INFO - 🌐 Visiting: #document/LASIV/avgjorelse/la-2026-7531
2026-03-04 12:40:18,184 - INFO -   📄 title='LA-2026-7531'  date='—'  chars=35951  src=iframe_body
2026-03-04 12:40:18,381 - INFO - HTTP Request: GET https://exeklzgcqykkutjfikei.supabase.co/rest/v1/legal_area_metadata?select=file_hash&file_hash=eq.f3ea9a1c1fd68731dac4ab8639131889&limit=1 "HTTP/1.1 200 OK"
2026-03-04 12:40:18,402 - INFO - 💾 XML saved: scraped_xml\Anskaffelser_avtaler_bygg_og_entrepriser\Avtaler\leaf\LASIV_avgjorelse_la-2026-7531.xml  root='Anskaffelser, avtaler, bygg og entrepriser'  branch='Avtaler'  leaf='(none)'  size=37717b
2026-03-04 12:40:18,436 - INFO - ✅ Queued [1/10] LASIV_avgjorelse_la-2026-7531.xml        type=LATEST DOCUMENTS               source=iframe_body
2026-03-04 12:40:20,438 - INFO -    📂 SECTION | LAWS                                                    | expected=None  | found=6
2026-03-04 12:40:20,438 - INFO - ⏭️  Year 1918 out of range — skip: #document/NL/lov/1918-05-31-4
2026-03-04 12:40:22,440 - INFO - ⏭️  Year None out of range — skip: #document/NL/lov/1687-04-15
2026-03-04 12:40:24,441 - INFO - ⏭️  Year 1985 out of range — skip: #document/NL/lov/1985-06-21-80
2026-03-04 12:40:26,817 - INFO - HTTP Request: GET https://exeklzgcqykkutjfikei.supabase.co/rest/v1/legal_area_metadata?select=file_name&file_name=eq.NL_lov_2012-05-25-27.xml&limit=1 "HTTP/1.1 200 OK"
2026-03-04 12:40:26,819 - INFO - 🌐 Visiting: #document/NL/lov/2012-05-25-27
2026-03-04 12:40:31,240 - INFO -   📄 title='Lov om avtaler om deltidsbruksrett og langtidsferieprodukter'  date='—'  chars=459  src=iframe_content
2026-03-04 12:40:31,457 - INFO - HTTP Request: GET https://exeklzgcqykkutjfikei.supabase.co/rest/v1/legal_area_metadata?select=file_hash&file_hash=eq.686c57d852b16f1c024be54cb1e63935&limit=1 "HTTP/1.1 200 OK"
2026-03-04 12:40:31,478 - INFO - 💾 XML saved: scraped_xml\Anskaffelser_avtaler_bygg_og_entrepriser\Avtaler\leaf\NL_lov_2012-05-25-27.xml  root='Anskaffelser, avtaler, bygg og entrepriser'  branch='Avtaler'  leaf='(none)'  size=1293b
2026-03-04 12:40:31,479 - INFO - ✅ Queued [2/10] NL_lov_2012-05-25-27.xml                 type=LAWS                           source=iframe_content
2026-03-04 12:40:33,665 - INFO - HTTP Request: GET https://exeklzgcqykkutjfikei.supabase.co/rest/v1/legal_area_metadata?select=file_name&file_name=eq.NL_lov_2020-04-17-29.xml&limit=1 "HTTP/1.1 200 OK"
2026-03-04 12:40:33,666 - INFO - 🌐 Visiting: #document/NL/lov/2020-04-17-29
2026-03-04 12:40:38,066 - INFO -   📄 title='Lov om god handelsskikk i dagligvarekjeden'  date='—'  chars=225  src=iframe_content
2026-03-04 12:40:38,297 - INFO - HTTP Request: GET https://exeklzgcqykkutjfikei.supabase.co/rest/v1/legal_area_metadata?select=file_hash&file_hash=eq.afe3efd28bb2e8b2468459493ff26458&limit=1 "HTTP/1.1 200 OK"
2026-03-04 12:40:38,320 - INFO - 💾 XML saved: scraped_xml\Anskaffelser_avtaler_bygg_og_entrepriser\Avtaler\leaf\NL_lov_2020-04-17-29.xml  root='Anskaffelser, avtaler, bygg og entrepriser'  branch='Avtaler'  leaf='(none)'  size=1012b
2026-03-04 12:40:38,322 - INFO - ✅ Queued [3/10] NL_lov_2020-04-17-29.xml                 type=LAWS                           source=iframe_content
2026-03-04 12:40:40,516 - INFO - HTTP Request: GET https://exeklzgcqykkutjfikei.supabase.co/rest/v1/legal_area_metadata?select=file_name&file_name=eq.NL_lov_2025-12-22-129.xml&limit=1 "HTTP/1.1 200 OK"
2026-03-04 12:40:40,517 - INFO - 🌐 Visiting: #document/NL/lov/2025-12-22-129
2026-03-04 12:40:45,038 - INFO -   📄 title='Lov om endringer i lov om god handelsskikk i dagligvarekjede'  date='—'  chars=1261  src=iframe_content
2026-03-04 12:40:45,225 - INFO - HTTP Request: GET https://exeklzgcqykkutjfikei.supabase.co/rest/v1/legal_area_metadata?select=file_hash&file_hash=eq.b6124092099672a8249291240c3a1376&limit=1 "HTTP/1.1 200 OK"
2026-03-04 12:40:45,247 - INFO - 💾 XML saved: scraped_xml\Anskaffelser_avtaler_bygg_og_entrepriser\Avtaler\leaf\NL_lov_2025-12-22-129.xml  root='Anskaffelser, avtaler, bygg og entrepriser'  branch='Avtaler'  leaf='(none)'  size=2155b
2026-03-04 12:40:45,248 - INFO - ✅ Queued [4/10] NL_lov_2025-12-22-129.xml                type=LAWS                           source=iframe_content
2026-03-04 12:40:47,250 - INFO -    📂 SECTION | REGULATIONS                                             | expected=None  | found=2
2026-03-04 12:40:47,457 - INFO - HTTP Request: GET https://exeklzgcqykkutjfikei.supabase.co/rest/v1/legal_area_metadata?select=file_name&file_name=eq.SF_forskrift_2023-02-14-193.xml&limit=1 "HTTP/1.1 200 OK"
2026-03-04 12:40:47,458 - INFO - 🌐 Visiting: #document/SF/forskrift/2023-02-14-193
2026-03-04 12:40:51,898 - INFO -   📄 title='Forskrift om utmåling av tvangsmulkt og overtredelsesgebyr'  date='—'  chars=517  src=iframe_content
2026-03-04 12:40:52,150 - INFO - HTTP Request: GET https://exeklzgcqykkutjfikei.supabase.co/rest/v1/legal_area_metadata?select=file_hash&file_hash=eq.bfc5a2a47f23c361692d38bac094d308&limit=1 "HTTP/1.1 200 OK"
2026-03-04 12:40:52,170 - INFO - 💾 XML saved: scraped_xml\Anskaffelser_avtaler_bygg_og_entrepriser\Avtaler\leaf\SF_forskrift_2023-02-14-193.xml  root='Anskaffelser, avtaler, bygg og entrepriser'  branch='Avtaler'  leaf='(none)'  size=1359b
2026-03-04 12:40:52,171 - INFO - ✅ Queued [5/10] SF_forskrift_2023-02-14-193.xml          type=REGULATIONS                    source=iframe_content
2026-03-04 12:40:54,355 - INFO - HTTP Request: GET https://exeklzgcqykkutjfikei.supabase.co/rest/v1/legal_area_metadata?select=file_name&file_name=eq.SF_forskrift_2012-07-03-766.xml&limit=1 "HTTP/1.1 200 OK"
2026-03-04 12:40:54,356 - INFO - 🌐 Visiting: #document/SF/forskrift/2012-07-03-766
2026-03-04 12:40:58,785 - INFO -   📄 title='Forskrift om standard opplysningsskjemaer etter lov om avtal'  date='—'  chars=715  src=iframe_content
2026-03-04 12:40:58,993 - INFO - HTTP Request: GET https://exeklzgcqykkutjfikei.supabase.co/rest/v1/legal_area_metadata?select=file_hash&file_hash=eq.b512a6dc493ec58a2ea622992241b6f6&limit=1 "HTTP/1.1 200 OK"
2026-03-04 12:40:59,011 - INFO - 💾 XML saved: scraped_xml\Anskaffelser_avtaler_bygg_og_entrepriser\Avtaler\leaf\SF_forskrift_2012-07-03-766.xml  root='Anskaffelser, avtaler, bygg og entrepriser'  branch='Avtaler'  leaf='(none)'  size=1599b
2026-03-04 12:40:59,013 - INFO - ✅ Queued [6/10] SF_forskrift_2012-07-03-766.xml          type=REGULATIONS                    source=iframe_content
2026-03-04 12:41:01,014 - INFO -    📂 SECTION | DECISIONS FROM THE SUPREME COURT                        | expected=388   | found=0
2026-03-04 12:41:01,014 - WARNING -    ⚠️  COUNT MISMATCH: expected 388, found 0 for section 'DECISIONS FROM THE SUPREME COURT'
2026-03-04 12:41:01,015 - INFO -    📂 SECTION | DECISIONS FROM THE COURTS OF APPEAL                     | expected=None  | found=0
2026-03-04 12:41:01,015 - INFO -    📂 SECTION | DECISIONS FROM THE DISTRICT COURTS                      | expected=None  | found=0
2026-03-04 12:41:01,015 - INFO -    📂 SECTION | ARTICLES                                                | expected=None  | found=0
2026-03-04 12:41:01,015 - INFO -    📂 SECTION | DOCUMENTS FROM THE MINISTRY OF JUSTICE                  | expected=None  | found=0
2026-03-04 12:41:01,016 - INFO -    📂 SECTION | OTHER DOCUMENTS                                         | expected=None  | found=0
2026-03-04 12:41:01,221 - INFO - HTTP Request: PATCH https://exeklzgcqykkutjfikei.supabase.co/rest/v1/scraper_claims?area_key=eq.Anskaffelser_avtaler_bygg_og_entrepriser/Avtaler/_ "HTTP/1.1 404 Not Found"
2026-03-04 12:41:01,221 - WARNING - ⚠️  mark_done failed: {'code': 'PGRST205', 'details': None, 'hint': None, 'message': "Could not find the table 'public.scraper_claims' in the schema cache"}
2026-03-04 12:41:06,545 - INFO - ✅ Tree nodes present
2026-03-04 12:41:07,571 - INFO - Found 35 tree node(s)
2026-03-04 12:41:08,152 - INFO - 📋 ROOT categories: 35
2026-03-04 12:41:09,421 - INFO -    [3/5] BRANCH: Boligoppføring
2026-03-04 12:41:11,432 - INFO -       Leaf count: 0
2026-03-04 12:41:11,432 - INFO - 🔍 Scraping  root='Anskaffelser, avtaler, bygg og entrepriser'  branch='Boligoppføring'  leaf=''
2026-03-04 12:41:11,803 - INFO - HTTP Request: GET https://exeklzgcqykkutjfikei.supabase.co/rest/v1/scraper_claims?select=claimed_by%2Cclaimed_at%2Cstatus&area_key=eq.Anskaffelser_avtaler_bygg_og_entrepriser/Boligoppf%C3%B8ring/_ "HTTP/1.1 404 Not Found"
2026-03-04 12:41:11,804 - WARNING - ⚠️  Claim check failed ({'code': 'PGRST205', 'details': None, 'hint': None, 'message': "Could not find the table 'public.scraper_claims' in the schema cache"}) — proceeding anyway: Anskaffelser_avtaler_bygg_og_entrepriser/Boligoppføring/_
2026-03-04 12:41:12,327 - INFO -     ✅ div.legal-area-header present
2026-03-04 12:41:12,364 - INFO -     Found 10 anchor links in legal-area-header
2026-03-04 12:41:12,401 - INFO -     ✓ Section: 'Siste dokumenter'  →  LATEST DOCUMENTS  (div#saker)
2026-03-04 12:41:12,432 - INFO -     ✓ Section: 'Lover'  →  LAWS  (div#lover)
2026-03-04 12:41:12,463 - INFO -     ✓ Section: 'Forskrifter'  →  REGULATIONS  (div#forskrifter)
2026-03-04 12:41:12,494 - INFO -     ✓ Section: 'Avgjørelser fra Høyesterett'  →  DECISIONS FROM THE SUPREME COURT  (div#hr)
2026-03-04 12:41:12,524 - INFO -     ✓ Section: 'Avgjørelser fra lagmannsrettene'  →  DECISIONS FROM THE COURTS OF APPEAL  (div#lr)
2026-03-04 12:41:12,554 - INFO -     ✓ Section: 'Avgjørelser fra tingrettene'  →  DECISIONS FROM THE DISTRICT COURTS  (div#tr)
2026-03-04 12:41:12,591 - INFO -     ✓ Section: 'Artikler'  →  ARTICLES  (div#artikler)
2026-03-04 12:41:12,624 - INFO -     ✓ Section: 'Dokumenter fra Justisdepartementet'  →  DOCUMENTS FROM THE MINISTRY OF JUSTICE  (div#jd)
2026-03-04 12:41:12,689 - INFO -     ✓ Section: 'Andre dokumenter'  →  OTHER DOCUMENTS  (div#otherBases)
2026-03-04 12:41:12,690 - INFO - 
    ════════════════════════════════════════════════
    9 SECTIONS FOUND — processing one by one
    ════════════════════════════════════════════════
2026-03-04 12:41:12,690 - INFO - 
    ── [1/9] LATEST DOCUMENTS ──
2026-03-04 12:41:12,982 - INFO -     👆 Clicked section tab: 'Siste dokumenter'
2026-03-04 12:41:14,503 - INFO -     ✅ Heading div#saker found
2026-03-04 12:41:14,527 - INFO -     ℹ️  No 'Vis alle' button found for div#saker
2026-03-04 12:41:14,548 - INFO -       page 1: +10 new  (total: 10 / expected: ?)
2026-03-04 12:41:14,575 - INFO -     ⏹  No Next button for div#saker (no_toolbar)
2026-03-04 12:41:14,575 - INFO -     ✅ COMPLETE 'LATEST DOCUMENTS'  expected=None  collected=10
2026-03-04 12:41:14,575 - INFO - 
    ── [2/9] LAWS ──
2026-03-04 12:41:14,899 - INFO -     👆 Clicked section tab: 'Lover'
2026-03-04 12:41:16,420 - INFO -     ✅ Heading div#lover found
2026-03-04 12:41:16,450 - INFO -     ℹ️  No 'Vis alle' button found for div#lover
2026-03-04 12:41:16,478 - INFO -       page 1: +7 new  (total: 7 / expected: ?)
2026-03-04 12:41:16,501 - INFO -     ⏹  No Next button for div#lover (no_toolbar)
2026-03-04 12:41:16,503 - INFO -     ✅ COMPLETE 'LAWS'  expected=None  collected=7
2026-03-04 12:41:16,503 - INFO - 
    ── [3/9] REGULATIONS ──
2026-03-04 12:41:16,872 - INFO -     👆 Clicked section tab: 'Forskrifter'
2026-03-04 12:41:18,393 - INFO -     ✅ Heading div#forskrifter found
2026-03-04 12:41:18,422 - INFO -     ℹ️  No 'Vis alle' button found for div#forskrifter
2026-03-04 12:41:18,451 - INFO -       page 1: +7 new  (total: 7 / expected: ?)
2026-03-04 12:41:18,479 - INFO -     ⏹  No Next button for div#forskrifter (no_toolbar)
2026-03-04 12:41:18,479 - INFO -     ✅ COMPLETE 'REGULATIONS'  expected=None  collected=7
2026-03-04 12:41:18,480 - INFO - 
    ── [4/9] DECISIONS FROM THE SUPREME COURT ──
2026-03-04 12:41:18,867 - INFO -     👆 Clicked section tab: 'Avgjørelser fra Høyesterett'
2026-03-04 12:41:20,388 - INFO -     ✅ Heading div#hr found
2026-03-04 12:41:20,425 - INFO -     ✅ Vis alle clicked — expected=23
2026-03-04 12:41:23,026 - INFO -       page 1: +0 new  (total: 0 / expected: 23)
2026-03-04 12:41:23,108 - INFO -     ⏹  No toolbar found for div#hr
2026-03-04 12:41:23,110 - WARNING -     ⚠️  COUNT MISMATCH 'DECISIONS FROM THE SUPREME COURT': expected=23  collected=0
2026-03-04 12:41:23,110 - INFO - 
    ── [5/9] DECISIONS FROM THE COURTS OF APPEAL ──
2026-03-04 12:41:23,125 - WARNING -     ⚠️  Could not find section tab: 'Avgjørelser fra lagmannsrettene'
2026-03-04 12:41:23,126 - WARNING -     ⚠️  Could not click tab 'Avgjørelser fra lagmannsrettene' — skipping
2026-03-04 12:41:23,127 - INFO - 
    ── [6/9] DECISIONS FROM THE DISTRICT COURTS ──
2026-03-04 12:41:23,142 - WARNING -     ⚠️  Could not find section tab: 'Avgjørelser fra tingrettene'
2026-03-04 12:41:23,142 - WARNING -     ⚠️  Could not click tab 'Avgjørelser fra tingrettene' — skipping
2026-03-04 12:41:23,142 - INFO - 
    ── [7/9] ARTICLES ──
2026-03-04 12:41:23,158 - WARNING -     ⚠️  Could not find section tab: 'Artikler'
2026-03-04 12:41:23,158 - WARNING -     ⚠️  Could not click tab 'Artikler' — skipping
2026-03-04 12:41:23,159 - INFO - 
    ── [8/9] DOCUMENTS FROM THE MINISTRY OF JUSTICE ──
2026-03-04 12:41:23,175 - WARNING -     ⚠️  Could not find section tab: 'Dokumenter fra Justisdepartementet'
2026-03-04 12:41:23,176 - WARNING -     ⚠️  Could not click tab 'Dokumenter fra Justisdepartementet' — skipping
2026-03-04 12:41:23,176 - INFO - 
    ── [9/9] OTHER DOCUMENTS ──
2026-03-04 12:41:23,193 - WARNING -     ⚠️  Could not find section tab: 'Andre dokumenter'
2026-03-04 12:41:23,193 - WARNING -     ⚠️  Could not click tab 'Andre dokumenter' — skipping
2026-03-04 12:41:23,194 - INFO - 
    ════════════════════════════════════════════════
    SECTION COLLECTION COMPLETE
    sections=9  total_docs=24
    ════════════════════════════════════════════════
2026-03-04 12:41:23,194 - INFO -    📊 Total sections=9  total_urls=24
2026-03-04 12:41:23,195 - INFO -    📂 SECTION | LATEST DOCUMENTS                                        | expected=None  | found=10
2026-03-04 12:41:23,548 - INFO - HTTP Request: GET https://exeklzgcqykkutjfikei.supabase.co/rest/v1/legal_area_metadata?select=file_name&file_name=eq.TRSIV_avgjorelse_thrd-2025-155511.xml&limit=1 "HTTP/1.1 200 OK"
2026-03-04 12:41:23,551 - INFO - 🌐 Visiting: #document/TRSIV/avgjorelse/thrd-2025-155511
2026-03-04 12:41:28,263 - INFO -   📄 title='THRD-2025-155511'  date='—'  chars=23879  src=iframe_body
2026-03-04 12:41:28,473 - INFO - HTTP Request: GET https://exeklzgcqykkutjfikei.supabase.co/rest/v1/legal_area_metadata?select=file_hash&file_hash=eq.90e2246f4b36e89b2a3ce76ad6b1200e&limit=1 "HTTP/1.1 200 OK"
2026-03-04 12:41:28,496 - INFO - 💾 XML saved: scraped_xml\Anskaffelser_avtaler_bygg_og_entrepriser\Boligoppforing\leaf\TRSIV_avgjorelse_thrd-2025-155511.xml  root='Anskaffelser, avtaler, bygg og entrepriser'  branch='Boligoppføring'  leaf='(none)'  size=25424b
2026-03-04 12:41:28,497 - INFO - ✅ Queued [7/10] TRSIV_avgjorelse_thrd-2025-155511.xml    type=LATEST DOCUMENTS               source=iframe_body
2026-03-04 12:41:30,715 - INFO - HTTP Request: GET https://exeklzgcqykkutjfikei.supabase.co/rest/v1/legal_area_metadata?select=file_name&file_name=eq.LTII_forskrift_2026-02-12-248.xml&limit=1 "HTTP/1.1 200 OK"
2026-03-04 12:41:30,717 - INFO - 🌐 Visiting: #document/LTII/forskrift/2026-02-12-248
2026-03-04 12:41:35,114 - INFO -   📄 title='Forskrift om endring i forskrift om gebyrer etter plan- og b'  date='—'  chars=7669  src=iframe_content
2026-03-04 12:41:35,312 - INFO - HTTP Request: GET https://exeklzgcqykkutjfikei.supabase.co/rest/v1/legal_area_metadata?select=file_hash&file_hash=eq.4d70e7aced2a6b590037554146560c54&limit=1 "HTTP/1.1 200 OK"
2026-03-04 12:41:35,335 - INFO - 💾 XML saved: scraped_xml\Anskaffelser_avtaler_bygg_og_entrepriser\Boligoppforing\leaf\LTII_forskrift_2026-02-12-248.xml  root='Anskaffelser, avtaler, bygg og entrepriser'  branch='Boligoppføring'  leaf='(none)'  size=8768b
2026-03-04 12:41:35,335 - INFO - ✅ Queued [8/10] LTII_forskrift_2026-02-12-248.xml        type=LATEST DOCUMENTS               source=iframe_content
2026-03-04 12:41:37,538 - INFO - HTTP Request: GET https://exeklzgcqykkutjfikei.supabase.co/rest/v1/legal_area_metadata?select=file_name&file_name=eq.LTII_forskrift_2026-02-04-284.xml&limit=1 "HTTP/1.1 200 OK"
2026-03-04 12:41:37,539 - INFO - 🌐 Visiting: #document/LTII/forskrift/2026-02-04-284
2026-03-04 12:41:41,980 - INFO -   📄 title='Forskrift om endring i forskrift om gebyrer etter plan- og b'  date='—'  chars=515  src=iframe_content
2026-03-04 12:41:42,191 - INFO - HTTP Request: GET https://exeklzgcqykkutjfikei.supabase.co/rest/v1/legal_area_metadata?select=file_hash&file_hash=eq.7096a153394bbc1799f65740f1dba074&limit=1 "HTTP/1.1 200 OK"
2026-03-04 12:41:42,215 - INFO - 💾 XML saved: scraped_xml\Anskaffelser_avtaler_bygg_og_entrepriser\Boligoppforing\leaf\LTII_forskrift_2026-02-04-284.xml  root='Anskaffelser, avtaler, bygg og entrepriser'  branch='Boligoppføring'  leaf='(none)'  size=1448b
2026-03-04 12:41:42,216 - INFO - ✅ Queued [9/10] LTII_forskrift_2026-02-04-284.xml        type=LATEST DOCUMENTS               source=iframe_content
2026-03-04 12:41:44,430 - INFO - HTTP Request: GET https://exeklzgcqykkutjfikei.supabase.co/rest/v1/legal_area_metadata?select=file_name&file_name=eq.LASIV_avgjorelse_la-2025-90663.xml&limit=1 "HTTP/1.1 200 OK"
2026-03-04 12:41:44,432 - INFO - 🌐 Visiting: #document/LASIV/avgjorelse/la-2025-90663
2026-03-04 12:41:49,077 - INFO -   📄 title='LA-2025-90663'  date='—'  chars=36012  src=iframe_body
2026-03-04 12:41:49,281 - INFO - HTTP Request: GET https://exeklzgcqykkutjfikei.supabase.co/rest/v1/legal_area_metadata?select=file_hash&file_hash=eq.042fdacc124ddbddc561e53d6c13489d&limit=1 "HTTP/1.1 200 OK"
2026-03-04 12:41:49,305 - INFO - 💾 XML saved: scraped_xml\Anskaffelser_avtaler_bygg_og_entrepriser\Boligoppforing\leaf\LASIV_avgjorelse_la-2025-90663.xml  root='Anskaffelser, avtaler, bygg og entrepriser'  branch='Boligoppføring'  leaf='(none)'  size=37745b
2026-03-04 12:41:49,306 - INFO - ✅ Queued [10/10] LASIV_avgjorelse_la-2025-90663.xml       type=LATEST DOCUMENTS               source=iframe_body
2026-03-04 12:41:49,307 - INFO - 
2026-03-04 12:41:49,307 - INFO - ━━━━━━━━━━━━━━━━━━━━━━━━━━━━━━━━━━━━━━━━━━━━━━━━━━━━━━━━━━━━━━━━━━━━━━
2026-03-04 12:41:49,308 - INFO - ⬆️  BATCH UPLOAD — 10 XML files
2026-03-04 12:41:49,308 - INFO - ━━━━━━━━━━━━━━━━━━━━━━━━━━━━━━━━━━━━━━━━━━━━━━━━━━━━━━━━━━━━━━━━━━━━━━
2026-03-04 12:41:49,309 - INFO -   [1/10] Uploading: LASIV_avgjorelse_la-2026-7531.xml → bucket: Anskaffelser_avtaler_bygg_og_entrepriser/Avtaler/leaf/LASIV_avgjorelse_la-2026-7531.xml
2026-03-04 12:41:50,317 - INFO - HTTP Request: POST https://exeklzgcqykkutjfikei.supabase.co/storage/v1/object/legal_area/Anskaffelser_avtaler_bygg_og_entrepriser/Avtaler/leaf/LASIV_avgjorelse_la-2026-7531.xml "HTTP/2 400 Bad Request"
2026-03-04 12:41:50,318 - ERROR - ✗ Upload failed [Anskaffelser_avtaler_bygg_og_entrepriser/Avtaler/leaf/LASIV_avgjorelse_la-2026-7531.xml]: {'statusCode': 400, 'error': 'Unauthorized', 'message': 'new row violates row-level security policy'}
2026-03-04 12:41:50,319 - ERROR -   ❌ Upload failed: LASIV_avgjorelse_la-2026-7531.xml
2026-03-04 12:41:50,320 - INFO -   [2/10] Uploading: NL_lov_2012-05-25-27.xml → bucket: Anskaffelser_avtaler_bygg_og_entrepriser/Avtaler/leaf/NL_lov_2012-05-25-27.xml
2026-03-04 12:41:50,531 - INFO - HTTP Request: POST https://exeklzgcqykkutjfikei.supabase.co/storage/v1/object/legal_area/Anskaffelser_avtaler_bygg_og_entrepriser/Avtaler/leaf/NL_lov_2012-05-25-27.xml "HTTP/2 400 Bad Request"
2026-03-04 12:41:50,532 - ERROR - ✗ Upload failed [Anskaffelser_avtaler_bygg_og_entrepriser/Avtaler/leaf/NL_lov_2012-05-25-27.xml]: {'statusCode': 400, 'error': 'Unauthorized', 'message': 'new row violates row-level security policy'}
2026-03-04 12:41:50,533 - ERROR -   ❌ Upload failed: NL_lov_2012-05-25-27.xml
2026-03-04 12:41:50,533 - INFO -   [3/10] Uploading: NL_lov_2020-04-17-29.xml → bucket: Anskaffelser_avtaler_bygg_og_entrepriser/Avtaler/leaf/NL_lov_2020-04-17-29.xml
2026-03-04 12:41:50,793 - INFO - HTTP Request: POST https://exeklzgcqykkutjfikei.supabase.co/storage/v1/object/legal_area/Anskaffelser_avtaler_bygg_og_entrepriser/Avtaler/leaf/NL_lov_2020-04-17-29.xml "HTTP/2 400 Bad Request"
2026-03-04 12:41:50,794 - ERROR - ✗ Upload failed [Anskaffelser_avtaler_bygg_og_entrepriser/Avtaler/leaf/NL_lov_2020-04-17-29.xml]: {'statusCode': 400, 'error': 'Unauthorized', 'message': 'new row violates row-level security policy'}
2026-03-04 12:41:50,796 - ERROR -   ❌ Upload failed: NL_lov_2020-04-17-29.xml
2026-03-04 12:41:50,796 - INFO -   [4/10] Uploading: NL_lov_2025-12-22-129.xml → bucket: Anskaffelser_avtaler_bygg_og_entrepriser/Avtaler/leaf/NL_lov_2025-12-22-129.xml
2026-03-04 12:41:51,046 - INFO - HTTP Request: POST https://exeklzgcqykkutjfikei.supabase.co/storage/v1/object/legal_area/Anskaffelser_avtaler_bygg_og_entrepriser/Avtaler/leaf/NL_lov_2025-12-22-129.xml "HTTP/2 400 Bad Request"
2026-03-04 12:41:51,047 - ERROR - ✗ Upload failed [Anskaffelser_avtaler_bygg_og_entrepriser/Avtaler/leaf/NL_lov_2025-12-22-129.xml]: {'statusCode': 400, 'error': 'Unauthorized', 'message': 'new row violates row-level security policy'}
2026-03-04 12:41:51,047 - ERROR -   ❌ Upload failed: NL_lov_2025-12-22-129.xml
2026-03-04 12:41:51,048 - INFO -   [5/10] Uploading: SF_forskrift_2023-02-14-193.xml → bucket: Anskaffelser_avtaler_bygg_og_entrepriser/Avtaler/leaf/SF_forskrift_2023-02-14-193.xml
2026-03-04 12:41:51,260 - INFO - HTTP Request: POST https://exeklzgcqykkutjfikei.supabase.co/storage/v1/object/legal_area/Anskaffelser_avtaler_bygg_og_entrepriser/Avtaler/leaf/SF_forskrift_2023-02-14-193.xml "HTTP/2 400 Bad Request"
2026-03-04 12:41:51,260 - ERROR - ✗ Upload failed [Anskaffelser_avtaler_bygg_og_entrepriser/Avtaler/leaf/SF_forskrift_2023-02-14-193.xml]: {'statusCode': 400, 'error': 'Unauthorized', 'message': 'new row violates row-level security policy'}
2026-03-04 12:41:51,261 - ERROR -   ❌ Upload failed: SF_forskrift_2023-02-14-193.xml
2026-03-04 12:41:51,261 - INFO -   [6/10] Uploading: SF_forskrift_2012-07-03-766.xml → bucket: Anskaffelser_avtaler_bygg_og_entrepriser/Avtaler/leaf/SF_forskrift_2012-07-03-766.xml
2026-03-04 12:41:51,505 - INFO - HTTP Request: POST https://exeklzgcqykkutjfikei.supabase.co/storage/v1/object/legal_area/Anskaffelser_avtaler_bygg_og_entrepriser/Avtaler/leaf/SF_forskrift_2012-07-03-766.xml "HTTP/2 400 Bad Request"
2026-03-04 12:41:51,506 - ERROR - ✗ Upload failed [Anskaffelser_avtaler_bygg_og_entrepriser/Avtaler/leaf/SF_forskrift_2012-07-03-766.xml]: {'statusCode': 400, 'error': 'Unauthorized', 'message': 'new row violates row-level security policy'}
2026-03-04 12:41:51,507 - ERROR -   ❌ Upload failed: SF_forskrift_2012-07-03-766.xml
2026-03-04 12:41:51,508 - INFO -   [7/10] Uploading: TRSIV_avgjorelse_thrd-2025-155511.xml → bucket: Anskaffelser_avtaler_bygg_og_entrepriser/Boligoppforing/leaf/TRSIV_avgjorelse_thrd-2025-155511.xml
2026-03-04 12:41:51,801 - INFO - HTTP Request: POST https://exeklzgcqykkutjfikei.supabase.co/storage/v1/object/legal_area/Anskaffelser_avtaler_bygg_og_entrepriser/Boligoppforing/leaf/TRSIV_avgjorelse_thrd-2025-155511.xml "HTTP/2 400 Bad Request"
2026-03-04 12:41:51,802 - ERROR - ✗ Upload failed [Anskaffelser_avtaler_bygg_og_entrepriser/Boligoppforing/leaf/TRSIV_avgjorelse_thrd-2025-155511.xml]: {'statusCode': 400, 'error': 'Unauthorized', 'message': 'new row violates row-level security policy'}
2026-03-04 12:41:51,803 - ERROR -   ❌ Upload failed: TRSIV_avgjorelse_thrd-2025-155511.xml
2026-03-04 12:41:51,804 - INFO -   [8/10] Uploading: LTII_forskrift_2026-02-12-248.xml → bucket: Anskaffelser_avtaler_bygg_og_entrepriser/Boligoppforing/leaf/LTII_forskrift_2026-02-12-248.xml
2026-03-04 12:41:52,063 - INFO - HTTP Request: POST https://exeklzgcqykkutjfikei.supabase.co/storage/v1/object/legal_area/Anskaffelser_avtaler_bygg_og_entrepriser/Boligoppforing/leaf/LTII_forskrift_2026-02-12-248.xml "HTTP/2 400 Bad Request"
2026-03-04 12:41:52,065 - ERROR - ✗ Upload failed [Anskaffelser_avtaler_bygg_og_entrepriser/Boligoppforing/leaf/LTII_forskrift_2026-02-12-248.xml]: {'statusCode': 400, 'error': 'Unauthorized', 'message': 'new row violates row-level security policy'}
2026-03-04 12:41:52,066 - ERROR -   ❌ Upload failed: LTII_forskrift_2026-02-12-248.xml
2026-03-04 12:41:52,066 - INFO -   [9/10] Uploading: LTII_forskrift_2026-02-04-284.xml → bucket: Anskaffelser_avtaler_bygg_og_entrepriser/Boligoppforing/leaf/LTII_forskrift_2026-02-04-284.xml
2026-03-04 12:41:52,334 - INFO - HTTP Request: POST https://exeklzgcqykkutjfikei.supabase.co/storage/v1/object/legal_area/Anskaffelser_avtaler_bygg_og_entrepriser/Boligoppforing/leaf/LTII_forskrift_2026-02-04-284.xml "HTTP/2 400 Bad Request"
2026-03-04 12:41:52,335 - ERROR - ✗ Upload failed [Anskaffelser_avtaler_bygg_og_entrepriser/Boligoppforing/leaf/LTII_forskrift_2026-02-04-284.xml]: {'statusCode': 400, 'error': 'Unauthorized', 'message': 'new row violates row-level security policy'}
2026-03-04 12:41:52,336 - ERROR -   ❌ Upload failed: LTII_forskrift_2026-02-04-284.xml
2026-03-04 12:41:52,336 - INFO -   [10/10] Uploading: LASIV_avgjorelse_la-2025-90663.xml → bucket: Anskaffelser_avtaler_bygg_og_entrepriser/Boligoppforing/leaf/LASIV_avgjorelse_la-2025-90663.xml
2026-03-04 12:41:52,666 - INFO - HTTP Request: POST https://exeklzgcqykkutjfikei.supabase.co/storage/v1/object/legal_area/Anskaffelser_avtaler_bygg_og_entrepriser/Boligoppforing/leaf/LASIV_avgjorelse_la-2025-90663.xml "HTTP/2 400 Bad Request"
2026-03-04 12:41:52,669 - ERROR - ✗ Upload failed [Anskaffelser_avtaler_bygg_og_entrepriser/Boligoppforing/leaf/LASIV_avgjorelse_la-2025-90663.xml]: {'statusCode': 400, 'error': 'Unauthorized', 'message': 'new row violates row-level security policy'}
2026-03-04 12:41:52,669 - ERROR -   ❌ Upload failed: LASIV_avgjorelse_la-2025-90663.xml
2026-03-04 12:41:52,671 - INFO - ✅ Batch complete — all 10 files uploaded & local copies removed
2026-03-04 12:41:52,672 - INFO - ━━━━━━━━━━━━━━━━━━━━━━━━━━━━━━━━━━━━━━━━━━━━━━━━━━━━━━━━━━━━━━━━━━━━━━
2026-03-04 12:41:52,673 - INFO - 
2026-03-04 12:41:55,010 - INFO - HTTP Request: GET https://exeklzgcqykkutjfikei.supabase.co/rest/v1/legal_area_metadata?select=file_name&file_name=eq.FINKNF_avgjorelse_finkn-2026-70.xml&limit=1 "HTTP/1.1 200 OK"
2026-03-04 12:41:55,013 - INFO - 🌐 Visiting: #document/FINKNF/avgjorelse/finkn-2026-70
2026-03-04 12:41:59,636 - INFO -   📄 title='FinKN-2026-70'  date='—'  chars=16501  src=iframe_body
2026-03-04 12:41:59,826 - INFO - HTTP Request: GET https://exeklzgcqykkutjfikei.supabase.co/rest/v1/legal_area_metadata?select=file_hash&file_hash=eq.0da698a5f7a0115fc8d1249c1bba36a3&limit=1 "HTTP/1.1 200 OK"
2026-03-04 12:41:59,852 - INFO - 💾 XML saved: scraped_xml\Anskaffelser_avtaler_bygg_og_entrepriser\Boligoppforing\leaf\FINKNF_avgjorelse_finkn-2026-70.xml  root='Anskaffelser, avtaler, bygg og entrepriser'  branch='Boligoppføring'  leaf='(none)'  size=17774b
2026-03-04 12:41:59,852 - INFO - ✅ Queued [1/10] FINKNF_avgjorelse_finkn-2026-70.xml      type=LATEST DOCUMENTS               source=iframe_body
2026-03-04 12:42:02,057 - INFO - HTTP Request: GET https://exeklzgcqykkutjfikei.supabase.co/rest/v1/legal_area_metadata?select=file_name&file_name=eq.LASIV_avgjorelse_la-2025-8455.xml&limit=1 "HTTP/1.1 200 OK"
2026-03-04 12:42:02,058 - INFO - 🌐 Visiting: #document/LASIV/avgjorelse/la-2025-8455
2026-03-04 12:42:06,731 - INFO -   📄 title='LA-2025-8455'  date='—'  chars=45371  src=iframe_body
2026-03-04 12:42:07,148 - INFO - HTTP Request: GET https://exeklzgcqykkutjfikei.supabase.co/rest/v1/legal_area_metadata?select=file_hash&file_hash=eq.e65d50e6933f879c415628ae7ae2d9fe&limit=1 "HTTP/1.1 200 OK"
2026-03-04 12:42:07,173 - INFO - 💾 XML saved: scraped_xml\Anskaffelser_avtaler_bygg_og_entrepriser\Boligoppforing\leaf\LASIV_avgjorelse_la-2025-8455.xml  root='Anskaffelser, avtaler, bygg og entrepriser'  branch='Boligoppføring'  leaf='(none)'  size=47234b
2026-03-04 12:42:07,174 - INFO - ✅ Queued [2/10] LASIV_avgjorelse_la-2025-8455.xml        type=LATEST DOCUMENTS               source=iframe_body
2026-03-04 12:42:09,381 - INFO - HTTP Request: GET https://exeklzgcqykkutjfikei.supabase.co/rest/v1/legal_area_metadata?select=file_name&file_name=eq.DIN_avgjorelse_din-2023-643.xml&limit=1 "HTTP/1.1 200 OK"
2026-03-04 12:42:09,382 - INFO - 🌐 Visiting: #document/DIN/avgjorelse/din-2023-643
2026-03-04 12:42:09,936 - INFO - 🔄 Flushing remaining 2 items …
2026-03-04 12:42:09,937 - INFO - 
2026-03-04 12:42:09,938 - INFO - ━━━━━━━━━━━━━━━━━━━━━━━━━━━━━━━━━━━━━━━━━━━━━━━━━━━━━━━━━━━━━━━━━━━━━━
2026-03-04 12:42:09,938 - INFO - ⬆️  BATCH UPLOAD — 2 XML files
2026-03-04 12:42:09,939 - INFO - ━━━━━━━━━━━━━━━━━━━━━━━━━━━━━━━━━━━━━━━━━━━━━━━━━━━━━━━━━━━━━━━━━━━━━━
2026-03-04 12:42:09,939 - INFO -   [1/2] Uploading: FINKNF_avgjorelse_finkn-2026-70.xml → bucket: Anskaffelser_avtaler_bygg_og_entrepriser/Boligoppforing/leaf/FINKNF_avgjorelse_finkn-2026-70.xml
