2026-02-14 23:17:34,833 - INFO - ✓ Storage handler initialized (bucket: lovdata-docs)
2026-02-14 23:17:34,833 - INFO - 🔐 Opening Lovdata login page...
2026-02-14 23:17:40,580 - INFO - ✅ Login successful
2026-02-14 23:17:40,582 - INFO - ======================================================================
2026-02-14 23:17:40,582 - INFO - MODE: legal_areas_only
2026-02-14 23:17:40,582 - INFO - ======================================================================
2026-02-14 23:17:40,583 - INFO - 
======================================================================
2026-02-14 23:17:40,583 - INFO - ⚖️  SCRAPING LEGAL AREAS
2026-02-14 23:17:40,583 - INFO -    Using fallback list from config.LEGAL_AREA_TRANSLATIONS
2026-02-14 23:17:40,584 - INFO - ======================================================================
2026-02-14 23:17:40,584 - INFO - 📂 Loading legal areas from config.py...
2026-02-14 23:17:40,586 - INFO - 📋 Loaded 38 legal areas
2026-02-14 23:17:40,586 - INFO - 
📊 Total legal areas: 38

2026-02-14 23:17:40,586 - INFO - 
======================================================================
2026-02-14 23:17:40,587 - INFO - [1/38] Labor_Law
2026-02-14 23:17:40,587 - INFO - ======================================================================
2026-02-14 23:17:40,587 - INFO -    Norwegian: arbeidsrett
2026-02-14 23:17:40,587 - INFO -    🔗 https://lovdata.no/pro/#rettsomrade/arbeidsrett
2026-02-14 23:17:40,588 - INFO - 📂 Navigating to: https://lovdata.no/pro/#rettsomrade/arbeidsrett
2026-02-14 23:17:48,611 - INFO -    📜 Scrolling to load documents...
2026-02-14 23:18:00,229 - INFO -    📎 Found 43 documents
2026-02-14 23:18:00,229 - INFO - 🚀 Processing 43 documents
2026-02-14 23:18:00,229 - INFO - 
   [1/43] Processing document...
2026-02-14 23:18:00,230 - INFO - 📄 Scraping document...
2026-02-14 23:18:08,020 - INFO - HTTP Request: GET https://vegzmiigjvetbaqqcukd.supabase.co/rest/v1/lovdata_metadata?select=file_name&file_name=eq.NL.xml&limit=1 "HTTP/1.1 200 OK"
2026-02-14 23:18:08,038 - INFO - ✓ XML saved: ./scraped_xml\Legal_Areas/Labor_Law\Labor_Law\NL.xml
2026-02-14 23:18:08,251 - INFO - HTTP Request: GET https://vegzmiigjvetbaqqcukd.supabase.co/rest/v1/lovdata_metadata?select=file_hash&file_hash=eq.d3887ed0f014f1f5eea79376566f9b64&limit=1 "HTTP/1.1 200 OK"
2026-02-14 23:18:08,562 - INFO - 
   [2/43] Processing document...
2026-02-14 23:18:08,563 - INFO - 📄 Scraping document...
2026-02-14 23:18:10,934 - INFO - HTTP Request: GET https://vegzmiigjvetbaqqcukd.supabase.co/rest/v1/lovdata_metadata?select=file_name&file_name=eq.NL.xml&limit=1 "HTTP/1.1 200 OK"
2026-02-14 23:18:10,968 - INFO - ✓ XML saved: ./scraped_xml\Legal_Areas/Labor_Law\Labor_Law\NL.xml
2026-02-14 23:18:11,177 - INFO - HTTP Request: GET https://vegzmiigjvetbaqqcukd.supabase.co/rest/v1/lovdata_metadata?select=file_hash&file_hash=eq.7e81ce480a560d608a4ee5fdf9719380&limit=1 "HTTP/1.1 200 OK"
2026-02-14 23:18:11,480 - INFO - 
   [3/43] Processing document...
2026-02-14 23:18:11,480 - INFO - 📄 Scraping document...
2026-02-14 23:18:13,849 - INFO - HTTP Request: GET https://vegzmiigjvetbaqqcukd.supabase.co/rest/v1/lovdata_metadata?select=file_name&file_name=eq.NL.xml&limit=1 "HTTP/1.1 200 OK"
2026-02-14 23:18:13,884 - INFO - ✓ XML saved: ./scraped_xml\Legal_Areas/Labor_Law\Labor_Law\NL.xml
2026-02-14 23:18:14,099 - INFO - HTTP Request: GET https://vegzmiigjvetbaqqcukd.supabase.co/rest/v1/lovdata_metadata?select=file_hash&file_hash=eq.2177c11ed62f592919fc887a067699e9&limit=1 "HTTP/1.1 200 OK"
2026-02-14 23:18:14,408 - INFO - 
   [4/43] Processing document...
2026-02-14 23:18:14,408 - INFO - 📄 Scraping document...
2026-02-14 23:18:17,141 - INFO - HTTP Request: GET https://vegzmiigjvetbaqqcukd.supabase.co/rest/v1/lovdata_metadata?select=file_name&file_name=eq.HRSTR.xml&limit=1 "HTTP/1.1 200 OK"
2026-02-14 23:18:17,175 - INFO - ✓ XML saved: ./scraped_xml\Legal_Areas/Labor_Law\Labor_Law\HRSTR.xml
2026-02-14 23:18:17,400 - INFO - HTTP Request: GET https://vegzmiigjvetbaqqcukd.supabase.co/rest/v1/lovdata_metadata?select=file_hash&file_hash=eq.fefd424f22e4b79406be526d807b97e3&limit=1 "HTTP/1.1 200 OK"
2026-02-14 23:18:17,704 - INFO - 
   [5/43] Processing document...
2026-02-14 23:18:17,704 - INFO - 📄 Scraping document...
2026-02-14 23:18:38,248 - WARNING - ⚠️  Attempt 1/3 failed: Message: 
Stacktrace:
Symbols not available. Dumping unresolved backtrace:
	0x7ff7f053f3d5
	0x7ff7f0
2026-02-14 23:18:38,248 - INFO - 🔄 Retrying in 3 seconds...
2026-02-14 23:18:44,349 - INFO - 📄 Scraping document...
2026-02-14 23:19:04,806 - WARNING - ⚠️  Attempt 2/3 failed: Message: 
Stacktrace:
Symbols not available. Dumping unresolved backtrace:
	0x7ff7f053f3d5
	0x7ff7f0
2026-02-14 23:19:04,806 - INFO - 🔄 Retrying in 3 seconds...
2026-02-14 23:19:10,845 - INFO - 📄 Scraping document...
2026-02-14 23:19:31,378 - WARNING - ⚠️  Attempt 3/3 failed: Message: 
Stacktrace:
Symbols not available. Dumping unresolved backtrace:
	0x7ff7f053f3d5
	0x7ff7f0
2026-02-14 23:19:31,379 - ERROR - ❌ Failed to scrape document https://lovdata.no/pro/#document/HRSIV/avgjorelse/hr-2026-372-a after 3 attempts
2026-02-14 23:19:31,691 - INFO - 
   [6/43] Processing document...
2026-02-14 23:19:31,691 - INFO - 📄 Scraping document...
2026-02-14 23:19:51,803 - WARNING - ⚠️  Attempt 1/3 failed: Message: 
Stacktrace:
Symbols not available. Dumping unresolved backtrace:
	0x7ff7f053f3d5
	0x7ff7f0
2026-02-14 23:19:51,804 - INFO - 🔄 Retrying in 3 seconds...
2026-02-14 23:19:57,889 - INFO - 📄 Scraping document...
2026-02-14 23:20:18,295 - WARNING - ⚠️  Attempt 2/3 failed: Message: 
Stacktrace:
Symbols not available. Dumping unresolved backtrace:
	0x7ff7f053f3d5
	0x7ff7f0
2026-02-14 23:20:18,296 - INFO - 🔄 Retrying in 3 seconds...
2026-02-14 23:20:20,484 - INFO - 
⬆️  Uploading batch (4 documents)
2026-02-14 23:20:20,986 - INFO - HTTP Request: POST https://vegzmiigjvetbaqqcukd.supabase.co/storage/v1/object/lovdata-docs/Legal_Areas/Labor_Law/Labor_Law/NL.xml "HTTP/2 400 Bad Request"
2026-02-14 23:20:20,987 - ERROR - ✗ Bucket upload failed: {'statusCode': 400, 'error': 'Unauthorized', 'message': 'new row violates row-level security policy'}
2026-02-14 23:20:21,166 - INFO - HTTP Request: POST https://vegzmiigjvetbaqqcukd.supabase.co/storage/v1/object/lovdata-docs/Legal_Areas/Labor_Law/Labor_Law/NL.xml "HTTP/2 400 Bad Request"
2026-02-14 23:20:21,184 - ERROR - ✗ Bucket upload failed: {'statusCode': 400, 'error': 'Unauthorized', 'message': 'new row violates row-level security policy'}
2026-02-14 23:20:21,323 - INFO - HTTP Request: POST https://vegzmiigjvetbaqqcukd.supabase.co/storage/v1/object/lovdata-docs/Legal_Areas/Labor_Law/Labor_Law/NL.xml "HTTP/2 400 Bad Request"
2026-02-14 23:20:21,326 - ERROR - ✗ Bucket upload failed: {'statusCode': 400, 'error': 'Unauthorized', 'message': 'new row violates row-level security policy'}
2026-02-14 23:20:21,494 - INFO - HTTP Request: POST https://vegzmiigjvetbaqqcukd.supabase.co/storage/v1/object/lovdata-docs/Legal_Areas/Labor_Law/Labor_Law/HRSTR.xml "HTTP/2 400 Bad Request"
2026-02-14 23:20:21,497 - ERROR - ✗ Bucket upload failed: {'statusCode': 400, 'error': 'Unauthorized', 'message': 'new row violates row-level security policy'}
2026-02-14 23:20:21,505 - INFO - ✅ Batch upload complete

