2026-03-04 12:25:41,835 - INFO - ✓ Supabase bucket : legal_area
2026-03-04 12:25:41,836 - INFO - ✓ Supabase table  : legal_area_metadata
2026-03-04 12:25:41,836 - INFO - ✓ StorageHandler initialized
2026-03-04 12:25:42,601 - INFO - HTTP Request: GET https://exeklzgcqykkutjfikei.supabase.co/rest/v1/scraper_claims?select=area_key&limit=1 "HTTP/1.1 404 Not Found"
2026-03-04 12:25:42,604 - WARNING - ⚠️  scraper_claims table not found — parallel claim tracking disabled. Create it with:  CREATE TABLE scraper_claims (area_key TEXT PRIMARY KEY, claimed_by TEXT, claimed_at TIMESTAMPTZ, status TEXT);
2026-03-04 12:25:42,605 - INFO - ======================================================================
2026-03-04 12:25:42,605 - INFO - ENV / CONFIG
2026-03-04 12:25:42,606 - INFO -   WORKER ID       : 43e332e7
2026-03-04 12:25:42,606 - INFO -   SUPABASE_TABLE  : legal_area_metadata
2026-03-04 12:25:42,606 - INFO -   SUPABASE_BUCKET : legal_area
2026-03-04 12:25:42,606 - INFO -   BASE_DIR        : ./scraped_xml
2026-03-04 12:25:42,606 - INFO -   TIMEOUT         : 30
2026-03-04 12:25:42,607 - INFO -   HEADLESS        : False
2026-03-04 12:25:42,607 - INFO -   YEAR RANGE      : 2000 – 2026
2026-03-04 12:25:42,607 - INFO -   BATCH SIZE      : 10
2026-03-04 12:25:42,607 - INFO - ======================================================================
2026-03-04 12:25:46,550 - INFO - ✅ Login successful
2026-03-04 12:25:51,807 - INFO - ✅ Tree nodes present
2026-03-04 12:25:52,830 - INFO - Found 35 tree node(s)
2026-03-04 12:25:53,300 - INFO - 📋 ROOT categories: 35
2026-03-04 12:25:53,334 - INFO - 📊 Total ROOTs: 35
2026-03-04 12:25:58,467 - INFO - ✅ Tree nodes present
2026-03-04 12:25:59,483 - INFO - Found 35 tree node(s)
2026-03-04 12:25:59,808 - INFO - 📋 ROOT categories: 35
2026-03-04 12:25:59,808 - INFO - 
======================================================================
2026-03-04 12:25:59,809 - INFO - [1/35] ROOT: Anskaffelser, avtaler, bygg og entrepriser
2026-03-04 12:25:59,809 - INFO - ======================================================================
2026-03-04 12:26:01,769 - INFO -    Branch count: 5
2026-03-04 12:26:06,960 - INFO - ✅ Tree nodes present
2026-03-04 12:26:07,971 - INFO - Found 40 tree node(s)
2026-03-04 12:26:08,292 - INFO - 📋 ROOT categories: 40
2026-03-04 12:26:09,460 - INFO -    [1/5] BRANCH: Anskaffelser
2026-03-04 12:26:11,226 - INFO -       Leaf count: 0
2026-03-04 12:26:11,226 - INFO - 🔍 Scraping  root='Anskaffelser, avtaler, bygg og entrepriser'  branch='Anskaffelser'  leaf=''
2026-03-04 12:26:11,574 - INFO - HTTP Request: GET https://exeklzgcqykkutjfikei.supabase.co/rest/v1/scraper_claims?select=claimed_by%2Cclaimed_at%2Cstatus&area_key=eq.Anskaffelser_avtaler_bygg_og_entrepriser/Anskaffelser/_ "HTTP/1.1 404 Not Found"
2026-03-04 12:26:11,575 - WARNING - ⚠️  Claim check failed ({'code': 'PGRST205', 'details': None, 'hint': None, 'message': "Could not find the table 'public.scraper_claims' in the schema cache"}) — proceeding anyway: Anskaffelser_avtaler_bygg_og_entrepriser/Anskaffelser/_
2026-03-04 12:26:12,091 - INFO -     ✅ div.legal-area-header present
2026-03-04 12:26:12,119 - INFO -     Found 11 anchor links in legal-area-header
2026-03-04 12:26:12,148 - INFO -     ✓ Section: 'Siste dokumenter'  →  LATEST DOCUMENTS  (div#saker)
2026-03-04 12:26:12,174 - INFO -     ✓ Section: 'Lover'  →  LAWS  (div#lover)
2026-03-04 12:26:12,197 - INFO -     ✓ Section: 'Forskrifter'  →  REGULATIONS  (div#forskrifter)
2026-03-04 12:26:12,226 - INFO -     ✓ Section: 'Avgjørelser fra Høyesterett'  →  DECISIONS FROM THE SUPREME COURT  (div#hr)
2026-03-04 12:26:12,253 - INFO -     ✓ Section: 'Avgjørelser fra lagmannsrettene'  →  DECISIONS FROM THE COURTS OF APPEAL  (div#lr)
2026-03-04 12:26:12,278 - INFO -     ✓ Section: 'Avgjørelser fra tingrettene'  →  DECISIONS FROM THE DISTRICT COURTS  (div#tr)
2026-03-04 12:26:12,304 - INFO -     ✓ Section: 'Artikler'  →  ARTICLES  (div#artikler)
2026-03-04 12:26:12,331 - INFO -     ✓ Section: 'Dokumenter fra Klagenemnda for offentlige anskaffelser'  →  DOCUMENTS FROM THE PUBLIC PROCUREMENT COMPLAINTS BOARD  (div#kofa)
2026-03-04 12:26:12,360 - INFO -     ✓ Section: 'Dokumenter fra Byggebransjens Faglig Juridiske Råd'  →  DOCUMENTS FROM THE CONSTRUCTION INDUSTRY LEGAL COUNCIL  (div#bfjr)
2026-03-04 12:26:12,389 - INFO -     ✓ Section: 'Dokumenter fra Justisdepartementet'  →  DOCUMENTS FROM THE MINISTRY OF JUSTICE  (div#jd)
2026-03-04 12:26:12,415 - INFO -     ✓ Section: 'Andre dokumenter'  →  OTHER DOCUMENTS  (div#otherBases)
2026-03-04 12:26:12,415 - INFO - 
    ════════════════════════════════════════════════
    11 SECTIONS FOUND — processing one by one
    ════════════════════════════════════════════════
2026-03-04 12:26:12,416 - INFO - 
    ── [1/11] LATEST DOCUMENTS ──
2026-03-04 12:26:12,644 - INFO -     👆 Clicked section tab: 'Siste dokumenter'
2026-03-04 12:26:14,167 - INFO -     ✅ Heading div#saker found
2026-03-04 12:26:14,299 - INFO -     ℹ️  No 'Vis alle' button found for div#saker
2026-03-04 12:26:14,527 - INFO -       page 1: +10 new  (total: 10 / expected: ?)
2026-03-04 12:26:14,555 - INFO -     ⏹  No toolbar found for div#saker
2026-03-04 12:26:14,557 - INFO -     ✅ COMPLETE 'LATEST DOCUMENTS'  expected=None  collected=10
2026-03-04 12:26:14,558 - INFO - 
    ── [2/11] LAWS ──
2026-03-04 12:26:14,791 - INFO -     👆 Clicked section tab: 'Lover'
2026-03-04 12:26:16,312 - INFO -     ✅ Heading div#lover found
2026-03-04 12:26:16,410 - INFO -     ℹ️  No 'Vis alle' button found for div#lover
2026-03-04 12:26:16,492 - INFO -       page 1: +2 new  (total: 2 / expected: ?)
2026-03-04 12:26:16,525 - INFO -     ⏹  No toolbar found for div#lover
2026-03-04 12:26:16,526 - INFO -     ✅ COMPLETE 'LAWS'  expected=None  collected=2
2026-03-04 12:26:16,526 - INFO - 
    ── [3/11] REGULATIONS ──
2026-03-04 12:26:16,754 - INFO -     👆 Clicked section tab: 'Forskrifter'
2026-03-04 12:26:18,276 - INFO -     ✅ Heading div#forskrifter found
2026-03-04 12:26:18,375 - INFO -     📊 'Vis alle' text: 'Vis alle 16 forskriftene'  →  count=None
2026-03-04 12:26:18,630 - INFO -     ✅ Vis alle clicked — expected=None
2026-03-04 12:26:21,150 - INFO -       page 1: +0 new  (total: 0 / expected: ?)
2026-03-04 12:26:21,168 - INFO -     ⏹  No Next button for div#forskrifter
2026-03-04 12:26:21,169 - INFO -     ✅ COMPLETE 'REGULATIONS'  expected=None  collected=0
2026-03-04 12:26:21,170 - INFO - 
    ── [4/11] DECISIONS FROM THE SUPREME COURT ──
2026-03-04 12:26:21,187 - ERROR -     ❌ Section 'DECISIONS FROM THE SUPREME COURT' crashed: Message: stale element reference: stale element not found in the current frame
  (Session info: chrome=145.0.7632.117); For documentation on this error, please visit: https://www.selenium.dev/documentation/webdriver/troubleshooting/errors#stale-element-reference-exception
Stacktrace:
Symbols not available. Dumping unresolved backtrace:
	0x7ff65c3faa55
	0x7ff65c158630
	0x7ff65beed75d
	0x7ff65bef56c1
	0x7ff65bef8b7e
	0x7ff65bf96ce1
	0x7ff65bf719da
	0x7ff65bf9591c
	0x7ff65bf39098
	0x7ff65bf39f83
	0x7ff65c427810
	0x7ff65c421afd
	0x7ff65c442c1a
	0x7ff65c173345
	0x7ff65c17b81c
	0x7ff65c161924
	0x7ff65c161ad6
	0x7ff65c147e47
	0x7ff8152b259d
	0x7ff81702af78
Traceback (most recent call last):
  File "D:\lovdata_pro\scraper.py", line 725, in collect_urls_from_current_view
  File "D:\lovdata_pro\venv\Lib\site-packages\selenium\webdriver\remote\webdriver.py", line 407, in execute_script
    return self.execute(command, {"script": script, "args": converted_args})["value"]
           ^^^^^^^^^^^^^^^^^^^^^^^^^^^^^^^^^^^^^^^^^^^^^^^^^^^^^^^^^^^^^^^^^
  File "D:\lovdata_pro\venv\Lib\site-packages\selenium\webdriver\remote\webdriver.py", line 347, in execute
    self.error_handler.check_response(response)
  File "D:\lovdata_pro\venv\Lib\site-packages\selenium\webdriver\remote\errorhandler.py", line 229, in check_response
    raise exception_class(message, screen, stacktrace)
selenium.common.exceptions.StaleElementReferenceException: Message: stale element reference: stale element not found in the current frame
  (Session info: chrome=145.0.7632.117); For documentation on this error, please visit: https://www.selenium.dev/documentation/webdriver/troubleshooting/errors#stale-element-reference-exception
Stacktrace:
Symbols not available. Dumping unresolved backtrace:
	0x7ff65c3faa55
	0x7ff65c158630
	0x7ff65beed75d
	0x7ff65bef56c1
	0x7ff65bef8b7e
	0x7ff65bf96ce1
	0x7ff65bf719da
	0x7ff65bf9591c
	0x7ff65bf39098
	0x7ff65bf39f83
	0x7ff65c427810
	0x7ff65c421afd
	0x7ff65c442c1a
	0x7ff65c173345
	0x7ff65c17b81c
	0x7ff65c161924
	0x7ff65c161ad6
	0x7ff65c147e47
	0x7ff8152b259d
	0x7ff81702af78

2026-03-04 12:26:21,260 - INFO - 
    ── [5/11] DECISIONS FROM THE COURTS OF APPEAL ──
2026-03-04 12:26:21,273 - ERROR -     ❌ Section 'DECISIONS FROM THE COURTS OF APPEAL' crashed: Message: stale element reference: stale element not found in the current frame
  (Session info: chrome=145.0.7632.117); For documentation on this error, please visit: https://www.selenium.dev/documentation/webdriver/troubleshooting/errors#stale-element-reference-exception
Stacktrace:
Symbols not available. Dumping unresolved backtrace:
	0x7ff65c3faa55
	0x7ff65c158630
	0x7ff65beed75d
	0x7ff65bef56c1
	0x7ff65bef8b7e
	0x7ff65bf96ce1
	0x7ff65bf719da
	0x7ff65bf9591c
	0x7ff65bf39098
	0x7ff65bf39f83
	0x7ff65c427810
	0x7ff65c421afd
	0x7ff65c442c1a
	0x7ff65c173345
	0x7ff65c17b81c
	0x7ff65c161924
	0x7ff65c161ad6
	0x7ff65c147e47
	0x7ff8152b259d
	0x7ff81702af78
Traceback (most recent call last):
  File "D:\lovdata_pro\scraper.py", line 725, in collect_urls_from_current_view
  File "D:\lovdata_pro\venv\Lib\site-packages\selenium\webdriver\remote\webdriver.py", line 407, in execute_script
    return self.execute(command, {"script": script, "args": converted_args})["value"]
           ^^^^^^^^^^^^^^^^^^^^^^^^^^^^^^^^^^^^^^^^^^^^^^^^^^^^^^^^^^^^^^^^^
  File "D:\lovdata_pro\venv\Lib\site-packages\selenium\webdriver\remote\webdriver.py", line 347, in execute
    self.error_handler.check_response(response)
  File "D:\lovdata_pro\venv\Lib\site-packages\selenium\webdriver\remote\errorhandler.py", line 229, in check_response
    raise exception_class(message, screen, stacktrace)
selenium.common.exceptions.StaleElementReferenceException: Message: stale element reference: stale element not found in the current frame
  (Session info: chrome=145.0.7632.117); For documentation on this error, please visit: https://www.selenium.dev/documentation/webdriver/troubleshooting/errors#stale-element-reference-exception
Stacktrace:
Symbols not available. Dumping unresolved backtrace:
	0x7ff65c3faa55
	0x7ff65c158630
	0x7ff65beed75d
	0x7ff65bef56c1
	0x7ff65bef8b7e
	0x7ff65bf96ce1
	0x7ff65bf719da
	0x7ff65bf9591c
	0x7ff65bf39098
	0x7ff65bf39f83
	0x7ff65c427810
	0x7ff65c421afd
	0x7ff65c442c1a
	0x7ff65c173345
	0x7ff65c17b81c
	0x7ff65c161924
	0x7ff65c161ad6
	0x7ff65c147e47
	0x7ff8152b259d
	0x7ff81702af78

2026-03-04 12:26:21,276 - INFO - 
    ── [6/11] DECISIONS FROM THE DISTRICT COURTS ──
2026-03-04 12:26:21,290 - ERROR -     ❌ Section 'DECISIONS FROM THE DISTRICT COURTS' crashed: Message: stale element reference: stale element not found in the current frame
  (Session info: chrome=145.0.7632.117); For documentation on this error, please visit: https://www.selenium.dev/documentation/webdriver/troubleshooting/errors#stale-element-reference-exception
Stacktrace:
Symbols not available. Dumping unresolved backtrace:
	0x7ff65c3faa55
	0x7ff65c158630
	0x7ff65beed75d
	0x7ff65bef56c1
	0x7ff65bef8b7e
	0x7ff65bf96ce1
	0x7ff65bf719da
	0x7ff65bf9591c
	0x7ff65bf39098
	0x7ff65bf39f83
	0x7ff65c427810
	0x7ff65c421afd
	0x7ff65c442c1a
	0x7ff65c173345
	0x7ff65c17b81c
	0x7ff65c161924
	0x7ff65c161ad6
	0x7ff65c147e47
	0x7ff8152b259d
	0x7ff81702af78
Traceback (most recent call last):
  File "D:\lovdata_pro\scraper.py", line 725, in collect_urls_from_current_view
  File "D:\lovdata_pro\venv\Lib\site-packages\selenium\webdriver\remote\webdriver.py", line 407, in execute_script
    return self.execute(command, {"script": script, "args": converted_args})["value"]
           ^^^^^^^^^^^^^^^^^^^^^^^^^^^^^^^^^^^^^^^^^^^^^^^^^^^^^^^^^^^^^^^^^
  File "D:\lovdata_pro\venv\Lib\site-packages\selenium\webdriver\remote\webdriver.py", line 347, in execute
    self.error_handler.check_response(response)
  File "D:\lovdata_pro\venv\Lib\site-packages\selenium\webdriver\remote\errorhandler.py", line 229, in check_response
    raise exception_class(message, screen, stacktrace)
selenium.common.exceptions.StaleElementReferenceException: Message: stale element reference: stale element not found in the current frame
  (Session info: chrome=145.0.7632.117); For documentation on this error, please visit: https://www.selenium.dev/documentation/webdriver/troubleshooting/errors#stale-element-reference-exception
Stacktrace:
Symbols not available. Dumping unresolved backtrace:
	0x7ff65c3faa55
	0x7ff65c158630
	0x7ff65beed75d
	0x7ff65bef56c1
	0x7ff65bef8b7e
	0x7ff65bf96ce1
	0x7ff65bf719da
	0x7ff65bf9591c
	0x7ff65bf39098
	0x7ff65bf39f83
	0x7ff65c427810
	0x7ff65c421afd
	0x7ff65c442c1a
	0x7ff65c173345
	0x7ff65c17b81c
	0x7ff65c161924
	0x7ff65c161ad6
	0x7ff65c147e47
	0x7ff8152b259d
	0x7ff81702af78

2026-03-04 12:26:21,293 - INFO - 
    ── [7/11] ARTICLES ──
2026-03-04 12:26:21,308 - ERROR -     ❌ Section 'ARTICLES' crashed: Message: stale element reference: stale element not found in the current frame
  (Session info: chrome=145.0.7632.117); For documentation on this error, please visit: https://www.selenium.dev/documentation/webdriver/troubleshooting/errors#stale-element-reference-exception
Stacktrace:
Symbols not available. Dumping unresolved backtrace:
	0x7ff65c3faa55
	0x7ff65c158630
	0x7ff65beed75d
	0x7ff65bef56c1
	0x7ff65bef8b7e
	0x7ff65bf96ce1
	0x7ff65bf719da
	0x7ff65bf9591c
	0x7ff65bf39098
	0x7ff65bf39f83
	0x7ff65c427810
	0x7ff65c421afd
	0x7ff65c442c1a
	0x7ff65c173345
	0x7ff65c17b81c
	0x7ff65c161924
	0x7ff65c161ad6
	0x7ff65c147e47
	0x7ff8152b259d
	0x7ff81702af78
Traceback (most recent call last):
  File "D:\lovdata_pro\scraper.py", line 725, in collect_urls_from_current_view
  File "D:\lovdata_pro\venv\Lib\site-packages\selenium\webdriver\remote\webdriver.py", line 407, in execute_script
    return self.execute(command, {"script": script, "args": converted_args})["value"]
           ^^^^^^^^^^^^^^^^^^^^^^^^^^^^^^^^^^^^^^^^^^^^^^^^^^^^^^^^^^^^^^^^^
  File "D:\lovdata_pro\venv\Lib\site-packages\selenium\webdriver\remote\webdriver.py", line 347, in execute
    self.error_handler.check_response(response)
  File "D:\lovdata_pro\venv\Lib\site-packages\selenium\webdriver\remote\errorhandler.py", line 229, in check_response
    raise exception_class(message, screen, stacktrace)
selenium.common.exceptions.StaleElementReferenceException: Message: stale element reference: stale element not found in the current frame
  (Session info: chrome=145.0.7632.117); For documentation on this error, please visit: https://www.selenium.dev/documentation/webdriver/troubleshooting/errors#stale-element-reference-exception
Stacktrace:
Symbols not available. Dumping unresolved backtrace:
	0x7ff65c3faa55
	0x7ff65c158630
	0x7ff65beed75d
	0x7ff65bef56c1
	0x7ff65bef8b7e
	0x7ff65bf96ce1
	0x7ff65bf719da
	0x7ff65bf9591c
	0x7ff65bf39098
	0x7ff65bf39f83
	0x7ff65c427810
	0x7ff65c421afd
	0x7ff65c442c1a
	0x7ff65c173345
	0x7ff65c17b81c
	0x7ff65c161924
	0x7ff65c161ad6
	0x7ff65c147e47
	0x7ff8152b259d
	0x7ff81702af78

2026-03-04 12:26:21,311 - INFO - 
    ── [8/11] DOCUMENTS FROM THE PUBLIC PROCUREMENT COMPLAINTS BOARD ──
2026-03-04 12:26:21,327 - ERROR -     ❌ Section 'DOCUMENTS FROM THE PUBLIC PROCUREMENT COMPLAINTS BOARD' crashed: Message: stale element reference: stale element not found in the current frame
  (Session info: chrome=145.0.7632.117); For documentation on this error, please visit: https://www.selenium.dev/documentation/webdriver/troubleshooting/errors#stale-element-reference-exception
Stacktrace:
Symbols not available. Dumping unresolved backtrace:
	0x7ff65c3faa55
	0x7ff65c158630
	0x7ff65beed75d
	0x7ff65bef56c1
	0x7ff65bef8b7e
	0x7ff65bf96ce1
	0x7ff65bf719da
	0x7ff65bf9591c
	0x7ff65bf39098
	0x7ff65bf39f83
	0x7ff65c427810
	0x7ff65c421afd
	0x7ff65c442c1a
	0x7ff65c173345
	0x7ff65c17b81c
	0x7ff65c161924
	0x7ff65c161ad6
	0x7ff65c147e47
	0x7ff8152b259d
	0x7ff81702af78
Traceback (most recent call last):
  File "D:\lovdata_pro\scraper.py", line 725, in collect_urls_from_current_view
  File "D:\lovdata_pro\venv\Lib\site-packages\selenium\webdriver\remote\webdriver.py", line 407, in execute_script
    return self.execute(command, {"script": script, "args": converted_args})["value"]
           ^^^^^^^^^^^^^^^^^^^^^^^^^^^^^^^^^^^^^^^^^^^^^^^^^^^^^^^^^^^^^^^^^
  File "D:\lovdata_pro\venv\Lib\site-packages\selenium\webdriver\remote\webdriver.py", line 347, in execute
    self.error_handler.check_response(response)
  File "D:\lovdata_pro\venv\Lib\site-packages\selenium\webdriver\remote\errorhandler.py", line 229, in check_response
    raise exception_class(message, screen, stacktrace)
selenium.common.exceptions.StaleElementReferenceException: Message: stale element reference: stale element not found in the current frame
  (Session info: chrome=145.0.7632.117); For documentation on this error, please visit: https://www.selenium.dev/documentation/webdriver/troubleshooting/errors#stale-element-reference-exception
Stacktrace:
Symbols not available. Dumping unresolved backtrace:
	0x7ff65c3faa55
	0x7ff65c158630
	0x7ff65beed75d
	0x7ff65bef56c1
	0x7ff65bef8b7e
	0x7ff65bf96ce1
	0x7ff65bf719da
	0x7ff65bf9591c
	0x7ff65bf39098
	0x7ff65bf39f83
	0x7ff65c427810
	0x7ff65c421afd
	0x7ff65c442c1a
	0x7ff65c173345
	0x7ff65c17b81c
	0x7ff65c161924
	0x7ff65c161ad6
	0x7ff65c147e47
	0x7ff8152b259d
	0x7ff81702af78

2026-03-04 12:26:21,329 - INFO - 
    ── [9/11] DOCUMENTS FROM THE CONSTRUCTION INDUSTRY LEGAL COUNCIL ──
2026-03-04 12:26:21,344 - ERROR -     ❌ Section 'DOCUMENTS FROM THE CONSTRUCTION INDUSTRY LEGAL COUNCIL' crashed: Message: stale element reference: stale element not found in the current frame
  (Session info: chrome=145.0.7632.117); For documentation on this error, please visit: https://www.selenium.dev/documentation/webdriver/troubleshooting/errors#stale-element-reference-exception
Stacktrace:
Symbols not available. Dumping unresolved backtrace:
	0x7ff65c3faa55
	0x7ff65c158630
	0x7ff65beed75d
	0x7ff65bef56c1
	0x7ff65bef8b7e
	0x7ff65bf96ce1
	0x7ff65bf719da
	0x7ff65bf9591c
	0x7ff65bf39098
	0x7ff65bf39f83
	0x7ff65c427810
	0x7ff65c421afd
	0x7ff65c442c1a
	0x7ff65c173345
	0x7ff65c17b81c
	0x7ff65c161924
	0x7ff65c161ad6
	0x7ff65c147e47
	0x7ff8152b259d
	0x7ff81702af78
Traceback (most recent call last):
  File "D:\lovdata_pro\scraper.py", line 725, in collect_urls_from_current_view
  File "D:\lovdata_pro\venv\Lib\site-packages\selenium\webdriver\remote\webdriver.py", line 407, in execute_script
    return self.execute(command, {"script": script, "args": converted_args})["value"]
           ^^^^^^^^^^^^^^^^^^^^^^^^^^^^^^^^^^^^^^^^^^^^^^^^^^^^^^^^^^^^^^^^^
  File "D:\lovdata_pro\venv\Lib\site-packages\selenium\webdriver\remote\webdriver.py", line 347, in execute
    self.error_handler.check_response(response)
  File "D:\lovdata_pro\venv\Lib\site-packages\selenium\webdriver\remote\errorhandler.py", line 229, in check_response
    raise exception_class(message, screen, stacktrace)
selenium.common.exceptions.StaleElementReferenceException: Message: stale element reference: stale element not found in the current frame
  (Session info: chrome=145.0.7632.117); For documentation on this error, please visit: https://www.selenium.dev/documentation/webdriver/troubleshooting/errors#stale-element-reference-exception
Stacktrace:
Symbols not available. Dumping unresolved backtrace:
	0x7ff65c3faa55
	0x7ff65c158630
	0x7ff65beed75d
	0x7ff65bef56c1
	0x7ff65bef8b7e
	0x7ff65bf96ce1
	0x7ff65bf719da
	0x7ff65bf9591c
	0x7ff65bf39098
	0x7ff65bf39f83
	0x7ff65c427810
	0x7ff65c421afd
	0x7ff65c442c1a
	0x7ff65c173345
	0x7ff65c17b81c
	0x7ff65c161924
	0x7ff65c161ad6
	0x7ff65c147e47
	0x7ff8152b259d
	0x7ff81702af78

2026-03-04 12:26:21,347 - INFO - 
    ── [10/11] DOCUMENTS FROM THE MINISTRY OF JUSTICE ──
2026-03-04 12:26:21,363 - ERROR -     ❌ Section 'DOCUMENTS FROM THE MINISTRY OF JUSTICE' crashed: Message: stale element reference: stale element not found in the current frame
  (Session info: chrome=145.0.7632.117); For documentation on this error, please visit: https://www.selenium.dev/documentation/webdriver/troubleshooting/errors#stale-element-reference-exception
Stacktrace:
Symbols not available. Dumping unresolved backtrace:
	0x7ff65c3faa55
	0x7ff65c158630
	0x7ff65beed75d
	0x7ff65bef56c1
	0x7ff65bef8b7e
	0x7ff65bf96ce1
	0x7ff65bf719da
	0x7ff65bf9591c
	0x7ff65bf39098
	0x7ff65bf39f83
	0x7ff65c427810
	0x7ff65c421afd
	0x7ff65c442c1a
	0x7ff65c173345
	0x7ff65c17b81c
	0x7ff65c161924
	0x7ff65c161ad6
	0x7ff65c147e47
	0x7ff8152b259d
	0x7ff81702af78
Traceback (most recent call last):
  File "D:\lovdata_pro\scraper.py", line 725, in collect_urls_from_current_view
  File "D:\lovdata_pro\venv\Lib\site-packages\selenium\webdriver\remote\webdriver.py", line 407, in execute_script
    return self.execute(command, {"script": script, "args": converted_args})["value"]
           ^^^^^^^^^^^^^^^^^^^^^^^^^^^^^^^^^^^^^^^^^^^^^^^^^^^^^^^^^^^^^^^^^
  File "D:\lovdata_pro\venv\Lib\site-packages\selenium\webdriver\remote\webdriver.py", line 347, in execute
    self.error_handler.check_response(response)
  File "D:\lovdata_pro\venv\Lib\site-packages\selenium\webdriver\remote\errorhandler.py", line 229, in check_response
    raise exception_class(message, screen, stacktrace)
selenium.common.exceptions.StaleElementReferenceException: Message: stale element reference: stale element not found in the current frame
  (Session info: chrome=145.0.7632.117); For documentation on this error, please visit: https://www.selenium.dev/documentation/webdriver/troubleshooting/errors#stale-element-reference-exception
Stacktrace:
Symbols not available. Dumping unresolved backtrace:
	0x7ff65c3faa55
	0x7ff65c158630
	0x7ff65beed75d
	0x7ff65bef56c1
	0x7ff65bef8b7e
	0x7ff65bf96ce1
	0x7ff65bf719da
	0x7ff65bf9591c
	0x7ff65bf39098
	0x7ff65bf39f83
	0x7ff65c427810
	0x7ff65c421afd
	0x7ff65c442c1a
	0x7ff65c173345
	0x7ff65c17b81c
	0x7ff65c161924
	0x7ff65c161ad6
	0x7ff65c147e47
	0x7ff8152b259d
	0x7ff81702af78

2026-03-04 12:26:21,366 - INFO - 
    ── [11/11] OTHER DOCUMENTS ──
2026-03-04 12:26:21,380 - ERROR -     ❌ Section 'OTHER DOCUMENTS' crashed: Message: stale element reference: stale element not found in the current frame
  (Session info: chrome=145.0.7632.117); For documentation on this error, please visit: https://www.selenium.dev/documentation/webdriver/troubleshooting/errors#stale-element-reference-exception
Stacktrace:
Symbols not available. Dumping unresolved backtrace:
	0x7ff65c3faa55
	0x7ff65c158630
	0x7ff65beed75d
	0x7ff65bef56c1
	0x7ff65bef8b7e
	0x7ff65bf96ce1
	0x7ff65bf719da
	0x7ff65bf9591c
	0x7ff65bf39098
	0x7ff65bf39f83
	0x7ff65c427810
	0x7ff65c421afd
	0x7ff65c442c1a
	0x7ff65c173345
	0x7ff65c17b81c
	0x7ff65c161924
	0x7ff65c161ad6
	0x7ff65c147e47
	0x7ff8152b259d
	0x7ff81702af78
Traceback (most recent call last):
  File "D:\lovdata_pro\scraper.py", line 725, in collect_urls_from_current_view
  File "D:\lovdata_pro\venv\Lib\site-packages\selenium\webdriver\remote\webdriver.py", line 407, in execute_script
    return self.execute(command, {"script": script, "args": converted_args})["value"]
           ^^^^^^^^^^^^^^^^^^^^^^^^^^^^^^^^^^^^^^^^^^^^^^^^^^^^^^^^^^^^^^^^^
  File "D:\lovdata_pro\venv\Lib\site-packages\selenium\webdriver\remote\webdriver.py", line 347, in execute
    self.error_handler.check_response(response)
  File "D:\lovdata_pro\venv\Lib\site-packages\selenium\webdriver\remote\errorhandler.py", line 229, in check_response
    raise exception_class(message, screen, stacktrace)
selenium.common.exceptions.StaleElementReferenceException: Message: stale element reference: stale element not found in the current frame
  (Session info: chrome=145.0.7632.117); For documentation on this error, please visit: https://www.selenium.dev/documentation/webdriver/troubleshooting/errors#stale-element-reference-exception
Stacktrace:
Symbols not available. Dumping unresolved backtrace:
	0x7ff65c3faa55
	0x7ff65c158630
	0x7ff65beed75d
	0x7ff65bef56c1
	0x7ff65bef8b7e
	0x7ff65bf96ce1
	0x7ff65bf719da
	0x7ff65bf9591c
	0x7ff65bf39098
	0x7ff65bf39f83
	0x7ff65c427810
	0x7ff65c421afd
	0x7ff65c442c1a
	0x7ff65c173345
	0x7ff65c17b81c
	0x7ff65c161924
	0x7ff65c161ad6
	0x7ff65c147e47
	0x7ff8152b259d
	0x7ff81702af78

2026-03-04 12:26:21,382 - INFO - 
    ════════════════════════════════════════════════
    SECTION COLLECTION COMPLETE
    sections=11  total_docs=12
    ════════════════════════════════════════════════
2026-03-04 12:26:21,383 - INFO -    📊 Total sections=11  total_urls=12
2026-03-04 12:26:21,383 - INFO -    📂 SECTION | LATEST DOCUMENTS                                        | expected=None  | found=10
2026-03-04 12:26:22,062 - INFO - HTTP Request: GET https://exeklzgcqykkutjfikei.supabase.co/rest/v1/legal_area_metadata?select=file_name&file_name=eq.EUR_eur-2026-03-06.xml&limit=1 "HTTP/1.1 200 OK"
2026-03-04 12:26:22,072 - INFO - 🌐 Visiting: https://lovdata.no/pro/#document/EUR/eur-2026-03-06
2026-03-04 12:26:26,737 - INFO -   📄 title='EuroRett: Fortrinnsrett til konsesjonskontrakt i strid med k'  date='—'  chars=7157  src=iframe_body
2026-03-04 12:26:26,976 - INFO - HTTP Request: GET https://exeklzgcqykkutjfikei.supabase.co/rest/v1/legal_area_metadata?select=file_hash&file_hash=eq.b9360105783996aee604790fc1b6adda&limit=1 "HTTP/1.1 200 OK"
2026-03-04 12:26:27,029 - INFO - 💾 XML saved: scraped_xml\Anskaffelser_avtaler_bygg_og_entrepriser\Anskaffelser\leaf\EUR_eur-2026-03-06.xml  root='Anskaffelser, avtaler, bygg og entrepriser'  branch='Anskaffelser'  leaf='(none)'  size=8182b
2026-03-04 12:26:27,034 - INFO - ✅ Queued [1/10] EUR_eur-2026-03-06.xml                   type=LATEST DOCUMENTS               source=iframe_body
2026-03-04 12:26:29,257 - INFO - HTTP Request: GET https://exeklzgcqykkutjfikei.supabase.co/rest/v1/legal_area_metadata?select=file_name&file_name=eq.TRSIV_avgjorelse_tosl-2025-198508.xml&limit=1 "HTTP/1.1 200 OK"
2026-03-04 12:26:29,258 - INFO - 🌐 Visiting: https://lovdata.no/pro/#document/TRSIV/avgjorelse/tosl-2025-198508
2026-03-04 12:26:33,903 - INFO -   📄 title='TOSL-2025-198508'  date='—'  chars=64069  src=iframe_body
2026-03-04 12:26:34,109 - INFO - HTTP Request: GET https://exeklzgcqykkutjfikei.supabase.co/rest/v1/legal_area_metadata?select=file_hash&file_hash=eq.47168ad5f1148b454f57d7febae93fa6&limit=1 "HTTP/1.1 200 OK"
2026-03-04 12:26:34,138 - INFO - 💾 XML saved: scraped_xml\Anskaffelser_avtaler_bygg_og_entrepriser\Anskaffelser\leaf\TRSIV_avgjorelse_tosl-2025-198508.xml  root='Anskaffelser, avtaler, bygg og entrepriser'  branch='Anskaffelser'  leaf='(none)'  size=66542b
2026-03-04 12:26:34,139 - INFO - ✅ Queued [2/10] TRSIV_avgjorelse_tosl-2025-198508.xml    type=LATEST DOCUMENTS               source=iframe_body
2026-03-04 12:26:36,337 - INFO - HTTP Request: GET https://exeklzgcqykkutjfikei.supabase.co/rest/v1/legal_area_metadata?select=file_name&file_name=eq.TRSIV_avgjorelse_tosl-2025-180124.xml&limit=1 "HTTP/1.1 200 OK"
2026-03-04 12:26:36,339 - INFO - 🌐 Visiting: https://lovdata.no/pro/#document/TRSIV/avgjorelse/tosl-2025-180124
2026-03-04 12:26:42,157 - INFO -   📄 title='TOSL-2025-180124'  date='—'  chars=42492  src=iframe_body
2026-03-04 12:26:42,549 - INFO - HTTP Request: GET https://exeklzgcqykkutjfikei.supabase.co/rest/v1/legal_area_metadata?select=file_hash&file_hash=eq.d9c1673b499db7d2f07340fd71ff7c77&limit=1 "HTTP/1.1 200 OK"
2026-03-04 12:26:42,575 - INFO - 💾 XML saved: scraped_xml\Anskaffelser_avtaler_bygg_og_entrepriser\Anskaffelser\leaf\TRSIV_avgjorelse_tosl-2025-180124.xml  root='Anskaffelser, avtaler, bygg og entrepriser'  branch='Anskaffelser'  leaf='(none)'  size=44404b
2026-03-04 12:26:42,576 - INFO - ✅ Queued [3/10] TRSIV_avgjorelse_tosl-2025-180124.xml    type=LATEST DOCUMENTS               source=iframe_body
2026-03-04 12:26:44,788 - INFO - HTTP Request: GET https://exeklzgcqykkutjfikei.supabase.co/rest/v1/legal_area_metadata?select=file_name&file_name=eq.EUR_eur-2026-01-02.xml&limit=1 "HTTP/1.1 200 OK"
2026-03-04 12:26:44,789 - INFO - 🌐 Visiting: https://lovdata.no/pro/#document/EUR/eur-2026-01-02
2026-03-04 12:26:49,397 - INFO -   📄 title='EuroRett: Om brudd på anskaffelsesregelverket var «tilstrekk'  date='—'  chars=7488  src=iframe_body
2026-03-04 12:26:49,643 - INFO - HTTP Request: GET https://exeklzgcqykkutjfikei.supabase.co/rest/v1/legal_area_metadata?select=file_hash&file_hash=eq.12653d30d522417cf617d017eb90cb58&limit=1 "HTTP/1.1 200 OK"
2026-03-04 12:26:49,670 - INFO - 💾 XML saved: scraped_xml\Anskaffelser_avtaler_bygg_og_entrepriser\Anskaffelser\leaf\EUR_eur-2026-01-02.xml  root='Anskaffelser, avtaler, bygg og entrepriser'  branch='Anskaffelser'  leaf='(none)'  size=8572b
2026-03-04 12:26:49,671 - INFO - ✅ Queued [4/10] EUR_eur-2026-01-02.xml                   type=LATEST DOCUMENTS               source=iframe_body
2026-03-04 12:26:51,887 - INFO - HTTP Request: GET https://exeklzgcqykkutjfikei.supabase.co/rest/v1/legal_area_metadata?select=file_name&file_name=eq.ROO_rundskriv_is-2026-9001.xml&limit=1 "HTTP/1.1 200 OK"
2026-03-04 12:26:51,888 - INFO - 🌐 Visiting: https://lovdata.no/pro/#document/ROO/rundskriv/is-2026-9001
2026-03-04 12:27:00,170 - INFO -   📄 title='Helse- og omsorgstjenesteloven med kommentarer'  date='—'  chars=265572  src=iframe_body
2026-03-04 12:27:00,506 - INFO - HTTP Request: GET https://exeklzgcqykkutjfikei.supabase.co/rest/v1/legal_area_metadata?select=file_hash&file_hash=eq.6385afb2af37ff97f374785736bd0648&limit=1 "HTTP/1.1 200 OK"
2026-03-04 12:27:00,579 - INFO - 💾 XML saved: scraped_xml\Anskaffelser_avtaler_bygg_og_entrepriser\Anskaffelser\leaf\ROO_rundskriv_is-2026-9001.xml  root='Anskaffelser, avtaler, bygg og entrepriser'  branch='Anskaffelser'  leaf='(none)'  size=273761b
2026-03-04 12:27:00,581 - INFO - ✅ Queued [5/10] ROO_rundskriv_is-2026-9001.xml           type=LATEST DOCUMENTS               source=iframe_body
2026-03-04 12:27:02,775 - INFO - HTTP Request: GET https://exeklzgcqykkutjfikei.supabase.co/rest/v1/legal_area_metadata?select=file_name&file_name=eq.LBSIV_avgjorelse_lb-2025-171257.xml&limit=1 "HTTP/1.1 200 OK"
2026-03-04 12:27:02,776 - INFO - 🌐 Visiting: https://lovdata.no/pro/#document/LBSIV/avgjorelse/lb-2025-171257
2026-03-04 12:27:07,472 - INFO -   📄 title='LB-2025-171257'  date='—'  chars=58084  src=iframe_body
2026-03-04 12:27:07,665 - INFO - HTTP Request: GET https://exeklzgcqykkutjfikei.supabase.co/rest/v1/legal_area_metadata?select=file_hash&file_hash=eq.4e59ca943d0cdff0b4bc0bb04b3fd9f3&limit=1 "HTTP/1.1 200 OK"
2026-03-04 12:27:07,699 - INFO - 💾 XML saved: scraped_xml\Anskaffelser_avtaler_bygg_og_entrepriser\Anskaffelser\leaf\LBSIV_avgjorelse_lb-2025-171257.xml  root='Anskaffelser, avtaler, bygg og entrepriser'  branch='Anskaffelser'  leaf='(none)'  size=60353b
2026-03-04 12:27:07,700 - INFO - ✅ Queued [6/10] LBSIV_avgjorelse_lb-2025-171257.xml      type=LATEST DOCUMENTS               source=iframe_body
2026-03-04 12:27:09,903 - INFO - HTTP Request: GET https://exeklzgcqykkutjfikei.supabase.co/rest/v1/legal_area_metadata?select=file_name&file_name=eq.INNST_forarbeid_inns-38-l-202526.xml&limit=1 "HTTP/1.1 200 OK"
2026-03-04 12:27:09,906 - INFO - 🌐 Visiting: https://lovdata.no/pro/#document/INNST/forarbeid/inns-38-l-202526
2026-03-04 12:27:14,580 - INFO -   📄 title='Innst. 38 L (2025–2026) Innstilling fra næringskomiteen om L'  date='—'  chars=67596  src=iframe_body
2026-03-04 12:27:14,803 - INFO - HTTP Request: GET https://exeklzgcqykkutjfikei.supabase.co/rest/v1/legal_area_metadata?select=file_hash&file_hash=eq.1446a643f59c8900c2a62bfff46235e9&limit=1 "HTTP/1.1 200 OK"
2026-03-04 12:27:14,829 - INFO - 💾 XML saved: scraped_xml\Anskaffelser_avtaler_bygg_og_entrepriser\Anskaffelser\leaf\INNST_forarbeid_inns-38-l-202526.xml  root='Anskaffelser, avtaler, bygg og entrepriser'  branch='Anskaffelser'  leaf='(none)'  size=70687b
2026-03-04 12:27:14,830 - INFO - ✅ Queued [7/10] INNST_forarbeid_inns-38-l-202526.xml     type=LATEST DOCUMENTS               source=iframe_body
2026-03-04 12:27:17,035 - INFO - HTTP Request: GET https://exeklzgcqykkutjfikei.supabase.co/rest/v1/legal_area_metadata?select=file_name&file_name=eq.TRSIV_avgjorelse_tsol-2025-181219.xml&limit=1 "HTTP/1.1 200 OK"
2026-03-04 12:27:17,037 - INFO - 🌐 Visiting: https://lovdata.no/pro/#document/TRSIV/avgjorelse/tsol-2025-181219
2026-03-04 12:27:21,612 - INFO -   📄 title='TSOL-2025-181219'  date='—'  chars=72769  src=iframe_body
2026-03-04 12:27:21,801 - INFO - HTTP Request: GET https://exeklzgcqykkutjfikei.supabase.co/rest/v1/legal_area_metadata?select=file_hash&file_hash=eq.3dfba0f8f2abdb465e271aa00507c6ae&limit=1 "HTTP/1.1 200 OK"
2026-03-04 12:27:21,824 - INFO - 💾 XML saved: scraped_xml\Anskaffelser_avtaler_bygg_og_entrepriser\Anskaffelser\leaf\TRSIV_avgjorelse_tsol-2025-181219.xml  root='Anskaffelser, avtaler, bygg og entrepriser'  branch='Anskaffelser'  leaf='(none)'  size=75419b
2026-03-04 12:27:21,824 - INFO - ✅ Queued [8/10] TRSIV_avgjorelse_tsol-2025-181219.xml    type=LATEST DOCUMENTS               source=iframe_body
2026-03-04 12:27:24,018 - INFO - HTTP Request: GET https://exeklzgcqykkutjfikei.supabase.co/rest/v1/legal_area_metadata?select=file_name&file_name=eq.EUR_eur-2025-20-04.xml&limit=1 "HTTP/1.1 200 OK"
2026-03-04 12:27:24,019 - INFO - 🌐 Visiting: https://lovdata.no/pro/#document/EUR/eur-2025-20-04
2026-03-04 12:27:28,686 - INFO -   📄 title='Høyesterett om adgangen til å reservere konkurransen om kont'  date='—'  chars=8681  src=iframe_body
2026-03-04 12:27:28,915 - INFO - HTTP Request: GET https://exeklzgcqykkutjfikei.supabase.co/rest/v1/legal_area_metadata?select=file_hash&file_hash=eq.0a42933a6ef3000a2dabc0c4b4610ecd&limit=1 "HTTP/1.1 200 OK"
2026-03-04 12:27:28,939 - INFO - 💾 XML saved: scraped_xml\Anskaffelser_avtaler_bygg_og_entrepriser\Anskaffelser\leaf\EUR_eur-2025-20-04.xml  root='Anskaffelser, avtaler, bygg og entrepriser'  branch='Anskaffelser'  leaf='(none)'  size=9845b
2026-03-04 12:27:28,939 - INFO - ✅ Queued [9/10] EUR_eur-2025-20-04.xml                   type=LATEST DOCUMENTS               source=iframe_body
2026-03-04 12:27:31,145 - INFO - HTTP Request: GET https://exeklzgcqykkutjfikei.supabase.co/rest/v1/legal_area_metadata?select=file_name&file_name=eq.LBSIV_avgjorelse_lb-2025-26330.xml&limit=1 "HTTP/1.1 200 OK"
2026-03-04 12:27:31,151 - INFO - 🌐 Visiting: https://lovdata.no/pro/#document/LBSIV/avgjorelse/lb-2025-26330
2026-03-04 12:27:35,638 - INFO -   📄 title='LB-2025-26330'  date='—'  chars=61339  src=iframe_body
2026-03-04 12:27:35,849 - INFO - HTTP Request: GET https://exeklzgcqykkutjfikei.supabase.co/rest/v1/legal_area_metadata?select=file_hash&file_hash=eq.df2e4d79e6d57edcb375ded613540295&limit=1 "HTTP/1.1 200 OK"
2026-03-04 12:27:35,881 - INFO - 💾 XML saved: scraped_xml\Anskaffelser_avtaler_bygg_og_entrepriser\Anskaffelser\leaf\LBSIV_avgjorelse_lb-2025-26330.xml  root='Anskaffelser, avtaler, bygg og entrepriser'  branch='Anskaffelser'  leaf='(none)'  size=63704b
2026-03-04 12:27:35,881 - INFO - ✅ Queued [10/10] LBSIV_avgjorelse_lb-2025-26330.xml       type=LATEST DOCUMENTS               source=iframe_body
2026-03-04 12:27:35,883 - INFO - 
2026-03-04 12:27:35,883 - INFO - ━━━━━━━━━━━━━━━━━━━━━━━━━━━━━━━━━━━━━━━━━━━━━━━━━━━━━━━━━━━━━━━━━━━━━━
2026-03-04 12:27:35,884 - INFO - ⬆️  BATCH UPLOAD — 10 XML files
2026-03-04 12:27:35,884 - INFO - ━━━━━━━━━━━━━━━━━━━━━━━━━━━━━━━━━━━━━━━━━━━━━━━━━━━━━━━━━━━━━━━━━━━━━━
2026-03-04 12:27:35,885 - INFO -   [1/10] Uploading: EUR_eur-2026-03-06.xml → bucket: Anskaffelser_avtaler_bygg_og_entrepriser/Anskaffelser/leaf/EUR_eur-2026-03-06.xml
2026-03-04 12:27:36,833 - INFO - HTTP Request: POST https://exeklzgcqykkutjfikei.supabase.co/storage/v1/object/legal_area/Anskaffelser_avtaler_bygg_og_entrepriser/Anskaffelser/leaf/EUR_eur-2026-03-06.xml "HTTP/2 400 Bad Request"
2026-03-04 12:27:36,833 - ERROR - ✗ Upload failed [Anskaffelser_avtaler_bygg_og_entrepriser/Anskaffelser/leaf/EUR_eur-2026-03-06.xml]: {'statusCode': 400, 'error': 'Unauthorized', 'message': 'new row violates row-level security policy'}
2026-03-04 12:27:36,833 - ERROR -   ❌ Upload failed: EUR_eur-2026-03-06.xml
2026-03-04 12:27:36,833 - INFO -   [2/10] Uploading: TRSIV_avgjorelse_tosl-2025-198508.xml → bucket: Anskaffelser_avtaler_bygg_og_entrepriser/Anskaffelser/leaf/TRSIV_avgjorelse_tosl-2025-198508.xml
2026-03-04 12:27:37,308 - INFO - HTTP Request: POST https://exeklzgcqykkutjfikei.supabase.co/storage/v1/object/legal_area/Anskaffelser_avtaler_bygg_og_entrepriser/Anskaffelser/leaf/TRSIV_avgjorelse_tosl-2025-198508.xml "HTTP/2 400 Bad Request"
2026-03-04 12:27:37,310 - ERROR - ✗ Upload failed [Anskaffelser_avtaler_bygg_og_entrepriser/Anskaffelser/leaf/TRSIV_avgjorelse_tosl-2025-198508.xml]: {'statusCode': 400, 'error': 'Unauthorized', 'message': 'new row violates row-level security policy'}
2026-03-04 12:27:37,311 - ERROR -   ❌ Upload failed: TRSIV_avgjorelse_tosl-2025-198508.xml
2026-03-04 12:27:37,311 - INFO -   [3/10] Uploading: TRSIV_avgjorelse_tosl-2025-180124.xml → bucket: Anskaffelser_avtaler_bygg_og_entrepriser/Anskaffelser/leaf/TRSIV_avgjorelse_tosl-2025-180124.xml
2026-03-04 12:27:37,713 - INFO - HTTP Request: POST https://exeklzgcqykkutjfikei.supabase.co/storage/v1/object/legal_area/Anskaffelser_avtaler_bygg_og_entrepriser/Anskaffelser/leaf/TRSIV_avgjorelse_tosl-2025-180124.xml "HTTP/2 400 Bad Request"
2026-03-04 12:27:37,748 - ERROR - ✗ Upload failed [Anskaffelser_avtaler_bygg_og_entrepriser/Anskaffelser/leaf/TRSIV_avgjorelse_tosl-2025-180124.xml]: {'statusCode': 400, 'error': 'Unauthorized', 'message': 'new row violates row-level security policy'}
2026-03-04 12:27:37,749 - ERROR -   ❌ Upload failed: TRSIV_avgjorelse_tosl-2025-180124.xml
2026-03-04 12:27:37,750 - INFO -   [4/10] Uploading: EUR_eur-2026-01-02.xml → bucket: Anskaffelser_avtaler_bygg_og_entrepriser/Anskaffelser/leaf/EUR_eur-2026-01-02.xml
2026-03-04 12:27:38,004 - INFO - HTTP Request: POST https://exeklzgcqykkutjfikei.supabase.co/storage/v1/object/legal_area/Anskaffelser_avtaler_bygg_og_entrepriser/Anskaffelser/leaf/EUR_eur-2026-01-02.xml "HTTP/2 400 Bad Request"
2026-03-04 12:27:38,005 - ERROR - ✗ Upload failed [Anskaffelser_avtaler_bygg_og_entrepriser/Anskaffelser/leaf/EUR_eur-2026-01-02.xml]: {'statusCode': 400, 'error': 'Unauthorized', 'message': 'new row violates row-level security policy'}
2026-03-04 12:27:38,006 - ERROR -   ❌ Upload failed: EUR_eur-2026-01-02.xml
2026-03-04 12:27:38,006 - INFO -   [5/10] Uploading: ROO_rundskriv_is-2026-9001.xml → bucket: Anskaffelser_avtaler_bygg_og_entrepriser/Anskaffelser/leaf/ROO_rundskriv_is-2026-9001.xml
2026-03-04 12:27:38,872 - INFO - HTTP Request: POST https://exeklzgcqykkutjfikei.supabase.co/storage/v1/object/legal_area/Anskaffelser_avtaler_bygg_og_entrepriser/Anskaffelser/leaf/ROO_rundskriv_is-2026-9001.xml "HTTP/2 400 Bad Request"
2026-03-04 12:27:38,872 - ERROR - ✗ Upload failed [Anskaffelser_avtaler_bygg_og_entrepriser/Anskaffelser/leaf/ROO_rundskriv_is-2026-9001.xml]: {'statusCode': 400, 'error': 'Unauthorized', 'message': 'new row violates row-level security policy'}
2026-03-04 12:27:38,876 - ERROR -   ❌ Upload failed: ROO_rundskriv_is-2026-9001.xml
2026-03-04 12:27:38,876 - INFO -   [6/10] Uploading: LBSIV_avgjorelse_lb-2025-171257.xml → bucket: Anskaffelser_avtaler_bygg_og_entrepriser/Anskaffelser/leaf/LBSIV_avgjorelse_lb-2025-171257.xml
2026-03-04 12:27:39,271 - INFO - HTTP Request: POST https://exeklzgcqykkutjfikei.supabase.co/storage/v1/object/legal_area/Anskaffelser_avtaler_bygg_og_entrepriser/Anskaffelser/leaf/LBSIV_avgjorelse_lb-2025-171257.xml "HTTP/2 400 Bad Request"
2026-03-04 12:27:39,271 - ERROR - ✗ Upload failed [Anskaffelser_avtaler_bygg_og_entrepriser/Anskaffelser/leaf/LBSIV_avgjorelse_lb-2025-171257.xml]: {'statusCode': 400, 'error': 'Unauthorized', 'message': 'new row violates row-level security policy'}
2026-03-04 12:27:39,271 - ERROR -   ❌ Upload failed: LBSIV_avgjorelse_lb-2025-171257.xml
2026-03-04 12:27:39,285 - INFO -   [7/10] Uploading: INNST_forarbeid_inns-38-l-202526.xml → bucket: Anskaffelser_avtaler_bygg_og_entrepriser/Anskaffelser/leaf/INNST_forarbeid_inns-38-l-202526.xml
2026-03-04 12:27:39,654 - INFO - HTTP Request: POST https://exeklzgcqykkutjfikei.supabase.co/storage/v1/object/legal_area/Anskaffelser_avtaler_bygg_og_entrepriser/Anskaffelser/leaf/INNST_forarbeid_inns-38-l-202526.xml "HTTP/2 400 Bad Request"
2026-03-04 12:27:39,654 - ERROR - ✗ Upload failed [Anskaffelser_avtaler_bygg_og_entrepriser/Anskaffelser/leaf/INNST_forarbeid_inns-38-l-202526.xml]: {'statusCode': 400, 'error': 'Unauthorized', 'message': 'new row violates row-level security policy'}
2026-03-04 12:27:39,654 - ERROR -   ❌ Upload failed: INNST_forarbeid_inns-38-l-202526.xml
2026-03-04 12:27:39,654 - INFO -   [8/10] Uploading: TRSIV_avgjorelse_tsol-2025-181219.xml → bucket: Anskaffelser_avtaler_bygg_og_entrepriser/Anskaffelser/leaf/TRSIV_avgjorelse_tsol-2025-181219.xml
2026-03-04 12:27:40,042 - INFO - HTTP Request: POST https://exeklzgcqykkutjfikei.supabase.co/storage/v1/object/legal_area/Anskaffelser_avtaler_bygg_og_entrepriser/Anskaffelser/leaf/TRSIV_avgjorelse_tsol-2025-181219.xml "HTTP/2 400 Bad Request"
2026-03-04 12:27:40,044 - ERROR - ✗ Upload failed [Anskaffelser_avtaler_bygg_og_entrepriser/Anskaffelser/leaf/TRSIV_avgjorelse_tsol-2025-181219.xml]: {'statusCode': 400, 'error': 'Unauthorized', 'message': 'new row violates row-level security policy'}
2026-03-04 12:27:40,044 - ERROR -   ❌ Upload failed: TRSIV_avgjorelse_tsol-2025-181219.xml
2026-03-04 12:27:40,045 - INFO -   [9/10] Uploading: EUR_eur-2025-20-04.xml → bucket: Anskaffelser_avtaler_bygg_og_entrepriser/Anskaffelser/leaf/EUR_eur-2025-20-04.xml
2026-03-04 12:27:40,315 - INFO - HTTP Request: POST https://exeklzgcqykkutjfikei.supabase.co/storage/v1/object/legal_area/Anskaffelser_avtaler_bygg_og_entrepriser/Anskaffelser/leaf/EUR_eur-2025-20-04.xml "HTTP/2 400 Bad Request"
2026-03-04 12:27:40,317 - ERROR - ✗ Upload failed [Anskaffelser_avtaler_bygg_og_entrepriser/Anskaffelser/leaf/EUR_eur-2025-20-04.xml]: {'statusCode': 400, 'error': 'Unauthorized', 'message': 'new row violates row-level security policy'}
2026-03-04 12:27:40,318 - ERROR -   ❌ Upload failed: EUR_eur-2025-20-04.xml
2026-03-04 12:27:40,318 - INFO -   [10/10] Uploading: LBSIV_avgjorelse_lb-2025-26330.xml → bucket: Anskaffelser_avtaler_bygg_og_entrepriser/Anskaffelser/leaf/LBSIV_avgjorelse_lb-2025-26330.xml
2026-03-04 12:27:40,815 - INFO - HTTP Request: POST https://exeklzgcqykkutjfikei.supabase.co/storage/v1/object/legal_area/Anskaffelser_avtaler_bygg_og_entrepriser/Anskaffelser/leaf/LBSIV_avgjorelse_lb-2025-26330.xml "HTTP/2 400 Bad Request"
2026-03-04 12:27:40,816 - ERROR - ✗ Upload failed [Anskaffelser_avtaler_bygg_og_entrepriser/Anskaffelser/leaf/LBSIV_avgjorelse_lb-2025-26330.xml]: {'statusCode': 400, 'error': 'Unauthorized', 'message': 'new row violates row-level security policy'}
2026-03-04 12:27:40,817 - ERROR -   ❌ Upload failed: LBSIV_avgjorelse_lb-2025-26330.xml
2026-03-04 12:27:40,819 - INFO - ✅ Batch complete — all 10 files uploaded & local copies removed
2026-03-04 12:27:40,820 - INFO - ━━━━━━━━━━━━━━━━━━━━━━━━━━━━━━━━━━━━━━━━━━━━━━━━━━━━━━━━━━━━━━━━━━━━━━
2026-03-04 12:27:40,820 - INFO - 
2026-03-04 12:27:42,822 - INFO -    📂 SECTION | LAWS                                                    | expected=None  | found=2
2026-03-04 12:27:43,177 - INFO - HTTP Request: GET https://exeklzgcqykkutjfikei.supabase.co/rest/v1/legal_area_metadata?select=file_name&file_name=eq.NL_lov_2016-06-17-73.xml&limit=1 "HTTP/1.1 200 OK"
2026-03-04 12:27:43,181 - INFO - 🌐 Visiting: https://lovdata.no/pro/#document/NL/lov/2016-06-17-73
2026-03-04 12:27:47,551 - INFO -   📄 title='Lov om offentlige anskaffelser (anskaffelsesloven)'  date='—'  chars=230  src=iframe_content
2026-03-04 12:27:47,744 - INFO - HTTP Request: GET https://exeklzgcqykkutjfikei.supabase.co/rest/v1/legal_area_metadata?select=file_hash&file_hash=eq.932e81442d1c88878704ffb862af3df4&limit=1 "HTTP/1.1 200 OK"
2026-03-04 12:27:47,786 - INFO - 💾 XML saved: scraped_xml\Anskaffelser_avtaler_bygg_og_entrepriser\Anskaffelser\leaf\NL_lov_2016-06-17-73.xml  root='Anskaffelser, avtaler, bygg og entrepriser'  branch='Anskaffelser'  leaf='(none)'  size=1059b
2026-03-04 12:27:47,786 - INFO - ✅ Queued [1/10] NL_lov_2016-06-17-73.xml                 type=LAWS                           source=iframe_content
2026-03-04 12:27:49,794 - INFO - ⏭️  Year 1999 out of range — skip: https://lovdata.no/pro/#document/NLO/lov/1999-07-16-69
2026-03-04 12:27:51,795 - INFO -    📂 SECTION | REGULATIONS                                             | expected=None  | found=0
2026-03-04 12:27:51,796 - INFO -    📂 SECTION | DECISIONS FROM THE SUPREME COURT                        | expected=None  | found=0
2026-03-04 12:27:51,796 - INFO -    📂 SECTION | DECISIONS FROM THE COURTS OF APPEAL                     | expected=None  | found=0
2026-03-04 12:27:51,797 - INFO -    📂 SECTION | DECISIONS FROM THE DISTRICT COURTS                      | expected=None  | found=0
2026-03-04 12:27:51,798 - INFO -    📂 SECTION | ARTICLES                                                | expected=None  | found=0
2026-03-04 12:27:51,798 - INFO -    📂 SECTION | DOCUMENTS FROM THE PUBLIC PROCUREMENT COMPLAINTS BOARD  | expected=None  | found=0
2026-03-04 12:27:51,799 - INFO -    📂 SECTION | DOCUMENTS FROM THE CONSTRUCTION INDUSTRY LEGAL COUNCIL  | expected=None  | found=0
2026-03-04 12:27:51,799 - INFO -    📂 SECTION | DOCUMENTS FROM THE MINISTRY OF JUSTICE                  | expected=None  | found=0
2026-03-04 12:27:51,800 - INFO -    📂 SECTION | OTHER DOCUMENTS                                         | expected=None  | found=0
2026-03-04 12:27:52,007 - INFO - HTTP Request: PATCH https://exeklzgcqykkutjfikei.supabase.co/rest/v1/scraper_claims?area_key=eq.Anskaffelser_avtaler_bygg_og_entrepriser/Anskaffelser/_ "HTTP/1.1 404 Not Found"
2026-03-04 12:27:52,009 - WARNING - ⚠️  mark_done failed: {'code': 'PGRST205', 'details': None, 'hint': None, 'message': "Could not find the table 'public.scraper_claims' in the schema cache"}
2026-03-04 12:27:57,360 - INFO - ✅ Tree nodes present
2026-03-04 12:27:58,382 - INFO - Found 35 tree node(s)
2026-03-04 12:27:58,797 - INFO - 📋 ROOT categories: 35
2026-03-04 12:28:00,352 - INFO -    [2/5] BRANCH: Avtaler
2026-03-04 12:28:01,984 - INFO -       Leaf count: 0
2026-03-04 12:28:01,984 - INFO - 🔍 Scraping  root='Anskaffelser, avtaler, bygg og entrepriser'  branch='Avtaler'  leaf=''
2026-03-04 12:28:02,257 - INFO - HTTP Request: GET https://exeklzgcqykkutjfikei.supabase.co/rest/v1/scraper_claims?select=claimed_by%2Cclaimed_at%2Cstatus&area_key=eq.Anskaffelser_avtaler_bygg_og_entrepriser/Avtaler/_ "HTTP/1.1 404 Not Found"
2026-03-04 12:28:02,268 - WARNING - ⚠️  Claim check failed ({'code': 'PGRST205', 'details': None, 'hint': None, 'message': "Could not find the table 'public.scraper_claims' in the schema cache"}) — proceeding anyway: Anskaffelser_avtaler_bygg_og_entrepriser/Avtaler/_
2026-03-04 12:28:02,782 - INFO -     ✅ div.legal-area-header present
2026-03-04 12:28:02,806 - INFO -     Found 11 anchor links in legal-area-header
2026-03-04 12:28:02,826 - INFO -     ✓ Section: 'Siste dokumenter'  →  LATEST DOCUMENTS  (div#saker)
2026-03-04 12:28:02,845 - INFO -     ✓ Section: 'Lover'  →  LAWS  (div#lover)
2026-03-04 12:28:02,889 - INFO -     ✓ Section: 'Forskrifter'  →  REGULATIONS  (div#forskrifter)
2026-03-04 12:28:02,914 - INFO -     ✓ Section: 'Avgjørelser fra Høyesterett'  →  DECISIONS FROM THE SUPREME COURT  (div#hr)
2026-03-04 12:28:02,940 - INFO -     ✓ Section: 'Avgjørelser fra lagmannsrettene'  →  DECISIONS FROM THE COURTS OF APPEAL  (div#lr)
2026-03-04 12:28:02,964 - INFO -     ✓ Section: 'Avgjørelser fra tingrettene'  →  DECISIONS FROM THE DISTRICT COURTS  (div#tr)
2026-03-04 12:28:02,988 - INFO -     ✓ Section: 'Artikler'  →  ARTICLES  (div#artikler)
2026-03-04 12:28:03,010 - INFO -     ✓ Section: 'Dokumenter fra Justisdepartementet'  →  DOCUMENTS FROM THE MINISTRY OF JUSTICE  (div#jd)
2026-03-04 12:28:03,047 - INFO -     ✓ Section: 'Andre dokumenter'  →  OTHER DOCUMENTS  (div#otherBases)
2026-03-04 12:28:03,048 - INFO - 
    ════════════════════════════════════════════════
    9 SECTIONS FOUND — processing one by one
    ════════════════════════════════════════════════
2026-03-04 12:28:03,048 - INFO - 
    ── [1/9] LATEST DOCUMENTS ──
2026-03-04 12:28:03,270 - INFO -     👆 Clicked section tab: 'Siste dokumenter'
2026-03-04 12:28:04,789 - INFO -     ✅ Heading div#saker found
2026-03-04 12:28:04,911 - INFO -     ℹ️  No 'Vis alle' button found for div#saker
2026-03-04 12:28:05,127 - INFO -       page 1: +10 new  (total: 10 / expected: ?)
2026-03-04 12:28:05,153 - INFO -     ⏹  No toolbar found for div#saker
2026-03-04 12:28:05,153 - INFO -     ✅ COMPLETE 'LATEST DOCUMENTS'  expected=None  collected=10
2026-03-04 12:28:05,153 - INFO - 
    ── [2/9] LAWS ──
2026-03-04 12:28:05,383 - INFO -     👆 Clicked section tab: 'Lover'
2026-03-04 12:28:06,901 - INFO -     ✅ Heading div#lover found
2026-03-04 12:28:06,992 - INFO -     ℹ️  No 'Vis alle' button found for div#lover
2026-03-04 12:28:07,096 - INFO -       page 1: +6 new  (total: 6 / expected: ?)
2026-03-04 12:28:07,114 - INFO -     ⏹  No toolbar found for div#lover
2026-03-04 12:28:07,115 - INFO -     ✅ COMPLETE 'LAWS'  expected=None  collected=6
2026-03-04 12:28:07,115 - INFO - 
    ── [3/9] REGULATIONS ──
2026-03-04 12:28:07,338 - INFO -     👆 Clicked section tab: 'Forskrifter'
2026-03-04 12:28:08,857 - INFO -     ✅ Heading div#forskrifter found
2026-03-04 12:28:08,937 - INFO -     ℹ️  No 'Vis alle' button found for div#forskrifter
2026-03-04 12:28:09,001 - INFO -       page 1: +2 new  (total: 2 / expected: ?)
2026-03-04 12:28:09,029 - INFO -     ⏹  No toolbar found for div#forskrifter
2026-03-04 12:28:09,031 - INFO -     ✅ COMPLETE 'REGULATIONS'  expected=None  collected=2
2026-03-04 12:28:09,031 - INFO - 
    ── [4/9] DECISIONS FROM THE SUPREME COURT ──
2026-03-04 12:28:09,259 - INFO -     👆 Clicked section tab: 'Avgjørelser fra Høyesterett'
2026-03-04 12:28:10,777 - INFO -     ✅ Heading div#hr found
2026-03-04 12:28:10,878 - INFO -     📊 'Vis alle' text: 'Vis alle 388 avgjørelsene fra Høyesterett'  →  count=None
2026-03-04 12:28:11,129 - INFO -     ✅ Vis alle clicked — expected=None
2026-03-04 12:28:13,642 - INFO -       page 1: +0 new  (total: 0 / expected: ?)
2026-03-04 12:28:13,653 - INFO -     ⏹  No Next button for div#hr
2026-03-04 12:28:13,653 - INFO -     ✅ COMPLETE 'DECISIONS FROM THE SUPREME COURT'  expected=None  collected=0
2026-03-04 12:28:13,654 - INFO - 
    ── [5/9] DECISIONS FROM THE COURTS OF APPEAL ──
2026-03-04 12:28:13,666 - ERROR -     ❌ Section 'DECISIONS FROM THE COURTS OF APPEAL' crashed: Message: stale element reference: stale element not found in the current frame
  (Session info: chrome=145.0.7632.117); For documentation on this error, please visit: https://www.selenium.dev/documentation/webdriver/troubleshooting/errors#stale-element-reference-exception
Stacktrace:
Symbols not available. Dumping unresolved backtrace:
	0x7ff65c3faa55
	0x7ff65c158630
	0x7ff65beed75d
	0x7ff65bef56c1
	0x7ff65bef8b7e
	0x7ff65bf96ce1
	0x7ff65bf719da
	0x7ff65bf9591c
	0x7ff65bf39098
	0x7ff65bf39f83
	0x7ff65c427810
	0x7ff65c421afd
	0x7ff65c442c1a
	0x7ff65c173345
	0x7ff65c17b81c
	0x7ff65c161924
	0x7ff65c161ad6
	0x7ff65c147e47
	0x7ff8152b259d
	0x7ff81702af78
Traceback (most recent call last):
  File "D:\lovdata_pro\scraper.py", line 725, in collect_urls_from_current_view
  File "D:\lovdata_pro\venv\Lib\site-packages\selenium\webdriver\remote\webdriver.py", line 407, in execute_script
    return self.execute(command, {"script": script, "args": converted_args})["value"]
           ^^^^^^^^^^^^^^^^^^^^^^^^^^^^^^^^^^^^^^^^^^^^^^^^^^^^^^^^^^^^^^^^^
  File "D:\lovdata_pro\venv\Lib\site-packages\selenium\webdriver\remote\webdriver.py", line 347, in execute
    self.error_handler.check_response(response)
  File "D:\lovdata_pro\venv\Lib\site-packages\selenium\webdriver\remote\errorhandler.py", line 229, in check_response
    raise exception_class(message, screen, stacktrace)
selenium.common.exceptions.StaleElementReferenceException: Message: stale element reference: stale element not found in the current frame
  (Session info: chrome=145.0.7632.117); For documentation on this error, please visit: https://www.selenium.dev/documentation/webdriver/troubleshooting/errors#stale-element-reference-exception
Stacktrace:
Symbols not available. Dumping unresolved backtrace:
	0x7ff65c3faa55
	0x7ff65c158630
	0x7ff65beed75d
	0x7ff65bef56c1
	0x7ff65bef8b7e
	0x7ff65bf96ce1
	0x7ff65bf719da
	0x7ff65bf9591c
	0x7ff65bf39098
	0x7ff65bf39f83
	0x7ff65c427810
	0x7ff65c421afd
	0x7ff65c442c1a
	0x7ff65c173345
	0x7ff65c17b81c
	0x7ff65c161924
	0x7ff65c161ad6
	0x7ff65c147e47
	0x7ff8152b259d
	0x7ff81702af78

2026-03-04 12:28:13,668 - INFO - 
    ── [6/9] DECISIONS FROM THE DISTRICT COURTS ──
2026-03-04 12:28:13,677 - ERROR -     ❌ Section 'DECISIONS FROM THE DISTRICT COURTS' crashed: Message: stale element reference: stale element not found in the current frame
  (Session info: chrome=145.0.7632.117); For documentation on this error, please visit: https://www.selenium.dev/documentation/webdriver/troubleshooting/errors#stale-element-reference-exception
Stacktrace:
Symbols not available. Dumping unresolved backtrace:
	0x7ff65c3faa55
	0x7ff65c158630
	0x7ff65beed75d
	0x7ff65bef56c1
	0x7ff65bef8b7e
	0x7ff65bf96ce1
	0x7ff65bf719da
	0x7ff65bf9591c
	0x7ff65bf39098
	0x7ff65bf39f83
	0x7ff65c427810
	0x7ff65c421afd
	0x7ff65c442c1a
	0x7ff65c173345
	0x7ff65c17b81c
	0x7ff65c161924
	0x7ff65c161ad6
	0x7ff65c147e47
	0x7ff8152b259d
	0x7ff81702af78
Traceback (most recent call last):
  File "D:\lovdata_pro\scraper.py", line 725, in collect_urls_from_current_view
  File "D:\lovdata_pro\venv\Lib\site-packages\selenium\webdriver\remote\webdriver.py", line 407, in execute_script
    return self.execute(command, {"script": script, "args": converted_args})["value"]
           ^^^^^^^^^^^^^^^^^^^^^^^^^^^^^^^^^^^^^^^^^^^^^^^^^^^^^^^^^^^^^^^^^
  File "D:\lovdata_pro\venv\Lib\site-packages\selenium\webdriver\remote\webdriver.py", line 347, in execute
    self.error_handler.check_response(response)
  File "D:\lovdata_pro\venv\Lib\site-packages\selenium\webdriver\remote\errorhandler.py", line 229, in check_response
    raise exception_class(message, screen, stacktrace)
selenium.common.exceptions.StaleElementReferenceException: Message: stale element reference: stale element not found in the current frame
  (Session info: chrome=145.0.7632.117); For documentation on this error, please visit: https://www.selenium.dev/documentation/webdriver/troubleshooting/errors#stale-element-reference-exception
Stacktrace:
Symbols not available. Dumping unresolved backtrace:
	0x7ff65c3faa55
	0x7ff65c158630
	0x7ff65beed75d
	0x7ff65bef56c1
	0x7ff65bef8b7e
	0x7ff65bf96ce1
	0x7ff65bf719da
	0x7ff65bf9591c
	0x7ff65bf39098
	0x7ff65bf39f83
	0x7ff65c427810
	0x7ff65c421afd
	0x7ff65c442c1a
	0x7ff65c173345
	0x7ff65c17b81c
	0x7ff65c161924
	0x7ff65c161ad6
	0x7ff65c147e47
	0x7ff8152b259d
	0x7ff81702af78

2026-03-04 12:28:13,680 - INFO - 
    ── [7/9] ARTICLES ──
2026-03-04 12:28:13,690 - ERROR -     ❌ Section 'ARTICLES' crashed: Message: stale element reference: stale element not found in the current frame
  (Session info: chrome=145.0.7632.117); For documentation on this error, please visit: https://www.selenium.dev/documentation/webdriver/troubleshooting/errors#stale-element-reference-exception
Stacktrace:
Symbols not available. Dumping unresolved backtrace:
	0x7ff65c3faa55
	0x7ff65c158630
	0x7ff65beed75d
	0x7ff65bef56c1
	0x7ff65bef8b7e
	0x7ff65bf96ce1
	0x7ff65bf719da
	0x7ff65bf9591c
	0x7ff65bf39098
	0x7ff65bf39f83
	0x7ff65c427810
	0x7ff65c421afd
	0x7ff65c442c1a
	0x7ff65c173345
	0x7ff65c17b81c
	0x7ff65c161924
	0x7ff65c161ad6
	0x7ff65c147e47
	0x7ff8152b259d
	0x7ff81702af78
Traceback (most recent call last):
  File "D:\lovdata_pro\scraper.py", line 725, in collect_urls_from_current_view
  File "D:\lovdata_pro\venv\Lib\site-packages\selenium\webdriver\remote\webdriver.py", line 407, in execute_script
    return self.execute(command, {"script": script, "args": converted_args})["value"]
           ^^^^^^^^^^^^^^^^^^^^^^^^^^^^^^^^^^^^^^^^^^^^^^^^^^^^^^^^^^^^^^^^^
  File "D:\lovdata_pro\venv\Lib\site-packages\selenium\webdriver\remote\webdriver.py", line 347, in execute
    self.error_handler.check_response(response)
  File "D:\lovdata_pro\venv\Lib\site-packages\selenium\webdriver\remote\errorhandler.py", line 229, in check_response
    raise exception_class(message, screen, stacktrace)
selenium.common.exceptions.StaleElementReferenceException: Message: stale element reference: stale element not found in the current frame
  (Session info: chrome=145.0.7632.117); For documentation on this error, please visit: https://www.selenium.dev/documentation/webdriver/troubleshooting/errors#stale-element-reference-exception
Stacktrace:
Symbols not available. Dumping unresolved backtrace:
	0x7ff65c3faa55
	0x7ff65c158630
	0x7ff65beed75d
	0x7ff65bef56c1
	0x7ff65bef8b7e
	0x7ff65bf96ce1
	0x7ff65bf719da
	0x7ff65bf9591c
	0x7ff65bf39098
	0x7ff65bf39f83
	0x7ff65c427810
	0x7ff65c421afd
	0x7ff65c442c1a
	0x7ff65c173345
	0x7ff65c17b81c
	0x7ff65c161924
	0x7ff65c161ad6
	0x7ff65c147e47
	0x7ff8152b259d
	0x7ff81702af78

2026-03-04 12:28:13,692 - INFO - 
    ── [8/9] DOCUMENTS FROM THE MINISTRY OF JUSTICE ──
2026-03-04 12:28:13,701 - ERROR -     ❌ Section 'DOCUMENTS FROM THE MINISTRY OF JUSTICE' crashed: Message: stale element reference: stale element not found in the current frame
  (Session info: chrome=145.0.7632.117); For documentation on this error, please visit: https://www.selenium.dev/documentation/webdriver/troubleshooting/errors#stale-element-reference-exception
Stacktrace:
Symbols not available. Dumping unresolved backtrace:
	0x7ff65c3faa55
	0x7ff65c158630
	0x7ff65beed75d
	0x7ff65bef56c1
	0x7ff65bef8b7e
	0x7ff65bf96ce1
	0x7ff65bf719da
	0x7ff65bf9591c
	0x7ff65bf39098
	0x7ff65bf39f83
	0x7ff65c427810
	0x7ff65c421afd
	0x7ff65c442c1a
	0x7ff65c173345
	0x7ff65c17b81c
	0x7ff65c161924
	0x7ff65c161ad6
	0x7ff65c147e47
	0x7ff8152b259d
	0x7ff81702af78
Traceback (most recent call last):
  File "D:\lovdata_pro\scraper.py", line 725, in collect_urls_from_current_view
  File "D:\lovdata_pro\venv\Lib\site-packages\selenium\webdriver\remote\webdriver.py", line 407, in execute_script
    return self.execute(command, {"script": script, "args": converted_args})["value"]
           ^^^^^^^^^^^^^^^^^^^^^^^^^^^^^^^^^^^^^^^^^^^^^^^^^^^^^^^^^^^^^^^^^
  File "D:\lovdata_pro\venv\Lib\site-packages\selenium\webdriver\remote\webdriver.py", line 347, in execute
    self.error_handler.check_response(response)
  File "D:\lovdata_pro\venv\Lib\site-packages\selenium\webdriver\remote\errorhandler.py", line 229, in check_response
    raise exception_class(message, screen, stacktrace)
selenium.common.exceptions.StaleElementReferenceException: Message: stale element reference: stale element not found in the current frame
  (Session info: chrome=145.0.7632.117); For documentation on this error, please visit: https://www.selenium.dev/documentation/webdriver/troubleshooting/errors#stale-element-reference-exception
Stacktrace:
Symbols not available. Dumping unresolved backtrace:
	0x7ff65c3faa55
	0x7ff65c158630
	0x7ff65beed75d
	0x7ff65bef56c1
	0x7ff65bef8b7e
	0x7ff65bf96ce1
	0x7ff65bf719da
	0x7ff65bf9591c
	0x7ff65bf39098
	0x7ff65bf39f83
	0x7ff65c427810
	0x7ff65c421afd
	0x7ff65c442c1a
	0x7ff65c173345
	0x7ff65c17b81c
	0x7ff65c161924
	0x7ff65c161ad6
	0x7ff65c147e47
	0x7ff8152b259d
	0x7ff81702af78

2026-03-04 12:28:13,704 - INFO - 
    ── [9/9] OTHER DOCUMENTS ──
2026-03-04 12:28:13,713 - ERROR -     ❌ Section 'OTHER DOCUMENTS' crashed: Message: stale element reference: stale element not found in the current frame
  (Session info: chrome=145.0.7632.117); For documentation on this error, please visit: https://www.selenium.dev/documentation/webdriver/troubleshooting/errors#stale-element-reference-exception
Stacktrace:
Symbols not available. Dumping unresolved backtrace:
	0x7ff65c3faa55
	0x7ff65c158630
	0x7ff65beed75d
	0x7ff65bef56c1
	0x7ff65bef8b7e
	0x7ff65bf96ce1
	0x7ff65bf719da
	0x7ff65bf9591c
	0x7ff65bf39098
	0x7ff65bf39f83
	0x7ff65c427810
	0x7ff65c421afd
	0x7ff65c442c1a
	0x7ff65c173345
	0x7ff65c17b81c
	0x7ff65c161924
	0x7ff65c161ad6
	0x7ff65c147e47
	0x7ff8152b259d
	0x7ff81702af78
Traceback (most recent call last):
  File "D:\lovdata_pro\scraper.py", line 725, in collect_urls_from_current_view
  File "D:\lovdata_pro\venv\Lib\site-packages\selenium\webdriver\remote\webdriver.py", line 407, in execute_script
    return self.execute(command, {"script": script, "args": converted_args})["value"]
           ^^^^^^^^^^^^^^^^^^^^^^^^^^^^^^^^^^^^^^^^^^^^^^^^^^^^^^^^^^^^^^^^^
  File "D:\lovdata_pro\venv\Lib\site-packages\selenium\webdriver\remote\webdriver.py", line 347, in execute
    self.error_handler.check_response(response)
  File "D:\lovdata_pro\venv\Lib\site-packages\selenium\webdriver\remote\errorhandler.py", line 229, in check_response
    raise exception_class(message, screen, stacktrace)
selenium.common.exceptions.StaleElementReferenceException: Message: stale element reference: stale element not found in the current frame
  (Session info: chrome=145.0.7632.117); For documentation on this error, please visit: https://www.selenium.dev/documentation/webdriver/troubleshooting/errors#stale-element-reference-exception
Stacktrace:
Symbols not available. Dumping unresolved backtrace:
	0x7ff65c3faa55
	0x7ff65c158630
	0x7ff65beed75d
	0x7ff65bef56c1
	0x7ff65bef8b7e
	0x7ff65bf96ce1
	0x7ff65bf719da
	0x7ff65bf9591c
	0x7ff65bf39098
	0x7ff65bf39f83
	0x7ff65c427810
	0x7ff65c421afd
	0x7ff65c442c1a
	0x7ff65c173345
	0x7ff65c17b81c
	0x7ff65c161924
	0x7ff65c161ad6
	0x7ff65c147e47
	0x7ff8152b259d
	0x7ff81702af78

2026-03-04 12:28:13,715 - INFO - 
    ════════════════════════════════════════════════
    SECTION COLLECTION COMPLETE
    sections=9  total_docs=18
    ════════════════════════════════════════════════
2026-03-04 12:28:13,716 - INFO -    📊 Total sections=9  total_urls=18
2026-03-04 12:28:13,716 - INFO -    📂 SECTION | LATEST DOCUMENTS                                        | expected=None  | found=10
2026-03-04 12:28:14,015 - INFO - HTTP Request: GET https://exeklzgcqykkutjfikei.supabase.co/rest/v1/legal_area_metadata?select=file_name&file_name=eq.LASIV_avgjorelse_la-2025-118666.xml&limit=1 "HTTP/1.1 200 OK"
2026-03-04 12:28:14,017 - INFO - 🌐 Visiting: https://lovdata.no/pro/#document/LASIV/avgjorelse/la-2025-118666
2026-03-04 12:28:18,589 - INFO -   📄 title='LA-2025-118666'  date='—'  chars=75255  src=iframe_body
2026-03-04 12:28:18,778 - INFO - HTTP Request: GET https://exeklzgcqykkutjfikei.supabase.co/rest/v1/legal_area_metadata?select=file_hash&file_hash=eq.aabde62e97ff643dca91d74c7b5221f7&limit=1 "HTTP/1.1 200 OK"
2026-03-04 12:28:18,804 - INFO - 💾 XML saved: scraped_xml\Anskaffelser_avtaler_bygg_og_entrepriser\Avtaler\leaf\LASIV_avgjorelse_la-2025-118666.xml  root='Anskaffelser, avtaler, bygg og entrepriser'  branch='Avtaler'  leaf='(none)'  size=77953b
2026-03-04 12:28:18,805 - INFO - ✅ Queued [2/10] LASIV_avgjorelse_la-2025-118666.xml      type=LATEST DOCUMENTS               source=iframe_body
2026-03-04 12:28:21,010 - INFO - HTTP Request: GET https://exeklzgcqykkutjfikei.supabase.co/rest/v1/legal_area_metadata?select=file_name&file_name=eq.LBSIV_avgjorelse_lb-2025-58098.xml&limit=1 "HTTP/1.1 200 OK"
2026-03-04 12:28:21,011 - INFO - 🌐 Visiting: https://lovdata.no/pro/#document/LBSIV/avgjorelse/lb-2025-58098
2026-03-04 12:28:25,549 - INFO -   📄 title='LB-2025-58098'  date='—'  chars=57651  src=iframe_body
2026-03-04 12:28:25,739 - INFO - HTTP Request: GET https://exeklzgcqykkutjfikei.supabase.co/rest/v1/legal_area_metadata?select=file_hash&file_hash=eq.58bacbd57bfd3e818ff45f4ea0aa2807&limit=1 "HTTP/1.1 200 OK"
2026-03-04 12:28:25,761 - INFO - 💾 XML saved: scraped_xml\Anskaffelser_avtaler_bygg_og_entrepriser\Avtaler\leaf\LBSIV_avgjorelse_lb-2025-58098.xml  root='Anskaffelser, avtaler, bygg og entrepriser'  branch='Avtaler'  leaf='(none)'  size=59968b
2026-03-04 12:28:25,762 - INFO - ✅ Queued [3/10] LBSIV_avgjorelse_lb-2025-58098.xml       type=LATEST DOCUMENTS               source=iframe_body
2026-03-04 12:28:27,982 - INFO - HTTP Request: GET https://exeklzgcqykkutjfikei.supabase.co/rest/v1/legal_area_metadata?select=file_name&file_name=eq.LASIV_avgjorelse_la-2025-102834.xml&limit=1 "HTTP/1.1 200 OK"
2026-03-04 12:28:27,983 - INFO - 🌐 Visiting: https://lovdata.no/pro/#document/LASIV/avgjorelse/la-2025-102834
2026-03-04 12:28:32,689 - INFO -   📄 title='LA-2025-102834'  date='—'  chars=64661  src=iframe_body
2026-03-04 12:28:32,903 - INFO - HTTP Request: GET https://exeklzgcqykkutjfikei.supabase.co/rest/v1/legal_area_metadata?select=file_hash&file_hash=eq.1933425d782e9a03a318fdfdf0e9d22a&limit=1 "HTTP/1.1 200 OK"
2026-03-04 12:28:32,925 - INFO - 💾 XML saved: scraped_xml\Anskaffelser_avtaler_bygg_og_entrepriser\Avtaler\leaf\LASIV_avgjorelse_la-2025-102834.xml  root='Anskaffelser, avtaler, bygg og entrepriser'  branch='Avtaler'  leaf='(none)'  size=67355b
2026-03-04 12:28:32,926 - INFO - ✅ Queued [4/10] LASIV_avgjorelse_la-2025-102834.xml      type=LATEST DOCUMENTS               source=iframe_body
2026-03-04 12:28:35,159 - INFO - HTTP Request: GET https://exeklzgcqykkutjfikei.supabase.co/rest/v1/legal_area_metadata?select=file_name&file_name=eq.LBSIV_avgjorelse_lb-2025-26457.xml&limit=1 "HTTP/1.1 200 OK"
2026-03-04 12:28:35,160 - INFO - 🌐 Visiting: https://lovdata.no/pro/#document/LBSIV/avgjorelse/lb-2025-26457
2026-03-04 12:28:39,859 - INFO -   📄 title='LB-2025-26457'  date='—'  chars=50881  src=iframe_body
2026-03-04 12:28:40,063 - INFO - HTTP Request: GET https://exeklzgcqykkutjfikei.supabase.co/rest/v1/legal_area_metadata?select=file_hash&file_hash=eq.20182b3501bebbae691912bea194f475&limit=1 "HTTP/1.1 200 OK"
2026-03-04 12:28:40,090 - INFO - 💾 XML saved: scraped_xml\Anskaffelser_avtaler_bygg_og_entrepriser\Avtaler\leaf\LBSIV_avgjorelse_lb-2025-26457.xml  root='Anskaffelser, avtaler, bygg og entrepriser'  branch='Avtaler'  leaf='(none)'  size=52762b
2026-03-04 12:28:40,091 - INFO - ✅ Queued [5/10] LBSIV_avgjorelse_lb-2025-26457.xml       type=LATEST DOCUMENTS               source=iframe_body
2026-03-04 12:28:42,298 - INFO - HTTP Request: GET https://exeklzgcqykkutjfikei.supabase.co/rest/v1/legal_area_metadata?select=file_name&file_name=eq.EUR_eur-2026-02-04.xml&limit=1 "HTTP/1.1 200 OK"
2026-03-04 12:28:42,300 - INFO - 🌐 Visiting: https://lovdata.no/pro/#document/EUR/eur-2026-02-04
2026-03-04 12:28:46,822 - INFO -   📄 title='EuroRett: Urimelige vilkår om renteregulering'  date='—'  chars=8287  src=iframe_body
2026-03-04 12:28:47,020 - INFO - HTTP Request: GET https://exeklzgcqykkutjfikei.supabase.co/rest/v1/legal_area_metadata?select=file_hash&file_hash=eq.faa5be4641716bc37745f11a8fc25862&limit=1 "HTTP/1.1 200 OK"
2026-03-04 12:28:47,062 - INFO - 💾 XML saved: scraped_xml\Anskaffelser_avtaler_bygg_og_entrepriser\Avtaler\leaf\EUR_eur-2026-02-04.xml  root='Anskaffelser, avtaler, bygg og entrepriser'  branch='Avtaler'  leaf='(none)'  size=9352b
2026-03-04 12:28:47,063 - INFO - ✅ Queued [6/10] EUR_eur-2026-02-04.xml                   type=LATEST DOCUMENTS               source=iframe_body
2026-03-04 12:28:49,267 - INFO - HTTP Request: GET https://exeklzgcqykkutjfikei.supabase.co/rest/v1/legal_area_metadata?select=file_name&file_name=eq.EUR_eur-2026-02-02.xml&limit=1 "HTTP/1.1 200 OK"
2026-03-04 12:28:49,268 - INFO - 🌐 Visiting: https://lovdata.no/pro/#document/EUR/eur-2026-02-02
2026-03-04 12:28:53,784 - INFO -   📄 title='EuroRett: Bankers motregningskrav og prosessuelle rettighete'  date='—'  chars=6610  src=iframe_body
2026-03-04 12:28:53,966 - INFO - HTTP Request: GET https://exeklzgcqykkutjfikei.supabase.co/rest/v1/legal_area_metadata?select=file_hash&file_hash=eq.5c6dedf9d193360e6c09c49ae2bbedd5&limit=1 "HTTP/1.1 200 OK"
2026-03-04 12:28:53,998 - INFO - 💾 XML saved: scraped_xml\Anskaffelser_avtaler_bygg_og_entrepriser\Avtaler\leaf\EUR_eur-2026-02-02.xml  root='Anskaffelser, avtaler, bygg og entrepriser'  branch='Avtaler'  leaf='(none)'  size=7651b
2026-03-04 12:28:53,998 - INFO - ✅ Queued [7/10] EUR_eur-2026-02-02.xml                   type=LATEST DOCUMENTS               source=iframe_body
2026-03-04 12:28:56,188 - INFO - HTTP Request: GET https://exeklzgcqykkutjfikei.supabase.co/rest/v1/legal_area_metadata?select=file_name&file_name=eq.HRSIV_avgjorelse_hr-2026-280-a.xml&limit=1 "HTTP/1.1 200 OK"
2026-03-04 12:28:56,194 - INFO - 🌐 Visiting: https://lovdata.no/pro/#document/HRSIV/avgjorelse/hr-2026-280-a
2026-03-04 12:29:00,822 - INFO -   📄 title='HR-2026-280-A'  date='—'  chars=32031  src=iframe_body
2026-03-04 12:29:01,025 - INFO - HTTP Request: GET https://exeklzgcqykkutjfikei.supabase.co/rest/v1/legal_area_metadata?select=file_hash&file_hash=eq.86a08d0bbda41e49431562dea29cc8ad&limit=1 "HTTP/1.1 200 OK"
2026-03-04 12:29:01,052 - INFO - 💾 XML saved: scraped_xml\Anskaffelser_avtaler_bygg_og_entrepriser\Avtaler\leaf\HRSIV_avgjorelse_hr-2026-280-a.xml  root='Anskaffelser, avtaler, bygg og entrepriser'  branch='Avtaler'  leaf='(none)'  size=33735b
2026-03-04 12:29:01,053 - INFO - ✅ Queued [8/10] HRSIV_avgjorelse_hr-2026-280-a.xml       type=LATEST DOCUMENTS               source=iframe_body
2026-03-04 12:29:03,270 - INFO - HTTP Request: GET https://exeklzgcqykkutjfikei.supabase.co/rest/v1/legal_area_metadata?select=file_name&file_name=eq.LESIV_avgjorelse_le-2025-55999.xml&limit=1 "HTTP/1.1 200 OK"
2026-03-04 12:29:03,270 - INFO - 🌐 Visiting: https://lovdata.no/pro/#document/LESIV/avgjorelse/le-2025-55999
2026-03-04 12:29:07,858 - INFO -   📄 title='LE-2025-55999'  date='—'  chars=54039  src=iframe_body
2026-03-04 12:29:08,070 - INFO - HTTP Request: GET https://exeklzgcqykkutjfikei.supabase.co/rest/v1/legal_area_metadata?select=file_hash&file_hash=eq.6e703b084a40dab1c95f6eb99619a172&limit=1 "HTTP/1.1 200 OK"
2026-03-04 12:29:08,128 - INFO - 💾 XML saved: scraped_xml\Anskaffelser_avtaler_bygg_og_entrepriser\Avtaler\leaf\LESIV_avgjorelse_le-2025-55999.xml  root='Anskaffelser, avtaler, bygg og entrepriser'  branch='Avtaler'  leaf='(none)'  size=56086b
2026-03-04 12:29:08,129 - INFO - ✅ Queued [9/10] LESIV_avgjorelse_le-2025-55999.xml       type=LATEST DOCUMENTS               source=iframe_body
2026-03-04 12:29:10,330 - INFO - HTTP Request: GET https://exeklzgcqykkutjfikei.supabase.co/rest/v1/legal_area_metadata?select=file_name&file_name=eq.LFSIV_avgjorelse_lf-2025-131361.xml&limit=1 "HTTP/1.1 200 OK"
2026-03-04 12:29:10,331 - INFO - 🌐 Visiting: https://lovdata.no/pro/#document/LFSIV/avgjorelse/lf-2025-131361
2026-03-04 12:29:14,885 - INFO -   📄 title='LF-2025-131361'  date='—'  chars=55074  src=iframe_body
2026-03-04 12:29:15,099 - INFO - HTTP Request: GET https://exeklzgcqykkutjfikei.supabase.co/rest/v1/legal_area_metadata?select=file_hash&file_hash=eq.404b4f9b4d8f013dc114b8c78d4e0c16&limit=1 "HTTP/1.1 200 OK"
2026-03-04 12:29:15,117 - INFO - 💾 XML saved: scraped_xml\Anskaffelser_avtaler_bygg_og_entrepriser\Avtaler\leaf\LFSIV_avgjorelse_lf-2025-131361.xml  root='Anskaffelser, avtaler, bygg og entrepriser'  branch='Avtaler'  leaf='(none)'  size=57277b
2026-03-04 12:29:15,118 - INFO - ✅ Queued [10/10] LFSIV_avgjorelse_lf-2025-131361.xml      type=LATEST DOCUMENTS               source=iframe_body
2026-03-04 12:29:15,118 - INFO - 
2026-03-04 12:29:15,118 - INFO - ━━━━━━━━━━━━━━━━━━━━━━━━━━━━━━━━━━━━━━━━━━━━━━━━━━━━━━━━━━━━━━━━━━━━━━
2026-03-04 12:29:15,118 - INFO - ⬆️  BATCH UPLOAD — 10 XML files
2026-03-04 12:29:15,119 - INFO - ━━━━━━━━━━━━━━━━━━━━━━━━━━━━━━━━━━━━━━━━━━━━━━━━━━━━━━━━━━━━━━━━━━━━━━
2026-03-04 12:29:15,119 - INFO -   [1/10] Uploading: NL_lov_2016-06-17-73.xml → bucket: Anskaffelser_avtaler_bygg_og_entrepriser/Anskaffelser/leaf/NL_lov_2016-06-17-73.xml
2026-03-04 12:29:15,953 - INFO - HTTP Request: POST https://exeklzgcqykkutjfikei.supabase.co/storage/v1/object/legal_area/Anskaffelser_avtaler_bygg_og_entrepriser/Anskaffelser/leaf/NL_lov_2016-06-17-73.xml "HTTP/2 400 Bad Request"
2026-03-04 12:29:15,954 - ERROR - ✗ Upload failed [Anskaffelser_avtaler_bygg_og_entrepriser/Anskaffelser/leaf/NL_lov_2016-06-17-73.xml]: {'statusCode': 400, 'error': 'Unauthorized', 'message': 'new row violates row-level security policy'}
2026-03-04 12:29:15,954 - ERROR -   ❌ Upload failed: NL_lov_2016-06-17-73.xml
2026-03-04 12:29:15,955 - INFO -   [2/10] Uploading: LASIV_avgjorelse_la-2025-118666.xml → bucket: Anskaffelser_avtaler_bygg_og_entrepriser/Avtaler/leaf/LASIV_avgjorelse_la-2025-118666.xml
2026-03-04 12:29:16,364 - INFO - HTTP Request: POST https://exeklzgcqykkutjfikei.supabase.co/storage/v1/object/legal_area/Anskaffelser_avtaler_bygg_og_entrepriser/Avtaler/leaf/LASIV_avgjorelse_la-2025-118666.xml "HTTP/2 400 Bad Request"
2026-03-04 12:29:16,365 - ERROR - ✗ Upload failed [Anskaffelser_avtaler_bygg_og_entrepriser/Avtaler/leaf/LASIV_avgjorelse_la-2025-118666.xml]: {'statusCode': 400, 'error': 'Unauthorized', 'message': 'new row violates row-level security policy'}
2026-03-04 12:29:16,365 - ERROR -   ❌ Upload failed: LASIV_avgjorelse_la-2025-118666.xml
2026-03-04 12:29:16,365 - INFO -   [3/10] Uploading: LBSIV_avgjorelse_lb-2025-58098.xml → bucket: Anskaffelser_avtaler_bygg_og_entrepriser/Avtaler/leaf/LBSIV_avgjorelse_lb-2025-58098.xml
2026-03-04 12:29:16,716 - INFO - HTTP Request: POST https://exeklzgcqykkutjfikei.supabase.co/storage/v1/object/legal_area/Anskaffelser_avtaler_bygg_og_entrepriser/Avtaler/leaf/LBSIV_avgjorelse_lb-2025-58098.xml "HTTP/2 400 Bad Request"
2026-03-04 12:29:16,718 - ERROR - ✗ Upload failed [Anskaffelser_avtaler_bygg_og_entrepriser/Avtaler/leaf/LBSIV_avgjorelse_lb-2025-58098.xml]: {'statusCode': 400, 'error': 'Unauthorized', 'message': 'new row violates row-level security policy'}
2026-03-04 12:29:16,718 - ERROR -   ❌ Upload failed: LBSIV_avgjorelse_lb-2025-58098.xml
2026-03-04 12:29:16,718 - INFO -   [4/10] Uploading: LASIV_avgjorelse_la-2025-102834.xml → bucket: Anskaffelser_avtaler_bygg_og_entrepriser/Avtaler/leaf/LASIV_avgjorelse_la-2025-102834.xml
2026-03-04 12:29:17,784 - INFO - HTTP Request: POST https://exeklzgcqykkutjfikei.supabase.co/storage/v1/object/legal_area/Anskaffelser_avtaler_bygg_og_entrepriser/Avtaler/leaf/LASIV_avgjorelse_la-2025-102834.xml "HTTP/2 400 Bad Request"
2026-03-04 12:29:17,785 - ERROR - ✗ Upload failed [Anskaffelser_avtaler_bygg_og_entrepriser/Avtaler/leaf/LASIV_avgjorelse_la-2025-102834.xml]: {'statusCode': 400, 'error': 'Unauthorized', 'message': 'new row violates row-level security policy'}
2026-03-04 12:29:17,786 - ERROR -   ❌ Upload failed: LASIV_avgjorelse_la-2025-102834.xml
2026-03-04 12:29:17,786 - INFO -   [5/10] Uploading: LBSIV_avgjorelse_lb-2025-26457.xml → bucket: Anskaffelser_avtaler_bygg_og_entrepriser/Avtaler/leaf/LBSIV_avgjorelse_lb-2025-26457.xml
2026-03-04 12:29:18,152 - INFO - HTTP Request: POST https://exeklzgcqykkutjfikei.supabase.co/storage/v1/object/legal_area/Anskaffelser_avtaler_bygg_og_entrepriser/Avtaler/leaf/LBSIV_avgjorelse_lb-2025-26457.xml "HTTP/2 400 Bad Request"
2026-03-04 12:29:18,168 - ERROR - ✗ Upload failed [Anskaffelser_avtaler_bygg_og_entrepriser/Avtaler/leaf/LBSIV_avgjorelse_lb-2025-26457.xml]: {'statusCode': 400, 'error': 'Unauthorized', 'message': 'new row violates row-level security policy'}
2026-03-04 12:29:18,174 - ERROR -   ❌ Upload failed: LBSIV_avgjorelse_lb-2025-26457.xml
2026-03-04 12:29:18,176 - INFO -   [6/10] Uploading: EUR_eur-2026-02-04.xml → bucket: Anskaffelser_avtaler_bygg_og_entrepriser/Avtaler/leaf/EUR_eur-2026-02-04.xml
2026-03-04 12:29:18,439 - INFO - HTTP Request: POST https://exeklzgcqykkutjfikei.supabase.co/storage/v1/object/legal_area/Anskaffelser_avtaler_bygg_og_entrepriser/Avtaler/leaf/EUR_eur-2026-02-04.xml "HTTP/2 400 Bad Request"
2026-03-04 12:29:18,441 - ERROR - ✗ Upload failed [Anskaffelser_avtaler_bygg_og_entrepriser/Avtaler/leaf/EUR_eur-2026-02-04.xml]: {'statusCode': 400, 'error': 'Unauthorized', 'message': 'new row violates row-level security policy'}
2026-03-04 12:29:18,441 - ERROR -   ❌ Upload failed: EUR_eur-2026-02-04.xml
2026-03-04 12:29:18,442 - INFO -   [7/10] Uploading: EUR_eur-2026-02-02.xml → bucket: Anskaffelser_avtaler_bygg_og_entrepriser/Avtaler/leaf/EUR_eur-2026-02-02.xml
2026-03-04 12:29:18,698 - INFO - HTTP Request: POST https://exeklzgcqykkutjfikei.supabase.co/storage/v1/object/legal_area/Anskaffelser_avtaler_bygg_og_entrepriser/Avtaler/leaf/EUR_eur-2026-02-02.xml "HTTP/2 400 Bad Request"
2026-03-04 12:29:18,701 - ERROR - ✗ Upload failed [Anskaffelser_avtaler_bygg_og_entrepriser/Avtaler/leaf/EUR_eur-2026-02-02.xml]: {'statusCode': 400, 'error': 'Unauthorized', 'message': 'new row violates row-level security policy'}
2026-03-04 12:29:18,702 - ERROR -   ❌ Upload failed: EUR_eur-2026-02-02.xml
2026-03-04 12:29:18,702 - INFO -   [8/10] Uploading: HRSIV_avgjorelse_hr-2026-280-a.xml → bucket: Anskaffelser_avtaler_bygg_og_entrepriser/Avtaler/leaf/HRSIV_avgjorelse_hr-2026-280-a.xml
2026-03-04 12:29:19,093 - INFO - HTTP Request: POST https://exeklzgcqykkutjfikei.supabase.co/storage/v1/object/legal_area/Anskaffelser_avtaler_bygg_og_entrepriser/Avtaler/leaf/HRSIV_avgjorelse_hr-2026-280-a.xml "HTTP/2 400 Bad Request"
2026-03-04 12:29:19,095 - ERROR - ✗ Upload failed [Anskaffelser_avtaler_bygg_og_entrepriser/Avtaler/leaf/HRSIV_avgjorelse_hr-2026-280-a.xml]: {'statusCode': 400, 'error': 'Unauthorized', 'message': 'new row violates row-level security policy'}
2026-03-04 12:29:19,096 - ERROR -   ❌ Upload failed: HRSIV_avgjorelse_hr-2026-280-a.xml
2026-03-04 12:29:19,096 - INFO -   [9/10] Uploading: LESIV_avgjorelse_le-2025-55999.xml → bucket: Anskaffelser_avtaler_bygg_og_entrepriser/Avtaler/leaf/LESIV_avgjorelse_le-2025-55999.xml
2026-03-04 12:29:19,463 - INFO - HTTP Request: POST https://exeklzgcqykkutjfikei.supabase.co/storage/v1/object/legal_area/Anskaffelser_avtaler_bygg_og_entrepriser/Avtaler/leaf/LESIV_avgjorelse_le-2025-55999.xml "HTTP/2 400 Bad Request"
2026-03-04 12:29:19,464 - ERROR - ✗ Upload failed [Anskaffelser_avtaler_bygg_og_entrepriser/Avtaler/leaf/LESIV_avgjorelse_le-2025-55999.xml]: {'statusCode': 400, 'error': 'Unauthorized', 'message': 'new row violates row-level security policy'}
2026-03-04 12:29:19,465 - ERROR -   ❌ Upload failed: LESIV_avgjorelse_le-2025-55999.xml
2026-03-04 12:29:19,466 - INFO -   [10/10] Uploading: LFSIV_avgjorelse_lf-2025-131361.xml → bucket: Anskaffelser_avtaler_bygg_og_entrepriser/Avtaler/leaf/LFSIV_avgjorelse_lf-2025-131361.xml
2026-03-04 12:29:19,793 - INFO - HTTP Request: POST https://exeklzgcqykkutjfikei.supabase.co/storage/v1/object/legal_area/Anskaffelser_avtaler_bygg_og_entrepriser/Avtaler/leaf/LFSIV_avgjorelse_lf-2025-131361.xml "HTTP/2 400 Bad Request"
2026-03-04 12:29:19,795 - ERROR - ✗ Upload failed [Anskaffelser_avtaler_bygg_og_entrepriser/Avtaler/leaf/LFSIV_avgjorelse_lf-2025-131361.xml]: {'statusCode': 400, 'error': 'Unauthorized', 'message': 'new row violates row-level security policy'}
2026-03-04 12:29:19,796 - ERROR -   ❌ Upload failed: LFSIV_avgjorelse_lf-2025-131361.xml
2026-03-04 12:29:19,798 - INFO - ✅ Batch complete — all 10 files uploaded & local copies removed
2026-03-04 12:29:19,798 - INFO - ━━━━━━━━━━━━━━━━━━━━━━━━━━━━━━━━━━━━━━━━━━━━━━━━━━━━━━━━━━━━━━━━━━━━━━
2026-03-04 12:29:19,799 - INFO - 
2026-03-04 12:29:22,110 - INFO - HTTP Request: GET https://exeklzgcqykkutjfikei.supabase.co/rest/v1/legal_area_metadata?select=file_name&file_name=eq.LASIV_avgjorelse_la-2026-7531.xml&limit=1 "HTTP/1.1 200 OK"
2026-03-04 12:29:22,115 - INFO - 🌐 Visiting: https://lovdata.no/pro/#document/LASIV/avgjorelse/la-2026-7531
2026-03-04 12:29:26,694 - INFO -   📄 title='LA-2026-7531'  date='—'  chars=35951  src=iframe_body
2026-03-04 12:29:26,898 - INFO - HTTP Request: GET https://exeklzgcqykkutjfikei.supabase.co/rest/v1/legal_area_metadata?select=file_hash&file_hash=eq.f3ea9a1c1fd68731dac4ab8639131889&limit=1 "HTTP/1.1 200 OK"
2026-03-04 12:29:26,920 - INFO - 💾 XML saved: scraped_xml\Anskaffelser_avtaler_bygg_og_entrepriser\Avtaler\leaf\LASIV_avgjorelse_la-2026-7531.xml  root='Anskaffelser, avtaler, bygg og entrepriser'  branch='Avtaler'  leaf='(none)'  size=37740b
2026-03-04 12:29:26,921 - INFO - ✅ Queued [1/10] LASIV_avgjorelse_la-2026-7531.xml        type=LATEST DOCUMENTS               source=iframe_body
2026-03-04 12:29:28,921 - INFO -    📂 SECTION | LAWS                                                    | expected=None  | found=6
2026-03-04 12:29:28,921 - INFO - ⏭️  Year 1918 out of range — skip: https://lovdata.no/pro/#document/NL/lov/1918-05-31-4
2026-03-04 12:29:30,924 - INFO - ⏭️  Year None out of range — skip: https://lovdata.no/pro/#document/NL/lov/1687-04-15
2026-03-04 12:29:32,924 - INFO - ⏭️  Year 1985 out of range — skip: https://lovdata.no/pro/#document/NL/lov/1985-06-21-80
2026-03-04 12:29:35,251 - INFO - HTTP Request: GET https://exeklzgcqykkutjfikei.supabase.co/rest/v1/legal_area_metadata?select=file_name&file_name=eq.NL_lov_2012-05-25-27.xml&limit=1 "HTTP/1.1 200 OK"
2026-03-04 12:29:35,252 - INFO - 🌐 Visiting: https://lovdata.no/pro/#document/NL/lov/2012-05-25-27
2026-03-04 12:29:39,593 - INFO -   📄 title='Lov om avtaler om deltidsbruksrett og langtidsferieprodukter'  date='—'  chars=459  src=iframe_content
2026-03-04 12:29:39,778 - INFO - HTTP Request: GET https://exeklzgcqykkutjfikei.supabase.co/rest/v1/legal_area_metadata?select=file_hash&file_hash=eq.686c57d852b16f1c024be54cb1e63935&limit=1 "HTTP/1.1 200 OK"
2026-03-04 12:29:39,800 - INFO - 💾 XML saved: scraped_xml\Anskaffelser_avtaler_bygg_og_entrepriser\Avtaler\leaf\NL_lov_2012-05-25-27.xml  root='Anskaffelser, avtaler, bygg og entrepriser'  branch='Avtaler'  leaf='(none)'  size=1316b
2026-03-04 12:29:39,801 - INFO - ✅ Queued [2/10] NL_lov_2012-05-25-27.xml                 type=LAWS                           source=iframe_content
2026-03-04 12:29:42,015 - INFO - HTTP Request: GET https://exeklzgcqykkutjfikei.supabase.co/rest/v1/legal_area_metadata?select=file_name&file_name=eq.NL_lov_2020-04-17-29.xml&limit=1 "HTTP/1.1 200 OK"
2026-03-04 12:29:42,017 - INFO - 🌐 Visiting: https://lovdata.no/pro/#document/NL/lov/2020-04-17-29
2026-03-04 12:29:46,418 - INFO -   📄 title='Lov om god handelsskikk i dagligvarekjeden'  date='—'  chars=225  src=iframe_content
2026-03-04 12:29:46,643 - INFO - HTTP Request: GET https://exeklzgcqykkutjfikei.supabase.co/rest/v1/legal_area_metadata?select=file_hash&file_hash=eq.afe3efd28bb2e8b2468459493ff26458&limit=1 "HTTP/1.1 200 OK"
2026-03-04 12:29:46,658 - INFO - 💾 XML saved: scraped_xml\Anskaffelser_avtaler_bygg_og_entrepriser\Avtaler\leaf\NL_lov_2020-04-17-29.xml  root='Anskaffelser, avtaler, bygg og entrepriser'  branch='Avtaler'  leaf='(none)'  size=1035b
2026-03-04 12:29:46,658 - INFO - ✅ Queued [3/10] NL_lov_2020-04-17-29.xml                 type=LAWS                           source=iframe_content
2026-03-04 12:29:48,870 - INFO - HTTP Request: GET https://exeklzgcqykkutjfikei.supabase.co/rest/v1/legal_area_metadata?select=file_name&file_name=eq.NL_lov_2025-12-22-129.xml&limit=1 "HTTP/1.1 200 OK"
2026-03-04 12:29:48,871 - INFO - 🌐 Visiting: https://lovdata.no/pro/#document/NL/lov/2025-12-22-129
2026-03-04 12:29:53,196 - INFO -   📄 title='Lov om endringer i lov om god handelsskikk i dagligvarekjede'  date='—'  chars=1261  src=iframe_content
2026-03-04 12:29:53,405 - INFO - HTTP Request: GET https://exeklzgcqykkutjfikei.supabase.co/rest/v1/legal_area_metadata?select=file_hash&file_hash=eq.b6124092099672a8249291240c3a1376&limit=1 "HTTP/1.1 200 OK"
2026-03-04 12:29:53,425 - INFO - 💾 XML saved: scraped_xml\Anskaffelser_avtaler_bygg_og_entrepriser\Avtaler\leaf\NL_lov_2025-12-22-129.xml  root='Anskaffelser, avtaler, bygg og entrepriser'  branch='Avtaler'  leaf='(none)'  size=2178b
2026-03-04 12:29:53,426 - INFO - ✅ Queued [4/10] NL_lov_2025-12-22-129.xml                type=LAWS                           source=iframe_content
2026-03-04 12:29:55,427 - INFO -    📂 SECTION | REGULATIONS                                             | expected=None  | found=2
2026-03-04 12:29:55,639 - INFO - HTTP Request: GET https://exeklzgcqykkutjfikei.supabase.co/rest/v1/legal_area_metadata?select=file_name&file_name=eq.SF_forskrift_2023-02-14-193.xml&limit=1 "HTTP/1.1 200 OK"
2026-03-04 12:29:55,640 - INFO - 🌐 Visiting: https://lovdata.no/pro/#document/SF/forskrift/2023-02-14-193
2026-03-04 12:29:59,948 - INFO -   📄 title='Forskrift om utmåling av tvangsmulkt og overtredelsesgebyr'  date='—'  chars=517  src=iframe_content
2026-03-04 12:30:00,176 - INFO - HTTP Request: GET https://exeklzgcqykkutjfikei.supabase.co/rest/v1/legal_area_metadata?select=file_hash&file_hash=eq.bfc5a2a47f23c361692d38bac094d308&limit=1 "HTTP/1.1 200 OK"
2026-03-04 12:30:00,197 - INFO - 💾 XML saved: scraped_xml\Anskaffelser_avtaler_bygg_og_entrepriser\Avtaler\leaf\SF_forskrift_2023-02-14-193.xml  root='Anskaffelser, avtaler, bygg og entrepriser'  branch='Avtaler'  leaf='(none)'  size=1382b
2026-03-04 12:30:00,199 - INFO - ✅ Queued [5/10] SF_forskrift_2023-02-14-193.xml          type=REGULATIONS                    source=iframe_content
2026-03-04 12:30:02,414 - INFO - HTTP Request: GET https://exeklzgcqykkutjfikei.supabase.co/rest/v1/legal_area_metadata?select=file_name&file_name=eq.SF_forskrift_2012-07-03-766.xml&limit=1 "HTTP/1.1 200 OK"
2026-03-04 12:30:02,415 - INFO - 🌐 Visiting: https://lovdata.no/pro/#document/SF/forskrift/2012-07-03-766
2026-03-04 12:30:06,793 - INFO -   📄 title='Forskrift om standard opplysningsskjemaer etter lov om avtal'  date='—'  chars=715  src=iframe_content
2026-03-04 12:30:07,004 - INFO - HTTP Request: GET https://exeklzgcqykkutjfikei.supabase.co/rest/v1/legal_area_metadata?select=file_hash&file_hash=eq.b512a6dc493ec58a2ea622992241b6f6&limit=1 "HTTP/1.1 200 OK"
2026-03-04 12:30:07,024 - INFO - 💾 XML saved: scraped_xml\Anskaffelser_avtaler_bygg_og_entrepriser\Avtaler\leaf\SF_forskrift_2012-07-03-766.xml  root='Anskaffelser, avtaler, bygg og entrepriser'  branch='Avtaler'  leaf='(none)'  size=1622b
2026-03-04 12:30:07,024 - INFO - ✅ Queued [6/10] SF_forskrift_2012-07-03-766.xml          type=REGULATIONS                    source=iframe_content
2026-03-04 12:30:09,026 - INFO -    📂 SECTION | DECISIONS FROM THE SUPREME COURT                        | expected=None  | found=0
2026-03-04 12:30:09,026 - INFO -    📂 SECTION | DECISIONS FROM THE COURTS OF APPEAL                     | expected=None  | found=0
2026-03-04 12:30:09,027 - INFO -    📂 SECTION | DECISIONS FROM THE DISTRICT COURTS                      | expected=None  | found=0
2026-03-04 12:30:09,028 - INFO -    📂 SECTION | ARTICLES                                                | expected=None  | found=0
2026-03-04 12:30:09,028 - INFO -    📂 SECTION | DOCUMENTS FROM THE MINISTRY OF JUSTICE                  | expected=None  | found=0
2026-03-04 12:30:09,029 - INFO -    📂 SECTION | OTHER DOCUMENTS                                         | expected=None  | found=0
2026-03-04 12:30:09,233 - INFO - HTTP Request: PATCH https://exeklzgcqykkutjfikei.supabase.co/rest/v1/scraper_claims?area_key=eq.Anskaffelser_avtaler_bygg_og_entrepriser/Avtaler/_ "HTTP/1.1 404 Not Found"
2026-03-04 12:30:09,234 - WARNING - ⚠️  mark_done failed: {'code': 'PGRST205', 'details': None, 'hint': None, 'message': "Could not find the table 'public.scraper_claims' in the schema cache"}
2026-03-04 12:30:14,338 - INFO - 🔄 Flushing remaining 6 items …
2026-03-04 12:30:14,339 - INFO - 
2026-03-04 12:30:14,339 - INFO - ━━━━━━━━━━━━━━━━━━━━━━━━━━━━━━━━━━━━━━━━━━━━━━━━━━━━━━━━━━━━━━━━━━━━━━
2026-03-04 12:30:14,341 - INFO - ⬆️  BATCH UPLOAD — 6 XML files
2026-03-04 12:30:14,341 - INFO - ━━━━━━━━━━━━━━━━━━━━━━━━━━━━━━━━━━━━━━━━━━━━━━━━━━━━━━━━━━━━━━━━━━━━━━
2026-03-04 12:30:14,341 - INFO -   [1/6] Uploading: LASIV_avgjorelse_la-2026-7531.xml → bucket: Anskaffelser_avtaler_bygg_og_entrepriser/Avtaler/leaf/LASIV_avgjorelse_la-2026-7531.xml
