2026-02-16 02:01:59,105 - INFO - ✓ Storage handler initialized (bucket: lovdata-docs)
2026-02-16 02:01:59,105 - INFO - 🔐 Opening Lovdata login page...
2026-02-16 02:02:03,480 - INFO - ✅ Login successful
2026-02-16 02:02:03,480 - INFO - ======================================================================
2026-02-16 02:02:03,480 - INFO - MODE: legal_areas_only
2026-02-16 02:02:03,480 - INFO - ======================================================================
2026-02-16 02:02:03,480 - INFO - 
======================================================================
2026-02-16 02:02:03,480 - INFO - ⚖️  SCRAPING LEGAL AREAS
2026-02-16 02:02:03,480 - INFO -    Using fallback list from config.LEGAL_AREA_TRANSLATIONS
2026-02-16 02:02:03,481 - INFO - ======================================================================
2026-02-16 02:02:03,481 - INFO - 📂 Loading legal areas from config.py...
2026-02-16 02:02:03,481 - INFO - 📋 Loaded 38 legal areas
2026-02-16 02:02:03,481 - INFO - 
📊 Total legal areas: 38

2026-02-16 02:02:03,481 - INFO - 
======================================================================
2026-02-16 02:02:03,482 - INFO - [1/38] Labor_Law
2026-02-16 02:02:03,482 - INFO - ======================================================================
2026-02-16 02:02:03,482 - INFO -    Norwegian: arbeidsrett
2026-02-16 02:02:03,482 - INFO -    🔗 https://lovdata.no/pro/#rettsomrade/arbeidsrett
2026-02-16 02:02:03,482 - INFO - 📂 Scraping legal area: arbeidsrett
2026-02-16 02:02:03,482 - INFO - 📂 Navigating to Rettsområder section...
2026-02-16 02:02:09,528 - INFO -    🖱️  Clicking Rettsområder tab...
2026-02-16 02:02:09,692 - INFO -    ✅ Clicked: Rettsområder
2026-02-16 02:02:19,708 - INFO -    🌍 Current URL: https://lovdata.no/pro/#rettsomrade
2026-02-16 02:02:19,708 - INFO -    📜 Loading tree structure...
2026-02-16 02:02:24,792 - INFO -    🔍 Finding category nodes in tree...
2026-02-16 02:02:24,797 - INFO -    Found 35 tree nodes
2026-02-16 02:02:24,881 - INFO -    ✅ Found: entreprise - Anskaffelser, avtaler, bygg og entrepriser
2026-02-16 02:02:24,937 - INFO -    ✅ Found: arbeidsrett - Arbeidsrett
2026-02-16 02:02:24,985 - INFO -    ✅ Found: regnskapsrett - Bank, finans og regnskapsrett
2026-02-16 02:02:25,059 - INFO -    ✅ Found: energirett - Energirett
2026-02-16 02:02:25,151 - INFO -    ✅ Found: barnerett - Familie-, person- og barnerett
2026-02-16 02:02:25,236 - INFO -    ✅ Found: konkurranserett - Forbruker-, kjøps- og konkurranserett
2026-02-16 02:02:25,356 - INFO -    ✅ Found: medierett - IKT- og medierett
2026-02-16 02:02:25,400 - INFO -    ✅ Found: immaterialrett - Immaterialrett
2026-02-16 02:02:25,609 - INFO -    ✅ Found: trygderett - Pensjons- og trygderett
2026-02-16 02:02:25,763 - INFO -    ✅ Found: straffeprosess - Sivil- og straffeprosess
2026-02-16 02:02:25,801 - INFO -    ✅ Found: strafferett - Strafferett
2026-02-16 02:02:25,922 - INFO -    ✅ Found: utlendingsrett - Utlendingsrett
2026-02-16 02:02:25,923 - INFO - 
   📋 Total discovered: 12 legal areas

2026-02-16 02:02:25,923 - INFO -    🖱️  Clicking tree node: Arbeidsrett
2026-02-16 02:02:34,001 - INFO -    🌍 After click: https://lovdata.no/pro/#rettsomrade&id=Arbeidsrett
2026-02-16 02:02:34,022 - INFO -    ✅ Found 179 initial documents
2026-02-16 02:02:39,031 - INFO -    📜 Starting aggressive scroll to load all documents...
2026-02-16 02:02:39,049 - INFO -    📄 Scroll round 1: 179 docs loaded
2026-02-16 02:02:41,596 - INFO -    📄 Scroll round 2: 179 docs loaded
2026-02-16 02:02:44,147 - INFO -    📄 Scroll round 3: 179 docs loaded
2026-02-16 02:02:46,693 - INFO -    📄 Scroll round 4: 179 docs loaded
2026-02-16 02:02:49,256 - INFO -    📄 Scroll round 5: 179 docs loaded
2026-02-16 02:02:54,339 - INFO -    📄 Scroll round 6: 179 docs loaded
2026-02-16 02:02:54,340 - INFO -    ✅ All documents loaded: 179 total
2026-02-16 02:02:55,373 - INFO -    🎉 Finished. Found 100 documents.
2026-02-16 02:02:55,373 - INFO - 🚀 Processing 100 documents
2026-02-16 02:02:55,373 - INFO - 
   [1/100] Processing document...
2026-02-16 02:02:55,374 - INFO - 📄 Scraping document...
2026-02-16 02:02:58,271 - INFO - HTTP Request: GET https://vegzmiigjvetbaqqcukd.supabase.co/rest/v1/lovdata_metadata?select=file_name&file_name=eq.HRSIV_avgjorelse_hr-2026-372-a.xml&limit=1 "HTTP/1.1 200 OK"
2026-02-16 02:02:58,285 - INFO - ⏭️  Skipping existing: HRSIV_avgjorelse_hr-2026-372-a.xml
2026-02-16 02:02:58,590 - INFO - 
   [2/100] Processing document...
2026-02-16 02:02:58,590 - INFO - 📄 Scraping document...
2026-02-16 02:03:01,026 - INFO - HTTP Request: GET https://vegzmiigjvetbaqqcukd.supabase.co/rest/v1/lovdata_metadata?select=file_name&file_name=eq.DIN_avgjorelse_din-2024-1090.xml&limit=1 "HTTP/1.1 200 OK"
2026-02-16 02:03:01,030 - INFO - ⏭️  Skipping existing: DIN_avgjorelse_din-2024-1090.xml
2026-02-16 02:03:01,337 - INFO - 
   [3/100] Processing document...
2026-02-16 02:03:01,337 - INFO - 📄 Scraping document...
2026-02-16 02:03:03,598 - INFO - HTTP Request: GET https://vegzmiigjvetbaqqcukd.supabase.co/rest/v1/lovdata_metadata?select=file_name&file_name=eq.PROP_forarbeid_prop-35-l-202526.xml&limit=1 "HTTP/1.1 200 OK"
2026-02-16 02:03:03,601 - INFO - ⏭️  Skipping existing: PROP_forarbeid_prop-35-l-202526.xml
2026-02-16 02:03:03,909 - INFO - 
   [4/100] Processing document...
2026-02-16 02:03:03,910 - INFO - 📄 Scraping document...
2026-02-16 02:03:06,218 - INFO - HTTP Request: GET https://vegzmiigjvetbaqqcukd.supabase.co/rest/v1/lovdata_metadata?select=file_name&file_name=eq.LTI_forskrift_2026-02-11-183.xml&limit=1 "HTTP/1.1 200 OK"
2026-02-16 02:03:06,222 - INFO - ⏭️  Skipping existing: LTI_forskrift_2026-02-11-183.xml
2026-02-16 02:03:06,527 - INFO - 
   [5/100] Processing document...
2026-02-16 02:03:06,527 - INFO - 📄 Scraping document...
2026-02-16 02:03:08,780 - INFO - HTTP Request: GET https://vegzmiigjvetbaqqcukd.supabase.co/rest/v1/lovdata_metadata?select=file_name&file_name=eq.DIN_avgjorelse_din-2025-1147.xml&limit=1 "HTTP/1.1 200 OK"
2026-02-16 02:03:08,782 - INFO - ⏭️  Skipping existing: DIN_avgjorelse_din-2025-1147.xml
2026-02-16 02:03:09,098 - INFO - 
   [6/100] Processing document...
2026-02-16 02:03:09,098 - INFO - 📄 Scraping document...
2026-02-16 02:03:11,339 - INFO - HTTP Request: GET https://vegzmiigjvetbaqqcukd.supabase.co/rest/v1/lovdata_metadata?select=file_name&file_name=eq.DIN_avgjorelse_din-2025-1100.xml&limit=1 "HTTP/1.1 200 OK"
2026-02-16 02:03:11,342 - INFO - ⏭️  Skipping existing: DIN_avgjorelse_din-2025-1100.xml
2026-02-16 02:03:11,655 - INFO - 
   [7/100] Processing document...
2026-02-16 02:03:11,655 - INFO - 📄 Scraping document...
2026-02-16 02:03:13,858 - INFO - HTTP Request: GET https://vegzmiigjvetbaqqcukd.supabase.co/rest/v1/lovdata_metadata?select=file_name&file_name=eq.LTI_forskrift_2026-02-09-176.xml&limit=1 "HTTP/1.1 200 OK"
2026-02-16 02:03:13,864 - INFO - ⏭️  Skipping existing: LTI_forskrift_2026-02-09-176.xml
2026-02-16 02:03:14,171 - INFO - 
   [8/100] Processing document...
2026-02-16 02:03:14,171 - INFO - 📄 Scraping document...
2026-02-16 02:03:16,386 - INFO - HTTP Request: GET https://vegzmiigjvetbaqqcukd.supabase.co/rest/v1/lovdata_metadata?select=file_name&file_name=eq.ARD_avgjorelse_ar-2026-4.xml&limit=1 "HTTP/1.1 200 OK"
2026-02-16 02:03:16,387 - INFO - ⏭️  Skipping existing: ARD_avgjorelse_ar-2026-4.xml
2026-02-16 02:03:16,693 - INFO - 
   [9/100] Processing document...
2026-02-16 02:03:16,693 - INFO - 📄 Scraping document...
2026-02-16 02:03:18,914 - INFO - HTTP Request: GET https://vegzmiigjvetbaqqcukd.supabase.co/rest/v1/lovdata_metadata?select=file_name&file_name=eq.LTI_forskrift_2026-02-09-173.xml&limit=1 "HTTP/1.1 200 OK"
2026-02-16 02:03:18,916 - INFO - ⏭️  Skipping existing: LTI_forskrift_2026-02-09-173.xml
2026-02-16 02:03:19,226 - INFO - 
   [10/100] Processing document...
2026-02-16 02:03:19,226 - INFO - 📄 Scraping document...
2026-02-16 02:03:21,447 - INFO - HTTP Request: GET https://vegzmiigjvetbaqqcukd.supabase.co/rest/v1/lovdata_metadata?select=file_name&file_name=eq.DIN_avgjorelse_din-2024-1060.xml&limit=1 "HTTP/1.1 200 OK"
2026-02-16 02:03:21,449 - INFO - ⏭️  Skipping existing: DIN_avgjorelse_din-2024-1060.xml
2026-02-16 02:03:21,760 - INFO - 
   [11/100] Processing document...
2026-02-16 02:03:21,760 - INFO - 📄 Scraping document...
2026-02-16 02:03:24,018 - INFO - HTTP Request: GET https://vegzmiigjvetbaqqcukd.supabase.co/rest/v1/lovdata_metadata?select=file_name&file_name=eq.NL_lov_2005-06-17-62.xml&limit=1 "HTTP/1.1 200 OK"
2026-02-16 02:03:24,020 - INFO - ⏭️  Skipping existing: NL_lov_2005-06-17-62.xml
2026-02-16 02:03:24,330 - INFO - 
   [12/100] Processing document...
2026-02-16 02:03:24,330 - INFO - 📄 Scraping document...
2026-02-16 02:03:26,452 - INFO - ⏭️  Skipping (year 1999 out of range)
2026-02-16 02:03:26,752 - INFO - 
   [13/100] Processing document...
2026-02-16 02:03:26,752 - INFO - 📄 Scraping document...
2026-02-16 02:03:29,105 - INFO - HTTP Request: GET https://vegzmiigjvetbaqqcukd.supabase.co/rest/v1/lovdata_metadata?select=file_name&file_name=eq.NL_lov_2017-06-16-51.xml&limit=1 "HTTP/1.1 200 OK"
2026-02-16 02:03:29,105 - INFO - ⏭️  Skipping existing: NL_lov_2017-06-16-51.xml
2026-02-16 02:03:29,408 - INFO - 
   [14/100] Processing document...
2026-02-16 02:03:29,408 - INFO - 📄 Scraping document...
2026-02-16 02:03:31,659 - INFO - HTTP Request: GET https://vegzmiigjvetbaqqcukd.supabase.co/rest/v1/lovdata_metadata?select=file_name&file_name=eq.NL_lov_2009-12-18-131.xml&limit=1 "HTTP/1.1 200 OK"
2026-02-16 02:03:31,660 - INFO - ⏭️  Skipping existing: NL_lov_2009-12-18-131.xml
2026-02-16 02:03:31,966 - INFO - 
   [15/100] Processing document...
2026-02-16 02:03:31,966 - INFO - 📄 Scraping document...
2026-02-16 02:03:34,206 - INFO - HTTP Request: GET https://vegzmiigjvetbaqqcukd.supabase.co/rest/v1/lovdata_metadata?select=file_name&file_name=eq.NL_lov_2007-02-16-9.xml&limit=1 "HTTP/1.1 200 OK"
2026-02-16 02:03:34,208 - INFO - ⏭️  Skipping existing: NL_lov_2007-02-16-9.xml
2026-02-16 02:03:34,511 - INFO - 
   [16/100] Processing document...
2026-02-16 02:03:34,511 - INFO - 📄 Scraping document...
2026-02-16 02:03:36,778 - INFO - HTTP Request: GET https://vegzmiigjvetbaqqcukd.supabase.co/rest/v1/lovdata_metadata?select=file_name&file_name=eq.NL_lov_2006-06-16-20.xml&limit=1 "HTTP/1.1 200 OK"
2026-02-16 02:03:36,780 - INFO - ⏭️  Skipping existing: NL_lov_2006-06-16-20.xml
2026-02-16 02:03:37,083 - INFO - 
   [17/100] Processing document...
2026-02-16 02:03:37,083 - INFO - 📄 Scraping document...
2026-02-16 02:03:39,338 - INFO - HTTP Request: GET https://vegzmiigjvetbaqqcukd.supabase.co/rest/v1/lovdata_metadata?select=file_name&file_name=eq.NL_lov_1988-04-29-21.xml&limit=1 "HTTP/1.1 200 OK"
2026-02-16 02:03:39,441 - INFO - ✓ XML saved: ./scraped_xml\Legal_Areas/Labor_Law\Unknown\NL_lov_1988-04-29-21.xml
2026-02-16 02:03:39,549 - INFO - HTTP Request: GET https://vegzmiigjvetbaqqcukd.supabase.co/rest/v1/lovdata_metadata?select=file_hash&file_hash=eq.0c0212c975d2b25fb024fb6aed79c903&limit=1 "HTTP/1.1 200 OK"
2026-02-16 02:03:39,862 - INFO - 
   [18/100] Processing document...
2026-02-16 02:03:39,862 - INFO - 📄 Scraping document...
2026-02-16 02:03:42,099 - INFO - HTTP Request: GET https://vegzmiigjvetbaqqcukd.supabase.co/rest/v1/lovdata_metadata?select=file_name&file_name=eq.NL_lov_2017-06-16-50.xml&limit=1 "HTTP/1.1 200 OK"
2026-02-16 02:03:42,101 - INFO - ⏭️  Skipping existing: NL_lov_2017-06-16-50.xml
2026-02-16 02:03:42,409 - INFO - 
   [19/100] Processing document...
2026-02-16 02:03:42,409 - INFO - 📄 Scraping document...
2026-02-16 02:03:44,659 - INFO - HTTP Request: GET https://vegzmiigjvetbaqqcukd.supabase.co/rest/v1/lovdata_metadata?select=file_name&file_name=eq.NL_lov_2004-12-10-76.xml&limit=1 "HTTP/1.1 200 OK"
2026-02-16 02:03:44,661 - INFO - ⏭️  Skipping existing: NL_lov_2004-12-10-76.xml
2026-02-16 02:03:44,963 - INFO - 
   [20/100] Processing document...
2026-02-16 02:03:44,964 - INFO - 📄 Scraping document...
2026-02-16 02:03:47,178 - INFO - HTTP Request: GET https://vegzmiigjvetbaqqcukd.supabase.co/rest/v1/lovdata_metadata?select=file_name&file_name=eq.NL_lov_2012-06-22-43.xml&limit=1 "HTTP/1.1 200 OK"
2026-02-16 02:03:47,179 - INFO - ⏭️  Skipping existing: NL_lov_2012-06-22-43.xml
2026-02-16 02:03:47,489 - INFO - 
   [21/100] Processing document...
2026-02-16 02:03:47,490 - INFO - 📄 Scraping document...
2026-02-16 02:03:49,647 - INFO - ⏭️  Skipping (year 1995 out of range)
2026-02-16 02:03:49,954 - INFO - 
   [22/100] Processing document...
2026-02-16 02:03:49,954 - INFO - 📄 Scraping document...
2026-02-16 02:03:52,202 - INFO - HTTP Request: GET https://vegzmiigjvetbaqqcukd.supabase.co/rest/v1/lovdata_metadata?select=file_name&file_name=eq.NL_lov_1995-08-04-53_C2_A72.xml&limit=1 "HTTP/1.1 200 OK"
2026-02-16 02:03:52,235 - INFO - ✓ XML saved: ./scraped_xml\Legal_Areas/Labor_Law\Unknown\NL_lov_1995-08-04-53_C2_A72.xml
2026-02-16 02:03:52,338 - INFO - HTTP Request: GET https://vegzmiigjvetbaqqcukd.supabase.co/rest/v1/lovdata_metadata?select=file_hash&file_hash=eq.44424dff52569eaf18511f9b45f35214&limit=1 "HTTP/1.1 200 OK"
2026-02-16 02:03:52,645 - INFO - 
   [23/100] Processing document...
2026-02-16 02:03:52,645 - INFO - 📄 Scraping document...
2026-02-16 02:03:54,758 - INFO - ⏭️  Skipping (year 1995 out of range)
2026-02-16 02:03:55,072 - INFO - 
   [24/100] Processing document...
2026-02-16 02:03:55,072 - INFO - 📄 Scraping document...
2026-02-16 02:03:57,318 - INFO - HTTP Request: GET https://vegzmiigjvetbaqqcukd.supabase.co/rest/v1/lovdata_metadata?select=file_name&file_name=eq.NL_lov_1995-08-04-53_C2_A716.xml&limit=1 "HTTP/1.1 200 OK"
2026-02-16 02:03:57,321 - INFO - ⏭️  Skipping existing: NL_lov_1995-08-04-53_C2_A716.xml
2026-02-16 02:03:57,625 - INFO - 
   [25/100] Processing document...
2026-02-16 02:03:57,625 - INFO - 📄 Scraping document...
2026-02-16 02:03:59,731 - INFO - ⏭️  Skipping (year 1995 out of range)
2026-02-16 02:04:00,032 - INFO - 
   [26/100] Processing document...
2026-02-16 02:04:00,032 - INFO - 📄 Scraping document...
2026-02-16 02:04:02,282 - INFO - HTTP Request: GET https://vegzmiigjvetbaqqcukd.supabase.co/rest/v1/lovdata_metadata?select=file_name&file_name=eq.NL_lov_1995-08-04-53_C2_A718.xml&limit=1 "HTTP/1.1 200 OK"
2026-02-16 02:04:02,285 - INFO - ⏭️  Skipping existing: NL_lov_1995-08-04-53_C2_A718.xml
2026-02-16 02:04:02,594 - INFO - 
   [27/100] Processing document...
2026-02-16 02:04:02,594 - INFO - 📄 Scraping document...
2026-02-16 02:04:04,698 - INFO - ⏭️  Skipping (year 1995 out of range)
2026-02-16 02:04:05,012 - INFO - 
   [28/100] Processing document...
2026-02-16 02:04:05,013 - INFO - 📄 Scraping document...
2026-02-16 02:04:07,260 - INFO - HTTP Request: GET https://vegzmiigjvetbaqqcukd.supabase.co/rest/v1/lovdata_metadata?select=file_name&file_name=eq.NL_lov_1995-08-04-53_C2_A720.xml&limit=1 "HTTP/1.1 200 OK"
2026-02-16 02:04:07,264 - INFO - ⏭️  Skipping existing: NL_lov_1995-08-04-53_C2_A720.xml
2026-02-16 02:04:07,574 - INFO - 
   [29/100] Processing document...
2026-02-16 02:04:07,575 - INFO - 📄 Scraping document...
2026-02-16 02:04:09,840 - INFO - ⏭️  Skipping (year 1995 out of range)
2026-02-16 02:04:10,146 - INFO - 
   [30/100] Processing document...
2026-02-16 02:04:10,146 - INFO - 📄 Scraping document...
2026-02-16 02:04:12,260 - INFO - ⏭️  Skipping (year 1995 out of range)
2026-02-16 02:04:12,569 - INFO - 
   [31/100] Processing document...
2026-02-16 02:04:12,569 - INFO - 📄 Scraping document...
2026-02-16 02:04:14,686 - INFO - ⏭️  Skipping (year 1995 out of range)
2026-02-16 02:04:14,997 - INFO - 
   [32/100] Processing document...
2026-02-16 02:04:14,998 - INFO - 📄 Scraping document...
2026-02-16 02:04:17,136 - INFO - ⏭️  Skipping (year 1999 out of range)
2026-02-16 02:04:17,442 - INFO - 
   [33/100] Processing document...
2026-02-16 02:04:17,442 - INFO - 📄 Scraping document...
2026-02-16 02:04:20,141 - INFO - HTTP Request: GET https://vegzmiigjvetbaqqcukd.supabase.co/rest/v1/lovdata_metadata?select=file_name&file_name=eq.NL_lov_2011-06-24-30_C2_A71-3.xml&limit=1 "HTTP/1.1 200 OK"
2026-02-16 02:04:20,143 - INFO - ⏭️  Skipping existing: NL_lov_2011-06-24-30_C2_A71-3.xml
2026-02-16 02:04:20,451 - INFO - 
   [34/100] Processing document...
2026-02-16 02:04:20,451 - INFO - 📄 Scraping document...
2026-02-16 02:04:22,602 - INFO - ⏭️  Skipping (year 1999 out of range)
2026-02-16 02:04:22,905 - INFO - 
   [35/100] Processing document...
2026-02-16 02:04:22,906 - INFO - 📄 Scraping document...
2026-02-16 02:04:25,089 - INFO - ⏭️  Skipping (year 1998 out of range)
2026-02-16 02:04:25,394 - INFO - 
   [36/100] Processing document...
2026-02-16 02:04:25,395 - INFO - 📄 Scraping document...
2026-02-16 02:04:27,571 - INFO - ⏭️  Skipping (year 1998 out of range)
2026-02-16 02:04:27,876 - INFO - 
   [37/100] Processing document...
2026-02-16 02:04:27,876 - INFO - 📄 Scraping document...
2026-02-16 02:04:30,069 - INFO - ⏭️  Skipping (year 1985 out of range)
2026-02-16 02:04:30,384 - INFO - 
   [38/100] Processing document...
2026-02-16 02:04:30,385 - INFO - 📄 Scraping document...
2026-02-16 02:04:32,521 - INFO - ⏭️  Skipping (year 1985 out of range)
2026-02-16 02:04:32,825 - INFO - 
   [39/100] Processing document...
2026-02-16 02:04:32,825 - INFO - 📄 Scraping document...
2026-02-16 02:04:34,952 - INFO - ⏭️  Skipping (year 1985 out of range)
2026-02-16 02:04:35,255 - INFO - 
   [40/100] Processing document...
2026-02-16 02:04:35,255 - INFO - 📄 Scraping document...
2026-02-16 02:04:37,802 - INFO - HTTP Request: GET https://vegzmiigjvetbaqqcukd.supabase.co/rest/v1/lovdata_metadata?select=file_name&file_name=eq.NL_lov_2005-04-01-14_C2_A73.xml&limit=1 "HTTP/1.1 200 OK"
2026-02-16 02:04:37,806 - INFO - ⏭️  Skipping existing: NL_lov_2005-04-01-14_C2_A73.xml
2026-02-16 02:04:38,118 - INFO - 
   [41/100] Processing document...
2026-02-16 02:04:38,119 - INFO - 📄 Scraping document...
2026-02-16 02:04:40,284 - INFO - ⏭️  Skipping (year 1993 out of range)
2026-02-16 02:04:40,593 - INFO - 
   [42/100] Processing document...
2026-02-16 02:04:40,593 - INFO - 📄 Scraping document...
2026-02-16 02:04:42,713 - INFO - ⏭️  Skipping (year 1993 out of range)
2026-02-16 02:04:43,016 - INFO - 
   [43/100] Processing document...
2026-02-16 02:04:43,016 - INFO - 📄 Scraping document...
2026-02-16 02:04:45,146 - INFO - ⏭️  Skipping (year 1993 out of range)
2026-02-16 02:04:45,461 - INFO - 
   [44/100] Processing document...
2026-02-16 02:04:45,462 - INFO - 📄 Scraping document...
2026-02-16 02:04:47,575 - INFO - ⏭️  Skipping (year 1993 out of range)
2026-02-16 02:04:47,877 - INFO - 
   [45/100] Processing document...
2026-02-16 02:04:47,878 - INFO - 📄 Scraping document...
2026-02-16 02:04:50,306 - INFO - HTTP Request: GET https://vegzmiigjvetbaqqcukd.supabase.co/rest/v1/lovdata_metadata?select=file_name&file_name=eq.NL_lov_2002-03-08-4_C2_A71a.xml&limit=1 "HTTP/1.1 200 OK"
2026-02-16 02:04:50,309 - INFO - ⏭️  Skipping existing: NL_lov_2002-03-08-4_C2_A71a.xml
2026-02-16 02:04:50,620 - INFO - 
   [46/100] Processing document...
2026-02-16 02:04:50,620 - INFO - 📄 Scraping document...
2026-02-16 02:04:52,859 - INFO - HTTP Request: GET https://vegzmiigjvetbaqqcukd.supabase.co/rest/v1/lovdata_metadata?select=file_name&file_name=eq.NL_lov_2002-03-08-4_C2_A76.xml&limit=1 "HTTP/1.1 200 OK"
2026-02-16 02:04:52,863 - INFO - ⏭️  Skipping existing: NL_lov_2002-03-08-4_C2_A76.xml
2026-02-16 02:04:53,168 - INFO - 
   [47/100] Processing document...
2026-02-16 02:04:53,168 - INFO - 📄 Scraping document...
2026-02-16 02:04:55,424 - INFO - HTTP Request: GET https://vegzmiigjvetbaqqcukd.supabase.co/rest/v1/lovdata_metadata?select=file_name&file_name=eq.NL_lov_2002-03-08-4_C2_A722.xml&limit=1 "HTTP/1.1 200 OK"
2026-02-16 02:04:55,427 - INFO - ⏭️  Skipping existing: NL_lov_2002-03-08-4_C2_A722.xml
2026-02-16 02:04:55,742 - INFO - 
   [48/100] Processing document...
2026-02-16 02:04:55,742 - INFO - 📄 Scraping document...
2026-02-16 02:04:58,038 - INFO - HTTP Request: GET https://vegzmiigjvetbaqqcukd.supabase.co/rest/v1/lovdata_metadata?select=file_name&file_name=eq.NLO_lov_2005-04-01-15_C2_A76-2.xml&limit=1 "HTTP/1.1 200 OK"
2026-02-16 02:04:58,041 - INFO - ⏭️  Skipping existing: NLO_lov_2005-04-01-15_C2_A76-2.xml
2026-02-16 02:04:58,345 - INFO - 
   [49/100] Processing document...
2026-02-16 02:04:58,345 - INFO - 📄 Scraping document...
2026-02-16 02:04:59,072 - INFO - 
⬆️  Uploading batch (2 documents)
