2026-02-14 23:21:01,130 - INFO - ✓ Storage handler initialized (bucket: lovdata-docs)
2026-02-14 23:21:01,130 - INFO - 🔐 Opening Lovdata login page...
2026-02-14 23:21:05,196 - INFO - ✅ Login successful
2026-02-14 23:21:05,196 - INFO - ======================================================================
2026-02-14 23:21:05,196 - INFO - MODE: legal_areas_only
2026-02-14 23:21:05,196 - INFO - ======================================================================
2026-02-14 23:21:05,197 - INFO - 
======================================================================
2026-02-14 23:21:05,197 - INFO - ⚖️  SCRAPING LEGAL AREAS
2026-02-14 23:21:05,197 - INFO -    Using fallback list from config.LEGAL_AREA_TRANSLATIONS
2026-02-14 23:21:05,198 - INFO - ======================================================================
2026-02-14 23:21:05,198 - INFO - 📂 Loading legal areas from config.py...
2026-02-14 23:21:05,198 - INFO - 📋 Loaded 38 legal areas
2026-02-14 23:21:05,199 - INFO - 
📊 Total legal areas: 38

2026-02-14 23:21:05,199 - INFO - 
======================================================================
2026-02-14 23:21:05,199 - INFO - [1/38] Labor_Law
2026-02-14 23:21:05,200 - INFO - ======================================================================
2026-02-14 23:21:05,200 - INFO -    Norwegian: arbeidsrett
2026-02-14 23:21:05,200 - INFO -    🔗 https://lovdata.no/pro/#rettsomrade/arbeidsrett
2026-02-14 23:21:05,201 - INFO - 📂 Navigating to: https://lovdata.no/pro/#rettsomrade/arbeidsrett
2026-02-14 23:21:13,228 - INFO -    📜 Scrolling to load documents...
2026-02-14 23:21:23,953 - INFO -    📎 Found 43 documents
2026-02-14 23:21:23,958 - INFO - 🚀 Processing 43 documents
2026-02-14 23:21:23,958 - INFO - 
   [1/43] Processing document...
2026-02-14 23:21:23,958 - INFO - 📄 Scraping document...
2026-02-14 23:21:31,771 - INFO - HTTP Request: GET https://vegzmiigjvetbaqqcukd.supabase.co/rest/v1/lovdata_metadata?select=file_name&file_name=eq.NL_lov_2007-06-15-40_C2_A744.xml&limit=1 "HTTP/1.1 200 OK"
2026-02-14 23:21:31,819 - INFO - ✓ XML saved: ./scraped_xml\Legal_Areas/Labor_Law\Labor_Law\NL_lov_2007-06-15-40_C2_A744.xml
2026-02-14 23:21:32,100 - INFO - HTTP Request: GET https://vegzmiigjvetbaqqcukd.supabase.co/rest/v1/lovdata_metadata?select=file_hash&file_hash=eq.ffb37abd21b70921f0122b09e42fc3f4&limit=1 "HTTP/1.1 200 OK"
2026-02-14 23:21:32,411 - INFO - 
   [2/43] Processing document...
2026-02-14 23:21:32,411 - INFO - 📄 Scraping document...
2026-02-14 23:21:39,627 - ERROR - Metadata exists check failed: The read operation timed out
2026-02-14 23:21:39,662 - INFO - ✓ XML saved: ./scraped_xml\Legal_Areas/Labor_Law\Labor_Law\NL_lov_2025-03-28-5.xml
2026-02-14 23:21:40,025 - INFO - HTTP Request: GET https://vegzmiigjvetbaqqcukd.supabase.co/rest/v1/lovdata_metadata?select=file_hash&file_hash=eq.83a52887ee9941c947312764850d0f62&limit=1 "HTTP/1.1 200 OK"
2026-02-14 23:21:40,346 - INFO - 
   [3/43] Processing document...
2026-02-14 23:21:40,347 - INFO - 📄 Scraping document...
2026-02-14 23:21:43,046 - INFO - HTTP Request: GET https://vegzmiigjvetbaqqcukd.supabase.co/rest/v1/lovdata_metadata?select=file_name&file_name=eq.NL_lov_2007-06-15-40_C2_A79.xml&limit=1 "HTTP/1.1 200 OK"
2026-02-14 23:21:43,086 - INFO - ✓ XML saved: ./scraped_xml\Legal_Areas/Labor_Law\Labor_Law\NL_lov_2007-06-15-40_C2_A79.xml
2026-02-14 23:21:43,349 - INFO - HTTP Request: GET https://vegzmiigjvetbaqqcukd.supabase.co/rest/v1/lovdata_metadata?select=file_hash&file_hash=eq.c9289c072aeea3764d63cd5a53392d17&limit=1 "HTTP/1.1 200 OK"
2026-02-14 23:21:43,663 - INFO - 
   [4/43] Processing document...
2026-02-14 23:21:43,663 - INFO - 📄 Scraping document...
2026-02-14 23:21:46,126 - INFO - HTTP Request: GET https://vegzmiigjvetbaqqcukd.supabase.co/rest/v1/lovdata_metadata?select=file_name&file_name=eq.HRSTR_avgjorelse_hr-2026-373-a.xml&limit=1 "HTTP/1.1 200 OK"
2026-02-14 23:21:46,164 - INFO - ✓ XML saved: ./scraped_xml\Legal_Areas/Labor_Law\Labor_Law\HRSTR_avgjorelse_hr-2026-373-a.xml
2026-02-14 23:21:46,446 - INFO - HTTP Request: GET https://vegzmiigjvetbaqqcukd.supabase.co/rest/v1/lovdata_metadata?select=file_hash&file_hash=eq.bd0310e350d762dd6b9b683bc31ea025&limit=1 "HTTP/1.1 200 OK"
2026-02-14 23:21:46,754 - INFO - 
   [5/43] Processing document...
2026-02-14 23:21:46,754 - INFO - 📄 Scraping document...
2026-02-14 23:22:06,865 - WARNING - ⚠️  Attempt 1/3 failed: Message: 
Stacktrace:
Symbols not available. Dumping unresolved backtrace:
	0x7ff7f053f3d5
	0x7ff7f0
2026-02-14 23:22:06,865 - INFO - 🔄 Retrying in 3 seconds...
2026-02-14 23:22:12,532 - INFO - 📄 Scraping document...
2026-02-14 23:22:32,627 - WARNING - ⚠️  Attempt 2/3 failed: Message: 
Stacktrace:
Symbols not available. Dumping unresolved backtrace:
	0x7ff7f053f3d5
	0x7ff7f0
2026-02-14 23:22:32,628 - INFO - 🔄 Retrying in 3 seconds...
2026-02-14 23:22:39,133 - INFO - 📄 Scraping document...
2026-02-14 23:22:59,578 - WARNING - ⚠️  Attempt 3/3 failed: Message: 
Stacktrace:
Symbols not available. Dumping unresolved backtrace:
	0x7ff7f053f3d5
	0x7ff7f0
2026-02-14 23:22:59,579 - ERROR - ❌ Failed to scrape document https://lovdata.no/pro/#document/HRSIV/avgjorelse/hr-2026-372-a after 3 attempts
2026-02-14 23:22:59,879 - INFO - 
   [6/43] Processing document...
2026-02-14 23:22:59,880 - INFO - 📄 Scraping document...
2026-02-14 23:23:20,209 - WARNING - ⚠️  Attempt 1/3 failed: Message: 
Stacktrace:
Symbols not available. Dumping unresolved backtrace:
	0x7ff7f053f3d5
	0x7ff7f0
2026-02-14 23:23:20,210 - INFO - 🔄 Retrying in 3 seconds...
2026-02-14 23:23:26,333 - INFO - 📄 Scraping document...
2026-02-14 23:23:27,079 - INFO - 
⬆️  Uploading batch (4 documents)
2026-02-14 23:23:27,752 - INFO - HTTP Request: POST https://vegzmiigjvetbaqqcukd.supabase.co/storage/v1/object/lovdata-docs/Legal_Areas/Labor_Law/Labor_Law/NL_lov_2007-06-15-40_C2_A744.xml "HTTP/2 400 Bad Request"
2026-02-14 23:23:27,753 - ERROR - ✗ Bucket upload failed: {'statusCode': 400, 'error': 'Unauthorized', 'message': 'new row violates row-level security policy'}
2026-02-14 23:23:27,970 - INFO - HTTP Request: POST https://vegzmiigjvetbaqqcukd.supabase.co/storage/v1/object/lovdata-docs/Legal_Areas/Labor_Law/Labor_Law/NL_lov_2025-03-28-5.xml "HTTP/2 400 Bad Request"
2026-02-14 23:23:27,971 - ERROR - ✗ Bucket upload failed: {'statusCode': 400, 'error': 'Unauthorized', 'message': 'new row violates row-level security policy'}
2026-02-14 23:23:28,497 - INFO - HTTP Request: POST https://vegzmiigjvetbaqqcukd.supabase.co/storage/v1/object/lovdata-docs/Legal_Areas/Labor_Law/Labor_Law/NL_lov_2007-06-15-40_C2_A79.xml "HTTP/2 400 Bad Request"
2026-02-14 23:23:28,499 - ERROR - ✗ Bucket upload failed: {'statusCode': 400, 'error': 'Unauthorized', 'message': 'new row violates row-level security policy'}
2026-02-14 23:23:28,668 - INFO - HTTP Request: POST https://vegzmiigjvetbaqqcukd.supabase.co/storage/v1/object/lovdata-docs/Legal_Areas/Labor_Law/Labor_Law/HRSTR_avgjorelse_hr-2026-373-a.xml "HTTP/2 400 Bad Request"
2026-02-14 23:23:28,670 - ERROR - ✗ Bucket upload failed: {'statusCode': 400, 'error': 'Unauthorized', 'message': 'new row violates row-level security policy'}
2026-02-14 23:23:28,675 - INFO - ✅ Batch upload complete

2026-02-14 23:23:32,763 - WARNING - Retrying (Retry(total=2, connect=None, read=None, redirect=None, status=None)) after connection broken by 'NewConnectionError("HTTPConnection(host='localhost', port=60418): Failed to establish a new connection: [WinError 10061] No connection could be made because the target machine actively refused it")': /session/dbfa75fb79f2edf8c674fb6e9cf125f8
2026-02-14 23:23:36,828 - WARNING - Retrying (Retry(total=1, connect=None, read=None, redirect=None, status=None)) after connection broken by 'NewConnectionError("HTTPConnection(host='localhost', port=60418): Failed to establish a new connection: [WinError 10061] No connection could be made because the target machine actively refused it")': /session/dbfa75fb79f2edf8c674fb6e9cf125f8
2026-02-14 23:23:40,910 - WARNING - Retrying (Retry(total=0, connect=None, read=None, redirect=None, status=None)) after connection broken by 'NewConnectionError("HTTPConnection(host='localhost', port=60418): Failed to establish a new connection: [WinError 10061] No connection could be made because the target machine actively refused it")': /session/dbfa75fb79f2edf8c674fb6e9cf125f8
2026-02-14 23:23:49,047 - INFO - 
======================================================================
2026-02-14 23:23:49,048 - INFO - SCRAPING SUMMARY
2026-02-14 23:23:49,048 - INFO - ======================================================================
2026-02-14 23:23:49,048 - INFO - ✅ Success: 4
2026-02-14 23:23:49,048 - INFO - ❌ Failed: 1
2026-02-14 23:23:49,048 - INFO - ⏭️  Skipped: 0
2026-02-14 23:23:49,048 - INFO - ======================================================================

