2026-03-03 12:10:31,480 - INFO - ✓ Supabase table: legal_area_metadata
2026-03-03 12:10:31,480 - INFO - ✓ Supabase bucket: legal_area
2026-03-03 12:10:31,480 - INFO - ✓ Storage handler initialized (bucket: legal_area)
2026-03-03 12:10:31,480 - INFO - 🔐 Opening Lovdata login page...
2026-03-03 12:10:37,517 - INFO - ✅ Login successful
2026-03-03 12:10:37,518 - INFO - ======================================================================
2026-03-03 12:10:37,519 - INFO - MODE: legal_areas_only
2026-03-03 12:10:37,519 - INFO - ======================================================================
2026-03-03 12:10:37,519 - INFO - 
======================================================================
2026-03-03 12:10:37,520 - INFO - ⚖️  SCRAPING LEGAL AREAS (reliable traversal: root → branch → leaf)
2026-03-03 12:10:37,520 - INFO - ======================================================================
2026-03-03 12:10:48,953 - INFO - 📂 Navigating to Rettsområder section...
2026-03-03 12:10:55,022 - INFO -    ✅ Clicked: Rettsområder
2026-03-03 12:11:10,086 - INFO -    Found 35 total tree nodes
2026-03-03 12:11:10,151 - INFO -    ✅ Found: Anskaffelser, avtaler, bygg og entrepriser
2026-03-03 12:11:10,197 - INFO -    ✅ Found: Arbeidsrett
2026-03-03 12:11:10,249 - INFO -    ✅ Found: Bank, finans og regnskapsrett
2026-03-03 12:11:10,290 - INFO -    ✅ Found: Energirett
2026-03-03 12:11:10,336 - INFO -    ✅ Found: Erstatnings- og forsikringsrett
2026-03-03 12:11:10,372 - INFO -    ✅ Found: EU/EØS-rett
2026-03-03 12:11:10,407 - INFO -    ✅ Found: Familie-, person- og barnerett
2026-03-03 12:11:10,439 - INFO -    ✅ Found: Fast eiendoms rettsforhold
2026-03-03 12:11:10,477 - INFO -    ✅ Found: Fiskeri- og fangstrett og havbruk
2026-03-03 12:11:10,515 - INFO -    ✅ Found: Forbruker-, kjøps- og konkurranserett
2026-03-03 12:11:10,554 - INFO -    ✅ Found: Forvaltnings- og kommunalrett
2026-03-03 12:11:10,588 - INFO -    ✅ Found: Forurensninger, klima og utslipp
2026-03-03 12:11:10,626 - INFO -    ✅ Found: HMS og beredskaps- og sikkerhetsrett
2026-03-03 12:11:10,658 - INFO -    ✅ Found: Helse- og omsorgsrett
2026-03-03 12:11:10,693 - INFO -    ✅ Found: IKT- og medierett
2026-03-03 12:11:10,724 - INFO -    ✅ Found: Immaterialrett
2026-03-03 12:11:10,759 - INFO -    ✅ Found: Internasjonal rett
2026-03-03 12:11:10,790 - INFO -    ✅ Found: Konkurs, gjeld og pant
2026-03-03 12:11:10,822 - INFO -    ✅ Found: Kultur, idrett og underholdning
2026-03-03 12:11:10,860 - INFO -    ✅ Found: Landbruk, jakt og skogbruk
2026-03-03 12:11:10,913 - INFO -    ✅ Found: Menneskerettigheter
2026-03-03 12:11:10,978 - INFO -    ✅ Found: Miljøvern, natur og friluftsliv
2026-03-03 12:11:11,030 - INFO -    ✅ Found: Næringsrett
2026-03-03 12:11:11,083 - INFO -    ✅ Found: Pensjons- og trygderett
2026-03-03 12:11:11,142 - INFO -    ✅ Found: Samerett
2026-03-03 12:11:11,197 - INFO -    ✅ Found: Selskaper, fond og foreninger
2026-03-03 12:11:11,262 - INFO -    ✅ Found: Skatte- og avgiftsrett
2026-03-03 12:11:11,322 - INFO -    ✅ Found: Skoler, universiteter og forskning
2026-03-03 12:11:11,373 - INFO -    ✅ Found: Stats-, statsforfatnings- og statsborgerrett
2026-03-03 12:11:11,423 - INFO -    ✅ Found: Sivil- og straffeprosess
2026-03-03 12:11:11,480 - INFO -    ✅ Found: Strafferett
2026-03-03 12:11:11,552 - INFO -    ✅ Found: Svalbard og biland
2026-03-03 12:11:11,613 - INFO -    ✅ Found: Transport og kommunikasjoner
2026-03-03 12:11:11,664 - INFO -    ✅ Found: Tvangsfullbyrdelse
2026-03-03 12:11:11,706 - INFO -    ✅ Found: Utlendingsrett
2026-03-03 12:11:11,707 - INFO - 
   📋 Total discovered: 35 legal areas

2026-03-03 12:11:11,707 - INFO - 📊 Total ROOT areas discovered: 35
2026-03-03 12:11:11,709 - INFO - 
======================================================================
2026-03-03 12:11:11,710 - INFO - [1/35] ROOT: Anskaffelser_Avtaler_Bygg_Og_Entrepriser
2026-03-03 12:11:11,710 - INFO - ======================================================================
2026-03-03 12:11:13,233 - INFO - HTTP Request: GET https://exeklzgcqykkutjfikei.supabase.co/rest/v1/legal_area_metadata?select=id&legal_area_root=eq.Anskaffelser_Avtaler_Bygg_Og_Entrepriser&limit=1 "HTTP/1.1 200 OK"
2026-03-03 12:26:29,168 - INFO - 🔗 ROOT docs: 188
2026-03-03 12:26:29,204 - INFO - 🚀 Processing 188 documents
2026-03-03 12:26:29,207 - INFO - 
   [1/188] Processing document...
2026-03-03 12:26:29,602 - ERROR - ❌ Error processing document: 'LovdataScraper' object has no attribute 'scrape_document'
2026-03-03 12:26:31,606 - INFO - 
   [2/188] Processing document...
2026-03-03 12:26:31,935 - ERROR - ❌ Error processing document: 'LovdataScraper' object has no attribute 'scrape_document'
2026-03-03 12:26:33,937 - INFO - 
   [3/188] Processing document...
2026-03-03 12:26:34,179 - ERROR - ❌ Error processing document: 'LovdataScraper' object has no attribute 'scrape_document'
2026-03-03 12:26:36,180 - INFO - 
   [4/188] Processing document...
2026-03-03 12:26:36,363 - ERROR - ❌ Error processing document: 'LovdataScraper' object has no attribute 'scrape_document'
2026-03-03 12:26:38,364 - INFO - 
   [5/188] Processing document...
2026-03-03 12:26:38,574 - ERROR - ❌ Error processing document: 'LovdataScraper' object has no attribute 'scrape_document'
2026-03-03 12:26:40,584 - INFO - 
   [6/188] Processing document...
2026-03-03 12:26:40,700 - ERROR - ❌ Error processing document: 'LovdataScraper' object has no attribute 'scrape_document'
2026-03-03 12:26:42,701 - INFO - 
   [7/188] Processing document...
2026-03-03 12:26:42,864 - ERROR - ❌ Error processing document: 'LovdataScraper' object has no attribute 'scrape_document'
2026-03-03 12:26:44,865 - INFO - 
   [8/188] Processing document...
2026-03-03 12:26:45,012 - ERROR - ❌ Error processing document: 'LovdataScraper' object has no attribute 'scrape_document'
2026-03-03 12:26:47,017 - INFO - 
   [9/188] Processing document...
2026-03-03 12:26:47,171 - ERROR - ❌ Error processing document: 'LovdataScraper' object has no attribute 'scrape_document'
2026-03-03 12:26:49,173 - INFO - 
   [10/188] Processing document...
2026-03-03 12:26:49,295 - ERROR - ❌ Error processing document: 'LovdataScraper' object has no attribute 'scrape_document'
2026-03-03 12:26:51,296 - INFO - 
   [11/188] Processing document...
2026-03-03 12:26:51,458 - ERROR - ❌ Error processing document: 'LovdataScraper' object has no attribute 'scrape_document'
2026-03-03 12:26:53,459 - INFO - 
   [12/188] Processing document...
2026-03-03 12:26:53,618 - ERROR - ❌ Error processing document: 'LovdataScraper' object has no attribute 'scrape_document'
2026-03-03 12:26:55,621 - INFO - 
   [13/188] Processing document...
2026-03-03 12:26:55,784 - ERROR - ❌ Error processing document: 'LovdataScraper' object has no attribute 'scrape_document'
2026-03-03 12:26:57,788 - INFO - 
   [14/188] Processing document...
2026-03-03 12:26:58,001 - ERROR - ❌ Error processing document: 'LovdataScraper' object has no attribute 'scrape_document'
2026-03-03 12:27:00,002 - INFO - 
   [15/188] Processing document...
2026-03-03 12:27:00,153 - ERROR - ❌ Error processing document: 'LovdataScraper' object has no attribute 'scrape_document'
2026-03-03 12:27:02,154 - INFO - 
   [16/188] Processing document...
2026-03-03 12:27:02,303 - ERROR - ❌ Error processing document: 'LovdataScraper' object has no attribute 'scrape_document'
2026-03-03 12:27:04,305 - INFO - 
   [17/188] Processing document...
2026-03-03 12:27:04,418 - ERROR - ❌ Error processing document: 'LovdataScraper' object has no attribute 'scrape_document'
2026-03-03 12:27:06,418 - INFO - 
   [18/188] Processing document...
2026-03-03 12:27:06,630 - ERROR - ❌ Error processing document: 'LovdataScraper' object has no attribute 'scrape_document'
2026-03-03 12:27:08,632 - INFO - 
   [19/188] Processing document...
2026-03-03 12:27:08,901 - ERROR - ❌ Error processing document: 'LovdataScraper' object has no attribute 'scrape_document'
2026-03-03 12:27:10,905 - INFO - 
   [20/188] Processing document...
2026-03-03 12:27:11,242 - ERROR - ❌ Error processing document: 'LovdataScraper' object has no attribute 'scrape_document'
2026-03-03 12:27:13,244 - INFO - 
   [21/188] Processing document...
2026-03-03 12:27:13,462 - ERROR - ❌ Error processing document: 'LovdataScraper' object has no attribute 'scrape_document'
2026-03-03 12:27:15,467 - INFO - 
   [22/188] Processing document...
2026-03-03 12:27:15,649 - ERROR - ❌ Error processing document: 'LovdataScraper' object has no attribute 'scrape_document'
2026-03-03 12:27:17,651 - INFO - 
   [23/188] Processing document...
2026-03-03 12:27:17,777 - ERROR - ❌ Error processing document: 'LovdataScraper' object has no attribute 'scrape_document'
2026-03-03 12:27:19,778 - INFO - 
   [24/188] Processing document...
2026-03-03 12:27:19,968 - ERROR - ❌ Error processing document: 'LovdataScraper' object has no attribute 'scrape_document'
2026-03-03 12:27:21,970 - INFO - 
   [25/188] Processing document...
2026-03-03 12:27:22,213 - ERROR - ❌ Error processing document: 'LovdataScraper' object has no attribute 'scrape_document'
2026-03-03 12:27:24,215 - INFO - 
   [26/188] Processing document...
2026-03-03 12:27:24,415 - ERROR - ❌ Error processing document: 'LovdataScraper' object has no attribute 'scrape_document'
2026-03-03 12:27:26,419 - INFO - 
   [27/188] Processing document...
2026-03-03 12:27:26,645 - ERROR - ❌ Error processing document: 'LovdataScraper' object has no attribute 'scrape_document'
2026-03-03 12:27:28,651 - INFO - 
   [28/188] Processing document...
2026-03-03 12:27:28,940 - ERROR - ❌ Error processing document: 'LovdataScraper' object has no attribute 'scrape_document'
2026-03-03 12:27:30,942 - INFO - 
   [29/188] Processing document...
2026-03-03 12:27:31,135 - ERROR - ❌ Error processing document: 'LovdataScraper' object has no attribute 'scrape_document'
2026-03-03 12:27:33,137 - INFO - 
   [30/188] Processing document...
2026-03-03 12:27:33,383 - ERROR - ❌ Error processing document: 'LovdataScraper' object has no attribute 'scrape_document'
2026-03-03 12:27:35,386 - INFO - 
   [31/188] Processing document...
2026-03-03 12:27:35,593 - ERROR - ❌ Error processing document: 'LovdataScraper' object has no attribute 'scrape_document'
2026-03-03 12:27:37,594 - INFO - 
   [32/188] Processing document...
2026-03-03 12:27:37,776 - ERROR - ❌ Error processing document: 'LovdataScraper' object has no attribute 'scrape_document'
2026-03-03 12:27:39,777 - INFO - 
   [33/188] Processing document...
2026-03-03 12:27:39,920 - ERROR - ❌ Error processing document: 'LovdataScraper' object has no attribute 'scrape_document'
2026-03-03 12:27:41,921 - INFO - 
   [34/188] Processing document...
2026-03-03 12:27:42,128 - ERROR - ❌ Error processing document: 'LovdataScraper' object has no attribute 'scrape_document'
2026-03-03 12:27:44,129 - INFO - 
   [35/188] Processing document...
2026-03-03 12:27:44,379 - ERROR - ❌ Error processing document: 'LovdataScraper' object has no attribute 'scrape_document'
2026-03-03 12:27:46,381 - INFO - 
   [36/188] Processing document...
2026-03-03 12:27:46,651 - ERROR - ❌ Error processing document: 'LovdataScraper' object has no attribute 'scrape_document'
2026-03-03 12:27:48,652 - INFO - 
   [37/188] Processing document...
2026-03-03 12:27:48,841 - ERROR - ❌ Error processing document: 'LovdataScraper' object has no attribute 'scrape_document'
2026-03-03 12:27:50,842 - INFO - 
   [38/188] Processing document...
2026-03-03 12:27:50,988 - ERROR - ❌ Error processing document: 'LovdataScraper' object has no attribute 'scrape_document'
2026-03-03 12:27:52,990 - INFO - 
   [39/188] Processing document...
2026-03-03 12:27:53,215 - ERROR - ❌ Error processing document: 'LovdataScraper' object has no attribute 'scrape_document'
2026-03-03 12:27:55,216 - INFO - 
   [40/188] Processing document...
2026-03-03 12:27:55,377 - ERROR - ❌ Error processing document: 'LovdataScraper' object has no attribute 'scrape_document'
2026-03-03 12:27:57,382 - INFO - 
   [41/188] Processing document...
2026-03-03 12:27:57,870 - ERROR - ❌ Error processing document: 'LovdataScraper' object has no attribute 'scrape_document'
2026-03-03 12:27:59,871 - INFO - 
   [42/188] Processing document...
2026-03-03 12:28:00,052 - ERROR - ❌ Error processing document: 'LovdataScraper' object has no attribute 'scrape_document'
2026-03-03 12:28:02,055 - INFO - 
   [43/188] Processing document...
2026-03-03 12:28:02,219 - ERROR - ❌ Error processing document: 'LovdataScraper' object has no attribute 'scrape_document'
2026-03-03 12:28:04,220 - INFO - 
   [44/188] Processing document...
2026-03-03 12:28:04,372 - ERROR - ❌ Error processing document: 'LovdataScraper' object has no attribute 'scrape_document'
2026-03-03 12:28:06,373 - INFO - 
   [45/188] Processing document...
2026-03-03 12:28:06,494 - ERROR - ❌ Error processing document: 'LovdataScraper' object has no attribute 'scrape_document'
2026-03-03 12:28:08,496 - INFO - 
   [46/188] Processing document...
2026-03-03 12:28:08,678 - ERROR - ❌ Error processing document: 'LovdataScraper' object has no attribute 'scrape_document'
2026-03-03 12:28:10,679 - INFO - 
   [47/188] Processing document...
2026-03-03 12:28:10,786 - ERROR - ❌ Error processing document: 'LovdataScraper' object has no attribute 'scrape_document'
2026-03-03 12:28:12,787 - INFO - 
   [48/188] Processing document...
2026-03-03 12:28:12,892 - ERROR - ❌ Error processing document: 'LovdataScraper' object has no attribute 'scrape_document'
2026-03-03 12:28:14,893 - INFO - 
   [49/188] Processing document...
2026-03-03 12:28:15,092 - ERROR - ❌ Error processing document: 'LovdataScraper' object has no attribute 'scrape_document'
2026-03-03 12:28:17,093 - INFO - 
   [50/188] Processing document...
2026-03-03 12:28:17,229 - ERROR - ❌ Error processing document: 'LovdataScraper' object has no attribute 'scrape_document'
2026-03-03 12:28:19,233 - INFO - 
   [51/188] Processing document...
2026-03-03 12:28:19,343 - ERROR - ❌ Error processing document: 'LovdataScraper' object has no attribute 'scrape_document'
2026-03-03 12:28:21,345 - INFO - 
   [52/188] Processing document...
2026-03-03 12:28:21,460 - ERROR - ❌ Error processing document: 'LovdataScraper' object has no attribute 'scrape_document'
2026-03-03 12:28:23,462 - INFO - 
   [53/188] Processing document...
2026-03-03 12:28:23,704 - ERROR - ❌ Error processing document: 'LovdataScraper' object has no attribute 'scrape_document'
2026-03-03 12:28:25,707 - INFO - 
   [54/188] Processing document...
2026-03-03 12:28:25,947 - ERROR - ❌ Error processing document: 'LovdataScraper' object has no attribute 'scrape_document'
2026-03-03 12:28:27,949 - INFO - 
   [55/188] Processing document...
2026-03-03 12:28:28,086 - ERROR - ❌ Error processing document: 'LovdataScraper' object has no attribute 'scrape_document'
2026-03-03 12:28:30,088 - INFO - 
   [56/188] Processing document...
2026-03-03 12:28:30,317 - ERROR - ❌ Error processing document: 'LovdataScraper' object has no attribute 'scrape_document'
2026-03-03 12:28:32,323 - INFO - 
   [57/188] Processing document...
2026-03-03 12:28:32,515 - ERROR - ❌ Error processing document: 'LovdataScraper' object has no attribute 'scrape_document'
2026-03-03 12:28:34,517 - INFO - 
   [58/188] Processing document...
2026-03-03 12:28:34,742 - ERROR - ❌ Error processing document: 'LovdataScraper' object has no attribute 'scrape_document'
2026-03-03 12:28:36,743 - INFO - 
   [59/188] Processing document...
2026-03-03 12:28:36,974 - ERROR - ❌ Error processing document: 'LovdataScraper' object has no attribute 'scrape_document'
2026-03-03 12:28:38,976 - INFO - 
   [60/188] Processing document...
2026-03-03 12:28:39,108 - ERROR - ❌ Error processing document: 'LovdataScraper' object has no attribute 'scrape_document'
2026-03-03 12:28:41,114 - INFO - 
   [61/188] Processing document...
2026-03-03 12:28:41,254 - ERROR - ❌ Error processing document: 'LovdataScraper' object has no attribute 'scrape_document'
2026-03-03 12:28:43,257 - INFO - 
   [62/188] Processing document...
2026-03-03 12:28:43,380 - ERROR - ❌ Error processing document: 'LovdataScraper' object has no attribute 'scrape_document'
2026-03-03 12:28:45,381 - INFO - 
   [63/188] Processing document...
2026-03-03 12:28:45,518 - ERROR - ❌ Error processing document: 'LovdataScraper' object has no attribute 'scrape_document'
2026-03-03 12:28:47,519 - INFO - 
   [64/188] Processing document...
2026-03-03 12:28:47,663 - ERROR - ❌ Error processing document: 'LovdataScraper' object has no attribute 'scrape_document'
2026-03-03 12:28:49,665 - INFO - 
   [65/188] Processing document...
2026-03-03 12:28:49,894 - ERROR - ❌ Error processing document: 'LovdataScraper' object has no attribute 'scrape_document'
2026-03-03 12:28:51,896 - INFO - 
   [66/188] Processing document...
2026-03-03 12:28:52,123 - ERROR - ❌ Error processing document: 'LovdataScraper' object has no attribute 'scrape_document'
2026-03-03 12:28:54,135 - INFO - 
   [67/188] Processing document...
2026-03-03 12:28:54,281 - ERROR - ❌ Error processing document: 'LovdataScraper' object has no attribute 'scrape_document'
2026-03-03 12:28:56,283 - INFO - 
   [68/188] Processing document...
2026-03-03 12:28:56,575 - ERROR - ❌ Error processing document: 'LovdataScraper' object has no attribute 'scrape_document'
2026-03-03 12:28:58,576 - INFO - 
   [69/188] Processing document...
2026-03-03 12:28:58,733 - ERROR - ❌ Error processing document: 'LovdataScraper' object has no attribute 'scrape_document'
2026-03-03 12:29:00,735 - INFO - 
   [70/188] Processing document...
2026-03-03 12:29:00,913 - ERROR - ❌ Error processing document: 'LovdataScraper' object has no attribute 'scrape_document'
2026-03-03 12:29:02,914 - INFO - 
   [71/188] Processing document...
2026-03-03 12:29:03,066 - ERROR - ❌ Error processing document: 'LovdataScraper' object has no attribute 'scrape_document'
2026-03-03 12:29:05,070 - INFO - 
   [72/188] Processing document...
2026-03-03 12:29:05,187 - ERROR - ❌ Error processing document: 'LovdataScraper' object has no attribute 'scrape_document'
2026-03-03 12:29:07,189 - INFO - 
   [73/188] Processing document...
2026-03-03 12:29:07,469 - ERROR - ❌ Error processing document: 'LovdataScraper' object has no attribute 'scrape_document'
2026-03-03 12:29:09,479 - INFO - 
   [74/188] Processing document...
2026-03-03 12:29:09,617 - ERROR - ❌ Error processing document: 'LovdataScraper' object has no attribute 'scrape_document'
2026-03-03 12:29:11,619 - INFO - 
   [75/188] Processing document...
2026-03-03 12:29:11,779 - ERROR - ❌ Error processing document: 'LovdataScraper' object has no attribute 'scrape_document'
2026-03-03 12:29:13,780 - INFO - 
   [76/188] Processing document...
2026-03-03 12:29:13,900 - ERROR - ❌ Error processing document: 'LovdataScraper' object has no attribute 'scrape_document'
2026-03-03 12:29:15,901 - INFO - 
   [77/188] Processing document...
2026-03-03 12:29:16,050 - ERROR - ❌ Error processing document: 'LovdataScraper' object has no attribute 'scrape_document'
2026-03-03 12:29:18,052 - INFO - 
   [78/188] Processing document...
2026-03-03 12:29:18,212 - ERROR - ❌ Error processing document: 'LovdataScraper' object has no attribute 'scrape_document'
2026-03-03 12:29:20,214 - INFO - 
   [79/188] Processing document...
2026-03-03 12:29:20,350 - ERROR - ❌ Error processing document: 'LovdataScraper' object has no attribute 'scrape_document'
2026-03-03 12:29:22,352 - INFO - 
   [80/188] Processing document...
2026-03-03 12:29:22,545 - ERROR - ❌ Error processing document: 'LovdataScraper' object has no attribute 'scrape_document'
2026-03-03 12:29:24,546 - INFO - 
   [81/188] Processing document...
2026-03-03 12:29:24,845 - ERROR - ❌ Error processing document: 'LovdataScraper' object has no attribute 'scrape_document'
2026-03-03 12:29:26,846 - INFO - 
   [82/188] Processing document...
2026-03-03 12:29:27,113 - ERROR - ❌ Error processing document: 'LovdataScraper' object has no attribute 'scrape_document'
2026-03-03 12:29:29,114 - INFO - 
   [83/188] Processing document...
2026-03-03 12:29:29,370 - ERROR - ❌ Error processing document: 'LovdataScraper' object has no attribute 'scrape_document'
2026-03-03 12:29:31,372 - INFO - 
   [84/188] Processing document...
2026-03-03 12:29:31,597 - ERROR - ❌ Error processing document: 'LovdataScraper' object has no attribute 'scrape_document'
2026-03-03 12:29:33,599 - INFO - 
   [85/188] Processing document...
2026-03-03 12:29:33,805 - ERROR - ❌ Error processing document: 'LovdataScraper' object has no attribute 'scrape_document'
2026-03-03 12:29:35,809 - INFO - 
   [86/188] Processing document...
2026-03-03 12:29:36,096 - ERROR - ❌ Error processing document: 'LovdataScraper' object has no attribute 'scrape_document'
2026-03-03 12:29:38,098 - INFO - 
   [87/188] Processing document...
2026-03-03 12:29:38,301 - ERROR - ❌ Error processing document: 'LovdataScraper' object has no attribute 'scrape_document'
2026-03-03 12:29:40,302 - INFO - 
   [88/188] Processing document...
2026-03-03 12:29:40,461 - ERROR - ❌ Error processing document: 'LovdataScraper' object has no attribute 'scrape_document'
2026-03-03 12:29:42,463 - INFO - 
   [89/188] Processing document...
2026-03-03 12:29:42,662 - ERROR - ❌ Error processing document: 'LovdataScraper' object has no attribute 'scrape_document'
2026-03-03 12:29:44,663 - INFO - 
   [90/188] Processing document...
2026-03-03 12:29:44,832 - ERROR - ❌ Error processing document: 'LovdataScraper' object has no attribute 'scrape_document'
2026-03-03 12:29:46,833 - INFO - 
   [91/188] Processing document...
2026-03-03 12:29:47,056 - ERROR - ❌ Error processing document: 'LovdataScraper' object has no attribute 'scrape_document'
2026-03-03 12:29:49,058 - INFO - 
   [92/188] Processing document...
2026-03-03 12:29:49,188 - ERROR - ❌ Error processing document: 'LovdataScraper' object has no attribute 'scrape_document'
2026-03-03 12:29:51,190 - INFO - 
   [93/188] Processing document...
2026-03-03 12:29:51,396 - ERROR - ❌ Error processing document: 'LovdataScraper' object has no attribute 'scrape_document'
2026-03-03 12:29:53,397 - INFO - 
   [94/188] Processing document...
2026-03-03 12:29:53,634 - ERROR - ❌ Error processing document: 'LovdataScraper' object has no attribute 'scrape_document'
2026-03-03 12:29:55,636 - INFO - 
   [95/188] Processing document...
2026-03-03 12:29:55,900 - ERROR - ❌ Error processing document: 'LovdataScraper' object has no attribute 'scrape_document'
2026-03-03 12:29:57,901 - INFO - 
   [96/188] Processing document...
2026-03-03 12:29:57,998 - ERROR - ❌ Error processing document: 'LovdataScraper' object has no attribute 'scrape_document'
2026-03-03 12:30:00,000 - INFO - 
   [97/188] Processing document...
2026-03-03 12:30:00,128 - ERROR - ❌ Error processing document: 'LovdataScraper' object has no attribute 'scrape_document'
2026-03-03 12:30:02,129 - INFO - 
   [98/188] Processing document...
2026-03-03 12:30:02,351 - ERROR - ❌ Error processing document: 'LovdataScraper' object has no attribute 'scrape_document'
2026-03-03 12:30:04,356 - INFO - 
   [99/188] Processing document...
2026-03-03 12:30:04,575 - ERROR - ❌ Error processing document: 'LovdataScraper' object has no attribute 'scrape_document'
2026-03-03 12:30:06,596 - INFO - 
   [100/188] Processing document...
2026-03-03 12:30:06,735 - ERROR - ❌ Error processing document: 'LovdataScraper' object has no attribute 'scrape_document'
2026-03-03 12:30:06,738 - INFO - 
🔄 Restarting browser after 100 documents...
2026-03-03 12:30:12,990 - INFO - 🔐 Opening Lovdata login page...
2026-03-03 12:30:15,981 - ERROR - ❌ Login failed: Message: no such window: target window already closed
from unknown error: web view not found
  (Session info: chrome=145.0.7632.117)
Stacktrace:
Symbols not available. Dumping unresolved backtrace:
	0x7ff763acaa55
	0x7ff763828630
	0x7ff7635bd75d
	0x7ff7635942a2
	0x7ff763648e86
	0x7ff763665282
	0x7ff763609098
	0x7ff763609f83
	0x7ff763af7810
	0x7ff763af1afd
	0x7ff763b12c1a
	0x7ff763843345
	0x7ff76384b81c
	0x7ff763831924
	0x7ff763831ad6
	0x7ff763817e47
	0x7ffe38e2259d
	0x7ffe3ad0af78

2026-03-03 12:30:15,987 - ERROR - ❌ Re-login failed after browser restart
2026-03-03 12:30:17,987 - INFO - 
   [101/188] Processing document...
2026-03-03 12:30:17,990 - ERROR - ❌ Error processing document: Message: no such window: target window already closed
from unknown error: web view not found
  (Session info: chrome=145.0.7632.117)
Stacktrace:
Symbols not available. Dumping unresolved backtrace:
	0x7ff763acaa55
	0x7ff763828630
	0x7ff7635bd75d
	0x7ff7635942a2
	0x7ff763648e86
	0x7ff763652e50
	0x7ff763609098
	0x7ff763609f83
	0x7ff763af7810
	0x7ff763af1afd
	0x7ff763b12c1a
	0x7ff763843345
	0x7ff76384b81c
	0x7ff763831924
	0x7ff763831ad6
	0x7ff763817e47
	0x7ffe38e2259d
	0x7ffe3ad0af78

2026-03-03 12:30:19,994 - INFO - 
   [102/188] Processing document...
2026-03-03 12:30:20,000 - ERROR - ❌ Error processing document: Message: no such window: target window already closed
from unknown error: web view not found
  (Session info: chrome=145.0.7632.117)
Stacktrace:
Symbols not available. Dumping unresolved backtrace:
	0x7ff763acaa55
	0x7ff763828630
	0x7ff7635bd75d
	0x7ff7635942a2
	0x7ff763648e86
	0x7ff763652e50
	0x7ff763609098
	0x7ff763609f83
	0x7ff763af7810
	0x7ff763af1afd
	0x7ff763b12c1a
	0x7ff763843345
	0x7ff76384b81c
	0x7ff763831924
	0x7ff763831ad6
	0x7ff763817e47
	0x7ffe38e2259d
	0x7ffe3ad0af78

2026-03-03 12:30:22,001 - INFO - 
   [103/188] Processing document...
2026-03-03 12:30:22,001 - ERROR - ❌ Error processing document: Message: no such window: target window already closed
from unknown error: web view not found
  (Session info: chrome=145.0.7632.117)
Stacktrace:
Symbols not available. Dumping unresolved backtrace:
	0x7ff763acaa55
	0x7ff763828630
	0x7ff7635bd75d
	0x7ff7635942a2
	0x7ff763648e86
	0x7ff763652e50
	0x7ff763609098
	0x7ff763609f83
	0x7ff763af7810
	0x7ff763af1afd
	0x7ff763b12c1a
	0x7ff763843345
	0x7ff76384b81c
	0x7ff763831924
	0x7ff763831ad6
	0x7ff763817e47
	0x7ffe38e2259d
	0x7ffe3ad0af78

2026-03-03 12:30:24,006 - INFO - 
   [104/188] Processing document...
2026-03-03 12:30:24,008 - ERROR - ❌ Error processing document: Message: no such window: target window already closed
from unknown error: web view not found
  (Session info: chrome=145.0.7632.117)
Stacktrace:
Symbols not available. Dumping unresolved backtrace:
	0x7ff763acaa55
	0x7ff763828630
	0x7ff7635bd75d
	0x7ff7635942a2
	0x7ff763648e86
	0x7ff763652e50
	0x7ff763609098
	0x7ff763609f83
	0x7ff763af7810
	0x7ff763af1afd
	0x7ff763b12c1a
	0x7ff763843345
	0x7ff76384b81c
	0x7ff763831924
	0x7ff763831ad6
	0x7ff763817e47
	0x7ffe38e2259d
	0x7ffe3ad0af78

2026-03-03 12:30:26,010 - INFO - 
   [105/188] Processing document...
2026-03-03 12:30:26,012 - ERROR - ❌ Error processing document: Message: no such window: target window already closed
from unknown error: web view not found
  (Session info: chrome=145.0.7632.117)
Stacktrace:
Symbols not available. Dumping unresolved backtrace:
	0x7ff763acaa55
	0x7ff763828630
	0x7ff7635bd75d
	0x7ff7635942a2
	0x7ff763648e86
	0x7ff763652e50
	0x7ff763609098
	0x7ff763609f83
	0x7ff763af7810
	0x7ff763af1afd
	0x7ff763b12c1a
	0x7ff763843345
	0x7ff76384b81c
	0x7ff763831924
	0x7ff763831ad6
	0x7ff763817e47
	0x7ffe38e2259d
	0x7ffe3ad0af78

2026-03-03 12:30:28,015 - INFO - 
   [106/188] Processing document...
2026-03-03 12:30:28,017 - ERROR - ❌ Error processing document: Message: no such window: target window already closed
from unknown error: web view not found
  (Session info: chrome=145.0.7632.117)
Stacktrace:
Symbols not available. Dumping unresolved backtrace:
	0x7ff763acaa55
	0x7ff763828630
	0x7ff7635bd75d
	0x7ff7635942a2
	0x7ff763648e86
	0x7ff763652e50
	0x7ff763609098
	0x7ff763609f83
	0x7ff763af7810
	0x7ff763af1afd
	0x7ff763b12c1a
	0x7ff763843345
	0x7ff76384b81c
	0x7ff763831924
	0x7ff763831ad6
	0x7ff763817e47
	0x7ffe38e2259d
	0x7ffe3ad0af78

2026-03-03 12:30:30,018 - INFO - 
   [107/188] Processing document...
2026-03-03 12:30:30,021 - ERROR - ❌ Error processing document: Message: no such window: target window already closed
from unknown error: web view not found
  (Session info: chrome=145.0.7632.117)
Stacktrace:
Symbols not available. Dumping unresolved backtrace:
	0x7ff763acaa55
	0x7ff763828630
	0x7ff7635bd75d
	0x7ff7635942a2
	0x7ff763648e86
	0x7ff763652e50
	0x7ff763609098
	0x7ff763609f83
	0x7ff763af7810
	0x7ff763af1afd
	0x7ff763b12c1a
	0x7ff763843345
	0x7ff76384b81c
	0x7ff763831924
	0x7ff763831ad6
	0x7ff763817e47
	0x7ffe38e2259d
	0x7ffe3ad0af78

2026-03-03 12:30:32,023 - INFO - 
   [108/188] Processing document...
2026-03-03 12:30:32,023 - ERROR - ❌ Error processing document: Message: no such window: target window already closed
from unknown error: web view not found
  (Session info: chrome=145.0.7632.117)
Stacktrace:
Symbols not available. Dumping unresolved backtrace:
	0x7ff763acaa55
	0x7ff763828630
	0x7ff7635bd75d
	0x7ff7635942a2
	0x7ff763648e86
	0x7ff763652e50
	0x7ff763609098
	0x7ff763609f83
	0x7ff763af7810
	0x7ff763af1afd
	0x7ff763b12c1a
	0x7ff763843345
	0x7ff76384b81c
	0x7ff763831924
	0x7ff763831ad6
	0x7ff763817e47
	0x7ffe38e2259d
	0x7ffe3ad0af78

2026-03-03 12:30:34,027 - INFO - 
   [109/188] Processing document...
2026-03-03 12:30:34,029 - ERROR - ❌ Error processing document: Message: no such window: target window already closed
from unknown error: web view not found
  (Session info: chrome=145.0.7632.117)
Stacktrace:
Symbols not available. Dumping unresolved backtrace:
	0x7ff763acaa55
	0x7ff763828630
	0x7ff7635bd75d
	0x7ff7635942a2
	0x7ff763648e86
	0x7ff763652e50
	0x7ff763609098
	0x7ff763609f83
	0x7ff763af7810
	0x7ff763af1afd
	0x7ff763b12c1a
	0x7ff763843345
	0x7ff76384b81c
	0x7ff763831924
	0x7ff763831ad6
	0x7ff763817e47
	0x7ffe38e2259d
	0x7ffe3ad0af78

2026-03-03 12:30:36,032 - INFO - 
   [110/188] Processing document...
2026-03-03 12:30:36,032 - ERROR - ❌ Error processing document: Message: no such window: target window already closed
from unknown error: web view not found
  (Session info: chrome=145.0.7632.117)
Stacktrace:
Symbols not available. Dumping unresolved backtrace:
	0x7ff763acaa55
	0x7ff763828630
	0x7ff7635bd75d
	0x7ff7635942a2
	0x7ff763648e86
	0x7ff763652e50
	0x7ff763609098
	0x7ff763609f83
	0x7ff763af7810
	0x7ff763af1afd
	0x7ff763b12c1a
	0x7ff763843345
	0x7ff76384b81c
	0x7ff763831924
	0x7ff763831ad6
	0x7ff763817e47
	0x7ffe38e2259d
	0x7ffe3ad0af78

2026-03-03 12:30:38,035 - INFO - 
   [111/188] Processing document...
2026-03-03 12:30:38,039 - ERROR - ❌ Error processing document: Message: no such window: target window already closed
from unknown error: web view not found
  (Session info: chrome=145.0.7632.117)
Stacktrace:
Symbols not available. Dumping unresolved backtrace:
	0x7ff763acaa55
	0x7ff763828630
	0x7ff7635bd75d
	0x7ff7635942a2
	0x7ff763648e86
	0x7ff763652e50
	0x7ff763609098
	0x7ff763609f83
	0x7ff763af7810
	0x7ff763af1afd
	0x7ff763b12c1a
	0x7ff763843345
	0x7ff76384b81c
	0x7ff763831924
	0x7ff763831ad6
	0x7ff763817e47
	0x7ffe38e2259d
	0x7ffe3ad0af78

2026-03-03 12:30:40,040 - INFO - 
   [112/188] Processing document...
2026-03-03 12:30:40,043 - ERROR - ❌ Error processing document: Message: no such window: target window already closed
from unknown error: web view not found
  (Session info: chrome=145.0.7632.117)
Stacktrace:
Symbols not available. Dumping unresolved backtrace:
	0x7ff763acaa55
	0x7ff763828630
	0x7ff7635bd75d
	0x7ff7635942a2
	0x7ff763648e86
	0x7ff763652e50
	0x7ff763609098
	0x7ff763609f83
	0x7ff763af7810
	0x7ff763af1afd
	0x7ff763b12c1a
	0x7ff763843345
	0x7ff76384b81c
	0x7ff763831924
	0x7ff763831ad6
	0x7ff763817e47
	0x7ffe38e2259d
	0x7ffe3ad0af78

2026-03-03 12:30:42,044 - INFO - 
   [113/188] Processing document...
2026-03-03 12:30:42,047 - ERROR - ❌ Error processing document: Message: no such window: target window already closed
from unknown error: web view not found
  (Session info: chrome=145.0.7632.117)
Stacktrace:
Symbols not available. Dumping unresolved backtrace:
	0x7ff763acaa55
	0x7ff763828630
	0x7ff7635bd75d
	0x7ff7635942a2
	0x7ff763648e86
	0x7ff763652e50
	0x7ff763609098
	0x7ff763609f83
	0x7ff763af7810
	0x7ff763af1afd
	0x7ff763b12c1a
	0x7ff763843345
	0x7ff76384b81c
	0x7ff763831924
	0x7ff763831ad6
	0x7ff763817e47
	0x7ffe38e2259d
	0x7ffe3ad0af78

2026-03-03 12:30:44,049 - INFO - 
   [114/188] Processing document...
2026-03-03 12:30:44,051 - ERROR - ❌ Error processing document: Message: no such window: target window already closed
from unknown error: web view not found
  (Session info: chrome=145.0.7632.117)
Stacktrace:
Symbols not available. Dumping unresolved backtrace:
	0x7ff763acaa55
	0x7ff763828630
	0x7ff7635bd75d
	0x7ff7635942a2
	0x7ff763648e86
	0x7ff763652e50
	0x7ff763609098
	0x7ff763609f83
	0x7ff763af7810
	0x7ff763af1afd
	0x7ff763b12c1a
	0x7ff763843345
	0x7ff76384b81c
	0x7ff763831924
	0x7ff763831ad6
	0x7ff763817e47
	0x7ffe38e2259d
	0x7ffe3ad0af78

2026-03-03 12:30:46,054 - INFO - 
   [115/188] Processing document...
2026-03-03 12:30:46,054 - ERROR - ❌ Error processing document: Message: no such window: target window already closed
from unknown error: web view not found
  (Session info: chrome=145.0.7632.117)
Stacktrace:
Symbols not available. Dumping unresolved backtrace:
	0x7ff763acaa55
	0x7ff763828630
	0x7ff7635bd75d
	0x7ff7635942a2
	0x7ff763648e86
	0x7ff763652e50
	0x7ff763609098
	0x7ff763609f83
	0x7ff763af7810
	0x7ff763af1afd
	0x7ff763b12c1a
	0x7ff763843345
	0x7ff76384b81c
	0x7ff763831924
	0x7ff763831ad6
	0x7ff763817e47
	0x7ffe38e2259d
	0x7ffe3ad0af78

2026-03-03 12:30:48,058 - INFO - 
   [116/188] Processing document...
2026-03-03 12:30:48,061 - ERROR - ❌ Error processing document: Message: no such window: target window already closed
from unknown error: web view not found
  (Session info: chrome=145.0.7632.117)
Stacktrace:
Symbols not available. Dumping unresolved backtrace:
	0x7ff763acaa55
	0x7ff763828630
	0x7ff7635bd75d
	0x7ff7635942a2
	0x7ff763648e86
	0x7ff763652e50
	0x7ff763609098
	0x7ff763609f83
	0x7ff763af7810
	0x7ff763af1afd
	0x7ff763b12c1a
	0x7ff763843345
	0x7ff76384b81c
	0x7ff763831924
	0x7ff763831ad6
	0x7ff763817e47
	0x7ffe38e2259d
	0x7ffe3ad0af78

2026-03-03 12:30:50,063 - INFO - 
   [117/188] Processing document...
2026-03-03 12:30:50,065 - ERROR - ❌ Error processing document: Message: no such window: target window already closed
from unknown error: web view not found
  (Session info: chrome=145.0.7632.117)
Stacktrace:
Symbols not available. Dumping unresolved backtrace:
	0x7ff763acaa55
	0x7ff763828630
	0x7ff7635bd75d
	0x7ff7635942a2
	0x7ff763648e86
	0x7ff763652e50
	0x7ff763609098
	0x7ff763609f83
	0x7ff763af7810
	0x7ff763af1afd
	0x7ff763b12c1a
	0x7ff763843345
	0x7ff76384b81c
	0x7ff763831924
	0x7ff763831ad6
	0x7ff763817e47
	0x7ffe38e2259d
	0x7ffe3ad0af78

2026-03-03 12:30:52,067 - INFO - 
   [118/188] Processing document...
2026-03-03 12:30:52,068 - ERROR - ❌ Error processing document: Message: no such window: target window already closed
from unknown error: web view not found
  (Session info: chrome=145.0.7632.117)
Stacktrace:
Symbols not available. Dumping unresolved backtrace:
	0x7ff763acaa55
	0x7ff763828630
	0x7ff7635bd75d
	0x7ff7635942a2
	0x7ff763648e86
	0x7ff763652e50
	0x7ff763609098
	0x7ff763609f83
	0x7ff763af7810
	0x7ff763af1afd
	0x7ff763b12c1a
	0x7ff763843345
	0x7ff76384b81c
	0x7ff763831924
	0x7ff763831ad6
	0x7ff763817e47
	0x7ffe38e2259d
	0x7ffe3ad0af78

2026-03-03 12:30:54,072 - INFO - 
   [119/188] Processing document...
2026-03-03 12:30:54,075 - ERROR - ❌ Error processing document: Message: no such window: target window already closed
from unknown error: web view not found
  (Session info: chrome=145.0.7632.117)
Stacktrace:
Symbols not available. Dumping unresolved backtrace:
	0x7ff763acaa55
	0x7ff763828630
	0x7ff7635bd75d
	0x7ff7635942a2
	0x7ff763648e86
	0x7ff763652e50
	0x7ff763609098
	0x7ff763609f83
	0x7ff763af7810
	0x7ff763af1afd
	0x7ff763b12c1a
	0x7ff763843345
	0x7ff76384b81c
	0x7ff763831924
	0x7ff763831ad6
	0x7ff763817e47
	0x7ffe38e2259d
	0x7ffe3ad0af78

2026-03-03 12:30:56,076 - INFO - 
   [120/188] Processing document...
2026-03-03 12:30:56,079 - ERROR - ❌ Error processing document: Message: no such window: target window already closed
from unknown error: web view not found
  (Session info: chrome=145.0.7632.117)
Stacktrace:
Symbols not available. Dumping unresolved backtrace:
	0x7ff763acaa55
	0x7ff763828630
	0x7ff7635bd75d
	0x7ff7635942a2
	0x7ff763648e86
	0x7ff763652e50
	0x7ff763609098
	0x7ff763609f83
	0x7ff763af7810
	0x7ff763af1afd
	0x7ff763b12c1a
	0x7ff763843345
	0x7ff76384b81c
	0x7ff763831924
	0x7ff763831ad6
	0x7ff763817e47
	0x7ffe38e2259d
	0x7ffe3ad0af78

2026-03-03 12:30:58,081 - INFO - 
   [121/188] Processing document...
2026-03-03 12:30:58,084 - ERROR - ❌ Error processing document: Message: no such window: target window already closed
from unknown error: web view not found
  (Session info: chrome=145.0.7632.117)
Stacktrace:
Symbols not available. Dumping unresolved backtrace:
	0x7ff763acaa55
	0x7ff763828630
	0x7ff7635bd75d
	0x7ff7635942a2
	0x7ff763648e86
	0x7ff763652e50
	0x7ff763609098
	0x7ff763609f83
	0x7ff763af7810
	0x7ff763af1afd
	0x7ff763b12c1a
	0x7ff763843345
	0x7ff76384b81c
	0x7ff763831924
	0x7ff763831ad6
	0x7ff763817e47
	0x7ffe38e2259d
	0x7ffe3ad0af78

2026-03-03 12:31:00,085 - INFO - 
   [122/188] Processing document...
2026-03-03 12:31:00,085 - ERROR - ❌ Error processing document: Message: no such window: target window already closed
from unknown error: web view not found
  (Session info: chrome=145.0.7632.117)
Stacktrace:
Symbols not available. Dumping unresolved backtrace:
	0x7ff763acaa55
	0x7ff763828630
	0x7ff7635bd75d
	0x7ff7635942a2
	0x7ff763648e86
	0x7ff763652e50
	0x7ff763609098
	0x7ff763609f83
	0x7ff763af7810
	0x7ff763af1afd
	0x7ff763b12c1a
	0x7ff763843345
	0x7ff76384b81c
	0x7ff763831924
	0x7ff763831ad6
	0x7ff763817e47
	0x7ffe38e2259d
	0x7ffe3ad0af78

2026-03-03 12:31:02,089 - INFO - 
   [123/188] Processing document...
2026-03-03 12:31:02,089 - ERROR - ❌ Error processing document: Message: no such window: target window already closed
from unknown error: web view not found
  (Session info: chrome=145.0.7632.117)
Stacktrace:
Symbols not available. Dumping unresolved backtrace:
	0x7ff763acaa55
	0x7ff763828630
	0x7ff7635bd75d
	0x7ff7635942a2
	0x7ff763648e86
	0x7ff763652e50
	0x7ff763609098
	0x7ff763609f83
	0x7ff763af7810
	0x7ff763af1afd
	0x7ff763b12c1a
	0x7ff763843345
	0x7ff76384b81c
	0x7ff763831924
	0x7ff763831ad6
	0x7ff763817e47
	0x7ffe38e2259d
	0x7ffe3ad0af78

2026-03-03 12:31:04,093 - INFO - 
   [124/188] Processing document...
2026-03-03 12:31:04,093 - ERROR - ❌ Error processing document: Message: no such window: target window already closed
from unknown error: web view not found
  (Session info: chrome=145.0.7632.117)
Stacktrace:
Symbols not available. Dumping unresolved backtrace:
	0x7ff763acaa55
	0x7ff763828630
	0x7ff7635bd75d
	0x7ff7635942a2
	0x7ff763648e86
	0x7ff763652e50
	0x7ff763609098
	0x7ff763609f83
	0x7ff763af7810
	0x7ff763af1afd
	0x7ff763b12c1a
	0x7ff763843345
	0x7ff76384b81c
	0x7ff763831924
	0x7ff763831ad6
	0x7ff763817e47
	0x7ffe38e2259d
	0x7ffe3ad0af78

2026-03-03 12:31:06,097 - INFO - 
   [125/188] Processing document...
2026-03-03 12:31:06,100 - ERROR - ❌ Error processing document: Message: no such window: target window already closed
from unknown error: web view not found
  (Session info: chrome=145.0.7632.117)
Stacktrace:
Symbols not available. Dumping unresolved backtrace:
	0x7ff763acaa55
	0x7ff763828630
	0x7ff7635bd75d
	0x7ff7635942a2
	0x7ff763648e86
	0x7ff763652e50
	0x7ff763609098
	0x7ff763609f83
	0x7ff763af7810
	0x7ff763af1afd
	0x7ff763b12c1a
	0x7ff763843345
	0x7ff76384b81c
	0x7ff763831924
	0x7ff763831ad6
	0x7ff763817e47
	0x7ffe38e2259d
	0x7ffe3ad0af78

2026-03-03 12:31:08,102 - INFO - 
   [126/188] Processing document...
2026-03-03 12:31:08,103 - ERROR - ❌ Error processing document: Message: no such window: target window already closed
from unknown error: web view not found
  (Session info: chrome=145.0.7632.117)
Stacktrace:
Symbols not available. Dumping unresolved backtrace:
	0x7ff763acaa55
	0x7ff763828630
	0x7ff7635bd75d
	0x7ff7635942a2
	0x7ff763648e86
	0x7ff763652e50
	0x7ff763609098
	0x7ff763609f83
	0x7ff763af7810
	0x7ff763af1afd
	0x7ff763b12c1a
	0x7ff763843345
	0x7ff76384b81c
	0x7ff763831924
	0x7ff763831ad6
	0x7ff763817e47
	0x7ffe38e2259d
	0x7ffe3ad0af78

2026-03-03 12:31:10,107 - INFO - 
   [127/188] Processing document...
2026-03-03 12:31:10,112 - ERROR - ❌ Error processing document: Message: no such window: target window already closed
from unknown error: web view not found
  (Session info: chrome=145.0.7632.117)
Stacktrace:
Symbols not available. Dumping unresolved backtrace:
	0x7ff763acaa55
	0x7ff763828630
	0x7ff7635bd75d
	0x7ff7635942a2
	0x7ff763648e86
	0x7ff763652e50
	0x7ff763609098
	0x7ff763609f83
	0x7ff763af7810
	0x7ff763af1afd
	0x7ff763b12c1a
	0x7ff763843345
	0x7ff76384b81c
	0x7ff763831924
	0x7ff763831ad6
	0x7ff763817e47
	0x7ffe38e2259d
	0x7ffe3ad0af78

2026-03-03 12:31:12,117 - INFO - 
   [128/188] Processing document...
2026-03-03 12:31:12,120 - ERROR - ❌ Error processing document: Message: no such window: target window already closed
from unknown error: web view not found
  (Session info: chrome=145.0.7632.117)
Stacktrace:
Symbols not available. Dumping unresolved backtrace:
	0x7ff763acaa55
	0x7ff763828630
	0x7ff7635bd75d
	0x7ff7635942a2
	0x7ff763648e86
	0x7ff763652e50
	0x7ff763609098
	0x7ff763609f83
	0x7ff763af7810
	0x7ff763af1afd
	0x7ff763b12c1a
	0x7ff763843345
	0x7ff76384b81c
	0x7ff763831924
	0x7ff763831ad6
	0x7ff763817e47
	0x7ffe38e2259d
	0x7ffe3ad0af78

2026-03-03 12:31:14,121 - INFO - 
   [129/188] Processing document...
2026-03-03 12:31:14,124 - ERROR - ❌ Error processing document: Message: no such window: target window already closed
from unknown error: web view not found
  (Session info: chrome=145.0.7632.117)
Stacktrace:
Symbols not available. Dumping unresolved backtrace:
	0x7ff763acaa55
	0x7ff763828630
	0x7ff7635bd75d
	0x7ff7635942a2
	0x7ff763648e86
	0x7ff763652e50
	0x7ff763609098
	0x7ff763609f83
	0x7ff763af7810
	0x7ff763af1afd
	0x7ff763b12c1a
	0x7ff763843345
	0x7ff76384b81c
	0x7ff763831924
	0x7ff763831ad6
	0x7ff763817e47
	0x7ffe38e2259d
	0x7ffe3ad0af78

2026-03-03 12:31:16,127 - INFO - 
   [130/188] Processing document...
2026-03-03 12:31:16,129 - ERROR - ❌ Error processing document: Message: no such window: target window already closed
from unknown error: web view not found
  (Session info: chrome=145.0.7632.117)
Stacktrace:
Symbols not available. Dumping unresolved backtrace:
	0x7ff763acaa55
	0x7ff763828630
	0x7ff7635bd75d
	0x7ff7635942a2
	0x7ff763648e86
	0x7ff763652e50
	0x7ff763609098
	0x7ff763609f83
	0x7ff763af7810
	0x7ff763af1afd
	0x7ff763b12c1a
	0x7ff763843345
	0x7ff76384b81c
	0x7ff763831924
	0x7ff763831ad6
	0x7ff763817e47
	0x7ffe38e2259d
	0x7ffe3ad0af78

2026-03-03 12:31:18,131 - INFO - 
   [131/188] Processing document...
2026-03-03 12:31:18,133 - ERROR - ❌ Error processing document: Message: no such window: target window already closed
from unknown error: web view not found
  (Session info: chrome=145.0.7632.117)
Stacktrace:
Symbols not available. Dumping unresolved backtrace:
	0x7ff763acaa55
	0x7ff763828630
	0x7ff7635bd75d
	0x7ff7635942a2
	0x7ff763648e86
	0x7ff763652e50
	0x7ff763609098
	0x7ff763609f83
	0x7ff763af7810
	0x7ff763af1afd
	0x7ff763b12c1a
	0x7ff763843345
	0x7ff76384b81c
	0x7ff763831924
	0x7ff763831ad6
	0x7ff763817e47
	0x7ffe38e2259d
	0x7ffe3ad0af78

2026-03-03 12:31:20,135 - INFO - 
   [132/188] Processing document...
2026-03-03 12:31:20,138 - ERROR - ❌ Error processing document: Message: no such window: target window already closed
from unknown error: web view not found
  (Session info: chrome=145.0.7632.117)
Stacktrace:
Symbols not available. Dumping unresolved backtrace:
	0x7ff763acaa55
	0x7ff763828630
	0x7ff7635bd75d
	0x7ff7635942a2
	0x7ff763648e86
	0x7ff763652e50
	0x7ff763609098
	0x7ff763609f83
	0x7ff763af7810
	0x7ff763af1afd
	0x7ff763b12c1a
	0x7ff763843345
	0x7ff76384b81c
	0x7ff763831924
	0x7ff763831ad6
	0x7ff763817e47
	0x7ffe38e2259d
	0x7ffe3ad0af78

2026-03-03 12:31:22,141 - INFO - 
   [133/188] Processing document...
2026-03-03 12:31:22,145 - ERROR - ❌ Error processing document: Message: no such window: target window already closed
from unknown error: web view not found
  (Session info: chrome=145.0.7632.117)
Stacktrace:
Symbols not available. Dumping unresolved backtrace:
	0x7ff763acaa55
	0x7ff763828630
	0x7ff7635bd75d
	0x7ff7635942a2
	0x7ff763648e86
	0x7ff763652e50
	0x7ff763609098
	0x7ff763609f83
	0x7ff763af7810
	0x7ff763af1afd
	0x7ff763b12c1a
	0x7ff763843345
	0x7ff76384b81c
	0x7ff763831924
	0x7ff763831ad6
	0x7ff763817e47
	0x7ffe38e2259d
	0x7ffe3ad0af78

2026-03-03 12:31:24,147 - INFO - 
   [134/188] Processing document...
2026-03-03 12:31:24,150 - ERROR - ❌ Error processing document: Message: no such window: target window already closed
from unknown error: web view not found
  (Session info: chrome=145.0.7632.117)
Stacktrace:
Symbols not available. Dumping unresolved backtrace:
	0x7ff763acaa55
	0x7ff763828630
	0x7ff7635bd75d
	0x7ff7635942a2
	0x7ff763648e86
	0x7ff763652e50
	0x7ff763609098
	0x7ff763609f83
	0x7ff763af7810
	0x7ff763af1afd
	0x7ff763b12c1a
	0x7ff763843345
	0x7ff76384b81c
	0x7ff763831924
	0x7ff763831ad6
	0x7ff763817e47
	0x7ffe38e2259d
	0x7ffe3ad0af78

2026-03-03 12:31:26,152 - INFO - 
   [135/188] Processing document...
2026-03-03 12:31:26,152 - ERROR - ❌ Error processing document: Message: no such window: target window already closed
from unknown error: web view not found
  (Session info: chrome=145.0.7632.117)
Stacktrace:
Symbols not available. Dumping unresolved backtrace:
	0x7ff763acaa55
	0x7ff763828630
	0x7ff7635bd75d
	0x7ff7635942a2
	0x7ff763648e86
	0x7ff763652e50
	0x7ff763609098
	0x7ff763609f83
	0x7ff763af7810
	0x7ff763af1afd
	0x7ff763b12c1a
	0x7ff763843345
	0x7ff76384b81c
	0x7ff763831924
	0x7ff763831ad6
	0x7ff763817e47
	0x7ffe38e2259d
	0x7ffe3ad0af78

2026-03-03 12:31:28,157 - INFO - 
   [136/188] Processing document...
2026-03-03 12:31:28,161 - ERROR - ❌ Error processing document: Message: no such window: target window already closed
from unknown error: web view not found
  (Session info: chrome=145.0.7632.117)
Stacktrace:
Symbols not available. Dumping unresolved backtrace:
	0x7ff763acaa55
	0x7ff763828630
	0x7ff7635bd75d
	0x7ff7635942a2
	0x7ff763648e86
	0x7ff763652e50
	0x7ff763609098
	0x7ff763609f83
	0x7ff763af7810
	0x7ff763af1afd
	0x7ff763b12c1a
	0x7ff763843345
	0x7ff76384b81c
	0x7ff763831924
	0x7ff763831ad6
	0x7ff763817e47
	0x7ffe38e2259d
	0x7ffe3ad0af78

2026-03-03 12:31:30,162 - INFO - 
   [137/188] Processing document...
2026-03-03 12:31:30,165 - ERROR - ❌ Error processing document: Message: no such window: target window already closed
from unknown error: web view not found
  (Session info: chrome=145.0.7632.117)
Stacktrace:
Symbols not available. Dumping unresolved backtrace:
	0x7ff763acaa55
	0x7ff763828630
	0x7ff7635bd75d
	0x7ff7635942a2
	0x7ff763648e86
	0x7ff763652e50
	0x7ff763609098
	0x7ff763609f83
	0x7ff763af7810
	0x7ff763af1afd
	0x7ff763b12c1a
	0x7ff763843345
	0x7ff76384b81c
	0x7ff763831924
	0x7ff763831ad6
	0x7ff763817e47
	0x7ffe38e2259d
	0x7ffe3ad0af78

2026-03-03 12:31:32,167 - INFO - 
   [138/188] Processing document...
2026-03-03 12:31:32,169 - ERROR - ❌ Error processing document: Message: no such window: target window already closed
from unknown error: web view not found
  (Session info: chrome=145.0.7632.117)
Stacktrace:
Symbols not available. Dumping unresolved backtrace:
	0x7ff763acaa55
	0x7ff763828630
	0x7ff7635bd75d
	0x7ff7635942a2
	0x7ff763648e86
	0x7ff763652e50
	0x7ff763609098
	0x7ff763609f83
	0x7ff763af7810
	0x7ff763af1afd
	0x7ff763b12c1a
	0x7ff763843345
	0x7ff76384b81c
	0x7ff763831924
	0x7ff763831ad6
	0x7ff763817e47
	0x7ffe38e2259d
	0x7ffe3ad0af78

2026-03-03 12:31:34,172 - INFO - 
   [139/188] Processing document...
2026-03-03 12:31:34,175 - ERROR - ❌ Error processing document: Message: no such window: target window already closed
from unknown error: web view not found
  (Session info: chrome=145.0.7632.117)
Stacktrace:
Symbols not available. Dumping unresolved backtrace:
	0x7ff763acaa55
	0x7ff763828630
	0x7ff7635bd75d
	0x7ff7635942a2
	0x7ff763648e86
	0x7ff763652e50
	0x7ff763609098
	0x7ff763609f83
	0x7ff763af7810
	0x7ff763af1afd
	0x7ff763b12c1a
	0x7ff763843345
	0x7ff76384b81c
	0x7ff763831924
	0x7ff763831ad6
	0x7ff763817e47
	0x7ffe38e2259d
	0x7ffe3ad0af78

2026-03-03 12:31:36,177 - INFO - 
   [140/188] Processing document...
2026-03-03 12:31:36,177 - ERROR - ❌ Error processing document: Message: no such window: target window already closed
from unknown error: web view not found
  (Session info: chrome=145.0.7632.117)
Stacktrace:
Symbols not available. Dumping unresolved backtrace:
	0x7ff763acaa55
	0x7ff763828630
	0x7ff7635bd75d
	0x7ff7635942a2
	0x7ff763648e86
	0x7ff763652e50
	0x7ff763609098
	0x7ff763609f83
	0x7ff763af7810
	0x7ff763af1afd
	0x7ff763b12c1a
	0x7ff763843345
	0x7ff76384b81c
	0x7ff763831924
	0x7ff763831ad6
	0x7ff763817e47
	0x7ffe38e2259d
	0x7ffe3ad0af78

2026-03-03 12:31:38,181 - INFO - 
   [141/188] Processing document...
2026-03-03 12:31:38,184 - ERROR - ❌ Error processing document: Message: no such window: target window already closed
from unknown error: web view not found
  (Session info: chrome=145.0.7632.117)
Stacktrace:
Symbols not available. Dumping unresolved backtrace:
	0x7ff763acaa55
	0x7ff763828630
	0x7ff7635bd75d
	0x7ff7635942a2
	0x7ff763648e86
	0x7ff763652e50
	0x7ff763609098
	0x7ff763609f83
	0x7ff763af7810
	0x7ff763af1afd
	0x7ff763b12c1a
	0x7ff763843345
	0x7ff76384b81c
	0x7ff763831924
	0x7ff763831ad6
	0x7ff763817e47
	0x7ffe38e2259d
	0x7ffe3ad0af78

2026-03-03 12:31:40,186 - INFO - 
   [142/188] Processing document...
2026-03-03 12:31:40,189 - ERROR - ❌ Error processing document: Message: no such window: target window already closed
from unknown error: web view not found
  (Session info: chrome=145.0.7632.117)
Stacktrace:
Symbols not available. Dumping unresolved backtrace:
	0x7ff763acaa55
	0x7ff763828630
	0x7ff7635bd75d
	0x7ff7635942a2
	0x7ff763648e86
	0x7ff763652e50
	0x7ff763609098
	0x7ff763609f83
	0x7ff763af7810
	0x7ff763af1afd
	0x7ff763b12c1a
	0x7ff763843345
	0x7ff76384b81c
	0x7ff763831924
	0x7ff763831ad6
	0x7ff763817e47
	0x7ffe38e2259d
	0x7ffe3ad0af78

2026-03-03 12:31:42,191 - INFO - 
   [143/188] Processing document...
2026-03-03 12:31:42,193 - ERROR - ❌ Error processing document: Message: no such window: target window already closed
from unknown error: web view not found
  (Session info: chrome=145.0.7632.117)
Stacktrace:
Symbols not available. Dumping unresolved backtrace:
	0x7ff763acaa55
	0x7ff763828630
	0x7ff7635bd75d
	0x7ff7635942a2
	0x7ff763648e86
	0x7ff763652e50
	0x7ff763609098
	0x7ff763609f83
	0x7ff763af7810
	0x7ff763af1afd
	0x7ff763b12c1a
	0x7ff763843345
	0x7ff76384b81c
	0x7ff763831924
	0x7ff763831ad6
	0x7ff763817e47
	0x7ffe38e2259d
	0x7ffe3ad0af78

2026-03-03 12:31:44,195 - INFO - 
   [144/188] Processing document...
2026-03-03 12:31:44,198 - ERROR - ❌ Error processing document: Message: no such window: target window already closed
from unknown error: web view not found
  (Session info: chrome=145.0.7632.117)
Stacktrace:
Symbols not available. Dumping unresolved backtrace:
	0x7ff763acaa55
	0x7ff763828630
	0x7ff7635bd75d
	0x7ff7635942a2
	0x7ff763648e86
	0x7ff763652e50
	0x7ff763609098
	0x7ff763609f83
	0x7ff763af7810
	0x7ff763af1afd
	0x7ff763b12c1a
	0x7ff763843345
	0x7ff76384b81c
	0x7ff763831924
	0x7ff763831ad6
	0x7ff763817e47
	0x7ffe38e2259d
	0x7ffe3ad0af78

2026-03-03 12:31:46,201 - INFO - 
   [145/188] Processing document...
2026-03-03 12:31:46,204 - ERROR - ❌ Error processing document: Message: no such window: target window already closed
from unknown error: web view not found
  (Session info: chrome=145.0.7632.117)
Stacktrace:
Symbols not available. Dumping unresolved backtrace:
	0x7ff763acaa55
	0x7ff763828630
	0x7ff7635bd75d
	0x7ff7635942a2
	0x7ff763648e86
	0x7ff763652e50
	0x7ff763609098
	0x7ff763609f83
	0x7ff763af7810
	0x7ff763af1afd
	0x7ff763b12c1a
	0x7ff763843345
	0x7ff76384b81c
	0x7ff763831924
	0x7ff763831ad6
	0x7ff763817e47
	0x7ffe38e2259d
	0x7ffe3ad0af78

2026-03-03 12:31:48,206 - INFO - 
   [146/188] Processing document...
2026-03-03 12:31:48,209 - ERROR - ❌ Error processing document: Message: no such window: target window already closed
from unknown error: web view not found
  (Session info: chrome=145.0.7632.117)
Stacktrace:
Symbols not available. Dumping unresolved backtrace:
	0x7ff763acaa55
	0x7ff763828630
	0x7ff7635bd75d
	0x7ff7635942a2
	0x7ff763648e86
	0x7ff763652e50
	0x7ff763609098
	0x7ff763609f83
	0x7ff763af7810
	0x7ff763af1afd
	0x7ff763b12c1a
	0x7ff763843345
	0x7ff76384b81c
	0x7ff763831924
	0x7ff763831ad6
	0x7ff763817e47
	0x7ffe38e2259d
	0x7ffe3ad0af78

2026-03-03 12:31:50,211 - INFO - 
   [147/188] Processing document...
2026-03-03 12:31:50,215 - ERROR - ❌ Error processing document: Message: no such window: target window already closed
from unknown error: web view not found
  (Session info: chrome=145.0.7632.117)
Stacktrace:
Symbols not available. Dumping unresolved backtrace:
	0x7ff763acaa55
	0x7ff763828630
	0x7ff7635bd75d
	0x7ff7635942a2
	0x7ff763648e86
	0x7ff763652e50
	0x7ff763609098
	0x7ff763609f83
	0x7ff763af7810
	0x7ff763af1afd
	0x7ff763b12c1a
	0x7ff763843345
	0x7ff76384b81c
	0x7ff763831924
	0x7ff763831ad6
	0x7ff763817e47
	0x7ffe38e2259d
	0x7ffe3ad0af78

2026-03-03 12:31:52,216 - INFO - 
   [148/188] Processing document...
2026-03-03 12:31:52,219 - ERROR - ❌ Error processing document: Message: no such window: target window already closed
from unknown error: web view not found
  (Session info: chrome=145.0.7632.117)
Stacktrace:
Symbols not available. Dumping unresolved backtrace:
	0x7ff763acaa55
	0x7ff763828630
	0x7ff7635bd75d
	0x7ff7635942a2
	0x7ff763648e86
	0x7ff763652e50
	0x7ff763609098
	0x7ff763609f83
	0x7ff763af7810
	0x7ff763af1afd
	0x7ff763b12c1a
	0x7ff763843345
	0x7ff76384b81c
	0x7ff763831924
	0x7ff763831ad6
	0x7ff763817e47
	0x7ffe38e2259d
	0x7ffe3ad0af78

2026-03-03 12:31:54,220 - INFO - 
   [149/188] Processing document...
2026-03-03 12:31:54,223 - ERROR - ❌ Error processing document: Message: no such window: target window already closed
from unknown error: web view not found
  (Session info: chrome=145.0.7632.117)
Stacktrace:
Symbols not available. Dumping unresolved backtrace:
	0x7ff763acaa55
	0x7ff763828630
	0x7ff7635bd75d
	0x7ff7635942a2
	0x7ff763648e86
	0x7ff763652e50
	0x7ff763609098
	0x7ff763609f83
	0x7ff763af7810
	0x7ff763af1afd
	0x7ff763b12c1a
	0x7ff763843345
	0x7ff76384b81c
	0x7ff763831924
	0x7ff763831ad6
	0x7ff763817e47
	0x7ffe38e2259d
	0x7ffe3ad0af78

2026-03-03 12:31:56,224 - INFO - 
   [150/188] Processing document...
2026-03-03 12:31:56,224 - ERROR - ❌ Error processing document: Message: no such window: target window already closed
from unknown error: web view not found
  (Session info: chrome=145.0.7632.117)
Stacktrace:
Symbols not available. Dumping unresolved backtrace:
	0x7ff763acaa55
	0x7ff763828630
	0x7ff7635bd75d
	0x7ff7635942a2
	0x7ff763648e86
	0x7ff763652e50
	0x7ff763609098
	0x7ff763609f83
	0x7ff763af7810
	0x7ff763af1afd
	0x7ff763b12c1a
	0x7ff763843345
	0x7ff76384b81c
	0x7ff763831924
	0x7ff763831ad6
	0x7ff763817e47
	0x7ffe38e2259d
	0x7ffe3ad0af78

2026-03-03 12:31:58,229 - INFO - 
   [151/188] Processing document...
2026-03-03 12:31:58,231 - ERROR - ❌ Error processing document: Message: no such window: target window already closed
from unknown error: web view not found
  (Session info: chrome=145.0.7632.117)
Stacktrace:
Symbols not available. Dumping unresolved backtrace:
	0x7ff763acaa55
	0x7ff763828630
	0x7ff7635bd75d
	0x7ff7635942a2
	0x7ff763648e86
	0x7ff763652e50
	0x7ff763609098
	0x7ff763609f83
	0x7ff763af7810
	0x7ff763af1afd
	0x7ff763b12c1a
	0x7ff763843345
	0x7ff76384b81c
	0x7ff763831924
	0x7ff763831ad6
	0x7ff763817e47
	0x7ffe38e2259d
	0x7ffe3ad0af78

2026-03-03 12:32:00,233 - INFO - 
   [152/188] Processing document...
2026-03-03 12:32:00,234 - ERROR - ❌ Error processing document: Message: no such window: target window already closed
from unknown error: web view not found
  (Session info: chrome=145.0.7632.117)
Stacktrace:
Symbols not available. Dumping unresolved backtrace:
	0x7ff763acaa55
	0x7ff763828630
	0x7ff7635bd75d
	0x7ff7635942a2
	0x7ff763648e86
	0x7ff763652e50
	0x7ff763609098
	0x7ff763609f83
	0x7ff763af7810
	0x7ff763af1afd
	0x7ff763b12c1a
	0x7ff763843345
	0x7ff76384b81c
	0x7ff763831924
	0x7ff763831ad6
	0x7ff763817e47
	0x7ffe38e2259d
	0x7ffe3ad0af78

2026-03-03 12:32:02,236 - INFO - 
   [153/188] Processing document...
2026-03-03 12:32:02,239 - ERROR - ❌ Error processing document: Message: no such window: target window already closed
from unknown error: web view not found
  (Session info: chrome=145.0.7632.117)
Stacktrace:
Symbols not available. Dumping unresolved backtrace:
	0x7ff763acaa55
	0x7ff763828630
	0x7ff7635bd75d
	0x7ff7635942a2
	0x7ff763648e86
	0x7ff763652e50
	0x7ff763609098
	0x7ff763609f83
	0x7ff763af7810
	0x7ff763af1afd
	0x7ff763b12c1a
	0x7ff763843345
	0x7ff76384b81c
	0x7ff763831924
	0x7ff763831ad6
	0x7ff763817e47
	0x7ffe38e2259d
	0x7ffe3ad0af78

2026-03-03 12:32:04,241 - INFO - 
   [154/188] Processing document...
2026-03-03 12:32:04,244 - ERROR - ❌ Error processing document: Message: no such window: target window already closed
from unknown error: web view not found
  (Session info: chrome=145.0.7632.117)
Stacktrace:
Symbols not available. Dumping unresolved backtrace:
	0x7ff763acaa55
	0x7ff763828630
	0x7ff7635bd75d
	0x7ff7635942a2
	0x7ff763648e86
	0x7ff763652e50
	0x7ff763609098
	0x7ff763609f83
	0x7ff763af7810
	0x7ff763af1afd
	0x7ff763b12c1a
	0x7ff763843345
	0x7ff76384b81c
	0x7ff763831924
	0x7ff763831ad6
	0x7ff763817e47
	0x7ffe38e2259d
	0x7ffe3ad0af78

2026-03-03 12:32:06,246 - INFO - 
   [155/188] Processing document...
2026-03-03 12:32:06,249 - ERROR - ❌ Error processing document: Message: no such window: target window already closed
from unknown error: web view not found
  (Session info: chrome=145.0.7632.117)
Stacktrace:
Symbols not available. Dumping unresolved backtrace:
	0x7ff763acaa55
	0x7ff763828630
	0x7ff7635bd75d
	0x7ff7635942a2
	0x7ff763648e86
	0x7ff763652e50
	0x7ff763609098
	0x7ff763609f83
	0x7ff763af7810
	0x7ff763af1afd
	0x7ff763b12c1a
	0x7ff763843345
	0x7ff76384b81c
	0x7ff763831924
	0x7ff763831ad6
	0x7ff763817e47
	0x7ffe38e2259d
	0x7ffe3ad0af78

2026-03-03 12:32:08,250 - INFO - 
   [156/188] Processing document...
2026-03-03 12:32:08,252 - ERROR - ❌ Error processing document: Message: no such window: target window already closed
from unknown error: web view not found
  (Session info: chrome=145.0.7632.117)
Stacktrace:
Symbols not available. Dumping unresolved backtrace:
	0x7ff763acaa55
	0x7ff763828630
	0x7ff7635bd75d
	0x7ff7635942a2
	0x7ff763648e86
	0x7ff763652e50
	0x7ff763609098
	0x7ff763609f83
	0x7ff763af7810
	0x7ff763af1afd
	0x7ff763b12c1a
	0x7ff763843345
	0x7ff76384b81c
	0x7ff763831924
	0x7ff763831ad6
	0x7ff763817e47
	0x7ffe38e2259d
	0x7ffe3ad0af78

2026-03-03 12:32:10,255 - INFO - 
   [157/188] Processing document...
2026-03-03 12:32:10,257 - ERROR - ❌ Error processing document: Message: no such window: target window already closed
from unknown error: web view not found
  (Session info: chrome=145.0.7632.117)
Stacktrace:
Symbols not available. Dumping unresolved backtrace:
	0x7ff763acaa55
	0x7ff763828630
	0x7ff7635bd75d
	0x7ff7635942a2
	0x7ff763648e86
	0x7ff763652e50
	0x7ff763609098
	0x7ff763609f83
	0x7ff763af7810
	0x7ff763af1afd
	0x7ff763b12c1a
	0x7ff763843345
	0x7ff76384b81c
	0x7ff763831924
	0x7ff763831ad6
	0x7ff763817e47
	0x7ffe38e2259d
	0x7ffe3ad0af78

2026-03-03 12:32:12,259 - INFO - 
   [158/188] Processing document...
2026-03-03 12:32:12,261 - ERROR - ❌ Error processing document: Message: no such window: target window already closed
from unknown error: web view not found
  (Session info: chrome=145.0.7632.117)
Stacktrace:
Symbols not available. Dumping unresolved backtrace:
	0x7ff763acaa55
	0x7ff763828630
	0x7ff7635bd75d
	0x7ff7635942a2
	0x7ff763648e86
	0x7ff763652e50
	0x7ff763609098
	0x7ff763609f83
	0x7ff763af7810
	0x7ff763af1afd
	0x7ff763b12c1a
	0x7ff763843345
	0x7ff76384b81c
	0x7ff763831924
	0x7ff763831ad6
	0x7ff763817e47
	0x7ffe38e2259d
	0x7ffe3ad0af78

2026-03-03 12:32:14,262 - INFO - 
   [159/188] Processing document...
2026-03-03 12:32:14,264 - ERROR - ❌ Error processing document: Message: no such window: target window already closed
from unknown error: web view not found
  (Session info: chrome=145.0.7632.117)
Stacktrace:
Symbols not available. Dumping unresolved backtrace:
	0x7ff763acaa55
	0x7ff763828630
	0x7ff7635bd75d
	0x7ff7635942a2
	0x7ff763648e86
	0x7ff763652e50
	0x7ff763609098
	0x7ff763609f83
	0x7ff763af7810
	0x7ff763af1afd
	0x7ff763b12c1a
	0x7ff763843345
	0x7ff76384b81c
	0x7ff763831924
	0x7ff763831ad6
	0x7ff763817e47
	0x7ffe38e2259d
	0x7ffe3ad0af78

2026-03-03 12:32:16,266 - INFO - 
   [160/188] Processing document...
2026-03-03 12:32:16,267 - ERROR - ❌ Error processing document: Message: no such window: target window already closed
from unknown error: web view not found
  (Session info: chrome=145.0.7632.117)
Stacktrace:
Symbols not available. Dumping unresolved backtrace:
	0x7ff763acaa55
	0x7ff763828630
	0x7ff7635bd75d
	0x7ff7635942a2
	0x7ff763648e86
	0x7ff763652e50
	0x7ff763609098
	0x7ff763609f83
	0x7ff763af7810
	0x7ff763af1afd
	0x7ff763b12c1a
	0x7ff763843345
	0x7ff76384b81c
	0x7ff763831924
	0x7ff763831ad6
	0x7ff763817e47
	0x7ffe38e2259d
	0x7ffe3ad0af78

2026-03-03 12:32:18,270 - INFO - 
   [161/188] Processing document...
2026-03-03 12:32:18,272 - ERROR - ❌ Error processing document: Message: no such window: target window already closed
from unknown error: web view not found
  (Session info: chrome=145.0.7632.117)
Stacktrace:
Symbols not available. Dumping unresolved backtrace:
	0x7ff763acaa55
	0x7ff763828630
	0x7ff7635bd75d
	0x7ff7635942a2
	0x7ff763648e86
	0x7ff763652e50
	0x7ff763609098
	0x7ff763609f83
	0x7ff763af7810
	0x7ff763af1afd
	0x7ff763b12c1a
	0x7ff763843345
	0x7ff76384b81c
	0x7ff763831924
	0x7ff763831ad6
	0x7ff763817e47
	0x7ffe38e2259d
	0x7ffe3ad0af78

2026-03-03 12:32:20,275 - INFO - 
   [162/188] Processing document...
2026-03-03 12:32:20,277 - ERROR - ❌ Error processing document: Message: no such window: target window already closed
from unknown error: web view not found
  (Session info: chrome=145.0.7632.117)
Stacktrace:
Symbols not available. Dumping unresolved backtrace:
	0x7ff763acaa55
	0x7ff763828630
	0x7ff7635bd75d
	0x7ff7635942a2
	0x7ff763648e86
	0x7ff763652e50
	0x7ff763609098
	0x7ff763609f83
	0x7ff763af7810
	0x7ff763af1afd
	0x7ff763b12c1a
	0x7ff763843345
	0x7ff76384b81c
	0x7ff763831924
	0x7ff763831ad6
	0x7ff763817e47
	0x7ffe38e2259d
	0x7ffe3ad0af78

2026-03-03 12:32:22,279 - INFO - 
   [163/188] Processing document...
2026-03-03 12:32:22,279 - ERROR - ❌ Error processing document: Message: no such window: target window already closed
from unknown error: web view not found
  (Session info: chrome=145.0.7632.117)
Stacktrace:
Symbols not available. Dumping unresolved backtrace:
	0x7ff763acaa55
	0x7ff763828630
	0x7ff7635bd75d
	0x7ff7635942a2
	0x7ff763648e86
	0x7ff763652e50
	0x7ff763609098
	0x7ff763609f83
	0x7ff763af7810
	0x7ff763af1afd
	0x7ff763b12c1a
	0x7ff763843345
	0x7ff76384b81c
	0x7ff763831924
	0x7ff763831ad6
	0x7ff763817e47
	0x7ffe38e2259d
	0x7ffe3ad0af78

2026-03-03 12:32:24,285 - INFO - 
   [164/188] Processing document...
2026-03-03 12:32:24,288 - ERROR - ❌ Error processing document: Message: no such window: target window already closed
from unknown error: web view not found
  (Session info: chrome=145.0.7632.117)
Stacktrace:
Symbols not available. Dumping unresolved backtrace:
	0x7ff763acaa55
	0x7ff763828630
	0x7ff7635bd75d
	0x7ff7635942a2
	0x7ff763648e86
	0x7ff763652e50
	0x7ff763609098
	0x7ff763609f83
	0x7ff763af7810
	0x7ff763af1afd
	0x7ff763b12c1a
	0x7ff763843345
	0x7ff76384b81c
	0x7ff763831924
	0x7ff763831ad6
	0x7ff763817e47
	0x7ffe38e2259d
	0x7ffe3ad0af78

2026-03-03 12:32:26,290 - INFO - 
   [165/188] Processing document...
2026-03-03 12:32:26,290 - ERROR - ❌ Error processing document: Message: no such window: target window already closed
from unknown error: web view not found
  (Session info: chrome=145.0.7632.117)
Stacktrace:
Symbols not available. Dumping unresolved backtrace:
	0x7ff763acaa55
	0x7ff763828630
	0x7ff7635bd75d
	0x7ff7635942a2
	0x7ff763648e86
	0x7ff763652e50
	0x7ff763609098
	0x7ff763609f83
	0x7ff763af7810
	0x7ff763af1afd
	0x7ff763b12c1a
	0x7ff763843345
	0x7ff76384b81c
	0x7ff763831924
	0x7ff763831ad6
	0x7ff763817e47
	0x7ffe38e2259d
	0x7ffe3ad0af78

2026-03-03 12:32:28,295 - INFO - 
   [166/188] Processing document...
2026-03-03 12:32:28,296 - ERROR - ❌ Error processing document: Message: no such window: target window already closed
from unknown error: web view not found
  (Session info: chrome=145.0.7632.117)
Stacktrace:
Symbols not available. Dumping unresolved backtrace:
	0x7ff763acaa55
	0x7ff763828630
	0x7ff7635bd75d
	0x7ff7635942a2
	0x7ff763648e86
	0x7ff763652e50
	0x7ff763609098
	0x7ff763609f83
	0x7ff763af7810
	0x7ff763af1afd
	0x7ff763b12c1a
	0x7ff763843345
	0x7ff76384b81c
	0x7ff763831924
	0x7ff763831ad6
	0x7ff763817e47
	0x7ffe38e2259d
	0x7ffe3ad0af78

2026-03-03 12:32:30,298 - INFO - 
   [167/188] Processing document...
2026-03-03 12:32:30,298 - ERROR - ❌ Error processing document: Message: no such window: target window already closed
from unknown error: web view not found
  (Session info: chrome=145.0.7632.117)
Stacktrace:
Symbols not available. Dumping unresolved backtrace:
	0x7ff763acaa55
	0x7ff763828630
	0x7ff7635bd75d
	0x7ff7635942a2
	0x7ff763648e86
	0x7ff763652e50
	0x7ff763609098
	0x7ff763609f83
	0x7ff763af7810
	0x7ff763af1afd
	0x7ff763b12c1a
	0x7ff763843345
	0x7ff76384b81c
	0x7ff763831924
	0x7ff763831ad6
	0x7ff763817e47
	0x7ffe38e2259d
	0x7ffe3ad0af78

2026-03-03 12:32:32,302 - INFO - 
   [168/188] Processing document...
2026-03-03 12:32:32,303 - ERROR - ❌ Error processing document: Message: no such window: target window already closed
from unknown error: web view not found
  (Session info: chrome=145.0.7632.117)
Stacktrace:
Symbols not available. Dumping unresolved backtrace:
	0x7ff763acaa55
	0x7ff763828630
	0x7ff7635bd75d
	0x7ff7635942a2
	0x7ff763648e86
	0x7ff763652e50
	0x7ff763609098
	0x7ff763609f83
	0x7ff763af7810
	0x7ff763af1afd
	0x7ff763b12c1a
	0x7ff763843345
	0x7ff76384b81c
	0x7ff763831924
	0x7ff763831ad6
	0x7ff763817e47
	0x7ffe38e2259d
	0x7ffe3ad0af78

2026-03-03 12:32:34,308 - INFO - 
   [169/188] Processing document...
2026-03-03 12:32:34,311 - ERROR - ❌ Error processing document: Message: no such window: target window already closed
from unknown error: web view not found
  (Session info: chrome=145.0.7632.117)
Stacktrace:
Symbols not available. Dumping unresolved backtrace:
	0x7ff763acaa55
	0x7ff763828630
	0x7ff7635bd75d
	0x7ff7635942a2
	0x7ff763648e86
	0x7ff763652e50
	0x7ff763609098
	0x7ff763609f83
	0x7ff763af7810
	0x7ff763af1afd
	0x7ff763b12c1a
	0x7ff763843345
	0x7ff76384b81c
	0x7ff763831924
	0x7ff763831ad6
	0x7ff763817e47
	0x7ffe38e2259d
	0x7ffe3ad0af78

2026-03-03 12:32:36,313 - INFO - 
   [170/188] Processing document...
2026-03-03 12:32:36,317 - ERROR - ❌ Error processing document: Message: no such window: target window already closed
from unknown error: web view not found
  (Session info: chrome=145.0.7632.117)
Stacktrace:
Symbols not available. Dumping unresolved backtrace:
	0x7ff763acaa55
	0x7ff763828630
	0x7ff7635bd75d
	0x7ff7635942a2
	0x7ff763648e86
	0x7ff763652e50
	0x7ff763609098
	0x7ff763609f83
	0x7ff763af7810
	0x7ff763af1afd
	0x7ff763b12c1a
	0x7ff763843345
	0x7ff76384b81c
	0x7ff763831924
	0x7ff763831ad6
	0x7ff763817e47
	0x7ffe38e2259d
	0x7ffe3ad0af78

2026-03-03 12:32:38,318 - INFO - 
   [171/188] Processing document...
2026-03-03 12:32:38,321 - ERROR - ❌ Error processing document: Message: no such window: target window already closed
from unknown error: web view not found
  (Session info: chrome=145.0.7632.117)
Stacktrace:
Symbols not available. Dumping unresolved backtrace:
	0x7ff763acaa55
	0x7ff763828630
	0x7ff7635bd75d
	0x7ff7635942a2
	0x7ff763648e86
	0x7ff763652e50
	0x7ff763609098
	0x7ff763609f83
	0x7ff763af7810
	0x7ff763af1afd
	0x7ff763b12c1a
	0x7ff763843345
	0x7ff76384b81c
	0x7ff763831924
	0x7ff763831ad6
	0x7ff763817e47
	0x7ffe38e2259d
	0x7ffe3ad0af78

2026-03-03 12:32:40,323 - INFO - 
   [172/188] Processing document...
2026-03-03 12:32:40,325 - ERROR - ❌ Error processing document: Message: no such window: target window already closed
from unknown error: web view not found
  (Session info: chrome=145.0.7632.117)
Stacktrace:
Symbols not available. Dumping unresolved backtrace:
	0x7ff763acaa55
	0x7ff763828630
	0x7ff7635bd75d
	0x7ff7635942a2
	0x7ff763648e86
	0x7ff763652e50
	0x7ff763609098
	0x7ff763609f83
	0x7ff763af7810
	0x7ff763af1afd
	0x7ff763b12c1a
	0x7ff763843345
	0x7ff76384b81c
	0x7ff763831924
	0x7ff763831ad6
	0x7ff763817e47
	0x7ffe38e2259d
	0x7ffe3ad0af78

2026-03-03 12:32:42,327 - INFO - 
   [173/188] Processing document...
2026-03-03 12:32:42,329 - ERROR - ❌ Error processing document: Message: no such window: target window already closed
from unknown error: web view not found
  (Session info: chrome=145.0.7632.117)
Stacktrace:
Symbols not available. Dumping unresolved backtrace:
	0x7ff763acaa55
	0x7ff763828630
	0x7ff7635bd75d
	0x7ff7635942a2
	0x7ff763648e86
	0x7ff763652e50
	0x7ff763609098
	0x7ff763609f83
	0x7ff763af7810
	0x7ff763af1afd
	0x7ff763b12c1a
	0x7ff763843345
	0x7ff76384b81c
	0x7ff763831924
	0x7ff763831ad6
	0x7ff763817e47
	0x7ffe38e2259d
	0x7ffe3ad0af78

2026-03-03 12:32:44,332 - INFO - 
   [174/188] Processing document...
2026-03-03 12:32:44,334 - ERROR - ❌ Error processing document: Message: no such window: target window already closed
from unknown error: web view not found
  (Session info: chrome=145.0.7632.117)
Stacktrace:
Symbols not available. Dumping unresolved backtrace:
	0x7ff763acaa55
	0x7ff763828630
	0x7ff7635bd75d
	0x7ff7635942a2
	0x7ff763648e86
	0x7ff763652e50
	0x7ff763609098
	0x7ff763609f83
	0x7ff763af7810
	0x7ff763af1afd
	0x7ff763b12c1a
	0x7ff763843345
	0x7ff76384b81c
	0x7ff763831924
	0x7ff763831ad6
	0x7ff763817e47
	0x7ffe38e2259d
	0x7ffe3ad0af78

2026-03-03 12:32:46,336 - INFO - 
   [175/188] Processing document...
2026-03-03 12:32:46,339 - ERROR - ❌ Error processing document: Message: no such window: target window already closed
from unknown error: web view not found
  (Session info: chrome=145.0.7632.117)
Stacktrace:
Symbols not available. Dumping unresolved backtrace:
	0x7ff763acaa55
	0x7ff763828630
	0x7ff7635bd75d
	0x7ff7635942a2
	0x7ff763648e86
	0x7ff763652e50
	0x7ff763609098
	0x7ff763609f83
	0x7ff763af7810
	0x7ff763af1afd
	0x7ff763b12c1a
	0x7ff763843345
	0x7ff76384b81c
	0x7ff763831924
	0x7ff763831ad6
	0x7ff763817e47
	0x7ffe38e2259d
	0x7ffe3ad0af78

2026-03-03 12:32:48,340 - INFO - 
   [176/188] Processing document...
2026-03-03 12:32:48,342 - ERROR - ❌ Error processing document: Message: no such window: target window already closed
from unknown error: web view not found
  (Session info: chrome=145.0.7632.117)
Stacktrace:
Symbols not available. Dumping unresolved backtrace:
	0x7ff763acaa55
	0x7ff763828630
	0x7ff7635bd75d
	0x7ff7635942a2
	0x7ff763648e86
	0x7ff763652e50
	0x7ff763609098
	0x7ff763609f83
	0x7ff763af7810
	0x7ff763af1afd
	0x7ff763b12c1a
	0x7ff763843345
	0x7ff76384b81c
	0x7ff763831924
	0x7ff763831ad6
	0x7ff763817e47
	0x7ffe38e2259d
	0x7ffe3ad0af78

2026-03-03 12:32:50,344 - INFO - 
   [177/188] Processing document...
2026-03-03 12:32:50,346 - ERROR - ❌ Error processing document: Message: no such window: target window already closed
from unknown error: web view not found
  (Session info: chrome=145.0.7632.117)
Stacktrace:
Symbols not available. Dumping unresolved backtrace:
	0x7ff763acaa55
	0x7ff763828630
	0x7ff7635bd75d
	0x7ff7635942a2
	0x7ff763648e86
	0x7ff763652e50
	0x7ff763609098
	0x7ff763609f83
	0x7ff763af7810
	0x7ff763af1afd
	0x7ff763b12c1a
	0x7ff763843345
	0x7ff76384b81c
	0x7ff763831924
	0x7ff763831ad6
	0x7ff763817e47
	0x7ffe38e2259d
	0x7ffe3ad0af78

2026-03-03 12:32:52,348 - INFO - 
   [178/188] Processing document...
2026-03-03 12:32:52,351 - ERROR - ❌ Error processing document: Message: no such window: target window already closed
from unknown error: web view not found
  (Session info: chrome=145.0.7632.117)
Stacktrace:
Symbols not available. Dumping unresolved backtrace:
	0x7ff763acaa55
	0x7ff763828630
	0x7ff7635bd75d
	0x7ff7635942a2
	0x7ff763648e86
	0x7ff763652e50
	0x7ff763609098
	0x7ff763609f83
	0x7ff763af7810
	0x7ff763af1afd
	0x7ff763b12c1a
	0x7ff763843345
	0x7ff76384b81c
	0x7ff763831924
	0x7ff763831ad6
	0x7ff763817e47
	0x7ffe38e2259d
	0x7ffe3ad0af78

2026-03-03 12:32:54,353 - INFO - 
   [179/188] Processing document...
2026-03-03 12:32:54,356 - ERROR - ❌ Error processing document: Message: no such window: target window already closed
from unknown error: web view not found
  (Session info: chrome=145.0.7632.117)
Stacktrace:
Symbols not available. Dumping unresolved backtrace:
	0x7ff763acaa55
	0x7ff763828630
	0x7ff7635bd75d
	0x7ff7635942a2
	0x7ff763648e86
	0x7ff763652e50
	0x7ff763609098
	0x7ff763609f83
	0x7ff763af7810
	0x7ff763af1afd
	0x7ff763b12c1a
	0x7ff763843345
	0x7ff76384b81c
	0x7ff763831924
	0x7ff763831ad6
	0x7ff763817e47
	0x7ffe38e2259d
	0x7ffe3ad0af78

2026-03-03 12:32:56,358 - INFO - 
   [180/188] Processing document...
2026-03-03 12:32:56,360 - ERROR - ❌ Error processing document: Message: no such window: target window already closed
from unknown error: web view not found
  (Session info: chrome=145.0.7632.117)
Stacktrace:
Symbols not available. Dumping unresolved backtrace:
	0x7ff763acaa55
	0x7ff763828630
	0x7ff7635bd75d
	0x7ff7635942a2
	0x7ff763648e86
	0x7ff763652e50
	0x7ff763609098
	0x7ff763609f83
	0x7ff763af7810
	0x7ff763af1afd
	0x7ff763b12c1a
	0x7ff763843345
	0x7ff76384b81c
	0x7ff763831924
	0x7ff763831ad6
	0x7ff763817e47
	0x7ffe38e2259d
	0x7ffe3ad0af78

2026-03-03 12:32:58,363 - INFO - 
   [181/188] Processing document...
2026-03-03 12:32:58,365 - ERROR - ❌ Error processing document: Message: no such window: target window already closed
from unknown error: web view not found
  (Session info: chrome=145.0.7632.117)
Stacktrace:
Symbols not available. Dumping unresolved backtrace:
	0x7ff763acaa55
	0x7ff763828630
	0x7ff7635bd75d
	0x7ff7635942a2
	0x7ff763648e86
	0x7ff763652e50
	0x7ff763609098
	0x7ff763609f83
	0x7ff763af7810
	0x7ff763af1afd
	0x7ff763b12c1a
	0x7ff763843345
	0x7ff76384b81c
	0x7ff763831924
	0x7ff763831ad6
	0x7ff763817e47
	0x7ffe38e2259d
	0x7ffe3ad0af78

2026-03-03 12:33:00,367 - INFO - 
   [182/188] Processing document...
2026-03-03 12:33:00,370 - ERROR - ❌ Error processing document: Message: no such window: target window already closed
from unknown error: web view not found
  (Session info: chrome=145.0.7632.117)
Stacktrace:
Symbols not available. Dumping unresolved backtrace:
	0x7ff763acaa55
	0x7ff763828630
	0x7ff7635bd75d
	0x7ff7635942a2
	0x7ff763648e86
	0x7ff763652e50
	0x7ff763609098
	0x7ff763609f83
	0x7ff763af7810
	0x7ff763af1afd
	0x7ff763b12c1a
	0x7ff763843345
	0x7ff76384b81c
	0x7ff763831924
	0x7ff763831ad6
	0x7ff763817e47
	0x7ffe38e2259d
	0x7ffe3ad0af78

2026-03-03 12:33:02,371 - INFO - 
   [183/188] Processing document...
2026-03-03 12:33:02,374 - ERROR - ❌ Error processing document: Message: no such window: target window already closed
from unknown error: web view not found
  (Session info: chrome=145.0.7632.117)
Stacktrace:
Symbols not available. Dumping unresolved backtrace:
	0x7ff763acaa55
	0x7ff763828630
	0x7ff7635bd75d
	0x7ff7635942a2
	0x7ff763648e86
	0x7ff763652e50
	0x7ff763609098
	0x7ff763609f83
	0x7ff763af7810
	0x7ff763af1afd
	0x7ff763b12c1a
	0x7ff763843345
	0x7ff76384b81c
	0x7ff763831924
	0x7ff763831ad6
	0x7ff763817e47
	0x7ffe38e2259d
	0x7ffe3ad0af78

2026-03-03 12:33:04,376 - INFO - 
   [184/188] Processing document...
2026-03-03 12:33:04,379 - ERROR - ❌ Error processing document: Message: no such window: target window already closed
from unknown error: web view not found
  (Session info: chrome=145.0.7632.117)
Stacktrace:
Symbols not available. Dumping unresolved backtrace:
	0x7ff763acaa55
	0x7ff763828630
	0x7ff7635bd75d
	0x7ff7635942a2
	0x7ff763648e86
	0x7ff763652e50
	0x7ff763609098
	0x7ff763609f83
	0x7ff763af7810
	0x7ff763af1afd
	0x7ff763b12c1a
	0x7ff763843345
	0x7ff76384b81c
	0x7ff763831924
	0x7ff763831ad6
	0x7ff763817e47
	0x7ffe38e2259d
	0x7ffe3ad0af78

2026-03-03 12:33:06,380 - INFO - 
   [185/188] Processing document...
2026-03-03 12:33:06,382 - ERROR - ❌ Error processing document: Message: no such window: target window already closed
from unknown error: web view not found
  (Session info: chrome=145.0.7632.117)
Stacktrace:
Symbols not available. Dumping unresolved backtrace:
	0x7ff763acaa55
	0x7ff763828630
	0x7ff7635bd75d
	0x7ff7635942a2
	0x7ff763648e86
	0x7ff763652e50
	0x7ff763609098
	0x7ff763609f83
	0x7ff763af7810
	0x7ff763af1afd
	0x7ff763b12c1a
	0x7ff763843345
	0x7ff76384b81c
	0x7ff763831924
	0x7ff763831ad6
	0x7ff763817e47
	0x7ffe38e2259d
	0x7ffe3ad0af78

2026-03-03 12:33:08,384 - INFO - 
   [186/188] Processing document...
2026-03-03 12:33:08,386 - ERROR - ❌ Error processing document: Message: no such window: target window already closed
from unknown error: web view not found
  (Session info: chrome=145.0.7632.117)
Stacktrace:
Symbols not available. Dumping unresolved backtrace:
	0x7ff763acaa55
	0x7ff763828630
	0x7ff7635bd75d
	0x7ff7635942a2
	0x7ff763648e86
	0x7ff763652e50
	0x7ff763609098
	0x7ff763609f83
	0x7ff763af7810
	0x7ff763af1afd
	0x7ff763b12c1a
	0x7ff763843345
	0x7ff76384b81c
	0x7ff763831924
	0x7ff763831ad6
	0x7ff763817e47
	0x7ffe38e2259d
	0x7ffe3ad0af78

2026-03-03 12:33:10,388 - INFO - 
   [187/188] Processing document...
2026-03-03 12:33:10,390 - ERROR - ❌ Error processing document: Message: no such window: target window already closed
from unknown error: web view not found
  (Session info: chrome=145.0.7632.117)
Stacktrace:
Symbols not available. Dumping unresolved backtrace:
	0x7ff763acaa55
	0x7ff763828630
	0x7ff7635bd75d
	0x7ff7635942a2
	0x7ff763648e86
	0x7ff763652e50
	0x7ff763609098
	0x7ff763609f83
	0x7ff763af7810
	0x7ff763af1afd
	0x7ff763b12c1a
	0x7ff763843345
	0x7ff76384b81c
	0x7ff763831924
	0x7ff763831ad6
	0x7ff763817e47
	0x7ffe38e2259d
	0x7ffe3ad0af78

2026-03-03 12:33:12,392 - INFO - 
   [188/188] Processing document...
2026-03-03 12:33:12,394 - ERROR - ❌ Error processing document: Message: no such window: target window already closed
from unknown error: web view not found
  (Session info: chrome=145.0.7632.117)
Stacktrace:
Symbols not available. Dumping unresolved backtrace:
	0x7ff763acaa55
	0x7ff763828630
	0x7ff7635bd75d
	0x7ff7635942a2
	0x7ff763648e86
	0x7ff763652e50
	0x7ff763609098
	0x7ff763609f83
	0x7ff763af7810
	0x7ff763af1afd
	0x7ff763b12c1a
	0x7ff763843345
	0x7ff76384b81c
	0x7ff763831924
	0x7ff763831ad6
	0x7ff763817e47
	0x7ffe38e2259d
	0x7ffe3ad0af78

2026-03-03 12:33:14,400 - INFO - 
======================================================================
2026-03-03 12:33:14,401 - INFO - [2/35] ROOT: Arbeidsrett
2026-03-03 12:33:14,402 - INFO - ======================================================================
2026-03-03 12:33:15,941 - INFO - HTTP Request: GET https://exeklzgcqykkutjfikei.supabase.co/rest/v1/legal_area_metadata?select=id&legal_area_root=eq.Arbeidsrett&limit=1 "HTTP/1.1 200 OK"
2026-03-03 12:33:20,149 - WARNING - Retrying (Retry(total=2, connect=None, read=None, redirect=None, status=None)) after connection broken by 'NewConnectionError("HTTPConnection(host='localhost', port=53147): Failed to establish a new connection: [WinError 10061] No connection could be made because the target machine actively refused it")': /session/26dc7f525566a474500271c1fd60b613/element/f.5CA11F46605CFE2D844DE30E2EB32C94.d.0F68AA4C346E97457596D5B2BF2C6994.e.5343/click
2026-03-03 12:33:24,235 - WARNING - Retrying (Retry(total=1, connect=None, read=None, redirect=None, status=None)) after connection broken by 'NewConnectionError("HTTPConnection(host='localhost', port=53147): Failed to establish a new connection: [WinError 10061] No connection could be made because the target machine actively refused it")': /session/26dc7f525566a474500271c1fd60b613/element/f.5CA11F46605CFE2D844DE30E2EB32C94.d.0F68AA4C346E97457596D5B2BF2C6994.e.5343/click
2026-03-03 12:33:28,341 - WARNING - Retrying (Retry(total=0, connect=None, read=None, redirect=None, status=None)) after connection broken by 'NewConnectionError("HTTPConnection(host='localhost', port=53147): Failed to establish a new connection: [WinError 10061] No connection could be made because the target machine actively refused it")': /session/26dc7f525566a474500271c1fd60b613/element/f.5CA11F46605CFE2D844DE30E2EB32C94.d.0F68AA4C346E97457596D5B2BF2C6994.e.5343/click
2026-03-03 12:33:34,631 - INFO - 
======================================================================
2026-03-03 12:33:34,631 - INFO - SCRAPING SUMMARY
2026-03-03 12:33:34,632 - INFO - ======================================================================
2026-03-03 12:33:34,632 - INFO - ✅ Success: 0
2026-03-03 12:33:34,633 - INFO - ❌ Failed: 188
2026-03-03 12:33:34,633 - INFO - ⏭️  Skipped: 0
2026-03-03 12:33:34,634 - INFO - ======================================================================

