2026-03-04 20:06:20,878 - INFO - ✓ Supabase bucket : legal_area
2026-03-04 20:06:20,878 - INFO - ✓ Supabase table  : legal_area_metadata
2026-03-04 20:06:20,878 - INFO - ✓ StorageHandler initialized
2026-03-04 20:06:21,656 - INFO - HTTP Request: GET https://exeklzgcqykkutjfikei.supabase.co/rest/v1/scraper_claims?select=area_key&limit=1 "HTTP/1.1 404 Not Found"
2026-03-04 20:06:21,674 - WARNING - ⚠️  scraper_claims table not found — parallel claim tracking disabled. Create it with:  CREATE TABLE scraper_claims (area_key TEXT PRIMARY KEY, claimed_by TEXT, claimed_at TIMESTAMPTZ, status TEXT);
2026-03-04 20:06:21,674 - INFO - ======================================================================
2026-03-04 20:06:21,674 - INFO - ENV / CONFIG
2026-03-04 20:06:21,674 - INFO -   WORKER ID       : 8c0d42ff
2026-03-04 20:06:21,674 - INFO -   SUPABASE_TABLE  : legal_area_metadata
2026-03-04 20:06:21,674 - INFO -   SUPABASE_BUCKET : legal_area
2026-03-04 20:06:21,677 - INFO -   BASE_DIR        : ./scraped_xml
2026-03-04 20:06:21,677 - INFO -   TIMEOUT         : 30
2026-03-04 20:06:21,678 - INFO -   HEADLESS        : False
2026-03-04 20:06:21,679 - INFO -   YEAR RANGE      : 2000 – 2026
2026-03-04 20:06:21,679 - INFO -   BATCH SIZE      : 10
2026-03-04 20:06:21,679 - INFO - ======================================================================
2026-03-04 20:06:26,684 - INFO - ✅ Login successful
2026-03-04 20:06:31,887 - INFO - ✅ Tree nodes present
2026-03-04 20:06:32,913 - INFO - Found 35 tree node(s)
2026-03-04 20:06:33,248 - INFO - 📋 ROOT categories: 35
2026-03-04 20:06:33,248 - INFO - 📊 Total ROOTs: 35
2026-03-04 20:06:38,371 - INFO - ✅ Tree nodes present
2026-03-04 20:06:39,393 - INFO - Found 35 tree node(s)
2026-03-04 20:06:39,886 - INFO - 📋 ROOT categories: 35
2026-03-04 20:06:39,886 - INFO - 
======================================================================
2026-03-04 20:06:39,886 - INFO - [1/35] ROOT: Anskaffelser, avtaler, bygg og entrepriser
2026-03-04 20:06:39,886 - INFO - ======================================================================
2026-03-04 20:06:41,822 - INFO -    Branch count: 5
2026-03-04 20:06:46,959 - INFO - ✅ Tree nodes present
2026-03-04 20:06:47,984 - INFO - Found 40 tree node(s)
2026-03-04 20:06:48,479 - INFO - 📋 ROOT categories: 40
2026-03-04 20:06:49,965 - INFO -    [1/5] BRANCH: Anskaffelser
2026-03-04 20:06:51,708 - INFO -       Leaf count: 0
2026-03-04 20:06:51,708 - INFO - 🔍 Scraping  root='Anskaffelser, avtaler, bygg og entrepriser'  branch='Anskaffelser'  leaf=''
2026-03-04 20:06:52,832 - INFO - HTTP Request: GET https://exeklzgcqykkutjfikei.supabase.co/rest/v1/scraper_claims?select=claimed_by%2Cclaimed_at%2Cstatus&area_key=eq.Anskaffelser_avtaler_bygg_og_entrepriser/Anskaffelser/_ "HTTP/1.1 404 Not Found"
2026-03-04 20:06:52,837 - WARNING - ⚠️  Claim check failed ({'code': 'PGRST205', 'details': None, 'hint': None, 'message': "Could not find the table 'public.scraper_claims' in the schema cache"}) — proceeding anyway: Anskaffelser_avtaler_bygg_og_entrepriser/Anskaffelser/_
2026-03-04 20:06:53,360 - INFO -     ✅ div.legal-area-header present
2026-03-04 20:06:53,404 - INFO -     Found 11 anchor links in legal-area-header
2026-03-04 20:06:53,438 - INFO -     ✓ Section: 'Siste dokumenter'  →  LATEST DOCUMENTS  (div#saker)
2026-03-04 20:06:53,468 - INFO -     ✓ Section: 'Lover'  →  LAWS  (div#lover)
2026-03-04 20:06:53,497 - INFO -     ✓ Section: 'Forskrifter'  →  REGULATIONS  (div#forskrifter)
2026-03-04 20:06:53,532 - INFO -     ✓ Section: 'Avgjørelser fra Høyesterett'  →  DECISIONS FROM THE SUPREME COURT  (div#hr)
2026-03-04 20:06:53,570 - INFO -     ✓ Section: 'Avgjørelser fra lagmannsrettene'  →  DECISIONS FROM THE COURTS OF APPEAL  (div#lr)
2026-03-04 20:06:53,605 - INFO -     ✓ Section: 'Avgjørelser fra tingrettene'  →  DECISIONS FROM THE DISTRICT COURTS  (div#tr)
2026-03-04 20:06:53,640 - INFO -     ✓ Section: 'Artikler'  →  ARTICLES  (div#artikler)
2026-03-04 20:06:53,675 - INFO -     ✓ Section: 'Dokumenter fra Klagenemnda for offentlige anskaffelser'  →  DOCUMENTS FROM THE PUBLIC PROCUREMENT COMPLAINTS BOARD  (div#kofa)
2026-03-04 20:06:53,707 - INFO -     ✓ Section: 'Dokumenter fra Byggebransjens Faglig Juridiske Råd'  →  DOCUMENTS FROM THE CONSTRUCTION INDUSTRY LEGAL COUNCIL  (div#bfjr)
2026-03-04 20:06:53,741 - INFO -     ✓ Section: 'Dokumenter fra Justisdepartementet'  →  DOCUMENTS FROM THE MINISTRY OF JUSTICE  (div#jd)
2026-03-04 20:06:53,772 - INFO -     ✓ Section: 'Andre dokumenter'  →  OTHER DOCUMENTS  (div#otherBases)
2026-03-04 20:06:53,776 - INFO - 
    ════════════════════════════════════════════════
    11 SECTIONS FOUND — processing one by one
    ════════════════════════════════════════════════
2026-03-04 20:06:53,776 - INFO - 
    ── [1/11] LATEST DOCUMENTS ──
2026-03-04 20:06:54,094 - INFO -     👆 Clicked section tab: 'Siste dokumenter'
2026-03-04 20:06:55,613 - INFO -     ✅ Heading div#saker found
2026-03-04 20:06:55,637 - INFO -     ℹ️  No 'Vis alle' button found for div#saker
2026-03-04 20:06:55,656 - INFO -     📋 Small section mode — collecting directly
2026-03-04 20:06:55,680 - INFO -     ✅ Small section div#saker — collected 10 URLs
2026-03-04 20:06:55,680 - INFO -     ✅ COMPLETE 'LATEST DOCUMENTS'  expected=None  collected=10
2026-03-04 20:06:55,680 - INFO - 
    ── [2/11] LAWS ──
2026-03-04 20:06:55,999 - INFO -     👆 Clicked section tab: 'Lover'
2026-03-04 20:06:57,522 - INFO -     ✅ Heading div#lover found
2026-03-04 20:06:57,548 - INFO -     ℹ️  No 'Vis alle' button found for div#lover
2026-03-04 20:06:57,562 - INFO -     📋 Small section mode — collecting directly
2026-03-04 20:06:57,620 - INFO -     ✅ Small section div#lover — collected 2 URLs
2026-03-04 20:06:57,621 - INFO -     ✅ COMPLETE 'LAWS'  expected=None  collected=2
2026-03-04 20:06:57,621 - INFO - 
    ── [3/11] REGULATIONS ──
2026-03-04 20:06:57,960 - INFO -     👆 Clicked section tab: 'Forskrifter'
2026-03-04 20:06:59,475 - INFO -     ✅ Heading div#forskrifter found
2026-03-04 20:06:59,510 - INFO -     ✅ Vis alle clicked — expected=16
2026-03-04 20:07:04,031 - INFO -     ✅ Advanced Search page loaded
2026-03-04 20:07:04,031 - INFO -     🔍 Advanced Search mode — collecting all pages
2026-03-04 20:07:04,078 - INFO -     📊 Advanced Search total: 16
2026-03-04 20:07:06,106 - INFO -       page 1: +16 new  (total: 16 / expected: 16)
2026-03-04 20:07:06,106 - INFO -       All 16 docs collected
2026-03-04 20:07:06,107 - INFO -     ↩️  Returning to legal area page
2026-03-04 20:07:08,150 - INFO -     ↩️  Back to legal area page — tabs restored
2026-03-04 20:07:08,150 - INFO -     ✅ COMPLETE 'REGULATIONS'  expected=16  collected=16
2026-03-04 20:07:08,159 - INFO - 
    ── [4/11] DECISIONS FROM THE SUPREME COURT ──
2026-03-04 20:07:08,545 - INFO -     👆 Clicked section tab: 'Avgjørelser fra Høyesterett'
2026-03-04 20:07:10,065 - INFO -     ✅ Heading div#hr found
2026-03-04 20:07:10,102 - INFO -     ✅ Vis alle clicked — expected=16
2026-03-04 20:07:14,617 - INFO -     ✅ Advanced Search page loaded
2026-03-04 20:07:14,617 - INFO -     🔍 Advanced Search mode — collecting all pages
2026-03-04 20:07:14,650 - INFO -     📊 Advanced Search total: 16
2026-03-04 20:07:16,672 - INFO -       page 1: +16 new  (total: 16 / expected: 16)
2026-03-04 20:07:16,674 - INFO -       All 16 docs collected
2026-03-04 20:07:16,674 - INFO -     ↩️  Returning to legal area page
2026-03-04 20:07:18,703 - INFO -     ↩️  Back to legal area page — tabs restored
2026-03-04 20:07:18,703 - INFO -     ✅ COMPLETE 'DECISIONS FROM THE SUPREME COURT'  expected=16  collected=16
2026-03-04 20:07:18,703 - INFO - 
    ── [5/11] DECISIONS FROM THE COURTS OF APPEAL ──
2026-03-04 20:07:19,120 - INFO -     👆 Clicked section tab: 'Avgjørelser fra lagmannsrettene'
2026-03-04 20:07:20,635 - INFO -     ✅ Heading div#lr found
2026-03-04 20:07:20,676 - INFO -     ℹ️  No 'Vis alle' button found for div#lr
2026-03-04 20:07:22,292 - INFO -     ✅ Advanced Search page loaded
2026-03-04 20:07:22,292 - INFO -     🔍 Advanced Search mode — collecting all pages
2026-03-04 20:07:22,353 - INFO -     📊 Advanced Search total: 168
2026-03-04 20:07:24,378 - INFO -       page 1: +50 new  (total: 50 / expected: 168)
2026-03-04 20:07:29,425 - INFO -       page 2: +0 new  (total: 50 / expected: 168)
2026-03-04 20:07:34,475 - INFO -       page 3: +0 new  (total: 50 / expected: 168)
2026-03-04 20:07:34,476 - INFO -       No new URLs x2 — last page reached
2026-03-04 20:07:34,476 - INFO -     ↩️  Returning to legal area page
2026-03-04 20:07:36,496 - INFO -     ↩️  Back to legal area page — tabs restored
2026-03-04 20:07:36,496 - INFO -     ✅ COMPLETE 'DECISIONS FROM THE COURTS OF APPEAL'  expected=None  collected=50
2026-03-04 20:07:36,496 - INFO - 
    ── [6/11] DECISIONS FROM THE DISTRICT COURTS ──
2026-03-04 20:07:36,946 - INFO -     👆 Clicked section tab: 'Avgjørelser fra tingrettene'
2026-03-04 20:07:38,464 - INFO -     ✅ Heading div#tr found
2026-03-04 20:07:38,500 - INFO -     ✅ Vis alle clicked — expected=132
2026-03-04 20:07:43,016 - INFO -     ✅ Advanced Search page loaded
2026-03-04 20:07:43,017 - INFO -     🔍 Advanced Search mode — collecting all pages
2026-03-04 20:07:43,061 - INFO -     📊 Advanced Search total: 132
2026-03-04 20:07:45,088 - INFO -       page 1: +50 new  (total: 50 / expected: 132)
2026-03-04 20:07:50,136 - INFO -       page 2: +0 new  (total: 50 / expected: 132)
2026-03-04 20:07:55,188 - INFO -       page 3: +0 new  (total: 50 / expected: 132)
2026-03-04 20:07:55,188 - INFO -       No new URLs x2 — last page reached
2026-03-04 20:07:55,188 - INFO -     ↩️  Returning to legal area page
2026-03-04 20:07:57,229 - INFO -     ↩️  Back to legal area page — tabs restored
2026-03-04 20:07:57,231 - WARNING -     ⚠️  COUNT MISMATCH 'DECISIONS FROM THE DISTRICT COURTS': expected=132  collected=50
2026-03-04 20:07:57,231 - INFO - 
    ── [7/11] ARTICLES ──
2026-03-04 20:07:57,705 - INFO -     👆 Clicked section tab: 'Artikler'
2026-03-04 20:07:59,227 - INFO -     ✅ Heading div#artikler found
2026-03-04 20:07:59,260 - INFO -     ✅ Vis alle clicked — expected=44
2026-03-04 20:08:03,775 - INFO -     ✅ Advanced Search page loaded
2026-03-04 20:08:03,775 - INFO -     🔍 Advanced Search mode — collecting all pages
2026-03-04 20:08:03,824 - INFO -     📊 Advanced Search total: 44
2026-03-04 20:08:05,851 - INFO -       page 1: +44 new  (total: 44 / expected: 44)
2026-03-04 20:08:05,851 - INFO -       All 44 docs collected
2026-03-04 20:08:05,853 - INFO -     ↩️  Returning to legal area page
2026-03-04 20:08:07,892 - INFO -     ↩️  Back to legal area page — tabs restored
2026-03-04 20:08:07,892 - INFO -     ✅ COMPLETE 'ARTICLES'  expected=44  collected=44
2026-03-04 20:08:07,892 - INFO - 
    ── [8/11] DOCUMENTS FROM THE PUBLIC PROCUREMENT COMPLAINTS BOARD ──
2026-03-04 20:08:08,395 - INFO -     👆 Clicked section tab: 'Dokumenter fra Klagenemnda for offentlige anskaffelser'
2026-03-04 20:08:08,916 - WARNING - Retrying (Retry(total=2, connect=None, read=None, redirect=None, status=None)) after connection broken by 'ConnectionResetError(10054, 'An existing connection was forcibly closed by the remote host', None, 10054, None)': /session/7c3b27278062a8805063bea932254687
