2026-03-04 14:58:50,242 - INFO - ✓ Supabase bucket : legal_area
2026-03-04 14:58:50,245 - INFO - ✓ Supabase table  : legal_area_metadata
2026-03-04 14:58:50,245 - INFO - ✓ StorageHandler initialized
2026-03-04 14:58:51,306 - INFO - HTTP Request: GET https://exeklzgcqykkutjfikei.supabase.co/rest/v1/scraper_claims?select=area_key&limit=1 "HTTP/1.1 404 Not Found"
2026-03-04 14:58:51,309 - WARNING - ⚠️  scraper_claims table not found — parallel claim tracking disabled. Create it with:  CREATE TABLE scraper_claims (area_key TEXT PRIMARY KEY, claimed_by TEXT, claimed_at TIMESTAMPTZ, status TEXT);
2026-03-04 14:58:51,309 - INFO - ======================================================================
2026-03-04 14:58:51,309 - INFO - ENV / CONFIG
2026-03-04 14:58:51,309 - INFO -   WORKER ID       : 722c20ad
2026-03-04 14:58:51,309 - INFO -   SUPABASE_TABLE  : legal_area_metadata
2026-03-04 14:58:51,309 - INFO -   SUPABASE_BUCKET : legal_area
2026-03-04 14:58:51,309 - INFO -   BASE_DIR        : ./scraped_xml
2026-03-04 14:58:51,309 - INFO -   TIMEOUT         : 30
2026-03-04 14:58:51,309 - INFO -   HEADLESS        : False
2026-03-04 14:58:51,309 - INFO -   YEAR RANGE      : 2000 – 2026
2026-03-04 14:58:51,309 - INFO -   BATCH SIZE      : 10
2026-03-04 14:58:51,312 - INFO - ======================================================================
2026-03-04 14:58:58,374 - INFO - ✅ Login successful
2026-03-04 14:59:03,514 - INFO - ✅ Tree nodes present
2026-03-04 14:59:04,550 - INFO - Found 35 tree node(s)
2026-03-04 14:59:05,013 - INFO - 📋 ROOT categories: 35
2026-03-04 14:59:05,015 - INFO - 📊 Total ROOTs: 35
2026-03-04 14:59:10,183 - INFO - ✅ Tree nodes present
2026-03-04 14:59:11,208 - INFO - Found 35 tree node(s)
2026-03-04 14:59:11,802 - INFO - 📋 ROOT categories: 35
2026-03-04 14:59:11,802 - INFO - 
======================================================================
2026-03-04 14:59:11,802 - INFO - [1/35] ROOT: Anskaffelser, avtaler, bygg og entrepriser
2026-03-04 14:59:11,802 - INFO - ======================================================================
2026-03-04 14:59:13,894 - INFO -    Branch count: 5
2026-03-04 14:59:19,071 - INFO - ✅ Tree nodes present
2026-03-04 14:59:20,087 - INFO - Found 40 tree node(s)
2026-03-04 14:59:20,592 - INFO - 📋 ROOT categories: 40
2026-03-04 14:59:21,819 - INFO -    [1/5] BRANCH: Anskaffelser
2026-03-04 14:59:23,506 - INFO -       Leaf count: 0
2026-03-04 14:59:23,507 - INFO - 🔍 Scraping  root='Anskaffelser, avtaler, bygg og entrepriser'  branch='Anskaffelser'  leaf=''
2026-03-04 14:59:24,345 - INFO - HTTP Request: GET https://exeklzgcqykkutjfikei.supabase.co/rest/v1/scraper_claims?select=claimed_by%2Cclaimed_at%2Cstatus&area_key=eq.Anskaffelser_avtaler_bygg_og_entrepriser/Anskaffelser/_ "HTTP/1.1 404 Not Found"
2026-03-04 14:59:24,347 - WARNING - ⚠️  Claim check failed ({'code': 'PGRST205', 'details': None, 'hint': None, 'message': "Could not find the table 'public.scraper_claims' in the schema cache"}) — proceeding anyway: Anskaffelser_avtaler_bygg_og_entrepriser/Anskaffelser/_
2026-03-04 14:59:24,863 - INFO -     ✅ div.legal-area-header present
2026-03-04 14:59:24,926 - INFO -     Found 11 anchor links in legal-area-header
2026-03-04 14:59:24,974 - INFO -     ✓ Section: 'Siste dokumenter'  →  LATEST DOCUMENTS  (div#saker)
2026-03-04 14:59:25,018 - INFO -     ✓ Section: 'Lover'  →  LAWS  (div#lover)
2026-03-04 14:59:25,050 - INFO -     ✓ Section: 'Forskrifter'  →  REGULATIONS  (div#forskrifter)
2026-03-04 14:59:25,079 - INFO -     ✓ Section: 'Avgjørelser fra Høyesterett'  →  DECISIONS FROM THE SUPREME COURT  (div#hr)
2026-03-04 14:59:25,109 - INFO -     ✓ Section: 'Avgjørelser fra lagmannsrettene'  →  DECISIONS FROM THE COURTS OF APPEAL  (div#lr)
2026-03-04 14:59:25,135 - INFO -     ✓ Section: 'Avgjørelser fra tingrettene'  →  DECISIONS FROM THE DISTRICT COURTS  (div#tr)
2026-03-04 14:59:25,161 - INFO -     ✓ Section: 'Artikler'  →  ARTICLES  (div#artikler)
2026-03-04 14:59:25,187 - INFO -     ✓ Section: 'Dokumenter fra Klagenemnda for offentlige anskaffelser'  →  DOCUMENTS FROM THE PUBLIC PROCUREMENT COMPLAINTS BOARD  (div#kofa)
2026-03-04 14:59:25,214 - INFO -     ✓ Section: 'Dokumenter fra Byggebransjens Faglig Juridiske Råd'  →  DOCUMENTS FROM THE CONSTRUCTION INDUSTRY LEGAL COUNCIL  (div#bfjr)
2026-03-04 14:59:25,242 - INFO -     ✓ Section: 'Dokumenter fra Justisdepartementet'  →  DOCUMENTS FROM THE MINISTRY OF JUSTICE  (div#jd)
2026-03-04 14:59:25,266 - INFO -     ✓ Section: 'Andre dokumenter'  →  OTHER DOCUMENTS  (div#otherBases)
2026-03-04 14:59:25,266 - INFO - 
    ════════════════════════════════════════════════
    11 SECTIONS FOUND — processing one by one
    ════════════════════════════════════════════════
2026-03-04 14:59:25,266 - INFO - 
    ── [1/11] LATEST DOCUMENTS ──
2026-03-04 14:59:25,544 - INFO -     👆 Clicked section tab: 'Siste dokumenter'
2026-03-04 14:59:27,071 - INFO -     ✅ Heading div#saker found
2026-03-04 14:59:27,104 - INFO -     ℹ️  No 'Vis alle' button found for div#saker
2026-03-04 14:59:27,120 - INFO -     📋 Small section mode — collecting directly
2026-03-04 14:59:27,140 - INFO -     ✅ Small section div#saker — collected 10 URLs
2026-03-04 14:59:27,142 - INFO -     ✅ COMPLETE 'LATEST DOCUMENTS'  expected=None  collected=10
2026-03-04 14:59:27,142 - INFO - 
    ── [2/11] LAWS ──
2026-03-04 14:59:27,451 - INFO -     👆 Clicked section tab: 'Lover'
2026-03-04 14:59:28,970 - INFO -     ✅ Heading div#lover found
2026-03-04 14:59:28,990 - INFO -     ℹ️  No 'Vis alle' button found for div#lover
2026-03-04 14:59:29,000 - INFO -     📋 Small section mode — collecting directly
2026-03-04 14:59:29,019 - INFO -     ✅ Small section div#lover — collected 2 URLs
2026-03-04 14:59:29,022 - INFO -     ✅ COMPLETE 'LAWS'  expected=None  collected=2
2026-03-04 14:59:29,022 - INFO - 
    ── [3/11] REGULATIONS ──
2026-03-04 14:59:29,372 - INFO -     👆 Clicked section tab: 'Forskrifter'
2026-03-04 14:59:30,889 - INFO -     ✅ Heading div#forskrifter found
2026-03-04 14:59:30,939 - INFO -     ✅ Vis alle clicked — expected=16
2026-03-04 14:59:35,453 - INFO -     ✅ Advanced Search page loaded
2026-03-04 14:59:35,453 - INFO -     🔍 Advanced Search mode — collecting all pages
2026-03-04 14:59:35,532 - INFO -     📊 Advanced Search total: 16
2026-03-04 14:59:35,643 - INFO -       page 1: +0 new  (total: 0 / expected: 16)
2026-03-04 14:59:38,231 - INFO -       page 2: +0 new  (total: 0 / expected: 16)
2026-03-04 14:59:38,231 - INFO -       ⏹  No new URLs on page 2 — stopping
2026-03-04 14:59:38,231 - INFO -     ↩️  Returning to legal area page
2026-03-04 14:59:40,275 - INFO -     ↩️  Back to legal area page — tabs restored
2026-03-04 14:59:40,278 - WARNING -     ⚠️  COUNT MISMATCH 'REGULATIONS': expected=16  collected=0
2026-03-04 14:59:40,278 - INFO - 
    ── [4/11] DECISIONS FROM THE SUPREME COURT ──
2026-03-04 14:59:40,724 - INFO -     👆 Clicked section tab: 'Avgjørelser fra Høyesterett'
2026-03-04 14:59:42,245 - INFO -     ✅ Heading div#hr found
2026-03-04 14:59:42,289 - INFO -     ✅ Vis alle clicked — expected=16
2026-03-04 14:59:46,809 - INFO -     ✅ Advanced Search page loaded
2026-03-04 14:59:46,809 - INFO -     🔍 Advanced Search mode — collecting all pages
2026-03-04 14:59:46,864 - INFO -     📊 Advanced Search total: 16
2026-03-04 14:59:46,923 - INFO -       page 1: +0 new  (total: 0 / expected: 16)
2026-03-04 14:59:49,479 - INFO -       page 2: +0 new  (total: 0 / expected: 16)
2026-03-04 14:59:49,479 - INFO -       ⏹  No new URLs on page 2 — stopping
2026-03-04 14:59:49,479 - INFO -     ↩️  Returning to legal area page
2026-03-04 14:59:51,512 - INFO -     ↩️  Back to legal area page — tabs restored
2026-03-04 14:59:51,512 - WARNING -     ⚠️  COUNT MISMATCH 'DECISIONS FROM THE SUPREME COURT': expected=16  collected=0
2026-03-04 14:59:51,512 - INFO - 
    ── [5/11] DECISIONS FROM THE COURTS OF APPEAL ──
2026-03-04 14:59:51,910 - INFO -     👆 Clicked section tab: 'Avgjørelser fra lagmannsrettene'
2026-03-04 14:59:53,437 - INFO -     ✅ Heading div#lr found
2026-03-04 14:59:53,471 - INFO -     ℹ️  No 'Vis alle' button found for div#lr
2026-03-04 14:59:55,087 - INFO -     ✅ Advanced Search page loaded
2026-03-04 14:59:55,087 - INFO -     🔍 Advanced Search mode — collecting all pages
2026-03-04 14:59:55,151 - INFO -     📊 Advanced Search total: 168
2026-03-04 14:59:55,220 - INFO -       page 1: +0 new  (total: 0 / expected: 168)
2026-03-04 14:59:57,809 - INFO -       page 2: +0 new  (total: 0 / expected: 168)
2026-03-04 14:59:57,810 - INFO -       ⏹  No new URLs on page 2 — stopping
2026-03-04 14:59:57,810 - INFO -     ↩️  Returning to legal area page
2026-03-04 14:59:59,855 - INFO -     ↩️  Back to legal area page — tabs restored
2026-03-04 14:59:59,856 - INFO -     ✅ COMPLETE 'DECISIONS FROM THE COURTS OF APPEAL'  expected=None  collected=0
2026-03-04 14:59:59,856 - INFO - 
    ── [6/11] DECISIONS FROM THE DISTRICT COURTS ──
2026-03-04 15:00:00,381 - INFO -     👆 Clicked section tab: 'Avgjørelser fra tingrettene'
2026-03-04 15:00:01,913 - INFO -     ✅ Heading div#tr found
2026-03-04 15:00:01,954 - INFO -     ✅ Vis alle clicked — expected=132
2026-03-04 15:00:06,476 - INFO -     ✅ Advanced Search page loaded
2026-03-04 15:00:06,476 - INFO -     🔍 Advanced Search mode — collecting all pages
2026-03-04 15:00:06,540 - INFO -     📊 Advanced Search total: 132
2026-03-04 15:00:06,640 - INFO -       page 1: +0 new  (total: 0 / expected: 132)
2026-03-04 15:00:09,229 - INFO -       page 2: +0 new  (total: 0 / expected: 132)
2026-03-04 15:00:09,229 - INFO -       ⏹  No new URLs on page 2 — stopping
2026-03-04 15:00:09,230 - INFO -     ↩️  Returning to legal area page
2026-03-04 15:00:11,272 - INFO -     ↩️  Back to legal area page — tabs restored
2026-03-04 15:00:11,274 - WARNING -     ⚠️  COUNT MISMATCH 'DECISIONS FROM THE DISTRICT COURTS': expected=132  collected=0
2026-03-04 15:00:11,274 - INFO - 
    ── [7/11] ARTICLES ──
2026-03-04 15:00:11,731 - INFO -     👆 Clicked section tab: 'Artikler'
2026-03-04 15:00:13,262 - INFO -     ✅ Heading div#artikler found
2026-03-04 15:00:13,317 - INFO -     ✅ Vis alle clicked — expected=44
2026-03-04 15:00:17,837 - INFO -     ✅ Advanced Search page loaded
2026-03-04 15:00:17,837 - INFO -     🔍 Advanced Search mode — collecting all pages
2026-03-04 15:00:17,889 - INFO -     📊 Advanced Search total: 44
2026-03-04 15:00:17,953 - INFO -       page 1: +0 new  (total: 0 / expected: 44)
2026-03-04 15:00:20,560 - INFO -       page 2: +0 new  (total: 0 / expected: 44)
2026-03-04 15:00:20,560 - INFO -       ⏹  No new URLs on page 2 — stopping
2026-03-04 15:00:20,561 - INFO -     ↩️  Returning to legal area page
2026-03-04 15:00:22,593 - INFO -     ↩️  Back to legal area page — tabs restored
2026-03-04 15:00:22,594 - WARNING -     ⚠️  COUNT MISMATCH 'ARTICLES': expected=44  collected=0
2026-03-04 15:00:22,594 - INFO - 
    ── [8/11] DOCUMENTS FROM THE PUBLIC PROCUREMENT COMPLAINTS BOARD ──
2026-03-04 15:00:23,056 - INFO -     👆 Clicked section tab: 'Dokumenter fra Klagenemnda for offentlige anskaffelser'
2026-03-04 15:00:24,649 - WARNING -     ⚠️  Heading div#kofa not found — skipping
2026-03-04 15:00:24,649 - INFO - 
    ── [9/11] DOCUMENTS FROM THE CONSTRUCTION INDUSTRY LEGAL COUNCIL ──
2026-03-04 15:00:25,167 - INFO -     👆 Clicked section tab: 'Dokumenter fra Byggebransjens Faglig Juridiske Råd'
2026-03-04 15:00:26,750 - WARNING -     ⚠️  Heading div#bfjr not found — skipping
2026-03-04 15:00:26,750 - INFO - 
    ── [10/11] DOCUMENTS FROM THE MINISTRY OF JUSTICE ──
2026-03-04 15:00:27,255 - INFO -     👆 Clicked section tab: 'Dokumenter fra Justisdepartementet'
2026-03-04 15:00:28,816 - WARNING -     ⚠️  Heading div#jd not found — skipping
2026-03-04 15:00:28,817 - INFO - 
    ── [11/11] OTHER DOCUMENTS ──
2026-03-04 15:00:29,388 - INFO -     👆 Clicked section tab: 'Andre dokumenter'
2026-03-04 15:00:30,904 - INFO -     ✅ Heading div#otherBases found
2026-03-04 15:00:30,936 - INFO -     ✅ Vis alle clicked — expected=330
2026-03-04 15:00:35,455 - INFO -     ✅ Advanced Search page loaded
2026-03-04 15:00:35,455 - INFO -     🔍 Advanced Search mode — collecting all pages
2026-03-04 15:00:35,515 - INFO -     📊 Advanced Search total: 330
2026-03-04 15:00:35,567 - INFO -       page 1: +0 new  (total: 0 / expected: 330)
2026-03-04 15:00:38,130 - INFO -       page 2: +0 new  (total: 0 / expected: 330)
2026-03-04 15:00:38,130 - INFO -       ⏹  No new URLs on page 2 — stopping
2026-03-04 15:00:38,131 - INFO -     ↩️  Returning to legal area page
2026-03-04 15:00:40,168 - INFO -     ↩️  Back to legal area page — tabs restored
2026-03-04 15:00:40,169 - WARNING -     ⚠️  COUNT MISMATCH 'OTHER DOCUMENTS': expected=330  collected=0
2026-03-04 15:00:40,169 - INFO - 
    ════════════════════════════════════════════════
    SECTION COLLECTION COMPLETE
    sections=11  total_docs=12
    ════════════════════════════════════════════════
2026-03-04 15:00:40,170 - INFO -    📊 Total sections=11  total_urls=12
2026-03-04 15:00:40,170 - INFO -    📂 SECTION | LATEST DOCUMENTS                                        | expected=None  | found=10
2026-03-04 15:00:41,285 - INFO - HTTP Request: GET https://exeklzgcqykkutjfikei.supabase.co/rest/v1/legal_area_metadata?select=file_name&file_name=eq.EUR_eur-2026-03-06.xml&limit=1 "HTTP/1.1 200 OK"
2026-03-04 15:00:41,301 - INFO - 🌐 Visiting: #document/EUR/eur-2026-03-06
2026-03-04 15:00:46,900 - INFO -   📄 title='EuroRett: Fortrinnsrett til konsesjonskontrakt i strid med k'  date='—'  chars=7157  src=iframe_body
2026-03-04 15:00:47,279 - INFO - HTTP Request: GET https://exeklzgcqykkutjfikei.supabase.co/rest/v1/legal_area_metadata?select=file_hash&file_hash=eq.b9360105783996aee604790fc1b6adda&limit=1 "HTTP/1.1 200 OK"
2026-03-04 15:00:47,340 - INFO - 💾 XML saved: scraped_xml\Anskaffelser_avtaler_bygg_og_entrepriser\Anskaffelser\leaf\EUR_eur-2026-03-06.xml  root='Anskaffelser, avtaler, bygg og entrepriser'  branch='Anskaffelser'  leaf='(none)'  size=8159b
2026-03-04 15:00:47,341 - INFO - ✅ Queued [1/10] EUR_eur-2026-03-06.xml                   type=LATEST DOCUMENTS               source=iframe_body
2026-03-04 15:00:49,661 - INFO - HTTP Request: GET https://exeklzgcqykkutjfikei.supabase.co/rest/v1/legal_area_metadata?select=file_name&file_name=eq.TRSIV_avgjorelse_tosl-2025-198508.xml&limit=1 "HTTP/1.1 200 OK"
2026-03-04 15:00:49,663 - INFO - 🌐 Visiting: #document/TRSIV/avgjorelse/tosl-2025-198508
2026-03-04 15:00:54,322 - INFO -   📄 title='TOSL-2025-198508'  date='—'  chars=64069  src=iframe_body
2026-03-04 15:00:54,569 - INFO - HTTP Request: GET https://exeklzgcqykkutjfikei.supabase.co/rest/v1/legal_area_metadata?select=file_hash&file_hash=eq.47168ad5f1148b454f57d7febae93fa6&limit=1 "HTTP/1.1 200 OK"
2026-03-04 15:00:54,608 - INFO - 💾 XML saved: scraped_xml\Anskaffelser_avtaler_bygg_og_entrepriser\Anskaffelser\leaf\TRSIV_avgjorelse_tosl-2025-198508.xml  root='Anskaffelser, avtaler, bygg og entrepriser'  branch='Anskaffelser'  leaf='(none)'  size=66519b
2026-03-04 15:00:54,609 - INFO - ✅ Queued [2/10] TRSIV_avgjorelse_tosl-2025-198508.xml    type=LATEST DOCUMENTS               source=iframe_body
2026-03-04 15:00:56,871 - INFO - HTTP Request: GET https://exeklzgcqykkutjfikei.supabase.co/rest/v1/legal_area_metadata?select=file_name&file_name=eq.TRSIV_avgjorelse_tosl-2025-180124.xml&limit=1 "HTTP/1.1 200 OK"
2026-03-04 15:00:56,872 - INFO - 🌐 Visiting: #document/TRSIV/avgjorelse/tosl-2025-180124
2026-03-04 15:01:10,205 - INFO -   📄 title='TOSL-2025-180124'  date='—'  chars=42492  src=iframe_body
2026-03-04 15:01:10,549 - INFO - HTTP Request: GET https://exeklzgcqykkutjfikei.supabase.co/rest/v1/legal_area_metadata?select=file_hash&file_hash=eq.d9c1673b499db7d2f07340fd71ff7c77&limit=1 "HTTP/1.1 200 OK"
2026-03-04 15:01:10,590 - INFO - 💾 XML saved: scraped_xml\Anskaffelser_avtaler_bygg_og_entrepriser\Anskaffelser\leaf\TRSIV_avgjorelse_tosl-2025-180124.xml  root='Anskaffelser, avtaler, bygg og entrepriser'  branch='Anskaffelser'  leaf='(none)'  size=44381b
2026-03-04 15:01:10,591 - INFO - ✅ Queued [3/10] TRSIV_avgjorelse_tosl-2025-180124.xml    type=LATEST DOCUMENTS               source=iframe_body
2026-03-04 15:01:12,829 - INFO - HTTP Request: GET https://exeklzgcqykkutjfikei.supabase.co/rest/v1/legal_area_metadata?select=file_name&file_name=eq.EUR_eur-2026-01-02.xml&limit=1 "HTTP/1.1 200 OK"
2026-03-04 15:01:12,830 - INFO - 🌐 Visiting: #document/EUR/eur-2026-01-02
2026-03-04 15:01:17,540 - INFO -   📄 title='EuroRett: Om brudd på anskaffelsesregelverket var «tilstrekk'  date='—'  chars=7488  src=iframe_body
2026-03-04 15:01:17,945 - INFO - HTTP Request: GET https://exeklzgcqykkutjfikei.supabase.co/rest/v1/legal_area_metadata?select=file_hash&file_hash=eq.12653d30d522417cf617d017eb90cb58&limit=1 "HTTP/1.1 200 OK"
2026-03-04 15:01:17,969 - INFO - 💾 XML saved: scraped_xml\Anskaffelser_avtaler_bygg_og_entrepriser\Anskaffelser\leaf\EUR_eur-2026-01-02.xml  root='Anskaffelser, avtaler, bygg og entrepriser'  branch='Anskaffelser'  leaf='(none)'  size=8549b
2026-03-04 15:01:17,970 - INFO - ✅ Queued [4/10] EUR_eur-2026-01-02.xml                   type=LATEST DOCUMENTS               source=iframe_body
2026-03-04 15:01:20,402 - INFO - HTTP Request: GET https://exeklzgcqykkutjfikei.supabase.co/rest/v1/legal_area_metadata?select=file_name&file_name=eq.ROO_rundskriv_is-2026-9001.xml&limit=1 "HTTP/1.1 200 OK"
2026-03-04 15:01:20,404 - INFO - 🌐 Visiting: #document/ROO/rundskriv/is-2026-9001
2026-03-04 15:01:26,450 - INFO -   📄 title='Helse- og omsorgstjenesteloven med kommentarer'  date='—'  chars=265572  src=iframe_body
2026-03-04 15:01:26,797 - INFO - HTTP Request: GET https://exeklzgcqykkutjfikei.supabase.co/rest/v1/legal_area_metadata?select=file_hash&file_hash=eq.6385afb2af37ff97f374785736bd0648&limit=1 "HTTP/1.1 200 OK"
2026-03-04 15:01:26,870 - INFO - 💾 XML saved: scraped_xml\Anskaffelser_avtaler_bygg_og_entrepriser\Anskaffelser\leaf\ROO_rundskriv_is-2026-9001.xml  root='Anskaffelser, avtaler, bygg og entrepriser'  branch='Anskaffelser'  leaf='(none)'  size=273738b
2026-03-04 15:01:26,872 - INFO - ✅ Queued [5/10] ROO_rundskriv_is-2026-9001.xml           type=LATEST DOCUMENTS               source=iframe_body
2026-03-04 15:01:29,108 - INFO - HTTP Request: GET https://exeklzgcqykkutjfikei.supabase.co/rest/v1/legal_area_metadata?select=file_name&file_name=eq.LBSIV_avgjorelse_lb-2025-171257.xml&limit=1 "HTTP/1.1 200 OK"
2026-03-04 15:01:29,112 - INFO - 🌐 Visiting: #document/LBSIV/avgjorelse/lb-2025-171257
2026-03-04 15:01:33,760 - INFO -   📄 title='LB-2025-171257'  date='—'  chars=58084  src=iframe_body
2026-03-04 15:01:34,021 - INFO - HTTP Request: GET https://exeklzgcqykkutjfikei.supabase.co/rest/v1/legal_area_metadata?select=file_hash&file_hash=eq.4e59ca943d0cdff0b4bc0bb04b3fd9f3&limit=1 "HTTP/1.1 200 OK"
2026-03-04 15:01:34,061 - INFO - 💾 XML saved: scraped_xml\Anskaffelser_avtaler_bygg_og_entrepriser\Anskaffelser\leaf\LBSIV_avgjorelse_lb-2025-171257.xml  root='Anskaffelser, avtaler, bygg og entrepriser'  branch='Anskaffelser'  leaf='(none)'  size=60330b
2026-03-04 15:01:34,062 - INFO - ✅ Queued [6/10] LBSIV_avgjorelse_lb-2025-171257.xml      type=LATEST DOCUMENTS               source=iframe_body
2026-03-04 15:01:36,263 - INFO - HTTP Request: GET https://exeklzgcqykkutjfikei.supabase.co/rest/v1/legal_area_metadata?select=file_name&file_name=eq.INNST_forarbeid_inns-38-l-202526.xml&limit=1 "HTTP/1.1 200 OK"
2026-03-04 15:01:36,266 - INFO - 🌐 Visiting: #document/INNST/forarbeid/inns-38-l-202526
2026-03-04 15:01:40,866 - INFO -   📄 title='Innst. 38 L (2025–2026) Innstilling fra næringskomiteen om L'  date='—'  chars=67596  src=iframe_body
2026-03-04 15:01:41,268 - INFO - HTTP Request: GET https://exeklzgcqykkutjfikei.supabase.co/rest/v1/legal_area_metadata?select=file_hash&file_hash=eq.1446a643f59c8900c2a62bfff46235e9&limit=1 "HTTP/1.1 200 OK"
2026-03-04 15:01:41,299 - INFO - 💾 XML saved: scraped_xml\Anskaffelser_avtaler_bygg_og_entrepriser\Anskaffelser\leaf\INNST_forarbeid_inns-38-l-202526.xml  root='Anskaffelser, avtaler, bygg og entrepriser'  branch='Anskaffelser'  leaf='(none)'  size=70664b
2026-03-04 15:01:41,299 - INFO - ✅ Queued [7/10] INNST_forarbeid_inns-38-l-202526.xml     type=LATEST DOCUMENTS               source=iframe_body
2026-03-04 15:01:43,549 - INFO - HTTP Request: GET https://exeklzgcqykkutjfikei.supabase.co/rest/v1/legal_area_metadata?select=file_name&file_name=eq.TRSIV_avgjorelse_tsol-2025-181219.xml&limit=1 "HTTP/1.1 200 OK"
2026-03-04 15:01:43,551 - INFO - 🌐 Visiting: #document/TRSIV/avgjorelse/tsol-2025-181219
2026-03-04 15:01:48,195 - INFO -   📄 title='TSOL-2025-181219'  date='—'  chars=72769  src=iframe_body
2026-03-04 15:01:48,459 - INFO - HTTP Request: GET https://exeklzgcqykkutjfikei.supabase.co/rest/v1/legal_area_metadata?select=file_hash&file_hash=eq.3dfba0f8f2abdb465e271aa00507c6ae&limit=1 "HTTP/1.1 200 OK"
2026-03-04 15:01:48,491 - INFO - 💾 XML saved: scraped_xml\Anskaffelser_avtaler_bygg_og_entrepriser\Anskaffelser\leaf\TRSIV_avgjorelse_tsol-2025-181219.xml  root='Anskaffelser, avtaler, bygg og entrepriser'  branch='Anskaffelser'  leaf='(none)'  size=75396b
2026-03-04 15:01:48,492 - INFO - ✅ Queued [8/10] TRSIV_avgjorelse_tsol-2025-181219.xml    type=LATEST DOCUMENTS               source=iframe_body
2026-03-04 15:01:50,712 - INFO - HTTP Request: GET https://exeklzgcqykkutjfikei.supabase.co/rest/v1/legal_area_metadata?select=file_name&file_name=eq.EUR_eur-2025-20-04.xml&limit=1 "HTTP/1.1 200 OK"
2026-03-04 15:01:50,713 - INFO - 🌐 Visiting: #document/EUR/eur-2025-20-04
2026-03-04 15:01:55,356 - INFO -   📄 title='Høyesterett om adgangen til å reservere konkurransen om kont'  date='—'  chars=8681  src=iframe_body
2026-03-04 15:01:55,730 - INFO - HTTP Request: GET https://exeklzgcqykkutjfikei.supabase.co/rest/v1/legal_area_metadata?select=file_hash&file_hash=eq.0a42933a6ef3000a2dabc0c4b4610ecd&limit=1 "HTTP/1.1 200 OK"
2026-03-04 15:01:55,750 - INFO - 💾 XML saved: scraped_xml\Anskaffelser_avtaler_bygg_og_entrepriser\Anskaffelser\leaf\EUR_eur-2025-20-04.xml  root='Anskaffelser, avtaler, bygg og entrepriser'  branch='Anskaffelser'  leaf='(none)'  size=9822b
2026-03-04 15:01:55,750 - INFO - ✅ Queued [9/10] EUR_eur-2025-20-04.xml                   type=LATEST DOCUMENTS               source=iframe_body
2026-03-04 15:01:58,076 - INFO - HTTP Request: GET https://exeklzgcqykkutjfikei.supabase.co/rest/v1/legal_area_metadata?select=file_name&file_name=eq.LBSIV_avgjorelse_lb-2025-26330.xml&limit=1 "HTTP/1.1 200 OK"
2026-03-04 15:01:58,077 - INFO - 🌐 Visiting: #document/LBSIV/avgjorelse/lb-2025-26330
2026-03-04 15:02:02,671 - INFO -   📄 title='LB-2025-26330'  date='—'  chars=61339  src=iframe_body
2026-03-04 15:02:02,874 - INFO - HTTP Request: GET https://exeklzgcqykkutjfikei.supabase.co/rest/v1/legal_area_metadata?select=file_hash&file_hash=eq.df2e4d79e6d57edcb375ded613540295&limit=1 "HTTP/1.1 200 OK"
2026-03-04 15:02:02,912 - INFO - 💾 XML saved: scraped_xml\Anskaffelser_avtaler_bygg_og_entrepriser\Anskaffelser\leaf\LBSIV_avgjorelse_lb-2025-26330.xml  root='Anskaffelser, avtaler, bygg og entrepriser'  branch='Anskaffelser'  leaf='(none)'  size=63681b
2026-03-04 15:02:02,914 - INFO - ✅ Queued [10/10] LBSIV_avgjorelse_lb-2025-26330.xml       type=LATEST DOCUMENTS               source=iframe_body
2026-03-04 15:02:02,914 - INFO - 
2026-03-04 15:02:02,915 - INFO - ━━━━━━━━━━━━━━━━━━━━━━━━━━━━━━━━━━━━━━━━━━━━━━━━━━━━━━━━━━━━━━━━━━━━━━
2026-03-04 15:02:02,915 - INFO - ⬆️  BATCH UPLOAD — 10 XML files
2026-03-04 15:02:02,916 - INFO - ━━━━━━━━━━━━━━━━━━━━━━━━━━━━━━━━━━━━━━━━━━━━━━━━━━━━━━━━━━━━━━━━━━━━━━
2026-03-04 15:02:02,917 - INFO -   [1/10] Uploading: EUR_eur-2026-03-06.xml → bucket: Anskaffelser_avtaler_bygg_og_entrepriser/Anskaffelser/leaf/EUR_eur-2026-03-06.xml
2026-03-04 15:02:04,161 - INFO - HTTP Request: POST https://exeklzgcqykkutjfikei.supabase.co/storage/v1/object/legal_area/Anskaffelser_avtaler_bygg_og_entrepriser/Anskaffelser/leaf/EUR_eur-2026-03-06.xml "HTTP/2 200 OK"
2026-03-04 15:02:04,163 - INFO - ☁️  Uploaded & deleted: Anskaffelser_avtaler_bygg_og_entrepriser/Anskaffelser/leaf/EUR_eur-2026-03-06.xml
2026-03-04 15:02:04,435 - INFO - HTTP Request: POST https://exeklzgcqykkutjfikei.supabase.co/rest/v1/legal_area_metadata "HTTP/1.1 400 Bad Request"
2026-03-04 15:02:04,450 - ERROR - ✗ insert_metadata failed [EUR_eur-2026-03-06.xml]: {'code': 'PGRST204', 'details': None, 'hint': None, 'message': "Could not find the 'content_preview' column of 'legal_area_metadata' in the schema cache"}
2026-03-04 15:02:04,450 - INFO -   [2/10] Uploading: TRSIV_avgjorelse_tosl-2025-198508.xml → bucket: Anskaffelser_avtaler_bygg_og_entrepriser/Anskaffelser/leaf/TRSIV_avgjorelse_tosl-2025-198508.xml
2026-03-04 15:02:05,154 - INFO - HTTP Request: POST https://exeklzgcqykkutjfikei.supabase.co/storage/v1/object/legal_area/Anskaffelser_avtaler_bygg_og_entrepriser/Anskaffelser/leaf/TRSIV_avgjorelse_tosl-2025-198508.xml "HTTP/2 200 OK"
2026-03-04 15:02:05,158 - INFO - ☁️  Uploaded & deleted: Anskaffelser_avtaler_bygg_og_entrepriser/Anskaffelser/leaf/TRSIV_avgjorelse_tosl-2025-198508.xml
2026-03-04 15:02:05,562 - INFO - HTTP Request: POST https://exeklzgcqykkutjfikei.supabase.co/rest/v1/legal_area_metadata "HTTP/1.1 400 Bad Request"
2026-03-04 15:02:05,564 - ERROR - ✗ insert_metadata failed [TRSIV_avgjorelse_tosl-2025-198508.xml]: {'code': 'PGRST204', 'details': None, 'hint': None, 'message': "Could not find the 'content_preview' column of 'legal_area_metadata' in the schema cache"}
2026-03-04 15:02:05,565 - INFO -   [3/10] Uploading: TRSIV_avgjorelse_tosl-2025-180124.xml → bucket: Anskaffelser_avtaler_bygg_og_entrepriser/Anskaffelser/leaf/TRSIV_avgjorelse_tosl-2025-180124.xml
2026-03-04 15:02:06,074 - INFO - HTTP Request: POST https://exeklzgcqykkutjfikei.supabase.co/storage/v1/object/legal_area/Anskaffelser_avtaler_bygg_og_entrepriser/Anskaffelser/leaf/TRSIV_avgjorelse_tosl-2025-180124.xml "HTTP/2 200 OK"
2026-03-04 15:02:06,077 - INFO - ☁️  Uploaded & deleted: Anskaffelser_avtaler_bygg_og_entrepriser/Anskaffelser/leaf/TRSIV_avgjorelse_tosl-2025-180124.xml
2026-03-04 15:02:06,380 - INFO - HTTP Request: POST https://exeklzgcqykkutjfikei.supabase.co/rest/v1/legal_area_metadata "HTTP/1.1 400 Bad Request"
2026-03-04 15:02:06,382 - ERROR - ✗ insert_metadata failed [TRSIV_avgjorelse_tosl-2025-180124.xml]: {'code': 'PGRST204', 'details': None, 'hint': None, 'message': "Could not find the 'content_preview' column of 'legal_area_metadata' in the schema cache"}
2026-03-04 15:02:06,383 - INFO -   [4/10] Uploading: EUR_eur-2026-01-02.xml → bucket: Anskaffelser_avtaler_bygg_og_entrepriser/Anskaffelser/leaf/EUR_eur-2026-01-02.xml
2026-03-04 15:02:06,892 - INFO - HTTP Request: POST https://exeklzgcqykkutjfikei.supabase.co/storage/v1/object/legal_area/Anskaffelser_avtaler_bygg_og_entrepriser/Anskaffelser/leaf/EUR_eur-2026-01-02.xml "HTTP/2 200 OK"
2026-03-04 15:02:06,895 - INFO - ☁️  Uploaded & deleted: Anskaffelser_avtaler_bygg_og_entrepriser/Anskaffelser/leaf/EUR_eur-2026-01-02.xml
2026-03-04 15:02:07,130 - INFO - HTTP Request: POST https://exeklzgcqykkutjfikei.supabase.co/rest/v1/legal_area_metadata "HTTP/1.1 400 Bad Request"
2026-03-04 15:02:07,132 - ERROR - ✗ insert_metadata failed [EUR_eur-2026-01-02.xml]: {'code': 'PGRST204', 'details': None, 'hint': None, 'message': "Could not find the 'content_preview' column of 'legal_area_metadata' in the schema cache"}
2026-03-04 15:02:07,132 - INFO -   [5/10] Uploading: ROO_rundskriv_is-2026-9001.xml → bucket: Anskaffelser_avtaler_bygg_og_entrepriser/Anskaffelser/leaf/ROO_rundskriv_is-2026-9001.xml
2026-03-04 15:02:08,165 - INFO - HTTP Request: POST https://exeklzgcqykkutjfikei.supabase.co/storage/v1/object/legal_area/Anskaffelser_avtaler_bygg_og_entrepriser/Anskaffelser/leaf/ROO_rundskriv_is-2026-9001.xml "HTTP/2 200 OK"
2026-03-04 15:02:08,167 - INFO - ☁️  Uploaded & deleted: Anskaffelser_avtaler_bygg_og_entrepriser/Anskaffelser/leaf/ROO_rundskriv_is-2026-9001.xml
2026-03-04 15:02:08,371 - INFO - HTTP Request: POST https://exeklzgcqykkutjfikei.supabase.co/rest/v1/legal_area_metadata "HTTP/1.1 400 Bad Request"
2026-03-04 15:02:08,373 - ERROR - ✗ insert_metadata failed [ROO_rundskriv_is-2026-9001.xml]: {'code': 'PGRST204', 'details': None, 'hint': None, 'message': "Could not find the 'content_preview' column of 'legal_area_metadata' in the schema cache"}
2026-03-04 15:02:08,373 - INFO -   [6/10] Uploading: LBSIV_avgjorelse_lb-2025-171257.xml → bucket: Anskaffelser_avtaler_bygg_og_entrepriser/Anskaffelser/leaf/LBSIV_avgjorelse_lb-2025-171257.xml
2026-03-04 15:02:08,766 - INFO - HTTP Request: POST https://exeklzgcqykkutjfikei.supabase.co/storage/v1/object/legal_area/Anskaffelser_avtaler_bygg_og_entrepriser/Anskaffelser/leaf/LBSIV_avgjorelse_lb-2025-171257.xml "HTTP/2 200 OK"
2026-03-04 15:02:08,769 - INFO - ☁️  Uploaded & deleted: Anskaffelser_avtaler_bygg_og_entrepriser/Anskaffelser/leaf/LBSIV_avgjorelse_lb-2025-171257.xml
2026-03-04 15:02:08,981 - INFO - HTTP Request: POST https://exeklzgcqykkutjfikei.supabase.co/rest/v1/legal_area_metadata "HTTP/1.1 400 Bad Request"
2026-03-04 15:02:08,982 - ERROR - ✗ insert_metadata failed [LBSIV_avgjorelse_lb-2025-171257.xml]: {'code': 'PGRST204', 'details': None, 'hint': None, 'message': "Could not find the 'content_preview' column of 'legal_area_metadata' in the schema cache"}
2026-03-04 15:02:08,983 - INFO -   [7/10] Uploading: INNST_forarbeid_inns-38-l-202526.xml → bucket: Anskaffelser_avtaler_bygg_og_entrepriser/Anskaffelser/leaf/INNST_forarbeid_inns-38-l-202526.xml
2026-03-04 15:02:09,590 - INFO - HTTP Request: POST https://exeklzgcqykkutjfikei.supabase.co/storage/v1/object/legal_area/Anskaffelser_avtaler_bygg_og_entrepriser/Anskaffelser/leaf/INNST_forarbeid_inns-38-l-202526.xml "HTTP/2 200 OK"
2026-03-04 15:02:09,593 - INFO - ☁️  Uploaded & deleted: Anskaffelser_avtaler_bygg_og_entrepriser/Anskaffelser/leaf/INNST_forarbeid_inns-38-l-202526.xml
2026-03-04 15:02:09,790 - INFO - HTTP Request: POST https://exeklzgcqykkutjfikei.supabase.co/rest/v1/legal_area_metadata "HTTP/1.1 400 Bad Request"
2026-03-04 15:02:09,793 - ERROR - ✗ insert_metadata failed [INNST_forarbeid_inns-38-l-202526.xml]: {'code': 'PGRST204', 'details': None, 'hint': None, 'message': "Could not find the 'content_preview' column of 'legal_area_metadata' in the schema cache"}
2026-03-04 15:02:09,793 - INFO -   [8/10] Uploading: TRSIV_avgjorelse_tsol-2025-181219.xml → bucket: Anskaffelser_avtaler_bygg_og_entrepriser/Anskaffelser/leaf/TRSIV_avgjorelse_tsol-2025-181219.xml
2026-03-04 15:02:10,319 - INFO - HTTP Request: POST https://exeklzgcqykkutjfikei.supabase.co/storage/v1/object/legal_area/Anskaffelser_avtaler_bygg_og_entrepriser/Anskaffelser/leaf/TRSIV_avgjorelse_tsol-2025-181219.xml "HTTP/2 200 OK"
2026-03-04 15:02:10,321 - INFO - ☁️  Uploaded & deleted: Anskaffelser_avtaler_bygg_og_entrepriser/Anskaffelser/leaf/TRSIV_avgjorelse_tsol-2025-181219.xml
2026-03-04 15:02:10,531 - INFO - HTTP Request: POST https://exeklzgcqykkutjfikei.supabase.co/rest/v1/legal_area_metadata "HTTP/1.1 400 Bad Request"
2026-03-04 15:02:10,532 - ERROR - ✗ insert_metadata failed [TRSIV_avgjorelse_tsol-2025-181219.xml]: {'code': 'PGRST204', 'details': None, 'hint': None, 'message': "Could not find the 'content_preview' column of 'legal_area_metadata' in the schema cache"}
2026-03-04 15:02:10,533 - INFO -   [9/10] Uploading: EUR_eur-2025-20-04.xml → bucket: Anskaffelser_avtaler_bygg_og_entrepriser/Anskaffelser/leaf/EUR_eur-2025-20-04.xml
2026-03-04 15:02:10,891 - INFO - HTTP Request: POST https://exeklzgcqykkutjfikei.supabase.co/storage/v1/object/legal_area/Anskaffelser_avtaler_bygg_og_entrepriser/Anskaffelser/leaf/EUR_eur-2025-20-04.xml "HTTP/2 200 OK"
2026-03-04 15:02:10,893 - INFO - ☁️  Uploaded & deleted: Anskaffelser_avtaler_bygg_og_entrepriser/Anskaffelser/leaf/EUR_eur-2025-20-04.xml
2026-03-04 15:02:11,089 - INFO - HTTP Request: POST https://exeklzgcqykkutjfikei.supabase.co/rest/v1/legal_area_metadata "HTTP/1.1 400 Bad Request"
2026-03-04 15:02:11,092 - ERROR - ✗ insert_metadata failed [EUR_eur-2025-20-04.xml]: {'code': 'PGRST204', 'details': None, 'hint': None, 'message': "Could not find the 'content_preview' column of 'legal_area_metadata' in the schema cache"}
2026-03-04 15:02:11,092 - INFO -   [10/10] Uploading: LBSIV_avgjorelse_lb-2025-26330.xml → bucket: Anskaffelser_avtaler_bygg_og_entrepriser/Anskaffelser/leaf/LBSIV_avgjorelse_lb-2025-26330.xml
2026-03-04 15:02:11,704 - INFO - HTTP Request: POST https://exeklzgcqykkutjfikei.supabase.co/storage/v1/object/legal_area/Anskaffelser_avtaler_bygg_og_entrepriser/Anskaffelser/leaf/LBSIV_avgjorelse_lb-2025-26330.xml "HTTP/2 200 OK"
2026-03-04 15:02:11,708 - INFO - ☁️  Uploaded & deleted: Anskaffelser_avtaler_bygg_og_entrepriser/Anskaffelser/leaf/LBSIV_avgjorelse_lb-2025-26330.xml
2026-03-04 15:02:11,901 - INFO - HTTP Request: POST https://exeklzgcqykkutjfikei.supabase.co/rest/v1/legal_area_metadata "HTTP/1.1 400 Bad Request"
2026-03-04 15:02:11,901 - ERROR - ✗ insert_metadata failed [LBSIV_avgjorelse_lb-2025-26330.xml]: {'code': 'PGRST204', 'details': None, 'hint': None, 'message': "Could not find the 'content_preview' column of 'legal_area_metadata' in the schema cache"}
2026-03-04 15:02:11,901 - INFO - ✅ Batch complete — all 10 files uploaded & local copies removed
2026-03-04 15:02:11,917 - INFO - ━━━━━━━━━━━━━━━━━━━━━━━━━━━━━━━━━━━━━━━━━━━━━━━━━━━━━━━━━━━━━━━━━━━━━━
2026-03-04 15:02:11,917 - INFO - 
2026-03-04 15:02:13,919 - INFO -    📂 SECTION | LAWS                                                    | expected=None  | found=2
2026-03-04 15:02:14,230 - INFO - HTTP Request: GET https://exeklzgcqykkutjfikei.supabase.co/rest/v1/legal_area_metadata?select=file_name&file_name=eq.NL_lov_2016-06-17-73.xml&limit=1 "HTTP/1.1 200 OK"
2026-03-04 15:02:14,237 - INFO - 🌐 Visiting: #document/NL/lov/2016-06-17-73
2026-03-04 15:02:18,638 - INFO -   📄 title='Lov om offentlige anskaffelser (anskaffelsesloven)'  date='—'  chars=230  src=iframe_content
2026-03-04 15:02:18,857 - INFO - HTTP Request: GET https://exeklzgcqykkutjfikei.supabase.co/rest/v1/legal_area_metadata?select=file_hash&file_hash=eq.932e81442d1c88878704ffb862af3df4&limit=1 "HTTP/1.1 200 OK"
2026-03-04 15:02:18,968 - INFO - 💾 XML saved: scraped_xml\Anskaffelser_avtaler_bygg_og_entrepriser\Anskaffelser\leaf\NL_lov_2016-06-17-73.xml  root='Anskaffelser, avtaler, bygg og entrepriser'  branch='Anskaffelser'  leaf='(none)'  size=1036b
2026-03-04 15:02:18,968 - INFO - ✅ Queued [1/10] NL_lov_2016-06-17-73.xml                 type=LAWS                           source=iframe_content
2026-03-04 15:02:20,973 - INFO - ⏭️  Year 1999 out of range — skip: #document/NLO/lov/1999-07-16-69
2026-03-04 15:02:22,975 - INFO -    📂 SECTION | REGULATIONS                                             | expected=16    | found=0
2026-03-04 15:02:22,975 - WARNING -    ⚠️  COUNT MISMATCH: expected 16, found 0 for section 'REGULATIONS'
2026-03-04 15:02:22,975 - INFO -    📂 SECTION | DECISIONS FROM THE SUPREME COURT                        | expected=16    | found=0
2026-03-04 15:02:22,975 - WARNING -    ⚠️  COUNT MISMATCH: expected 16, found 0 for section 'DECISIONS FROM THE SUPREME COURT'
2026-03-04 15:02:22,978 - INFO -    📂 SECTION | DECISIONS FROM THE COURTS OF APPEAL                     | expected=None  | found=0
2026-03-04 15:02:22,978 - INFO -    📂 SECTION | DECISIONS FROM THE DISTRICT COURTS                      | expected=132   | found=0
2026-03-04 15:02:22,979 - WARNING -    ⚠️  COUNT MISMATCH: expected 132, found 0 for section 'DECISIONS FROM THE DISTRICT COURTS'
2026-03-04 15:02:22,979 - INFO -    📂 SECTION | ARTICLES                                                | expected=44    | found=0
2026-03-04 15:02:22,979 - WARNING -    ⚠️  COUNT MISMATCH: expected 44, found 0 for section 'ARTICLES'
2026-03-04 15:02:22,979 - INFO -    📂 SECTION | DOCUMENTS FROM THE PUBLIC PROCUREMENT COMPLAINTS BOARD  | expected=None  | found=0
2026-03-04 15:02:22,979 - INFO -    📂 SECTION | DOCUMENTS FROM THE CONSTRUCTION INDUSTRY LEGAL COUNCIL  | expected=None  | found=0
2026-03-04 15:02:22,979 - INFO -    📂 SECTION | DOCUMENTS FROM THE MINISTRY OF JUSTICE                  | expected=None  | found=0
2026-03-04 15:02:22,979 - INFO -    📂 SECTION | OTHER DOCUMENTS                                         | expected=330   | found=0
2026-03-04 15:02:22,987 - WARNING -    ⚠️  COUNT MISMATCH: expected 330, found 0 for section 'OTHER DOCUMENTS'
2026-03-04 15:02:23,261 - INFO - HTTP Request: PATCH https://exeklzgcqykkutjfikei.supabase.co/rest/v1/scraper_claims?area_key=eq.Anskaffelser_avtaler_bygg_og_entrepriser/Anskaffelser/_ "HTTP/1.1 404 Not Found"
2026-03-04 15:02:23,277 - WARNING - ⚠️  mark_done failed: {'code': 'PGRST205', 'details': None, 'hint': None, 'message': "Could not find the table 'public.scraper_claims' in the schema cache"}
2026-03-04 15:02:28,940 - INFO - ✅ Tree nodes present
2026-03-04 15:02:29,967 - INFO - Found 35 tree node(s)
2026-03-04 15:02:30,516 - INFO - 📋 ROOT categories: 35
2026-03-04 15:02:31,898 - INFO -    [2/5] BRANCH: Avtaler
2026-03-04 15:02:33,692 - INFO -       Leaf count: 0
2026-03-04 15:02:33,693 - INFO - 🔍 Scraping  root='Anskaffelser, avtaler, bygg og entrepriser'  branch='Avtaler'  leaf=''
2026-03-04 15:02:34,476 - INFO - HTTP Request: GET https://exeklzgcqykkutjfikei.supabase.co/rest/v1/scraper_claims?select=claimed_by%2Cclaimed_at%2Cstatus&area_key=eq.Anskaffelser_avtaler_bygg_og_entrepriser/Avtaler/_ "HTTP/1.1 404 Not Found"
2026-03-04 15:02:34,478 - WARNING - ⚠️  Claim check failed ({'code': 'PGRST205', 'details': None, 'hint': None, 'message': "Could not find the table 'public.scraper_claims' in the schema cache"}) — proceeding anyway: Anskaffelser_avtaler_bygg_og_entrepriser/Avtaler/_
2026-03-04 15:02:35,028 - INFO -     ✅ div.legal-area-header present
2026-03-04 15:02:35,098 - INFO -     Found 11 anchor links in legal-area-header
2026-03-04 15:02:35,143 - INFO -     ✓ Section: 'Siste dokumenter'  →  LATEST DOCUMENTS  (div#saker)
2026-03-04 15:02:35,182 - INFO -     ✓ Section: 'Lover'  →  LAWS  (div#lover)
2026-03-04 15:02:35,250 - INFO -     ✓ Section: 'Forskrifter'  →  REGULATIONS  (div#forskrifter)
2026-03-04 15:02:35,281 - INFO -     ✓ Section: 'Avgjørelser fra Høyesterett'  →  DECISIONS FROM THE SUPREME COURT  (div#hr)
2026-03-04 15:02:35,312 - INFO -     ✓ Section: 'Avgjørelser fra lagmannsrettene'  →  DECISIONS FROM THE COURTS OF APPEAL  (div#lr)
2026-03-04 15:02:35,346 - INFO -     ✓ Section: 'Avgjørelser fra tingrettene'  →  DECISIONS FROM THE DISTRICT COURTS  (div#tr)
2026-03-04 15:02:35,381 - INFO -     ✓ Section: 'Artikler'  →  ARTICLES  (div#artikler)
2026-03-04 15:02:35,413 - INFO -     ✓ Section: 'Dokumenter fra Justisdepartementet'  →  DOCUMENTS FROM THE MINISTRY OF JUSTICE  (div#jd)
2026-03-04 15:02:35,482 - INFO -     ✓ Section: 'Andre dokumenter'  →  OTHER DOCUMENTS  (div#otherBases)
2026-03-04 15:02:35,483 - INFO - 
    ════════════════════════════════════════════════
    9 SECTIONS FOUND — processing one by one
    ════════════════════════════════════════════════
2026-03-04 15:02:35,483 - INFO - 
    ── [1/9] LATEST DOCUMENTS ──
2026-03-04 15:02:35,776 - INFO -     👆 Clicked section tab: 'Siste dokumenter'
2026-03-04 15:02:37,296 - INFO -     ✅ Heading div#saker found
2026-03-04 15:02:37,332 - INFO -     ℹ️  No 'Vis alle' button found for div#saker
2026-03-04 15:02:37,352 - INFO -     📋 Small section mode — collecting directly
2026-03-04 15:02:37,380 - INFO -     ✅ Small section div#saker — collected 10 URLs
2026-03-04 15:02:37,380 - INFO -     ✅ COMPLETE 'LATEST DOCUMENTS'  expected=None  collected=10
2026-03-04 15:02:37,381 - INFO - 
    ── [2/9] LAWS ──
2026-03-04 15:02:37,709 - INFO -     👆 Clicked section tab: 'Lover'
2026-03-04 15:02:39,230 - INFO -     ✅ Heading div#lover found
2026-03-04 15:02:39,253 - INFO -     ℹ️  No 'Vis alle' button found for div#lover
2026-03-04 15:02:39,266 - INFO -     📋 Small section mode — collecting directly
2026-03-04 15:02:39,433 - INFO -     ✅ Small section div#lover — collected 6 URLs
2026-03-04 15:02:39,433 - INFO -     ✅ COMPLETE 'LAWS'  expected=None  collected=6
2026-03-04 15:02:39,433 - INFO - 
    ── [3/9] REGULATIONS ──
2026-03-04 15:02:39,798 - INFO -     👆 Clicked section tab: 'Forskrifter'
2026-03-04 15:02:41,317 - INFO -     ✅ Heading div#forskrifter found
2026-03-04 15:02:41,345 - INFO -     ℹ️  No 'Vis alle' button found for div#forskrifter
2026-03-04 15:02:41,357 - INFO -     📋 Small section mode — collecting directly
2026-03-04 15:02:41,379 - INFO -     ✅ Small section div#forskrifter — collected 2 URLs
2026-03-04 15:02:41,380 - INFO -     ✅ COMPLETE 'REGULATIONS'  expected=None  collected=2
2026-03-04 15:02:41,380 - INFO - 
    ── [4/9] DECISIONS FROM THE SUPREME COURT ──
2026-03-04 15:02:41,782 - INFO -     👆 Clicked section tab: 'Avgjørelser fra Høyesterett'
2026-03-04 15:02:43,301 - INFO -     ✅ Heading div#hr found
2026-03-04 15:02:43,332 - INFO -     ✅ Vis alle clicked — expected=388
2026-03-04 15:02:47,850 - INFO -     ✅ Advanced Search page loaded
2026-03-04 15:02:47,850 - INFO -     🔍 Advanced Search mode — collecting all pages
2026-03-04 15:02:47,898 - INFO -     📊 Advanced Search total: 388
2026-03-04 15:02:48,122 - INFO -       page 1: +5 new  (total: 5 / expected: 388)
2026-03-04 15:02:50,877 - INFO -       page 2: +0 new  (total: 5 / expected: 388)
2026-03-04 15:02:50,878 - INFO -       ⏹  No new URLs on page 2 — stopping
2026-03-04 15:02:50,878 - INFO -     ↩️  Returning to legal area page
2026-03-04 15:02:52,921 - INFO -     ↩️  Back to legal area page — tabs restored
2026-03-04 15:02:52,922 - WARNING -     ⚠️  COUNT MISMATCH 'DECISIONS FROM THE SUPREME COURT': expected=388  collected=5
2026-03-04 15:02:52,923 - INFO - 
    ── [5/9] DECISIONS FROM THE COURTS OF APPEAL ──
2026-03-04 15:02:53,395 - INFO -     👆 Clicked section tab: 'Avgjørelser fra lagmannsrettene'
2026-03-04 15:02:54,923 - INFO -     ✅ Heading div#lr found
2026-03-04 15:02:54,975 - INFO -     ℹ️  No 'Vis alle' button found for div#lr
2026-03-04 15:02:56,594 - INFO -     ✅ Advanced Search page loaded
2026-03-04 15:02:56,595 - INFO -     🔍 Advanced Search mode — collecting all pages
2026-03-04 15:02:56,634 - INFO -     📊 Advanced Search total: 2128
2026-03-04 15:02:56,851 - INFO -       page 1: +5 new  (total: 5 / expected: 2128)
2026-03-04 15:02:59,661 - INFO -       page 2: +0 new  (total: 5 / expected: 2128)
2026-03-04 15:02:59,663 - INFO -       ⏹  No new URLs on page 2 — stopping
2026-03-04 15:02:59,663 - INFO -     ↩️  Returning to legal area page
2026-03-04 15:03:01,706 - INFO -     ↩️  Back to legal area page — tabs restored
2026-03-04 15:03:01,706 - INFO -     ✅ COMPLETE 'DECISIONS FROM THE COURTS OF APPEAL'  expected=None  collected=5
2026-03-04 15:03:01,708 - INFO - 
    ── [6/9] DECISIONS FROM THE DISTRICT COURTS ──
2026-03-04 15:03:02,151 - INFO -     👆 Clicked section tab: 'Avgjørelser fra tingrettene'
2026-03-04 15:03:03,681 - INFO -     ✅ Heading div#tr found
2026-03-04 15:03:03,730 - INFO -     ✅ Vis alle clicked — expected=705
2026-03-04 15:03:08,252 - INFO -     ✅ Advanced Search page loaded
2026-03-04 15:03:08,253 - INFO -     🔍 Advanced Search mode — collecting all pages
2026-03-04 15:03:08,299 - INFO -     📊 Advanced Search total: 705
2026-03-04 15:03:08,485 - INFO -       page 1: +4 new  (total: 4 / expected: 705)
2026-03-04 15:03:11,295 - INFO -       page 2: +0 new  (total: 4 / expected: 705)
2026-03-04 15:03:11,297 - INFO -       ⏹  No new URLs on page 2 — stopping
2026-03-04 15:03:11,297 - INFO -     ↩️  Returning to legal area page
2026-03-04 15:03:13,344 - INFO -     ↩️  Back to legal area page — tabs restored
2026-03-04 15:03:13,346 - WARNING -     ⚠️  COUNT MISMATCH 'DECISIONS FROM THE DISTRICT COURTS': expected=705  collected=4
2026-03-04 15:03:13,346 - INFO - 
    ── [7/9] ARTICLES ──
2026-03-04 15:03:13,904 - INFO -     👆 Clicked section tab: 'Artikler'
2026-03-04 15:03:15,441 - INFO -     ✅ Heading div#artikler found
2026-03-04 15:03:15,466 - INFO -     ✅ Vis alle clicked — expected=409
2026-03-04 15:03:19,989 - INFO -     ✅ Advanced Search page loaded
2026-03-04 15:03:19,989 - INFO -     🔍 Advanced Search mode — collecting all pages
2026-03-04 15:03:20,049 - INFO -     📊 Advanced Search total: 409
2026-03-04 15:03:20,310 - INFO -       page 1: +4 new  (total: 4 / expected: 409)
2026-03-04 15:03:22,993 - INFO -       page 2: +0 new  (total: 4 / expected: 409)
2026-03-04 15:03:22,994 - INFO -       ⏹  No new URLs on page 2 — stopping
2026-03-04 15:03:22,995 - INFO -     ↩️  Returning to legal area page
2026-03-04 15:03:25,027 - INFO -     ↩️  Back to legal area page — tabs restored
2026-03-04 15:03:25,027 - WARNING -     ⚠️  COUNT MISMATCH 'ARTICLES': expected=409  collected=4
2026-03-04 15:03:25,028 - INFO - 
    ── [8/9] DOCUMENTS FROM THE MINISTRY OF JUSTICE ──
2026-03-04 15:03:25,528 - INFO -     👆 Clicked section tab: 'Dokumenter fra Justisdepartementet'
2026-03-04 15:03:27,152 - WARNING -     ⚠️  Heading div#jd not found — skipping
2026-03-04 15:03:27,153 - INFO - 
    ── [9/9] OTHER DOCUMENTS ──
2026-03-04 15:03:27,750 - INFO -     👆 Clicked section tab: 'Andre dokumenter'
2026-03-04 15:03:29,277 - INFO -     ✅ Heading div#otherBases found
2026-03-04 15:03:29,323 - INFO -     ✅ Vis alle clicked — expected=212
2026-03-04 15:03:33,841 - INFO -     ✅ Advanced Search page loaded
2026-03-04 15:03:33,842 - INFO -     🔍 Advanced Search mode — collecting all pages
2026-03-04 15:03:33,896 - INFO -     📊 Advanced Search total: 212
2026-03-04 15:03:34,125 - INFO -       page 1: +3 new  (total: 3 / expected: 212)
2026-03-04 15:03:36,935 - INFO -       page 2: +0 new  (total: 3 / expected: 212)
2026-03-04 15:03:36,936 - INFO -       ⏹  No new URLs on page 2 — stopping
2026-03-04 15:03:36,936 - INFO -     ↩️  Returning to legal area page
2026-03-04 15:03:38,980 - INFO -     ↩️  Back to legal area page — tabs restored
2026-03-04 15:03:38,980 - WARNING -     ⚠️  COUNT MISMATCH 'OTHER DOCUMENTS': expected=212  collected=3
2026-03-04 15:03:38,980 - INFO - 
    ════════════════════════════════════════════════
    SECTION COLLECTION COMPLETE
    sections=9  total_docs=39
    ════════════════════════════════════════════════
2026-03-04 15:03:38,982 - INFO -    📊 Total sections=9  total_urls=39
2026-03-04 15:03:38,982 - INFO -    📂 SECTION | LATEST DOCUMENTS                                        | expected=None  | found=10
2026-03-04 15:03:39,817 - INFO - HTTP Request: GET https://exeklzgcqykkutjfikei.supabase.co/rest/v1/legal_area_metadata?select=file_name&file_name=eq.LASIV_avgjorelse_la-2025-118666.xml&limit=1 "HTTP/1.1 200 OK"
2026-03-04 15:03:39,819 - INFO - 🌐 Visiting: #document/LASIV/avgjorelse/la-2025-118666
2026-03-04 15:03:44,506 - INFO -   📄 title='LA-2025-118666'  date='—'  chars=75255  src=iframe_body
2026-03-04 15:03:44,731 - INFO - HTTP Request: GET https://exeklzgcqykkutjfikei.supabase.co/rest/v1/legal_area_metadata?select=file_hash&file_hash=eq.aabde62e97ff643dca91d74c7b5221f7&limit=1 "HTTP/1.1 200 OK"
2026-03-04 15:03:44,760 - INFO - 💾 XML saved: scraped_xml\Anskaffelser_avtaler_bygg_og_entrepriser\Avtaler\leaf\LASIV_avgjorelse_la-2025-118666.xml  root='Anskaffelser, avtaler, bygg og entrepriser'  branch='Avtaler'  leaf='(none)'  size=77930b
2026-03-04 15:03:44,761 - INFO - ✅ Queued [2/10] LASIV_avgjorelse_la-2025-118666.xml      type=LATEST DOCUMENTS               source=iframe_body
2026-03-04 15:03:47,041 - INFO - HTTP Request: GET https://exeklzgcqykkutjfikei.supabase.co/rest/v1/legal_area_metadata?select=file_name&file_name=eq.LBSIV_avgjorelse_lb-2025-58098.xml&limit=1 "HTTP/1.1 200 OK"
2026-03-04 15:03:47,042 - INFO - 🌐 Visiting: #document/LBSIV/avgjorelse/lb-2025-58098
2026-03-04 15:03:51,819 - INFO -   📄 title='LB-2025-58098'  date='—'  chars=57651  src=iframe_body
2026-03-04 15:03:52,031 - INFO - HTTP Request: GET https://exeklzgcqykkutjfikei.supabase.co/rest/v1/legal_area_metadata?select=file_hash&file_hash=eq.58bacbd57bfd3e818ff45f4ea0aa2807&limit=1 "HTTP/1.1 200 OK"
2026-03-04 15:03:52,050 - INFO - 💾 XML saved: scraped_xml\Anskaffelser_avtaler_bygg_og_entrepriser\Avtaler\leaf\LBSIV_avgjorelse_lb-2025-58098.xml  root='Anskaffelser, avtaler, bygg og entrepriser'  branch='Avtaler'  leaf='(none)'  size=59945b
2026-03-04 15:03:52,051 - INFO - ✅ Queued [3/10] LBSIV_avgjorelse_lb-2025-58098.xml       type=LATEST DOCUMENTS               source=iframe_body
2026-03-04 15:03:54,310 - INFO - HTTP Request: GET https://exeklzgcqykkutjfikei.supabase.co/rest/v1/legal_area_metadata?select=file_name&file_name=eq.LASIV_avgjorelse_la-2025-102834.xml&limit=1 "HTTP/1.1 200 OK"
2026-03-04 15:03:54,311 - INFO - 🌐 Visiting: #document/LASIV/avgjorelse/la-2025-102834
2026-03-04 15:03:59,206 - INFO -   📄 title='LA-2025-102834'  date='—'  chars=64661  src=iframe_body
2026-03-04 15:03:59,441 - INFO - HTTP Request: GET https://exeklzgcqykkutjfikei.supabase.co/rest/v1/legal_area_metadata?select=file_hash&file_hash=eq.1933425d782e9a03a318fdfdf0e9d22a&limit=1 "HTTP/1.1 200 OK"
2026-03-04 15:03:59,475 - INFO - 💾 XML saved: scraped_xml\Anskaffelser_avtaler_bygg_og_entrepriser\Avtaler\leaf\LASIV_avgjorelse_la-2025-102834.xml  root='Anskaffelser, avtaler, bygg og entrepriser'  branch='Avtaler'  leaf='(none)'  size=67332b
2026-03-04 15:03:59,475 - INFO - ✅ Queued [4/10] LASIV_avgjorelse_la-2025-102834.xml      type=LATEST DOCUMENTS               source=iframe_body
2026-03-04 15:04:01,786 - INFO - HTTP Request: GET https://exeklzgcqykkutjfikei.supabase.co/rest/v1/legal_area_metadata?select=file_name&file_name=eq.LBSIV_avgjorelse_lb-2025-26457.xml&limit=1 "HTTP/1.1 200 OK"
2026-03-04 15:04:01,787 - INFO - 🌐 Visiting: #document/LBSIV/avgjorelse/lb-2025-26457
2026-03-04 15:04:06,410 - INFO -   📄 title='LB-2025-26457'  date='—'  chars=50881  src=iframe_body
2026-03-04 15:04:06,701 - INFO - HTTP Request: GET https://exeklzgcqykkutjfikei.supabase.co/rest/v1/legal_area_metadata?select=file_hash&file_hash=eq.20182b3501bebbae691912bea194f475&limit=1 "HTTP/1.1 200 OK"
2026-03-04 15:04:06,750 - INFO - 💾 XML saved: scraped_xml\Anskaffelser_avtaler_bygg_og_entrepriser\Avtaler\leaf\LBSIV_avgjorelse_lb-2025-26457.xml  root='Anskaffelser, avtaler, bygg og entrepriser'  branch='Avtaler'  leaf='(none)'  size=52739b
2026-03-04 15:04:06,751 - INFO - ✅ Queued [5/10] LBSIV_avgjorelse_lb-2025-26457.xml       type=LATEST DOCUMENTS               source=iframe_body
2026-03-04 15:04:09,160 - INFO - HTTP Request: GET https://exeklzgcqykkutjfikei.supabase.co/rest/v1/legal_area_metadata?select=file_name&file_name=eq.EUR_eur-2026-02-04.xml&limit=1 "HTTP/1.1 200 OK"
2026-03-04 15:04:09,170 - INFO - 🌐 Visiting: #document/EUR/eur-2026-02-04
2026-03-04 15:04:13,771 - INFO -   📄 title='EuroRett: Urimelige vilkår om renteregulering'  date='—'  chars=8287  src=iframe_body
2026-03-04 15:04:14,236 - INFO - HTTP Request: GET https://exeklzgcqykkutjfikei.supabase.co/rest/v1/legal_area_metadata?select=file_hash&file_hash=eq.faa5be4641716bc37745f11a8fc25862&limit=1 "HTTP/1.1 200 OK"
2026-03-04 15:04:14,286 - INFO - 💾 XML saved: scraped_xml\Anskaffelser_avtaler_bygg_og_entrepriser\Avtaler\leaf\EUR_eur-2026-02-04.xml  root='Anskaffelser, avtaler, bygg og entrepriser'  branch='Avtaler'  leaf='(none)'  size=9329b
2026-03-04 15:04:14,287 - INFO - ✅ Queued [6/10] EUR_eur-2026-02-04.xml                   type=LATEST DOCUMENTS               source=iframe_body
2026-03-04 15:04:16,532 - INFO - HTTP Request: GET https://exeklzgcqykkutjfikei.supabase.co/rest/v1/legal_area_metadata?select=file_name&file_name=eq.EUR_eur-2026-02-02.xml&limit=1 "HTTP/1.1 200 OK"
2026-03-04 15:04:16,533 - INFO - 🌐 Visiting: #document/EUR/eur-2026-02-02
2026-03-04 15:04:20,936 - INFO -   📄 title='EuroRett: Bankers motregningskrav og prosessuelle rettighete'  date='—'  chars=6610  src=iframe_body
2026-03-04 15:04:21,196 - INFO - HTTP Request: GET https://exeklzgcqykkutjfikei.supabase.co/rest/v1/legal_area_metadata?select=file_hash&file_hash=eq.5c6dedf9d193360e6c09c49ae2bbedd5&limit=1 "HTTP/1.1 200 OK"
2026-03-04 15:04:21,221 - INFO - 💾 XML saved: scraped_xml\Anskaffelser_avtaler_bygg_og_entrepriser\Avtaler\leaf\EUR_eur-2026-02-02.xml  root='Anskaffelser, avtaler, bygg og entrepriser'  branch='Avtaler'  leaf='(none)'  size=7628b
2026-03-04 15:04:21,222 - INFO - ✅ Queued [7/10] EUR_eur-2026-02-02.xml                   type=LATEST DOCUMENTS               source=iframe_body
2026-03-04 15:04:23,495 - INFO - HTTP Request: GET https://exeklzgcqykkutjfikei.supabase.co/rest/v1/legal_area_metadata?select=file_name&file_name=eq.HRSIV_avgjorelse_hr-2026-280-a.xml&limit=1 "HTTP/1.1 200 OK"
2026-03-04 15:04:23,496 - INFO - 🌐 Visiting: #document/HRSIV/avgjorelse/hr-2026-280-a
2026-03-04 15:04:28,145 - INFO -   📄 title='HR-2026-280-A'  date='—'  chars=32031  src=iframe_body
2026-03-04 15:04:28,383 - INFO - HTTP Request: GET https://exeklzgcqykkutjfikei.supabase.co/rest/v1/legal_area_metadata?select=file_hash&file_hash=eq.86a08d0bbda41e49431562dea29cc8ad&limit=1 "HTTP/1.1 200 OK"
2026-03-04 15:04:28,408 - INFO - 💾 XML saved: scraped_xml\Anskaffelser_avtaler_bygg_og_entrepriser\Avtaler\leaf\HRSIV_avgjorelse_hr-2026-280-a.xml  root='Anskaffelser, avtaler, bygg og entrepriser'  branch='Avtaler'  leaf='(none)'  size=33712b
2026-03-04 15:04:28,408 - INFO - ✅ Queued [8/10] HRSIV_avgjorelse_hr-2026-280-a.xml       type=LATEST DOCUMENTS               source=iframe_body
2026-03-04 15:04:30,663 - INFO - HTTP Request: GET https://exeklzgcqykkutjfikei.supabase.co/rest/v1/legal_area_metadata?select=file_name&file_name=eq.LESIV_avgjorelse_le-2025-55999.xml&limit=1 "HTTP/1.1 200 OK"
2026-03-04 15:04:30,664 - INFO - 🌐 Visiting: #document/LESIV/avgjorelse/le-2025-55999
2026-03-04 15:04:35,380 - INFO -   📄 title='LE-2025-55999'  date='—'  chars=54039  src=iframe_body
2026-03-04 15:04:35,696 - INFO - HTTP Request: GET https://exeklzgcqykkutjfikei.supabase.co/rest/v1/legal_area_metadata?select=file_hash&file_hash=eq.6e703b084a40dab1c95f6eb99619a172&limit=1 "HTTP/1.1 200 OK"
2026-03-04 15:04:35,739 - INFO - 💾 XML saved: scraped_xml\Anskaffelser_avtaler_bygg_og_entrepriser\Avtaler\leaf\LESIV_avgjorelse_le-2025-55999.xml  root='Anskaffelser, avtaler, bygg og entrepriser'  branch='Avtaler'  leaf='(none)'  size=56063b
2026-03-04 15:04:35,740 - INFO - ✅ Queued [9/10] LESIV_avgjorelse_le-2025-55999.xml       type=LATEST DOCUMENTS               source=iframe_body
2026-03-04 15:04:38,139 - INFO - HTTP Request: GET https://exeklzgcqykkutjfikei.supabase.co/rest/v1/legal_area_metadata?select=file_name&file_name=eq.LFSIV_avgjorelse_lf-2025-131361.xml&limit=1 "HTTP/1.1 200 OK"
2026-03-04 15:04:38,140 - INFO - 🌐 Visiting: #document/LFSIV/avgjorelse/lf-2025-131361
2026-03-04 15:04:42,875 - INFO -   📄 title='LF-2025-131361'  date='—'  chars=55074  src=iframe_body
2026-03-04 15:04:43,156 - INFO - HTTP Request: GET https://exeklzgcqykkutjfikei.supabase.co/rest/v1/legal_area_metadata?select=file_hash&file_hash=eq.404b4f9b4d8f013dc114b8c78d4e0c16&limit=1 "HTTP/1.1 200 OK"
2026-03-04 15:04:43,179 - INFO - 💾 XML saved: scraped_xml\Anskaffelser_avtaler_bygg_og_entrepriser\Avtaler\leaf\LFSIV_avgjorelse_lf-2025-131361.xml  root='Anskaffelser, avtaler, bygg og entrepriser'  branch='Avtaler'  leaf='(none)'  size=57254b
2026-03-04 15:04:43,180 - INFO - ✅ Queued [10/10] LFSIV_avgjorelse_lf-2025-131361.xml      type=LATEST DOCUMENTS               source=iframe_body
2026-03-04 15:04:43,181 - INFO - 
2026-03-04 15:04:43,181 - INFO - ━━━━━━━━━━━━━━━━━━━━━━━━━━━━━━━━━━━━━━━━━━━━━━━━━━━━━━━━━━━━━━━━━━━━━━
2026-03-04 15:04:43,181 - INFO - ⬆️  BATCH UPLOAD — 10 XML files
2026-03-04 15:04:43,182 - INFO - ━━━━━━━━━━━━━━━━━━━━━━━━━━━━━━━━━━━━━━━━━━━━━━━━━━━━━━━━━━━━━━━━━━━━━━
2026-03-04 15:04:43,182 - INFO -   [1/10] Uploading: NL_lov_2016-06-17-73.xml → bucket: Anskaffelser_avtaler_bygg_og_entrepriser/Anskaffelser/leaf/NL_lov_2016-06-17-73.xml
2026-03-04 15:04:44,591 - INFO - HTTP Request: POST https://exeklzgcqykkutjfikei.supabase.co/storage/v1/object/legal_area/Anskaffelser_avtaler_bygg_og_entrepriser/Anskaffelser/leaf/NL_lov_2016-06-17-73.xml "HTTP/2 200 OK"
2026-03-04 15:04:44,593 - INFO - ☁️  Uploaded & deleted: Anskaffelser_avtaler_bygg_og_entrepriser/Anskaffelser/leaf/NL_lov_2016-06-17-73.xml
2026-03-04 15:04:44,898 - INFO - HTTP Request: POST https://exeklzgcqykkutjfikei.supabase.co/rest/v1/legal_area_metadata "HTTP/1.1 400 Bad Request"
2026-03-04 15:04:44,900 - ERROR - ✗ insert_metadata failed [NL_lov_2016-06-17-73.xml]: {'code': 'PGRST204', 'details': None, 'hint': None, 'message': "Could not find the 'content_preview' column of 'legal_area_metadata' in the schema cache"}
2026-03-04 15:04:44,900 - INFO -   [2/10] Uploading: LASIV_avgjorelse_la-2025-118666.xml → bucket: Anskaffelser_avtaler_bygg_og_entrepriser/Avtaler/leaf/LASIV_avgjorelse_la-2025-118666.xml
2026-03-04 15:04:45,922 - INFO - HTTP Request: POST https://exeklzgcqykkutjfikei.supabase.co/storage/v1/object/legal_area/Anskaffelser_avtaler_bygg_og_entrepriser/Avtaler/leaf/LASIV_avgjorelse_la-2025-118666.xml "HTTP/2 200 OK"
2026-03-04 15:04:45,925 - INFO - ☁️  Uploaded & deleted: Anskaffelser_avtaler_bygg_og_entrepriser/Avtaler/leaf/LASIV_avgjorelse_la-2025-118666.xml
2026-03-04 15:04:46,230 - INFO - HTTP Request: POST https://exeklzgcqykkutjfikei.supabase.co/rest/v1/legal_area_metadata "HTTP/1.1 400 Bad Request"
2026-03-04 15:04:46,232 - ERROR - ✗ insert_metadata failed [LASIV_avgjorelse_la-2025-118666.xml]: {'code': 'PGRST204', 'details': None, 'hint': None, 'message': "Could not find the 'content_preview' column of 'legal_area_metadata' in the schema cache"}
2026-03-04 15:04:46,233 - INFO -   [3/10] Uploading: LBSIV_avgjorelse_lb-2025-58098.xml → bucket: Anskaffelser_avtaler_bygg_og_entrepriser/Avtaler/leaf/LBSIV_avgjorelse_lb-2025-58098.xml
2026-03-04 15:04:47,048 - INFO - HTTP Request: POST https://exeklzgcqykkutjfikei.supabase.co/storage/v1/object/legal_area/Anskaffelser_avtaler_bygg_og_entrepriser/Avtaler/leaf/LBSIV_avgjorelse_lb-2025-58098.xml "HTTP/2 200 OK"
2026-03-04 15:04:47,051 - INFO - ☁️  Uploaded & deleted: Anskaffelser_avtaler_bygg_og_entrepriser/Avtaler/leaf/LBSIV_avgjorelse_lb-2025-58098.xml
2026-03-04 15:04:47,355 - INFO - HTTP Request: POST https://exeklzgcqykkutjfikei.supabase.co/rest/v1/legal_area_metadata "HTTP/1.1 400 Bad Request"
2026-03-04 15:04:47,357 - ERROR - ✗ insert_metadata failed [LBSIV_avgjorelse_lb-2025-58098.xml]: {'code': 'PGRST204', 'details': None, 'hint': None, 'message': "Could not find the 'content_preview' column of 'legal_area_metadata' in the schema cache"}
2026-03-04 15:04:47,358 - INFO -   [4/10] Uploading: LASIV_avgjorelse_la-2025-102834.xml → bucket: Anskaffelser_avtaler_bygg_og_entrepriser/Avtaler/leaf/LASIV_avgjorelse_la-2025-102834.xml
2026-03-04 15:04:47,972 - INFO - HTTP Request: POST https://exeklzgcqykkutjfikei.supabase.co/storage/v1/object/legal_area/Anskaffelser_avtaler_bygg_og_entrepriser/Avtaler/leaf/LASIV_avgjorelse_la-2025-102834.xml "HTTP/2 200 OK"
2026-03-04 15:04:47,975 - INFO - ☁️  Uploaded & deleted: Anskaffelser_avtaler_bygg_og_entrepriser/Avtaler/leaf/LASIV_avgjorelse_la-2025-102834.xml
2026-03-04 15:04:48,276 - INFO - HTTP Request: POST https://exeklzgcqykkutjfikei.supabase.co/rest/v1/legal_area_metadata "HTTP/1.1 400 Bad Request"
2026-03-04 15:04:48,278 - ERROR - ✗ insert_metadata failed [LASIV_avgjorelse_la-2025-102834.xml]: {'code': 'PGRST204', 'details': None, 'hint': None, 'message': "Could not find the 'content_preview' column of 'legal_area_metadata' in the schema cache"}
2026-03-04 15:04:48,278 - INFO -   [5/10] Uploading: LBSIV_avgjorelse_lb-2025-26457.xml → bucket: Anskaffelser_avtaler_bygg_og_entrepriser/Avtaler/leaf/LBSIV_avgjorelse_lb-2025-26457.xml
2026-03-04 15:04:48,892 - INFO - HTTP Request: POST https://exeklzgcqykkutjfikei.supabase.co/storage/v1/object/legal_area/Anskaffelser_avtaler_bygg_og_entrepriser/Avtaler/leaf/LBSIV_avgjorelse_lb-2025-26457.xml "HTTP/2 200 OK"
2026-03-04 15:04:48,894 - INFO - ☁️  Uploaded & deleted: Anskaffelser_avtaler_bygg_og_entrepriser/Avtaler/leaf/LBSIV_avgjorelse_lb-2025-26457.xml
2026-03-04 15:04:49,198 - INFO - HTTP Request: POST https://exeklzgcqykkutjfikei.supabase.co/rest/v1/legal_area_metadata "HTTP/1.1 400 Bad Request"
2026-03-04 15:04:49,200 - ERROR - ✗ insert_metadata failed [LBSIV_avgjorelse_lb-2025-26457.xml]: {'code': 'PGRST204', 'details': None, 'hint': None, 'message': "Could not find the 'content_preview' column of 'legal_area_metadata' in the schema cache"}
2026-03-04 15:04:49,201 - INFO -   [6/10] Uploading: EUR_eur-2026-02-04.xml → bucket: Anskaffelser_avtaler_bygg_og_entrepriser/Avtaler/leaf/EUR_eur-2026-02-04.xml
2026-03-04 15:04:49,813 - INFO - HTTP Request: POST https://exeklzgcqykkutjfikei.supabase.co/storage/v1/object/legal_area/Anskaffelser_avtaler_bygg_og_entrepriser/Avtaler/leaf/EUR_eur-2026-02-04.xml "HTTP/2 200 OK"
2026-03-04 15:04:49,815 - INFO - ☁️  Uploaded & deleted: Anskaffelser_avtaler_bygg_og_entrepriser/Avtaler/leaf/EUR_eur-2026-02-04.xml
2026-03-04 15:04:50,018 - INFO - HTTP Request: POST https://exeklzgcqykkutjfikei.supabase.co/rest/v1/legal_area_metadata "HTTP/1.1 400 Bad Request"
2026-03-04 15:04:50,020 - ERROR - ✗ insert_metadata failed [EUR_eur-2026-02-04.xml]: {'code': 'PGRST204', 'details': None, 'hint': None, 'message': "Could not find the 'content_preview' column of 'legal_area_metadata' in the schema cache"}
2026-03-04 15:04:50,021 - INFO -   [7/10] Uploading: EUR_eur-2026-02-02.xml → bucket: Anskaffelser_avtaler_bygg_og_entrepriser/Avtaler/leaf/EUR_eur-2026-02-02.xml
2026-03-04 15:04:50,530 - INFO - HTTP Request: POST https://exeklzgcqykkutjfikei.supabase.co/storage/v1/object/legal_area/Anskaffelser_avtaler_bygg_og_entrepriser/Avtaler/leaf/EUR_eur-2026-02-02.xml "HTTP/2 200 OK"
2026-03-04 15:04:50,532 - INFO - ☁️  Uploaded & deleted: Anskaffelser_avtaler_bygg_og_entrepriser/Avtaler/leaf/EUR_eur-2026-02-02.xml
2026-03-04 15:04:50,735 - INFO - HTTP Request: POST https://exeklzgcqykkutjfikei.supabase.co/rest/v1/legal_area_metadata "HTTP/1.1 400 Bad Request"
2026-03-04 15:04:50,737 - ERROR - ✗ insert_metadata failed [EUR_eur-2026-02-02.xml]: {'code': 'PGRST204', 'details': None, 'hint': None, 'message': "Could not find the 'content_preview' column of 'legal_area_metadata' in the schema cache"}
2026-03-04 15:04:50,738 - INFO -   [8/10] Uploading: HRSIV_avgjorelse_hr-2026-280-a.xml → bucket: Anskaffelser_avtaler_bygg_og_entrepriser/Avtaler/leaf/HRSIV_avgjorelse_hr-2026-280-a.xml
2026-03-04 15:04:51,252 - INFO - HTTP Request: POST https://exeklzgcqykkutjfikei.supabase.co/storage/v1/object/legal_area/Anskaffelser_avtaler_bygg_og_entrepriser/Avtaler/leaf/HRSIV_avgjorelse_hr-2026-280-a.xml "HTTP/2 200 OK"
2026-03-04 15:04:51,255 - INFO - ☁️  Uploaded & deleted: Anskaffelser_avtaler_bygg_og_entrepriser/Avtaler/leaf/HRSIV_avgjorelse_hr-2026-280-a.xml
2026-03-04 15:04:51,465 - INFO - HTTP Request: POST https://exeklzgcqykkutjfikei.supabase.co/rest/v1/legal_area_metadata "HTTP/1.1 400 Bad Request"
2026-03-04 15:04:51,467 - ERROR - ✗ insert_metadata failed [HRSIV_avgjorelse_hr-2026-280-a.xml]: {'code': 'PGRST204', 'details': None, 'hint': None, 'message': "Could not find the 'content_preview' column of 'legal_area_metadata' in the schema cache"}
2026-03-04 15:04:51,467 - INFO -   [9/10] Uploading: LESIV_avgjorelse_le-2025-55999.xml → bucket: Anskaffelser_avtaler_bygg_og_entrepriser/Avtaler/leaf/LESIV_avgjorelse_le-2025-55999.xml
2026-03-04 15:04:51,964 - INFO - HTTP Request: POST https://exeklzgcqykkutjfikei.supabase.co/storage/v1/object/legal_area/Anskaffelser_avtaler_bygg_og_entrepriser/Avtaler/leaf/LESIV_avgjorelse_le-2025-55999.xml "HTTP/2 200 OK"
2026-03-04 15:04:51,967 - INFO - ☁️  Uploaded & deleted: Anskaffelser_avtaler_bygg_og_entrepriser/Avtaler/leaf/LESIV_avgjorelse_le-2025-55999.xml
2026-03-04 15:04:52,185 - INFO - HTTP Request: POST https://exeklzgcqykkutjfikei.supabase.co/rest/v1/legal_area_metadata "HTTP/1.1 400 Bad Request"
2026-03-04 15:04:52,188 - ERROR - ✗ insert_metadata failed [LESIV_avgjorelse_le-2025-55999.xml]: {'code': 'PGRST204', 'details': None, 'hint': None, 'message': "Could not find the 'content_preview' column of 'legal_area_metadata' in the schema cache"}
2026-03-04 15:04:52,189 - INFO -   [10/10] Uploading: LFSIV_avgjorelse_lf-2025-131361.xml → bucket: Anskaffelser_avtaler_bygg_og_entrepriser/Avtaler/leaf/LFSIV_avgjorelse_lf-2025-131361.xml
2026-03-04 15:04:52,782 - INFO - HTTP Request: POST https://exeklzgcqykkutjfikei.supabase.co/storage/v1/object/legal_area/Anskaffelser_avtaler_bygg_og_entrepriser/Avtaler/leaf/LFSIV_avgjorelse_lf-2025-131361.xml "HTTP/2 200 OK"
2026-03-04 15:04:52,784 - INFO - ☁️  Uploaded & deleted: Anskaffelser_avtaler_bygg_og_entrepriser/Avtaler/leaf/LFSIV_avgjorelse_lf-2025-131361.xml
2026-03-04 15:04:53,009 - INFO - HTTP Request: POST https://exeklzgcqykkutjfikei.supabase.co/rest/v1/legal_area_metadata "HTTP/1.1 400 Bad Request"
2026-03-04 15:04:53,010 - ERROR - ✗ insert_metadata failed [LFSIV_avgjorelse_lf-2025-131361.xml]: {'code': 'PGRST204', 'details': None, 'hint': None, 'message': "Could not find the 'content_preview' column of 'legal_area_metadata' in the schema cache"}
2026-03-04 15:04:53,015 - INFO - ✅ Batch complete — all 10 files uploaded & local copies removed
2026-03-04 15:04:53,035 - INFO - ━━━━━━━━━━━━━━━━━━━━━━━━━━━━━━━━━━━━━━━━━━━━━━━━━━━━━━━━━━━━━━━━━━━━━━
2026-03-04 15:04:53,035 - INFO - 
2026-03-04 15:04:55,343 - INFO - HTTP Request: GET https://exeklzgcqykkutjfikei.supabase.co/rest/v1/legal_area_metadata?select=file_name&file_name=eq.LASIV_avgjorelse_la-2026-7531.xml&limit=1 "HTTP/1.1 200 OK"
2026-03-04 15:04:55,348 - INFO - 🌐 Visiting: #document/LASIV/avgjorelse/la-2026-7531
2026-03-04 15:05:00,079 - INFO -   📄 title='LA-2026-7531'  date='—'  chars=35951  src=iframe_body
2026-03-04 15:05:00,331 - INFO - HTTP Request: GET https://exeklzgcqykkutjfikei.supabase.co/rest/v1/legal_area_metadata?select=file_hash&file_hash=eq.f3ea9a1c1fd68731dac4ab8639131889&limit=1 "HTTP/1.1 200 OK"
2026-03-04 15:05:00,366 - INFO - 💾 XML saved: scraped_xml\Anskaffelser_avtaler_bygg_og_entrepriser\Avtaler\leaf\LASIV_avgjorelse_la-2026-7531.xml  root='Anskaffelser, avtaler, bygg og entrepriser'  branch='Avtaler'  leaf='(none)'  size=37717b
2026-03-04 15:05:00,367 - INFO - ✅ Queued [1/10] LASIV_avgjorelse_la-2026-7531.xml        type=LATEST DOCUMENTS               source=iframe_body
2026-03-04 15:05:02,368 - INFO -    📂 SECTION | LAWS                                                    | expected=None  | found=6
2026-03-04 15:05:02,368 - INFO - ⏭️  Year 1918 out of range — skip: #document/NL/lov/1918-05-31-4
2026-03-04 15:05:04,369 - INFO - ⏭️  Year None out of range — skip: #document/NL/lov/1687-04-15
2026-03-04 15:05:06,370 - INFO - ⏭️  Year 1985 out of range — skip: #document/NL/lov/1985-06-21-80
2026-03-04 15:05:09,249 - INFO - HTTP Request: GET https://exeklzgcqykkutjfikei.supabase.co/rest/v1/legal_area_metadata?select=file_name&file_name=eq.NL_lov_2012-05-25-27.xml&limit=1 "HTTP/1.1 200 OK"
2026-03-04 15:05:09,252 - INFO - 🌐 Visiting: #document/NL/lov/2012-05-25-27
2026-03-04 15:05:13,630 - INFO -   📄 title='Lov om avtaler om deltidsbruksrett og langtidsferieprodukter'  date='—'  chars=459  src=iframe_content
2026-03-04 15:05:14,227 - INFO - HTTP Request: GET https://exeklzgcqykkutjfikei.supabase.co/rest/v1/legal_area_metadata?select=file_hash&file_hash=eq.686c57d852b16f1c024be54cb1e63935&limit=1 "HTTP/1.1 200 OK"
2026-03-04 15:05:14,263 - INFO - 💾 XML saved: scraped_xml\Anskaffelser_avtaler_bygg_og_entrepriser\Avtaler\leaf\NL_lov_2012-05-25-27.xml  root='Anskaffelser, avtaler, bygg og entrepriser'  branch='Avtaler'  leaf='(none)'  size=1293b
2026-03-04 15:05:14,263 - INFO - ✅ Queued [2/10] NL_lov_2012-05-25-27.xml                 type=LAWS                           source=iframe_content
2026-03-04 15:05:16,641 - INFO - HTTP Request: GET https://exeklzgcqykkutjfikei.supabase.co/rest/v1/legal_area_metadata?select=file_name&file_name=eq.NL_lov_2020-04-17-29.xml&limit=1 "HTTP/1.1 200 OK"
2026-03-04 15:05:16,642 - INFO - 🌐 Visiting: #document/NL/lov/2020-04-17-29
2026-03-04 15:05:21,052 - INFO -   📄 title='Lov om god handelsskikk i dagligvarekjeden'  date='—'  chars=225  src=iframe_content
2026-03-04 15:05:21,310 - INFO - HTTP Request: GET https://exeklzgcqykkutjfikei.supabase.co/rest/v1/legal_area_metadata?select=file_hash&file_hash=eq.afe3efd28bb2e8b2468459493ff26458&limit=1 "HTTP/1.1 200 OK"
2026-03-04 15:05:21,362 - INFO - 💾 XML saved: scraped_xml\Anskaffelser_avtaler_bygg_og_entrepriser\Avtaler\leaf\NL_lov_2020-04-17-29.xml  root='Anskaffelser, avtaler, bygg og entrepriser'  branch='Avtaler'  leaf='(none)'  size=1012b
2026-03-04 15:05:21,362 - INFO - ✅ Queued [3/10] NL_lov_2020-04-17-29.xml                 type=LAWS                           source=iframe_content
2026-03-04 15:05:23,810 - INFO - HTTP Request: GET https://exeklzgcqykkutjfikei.supabase.co/rest/v1/legal_area_metadata?select=file_name&file_name=eq.NL_lov_2025-12-22-129.xml&limit=1 "HTTP/1.1 200 OK"
2026-03-04 15:05:23,811 - INFO - 🌐 Visiting: #document/NL/lov/2025-12-22-129
2026-03-04 15:05:28,212 - INFO -   📄 title='Lov om endringer i lov om god handelsskikk i dagligvarekjede'  date='—'  chars=1261  src=iframe_content
2026-03-04 15:05:28,468 - INFO - HTTP Request: GET https://exeklzgcqykkutjfikei.supabase.co/rest/v1/legal_area_metadata?select=file_hash&file_hash=eq.b6124092099672a8249291240c3a1376&limit=1 "HTTP/1.1 200 OK"
2026-03-04 15:05:28,485 - INFO - 💾 XML saved: scraped_xml\Anskaffelser_avtaler_bygg_og_entrepriser\Avtaler\leaf\NL_lov_2025-12-22-129.xml  root='Anskaffelser, avtaler, bygg og entrepriser'  branch='Avtaler'  leaf='(none)'  size=2155b
2026-03-04 15:05:28,485 - INFO - ✅ Queued [4/10] NL_lov_2025-12-22-129.xml                type=LAWS                           source=iframe_content
2026-03-04 15:05:30,487 - INFO -    📂 SECTION | REGULATIONS                                             | expected=None  | found=2
2026-03-04 15:05:30,875 - INFO - HTTP Request: GET https://exeklzgcqykkutjfikei.supabase.co/rest/v1/legal_area_metadata?select=file_name&file_name=eq.SF_forskrift_2023-02-14-193.xml&limit=1 "HTTP/1.1 200 OK"
2026-03-04 15:05:30,876 - INFO - 🌐 Visiting: #document/SF/forskrift/2023-02-14-193
2026-03-04 15:05:35,252 - INFO -   📄 title='Forskrift om utmåling av tvangsmulkt og overtredelsesgebyr'  date='—'  chars=517  src=iframe_content
2026-03-04 15:05:35,493 - INFO - HTTP Request: GET https://exeklzgcqykkutjfikei.supabase.co/rest/v1/legal_area_metadata?select=file_hash&file_hash=eq.bfc5a2a47f23c361692d38bac094d308&limit=1 "HTTP/1.1 200 OK"
2026-03-04 15:05:35,513 - INFO - 💾 XML saved: scraped_xml\Anskaffelser_avtaler_bygg_og_entrepriser\Avtaler\leaf\SF_forskrift_2023-02-14-193.xml  root='Anskaffelser, avtaler, bygg og entrepriser'  branch='Avtaler'  leaf='(none)'  size=1359b
2026-03-04 15:05:35,514 - INFO - ✅ Queued [5/10] SF_forskrift_2023-02-14-193.xml          type=REGULATIONS                    source=iframe_content
2026-03-04 15:05:38,043 - INFO - HTTP Request: GET https://exeklzgcqykkutjfikei.supabase.co/rest/v1/legal_area_metadata?select=file_name&file_name=eq.SF_forskrift_2012-07-03-766.xml&limit=1 "HTTP/1.1 200 OK"
2026-03-04 15:05:38,046 - INFO - 🌐 Visiting: #document/SF/forskrift/2012-07-03-766
2026-03-04 15:05:42,431 - INFO -   📄 title='Forskrift om standard opplysningsskjemaer etter lov om avtal'  date='—'  chars=715  src=iframe_content
2026-03-04 15:05:42,693 - INFO - HTTP Request: GET https://exeklzgcqykkutjfikei.supabase.co/rest/v1/legal_area_metadata?select=file_hash&file_hash=eq.b512a6dc493ec58a2ea622992241b6f6&limit=1 "HTTP/1.1 200 OK"
2026-03-04 15:05:42,723 - INFO - 💾 XML saved: scraped_xml\Anskaffelser_avtaler_bygg_og_entrepriser\Avtaler\leaf\SF_forskrift_2012-07-03-766.xml  root='Anskaffelser, avtaler, bygg og entrepriser'  branch='Avtaler'  leaf='(none)'  size=1599b
2026-03-04 15:05:42,724 - INFO - ✅ Queued [6/10] SF_forskrift_2012-07-03-766.xml          type=REGULATIONS                    source=iframe_content
2026-03-04 15:05:44,726 - INFO -    📂 SECTION | DECISIONS FROM THE SUPREME COURT                        | expected=388   | found=5
2026-03-04 15:05:44,727 - WARNING -    ⚠️  COUNT MISMATCH: expected 388, found 5 for section 'DECISIONS FROM THE SUPREME COURT'
2026-03-04 15:05:44,981 - INFO - HTTP Request: GET https://exeklzgcqykkutjfikei.supabase.co/rest/v1/legal_area_metadata?select=file_name&file_name=eq.is_2026-9001.xml&limit=1 "HTTP/1.1 200 OK"
2026-03-04 15:05:44,982 - INFO - 🌐 Visiting: #document/is/2026-9001
2026-03-04 15:05:47,218 - INFO - 🔄 Flushing remaining 6 items …
2026-03-04 15:05:47,220 - INFO - 
2026-03-04 15:05:47,220 - INFO - ━━━━━━━━━━━━━━━━━━━━━━━━━━━━━━━━━━━━━━━━━━━━━━━━━━━━━━━━━━━━━━━━━━━━━━
2026-03-04 15:05:47,221 - INFO - ⬆️  BATCH UPLOAD — 6 XML files
2026-03-04 15:05:47,223 - INFO - ━━━━━━━━━━━━━━━━━━━━━━━━━━━━━━━━━━━━━━━━━━━━━━━━━━━━━━━━━━━━━━━━━━━━━━
2026-03-04 15:05:47,225 - INFO -   [1/6] Uploading: LASIV_avgjorelse_la-2026-7531.xml → bucket: Anskaffelser_avtaler_bygg_og_entrepriser/Avtaler/leaf/LASIV_avgjorelse_la-2026-7531.xml
