2026-02-16 00:52:18,973 - INFO - ✓ Storage handler initialized (bucket: lovdata-docs)
2026-02-16 00:52:18,973 - INFO - 🔐 Opening Lovdata login page...
2026-02-16 00:52:25,126 - INFO - ✅ Login successful
2026-02-16 00:52:25,127 - INFO - ======================================================================
2026-02-16 00:52:25,127 - INFO - MODE: legal_areas_only
2026-02-16 00:52:25,127 - INFO - ======================================================================
2026-02-16 00:52:25,127 - INFO - 
======================================================================
2026-02-16 00:52:25,127 - INFO - ⚖️  SCRAPING LEGAL AREAS
2026-02-16 00:52:25,129 - INFO -    Using fallback list from config.LEGAL_AREA_TRANSLATIONS
2026-02-16 00:52:25,130 - INFO - ======================================================================
2026-02-16 00:52:25,130 - INFO - 📂 Loading legal areas from config.py...
2026-02-16 00:52:25,131 - INFO - 📋 Loaded 38 legal areas
2026-02-16 00:52:25,131 - INFO - 
📊 Total legal areas: 38

2026-02-16 00:52:25,131 - INFO - 
======================================================================
2026-02-16 00:52:25,132 - INFO - [1/38] Labor_Law
2026-02-16 00:52:25,133 - INFO - ======================================================================
2026-02-16 00:52:25,134 - INFO -    Norwegian: arbeidsrett
2026-02-16 00:52:25,135 - INFO -    🔗 https://lovdata.no/pro/#rettsomrade/arbeidsrett
2026-02-16 00:52:25,136 - INFO - 📂 Navigating to: https://lovdata.no/pro/#rettsomrade/arbeidsrett
2026-02-16 00:52:31,165 - INFO -    📄 Scraping page 1
2026-02-16 00:52:31,853 - INFO -    📎 Total collected so far: 43
2026-02-16 00:52:31,868 - INFO -    ✅ No next page found
2026-02-16 00:52:31,869 - INFO -    🎉 Finished. Found 43 documents.
2026-02-16 00:52:31,869 - INFO - 🚀 Processing 43 documents
2026-02-16 00:52:31,870 - INFO - 
   [1/43] Processing document...
2026-02-16 00:52:31,870 - INFO - 📄 Scraping document...
2026-02-16 00:52:34,910 - INFO - HTTP Request: GET https://vegzmiigjvetbaqqcukd.supabase.co/rest/v1/lovdata_metadata?select=file_name&file_name=eq.NL_lov_2007-06-15-40_C2_A744.xml&limit=1 "HTTP/1.1 200 OK"
2026-02-16 00:52:34,922 - INFO - ⏭️  Skipping existing: NL_lov_2007-06-15-40_C2_A744.xml
2026-02-16 00:52:35,229 - INFO - 
   [2/43] Processing document...
2026-02-16 00:52:35,229 - INFO - 📄 Scraping document...
2026-02-16 00:52:37,479 - INFO - HTTP Request: GET https://vegzmiigjvetbaqqcukd.supabase.co/rest/v1/lovdata_metadata?select=file_name&file_name=eq.NL_lov_2025-03-28-5.xml&limit=1 "HTTP/1.1 200 OK"
2026-02-16 00:52:37,484 - INFO - ⏭️  Skipping existing: NL_lov_2025-03-28-5.xml
2026-02-16 00:52:37,794 - INFO - 
   [3/43] Processing document...
2026-02-16 00:52:37,794 - INFO - 📄 Scraping document...
2026-02-16 00:52:40,070 - INFO - HTTP Request: GET https://vegzmiigjvetbaqqcukd.supabase.co/rest/v1/lovdata_metadata?select=file_name&file_name=eq.NL_lov_2007-06-15-40_C2_A79.xml&limit=1 "HTTP/1.1 200 OK"
2026-02-16 00:52:40,073 - INFO - ⏭️  Skipping existing: NL_lov_2007-06-15-40_C2_A79.xml
2026-02-16 00:52:40,381 - INFO - 
   [4/43] Processing document...
2026-02-16 00:52:40,382 - INFO - 📄 Scraping document...
2026-02-16 00:52:42,715 - INFO - HTTP Request: GET https://vegzmiigjvetbaqqcukd.supabase.co/rest/v1/lovdata_metadata?select=file_name&file_name=eq.HRSTR_avgjorelse_hr-2026-373-a.xml&limit=1 "HTTP/1.1 200 OK"
2026-02-16 00:52:42,719 - INFO - ⏭️  Skipping existing: HRSTR_avgjorelse_hr-2026-373-a.xml
2026-02-16 00:52:43,021 - INFO - 
   [5/43] Processing document...
2026-02-16 00:52:43,021 - INFO - 📄 Scraping document...
2026-02-16 00:52:45,326 - INFO - HTTP Request: GET https://vegzmiigjvetbaqqcukd.supabase.co/rest/v1/lovdata_metadata?select=file_name&file_name=eq.HRSIV_avgjorelse_hr-2026-372-a.xml&limit=1 "HTTP/1.1 200 OK"
2026-02-16 00:52:45,328 - INFO - ⏭️  Skipping existing: HRSIV_avgjorelse_hr-2026-372-a.xml
2026-02-16 00:52:45,635 - INFO - 
   [6/43] Processing document...
2026-02-16 00:52:45,636 - INFO - 📄 Scraping document...
2026-02-16 00:52:47,935 - INFO - HTTP Request: GET https://vegzmiigjvetbaqqcukd.supabase.co/rest/v1/lovdata_metadata?select=file_name&file_name=eq.HRSTR_avgjorelse_hr-2026-359-u.xml&limit=1 "HTTP/1.1 200 OK"
2026-02-16 00:52:47,937 - INFO - ⏭️  Skipping existing: HRSTR_avgjorelse_hr-2026-359-u.xml
2026-02-16 00:52:48,238 - INFO - 
   [7/43] Processing document...
2026-02-16 00:52:48,238 - INFO - 📄 Scraping document...
2026-02-16 00:52:50,477 - INFO - HTTP Request: GET https://vegzmiigjvetbaqqcukd.supabase.co/rest/v1/lovdata_metadata?select=file_name&file_name=eq.HRSIV_avgjorelse_hr-2026-346-u.xml&limit=1 "HTTP/1.1 200 OK"
2026-02-16 00:52:50,483 - INFO - ⏭️  Skipping existing: HRSIV_avgjorelse_hr-2026-346-u.xml
2026-02-16 00:52:50,794 - INFO - 
   [8/43] Processing document...
2026-02-16 00:52:50,795 - INFO - 📄 Scraping document...
2026-02-16 00:52:53,054 - INFO - HTTP Request: GET https://vegzmiigjvetbaqqcukd.supabase.co/rest/v1/lovdata_metadata?select=file_name&file_name=eq.HRSTR_avgjorelse_hr-2026-344-u.xml&limit=1 "HTTP/1.1 200 OK"
2026-02-16 00:52:53,056 - INFO - ⏭️  Skipping existing: HRSTR_avgjorelse_hr-2026-344-u.xml
2026-02-16 00:52:53,363 - INFO - 
   [9/43] Processing document...
2026-02-16 00:52:53,363 - INFO - 📄 Scraping document...
2026-02-16 00:52:56,025 - INFO - HTTP Request: GET https://vegzmiigjvetbaqqcukd.supabase.co/rest/v1/lovdata_metadata?select=file_name&file_name=eq.HRSIV_avgjorelse_hr-2026-339-u.xml&limit=1 "HTTP/1.1 200 OK"
2026-02-16 00:52:56,031 - INFO - ⏭️  Skipping existing: HRSIV_avgjorelse_hr-2026-339-u.xml
2026-02-16 00:52:56,336 - INFO - 
   [10/43] Processing document...
2026-02-16 00:52:56,337 - INFO - 📄 Scraping document...
2026-02-16 00:52:58,602 - INFO - HTTP Request: GET https://vegzmiigjvetbaqqcukd.supabase.co/rest/v1/lovdata_metadata?select=file_name&file_name=eq.HRSIV_avgjorelse_hr-2026-334-u.xml&limit=1 "HTTP/1.1 200 OK"
2026-02-16 00:52:58,607 - INFO - ⏭️  Skipping existing: HRSIV_avgjorelse_hr-2026-334-u.xml
2026-02-16 00:52:58,921 - INFO - 
   [11/43] Processing document...
2026-02-16 00:52:58,921 - INFO - 📄 Scraping document...
2026-02-16 00:53:01,350 - INFO - HTTP Request: GET https://vegzmiigjvetbaqqcukd.supabase.co/rest/v1/lovdata_metadata?select=file_name&file_name=eq.HRSTR_avgjorelse_hr-2026-333-u.xml&limit=1 "HTTP/1.1 200 OK"
2026-02-16 00:53:01,354 - INFO - ⏭️  Skipping existing: HRSTR_avgjorelse_hr-2026-333-u.xml
2026-02-16 00:53:01,665 - INFO - 
   [12/43] Processing document...
2026-02-16 00:53:01,665 - INFO - 📄 Scraping document...
2026-02-16 00:53:03,952 - INFO - HTTP Request: GET https://vegzmiigjvetbaqqcukd.supabase.co/rest/v1/lovdata_metadata?select=file_name&file_name=eq.HRSTR_avgjorelse_hr-2026-312-u.xml&limit=1 "HTTP/1.1 200 OK"
2026-02-16 00:53:03,957 - INFO - ⏭️  Skipping existing: HRSTR_avgjorelse_hr-2026-312-u.xml
2026-02-16 00:53:04,263 - INFO - 
   [13/43] Processing document...
2026-02-16 00:53:04,263 - INFO - 📄 Scraping document...
2026-02-16 00:53:06,578 - INFO - HTTP Request: GET https://vegzmiigjvetbaqqcukd.supabase.co/rest/v1/lovdata_metadata?select=file_name&file_name=eq.HRSIV_avgjorelse_hr-2026-296-u.xml&limit=1 "HTTP/1.1 200 OK"
2026-02-16 00:53:06,583 - INFO - ⏭️  Skipping existing: HRSIV_avgjorelse_hr-2026-296-u.xml
2026-02-16 00:53:06,889 - INFO - 
   [14/43] Processing document...
2026-02-16 00:53:06,889 - INFO - 📄 Scraping document...
2026-02-16 00:53:09,244 - INFO - HTTP Request: GET https://vegzmiigjvetbaqqcukd.supabase.co/rest/v1/lovdata_metadata?select=file_name&file_name=eq.LGSIV_avgjorelse_lg-2025-49402.xml&limit=1 "HTTP/1.1 200 OK"
2026-02-16 00:53:09,247 - INFO - ⏭️  Skipping existing: LGSIV_avgjorelse_lg-2025-49402.xml
2026-02-16 00:53:09,551 - INFO - 
   [15/43] Processing document...
2026-02-16 00:53:09,551 - INFO - 📄 Scraping document...
2026-02-16 00:53:11,875 - INFO - HTTP Request: GET https://vegzmiigjvetbaqqcukd.supabase.co/rest/v1/lovdata_metadata?select=file_name&file_name=eq.LGSIV_avgjorelse_lg-2026-18220.xml&limit=1 "HTTP/1.1 200 OK"
2026-02-16 00:53:11,879 - INFO - ⏭️  Skipping existing: LGSIV_avgjorelse_lg-2026-18220.xml
2026-02-16 00:53:12,187 - INFO - 
   [16/43] Processing document...
2026-02-16 00:53:12,187 - INFO - 📄 Scraping document...
2026-02-16 00:53:14,592 - INFO - HTTP Request: GET https://vegzmiigjvetbaqqcukd.supabase.co/rest/v1/lovdata_metadata?select=file_name&file_name=eq.LBSIV_avgjorelse_lb-2025-181309.xml&limit=1 "HTTP/1.1 200 OK"
2026-02-16 00:53:14,597 - INFO - ⏭️  Skipping existing: LBSIV_avgjorelse_lb-2025-181309.xml
2026-02-16 00:53:14,907 - INFO - 
   [17/43] Processing document...
2026-02-16 00:53:14,907 - INFO - 📄 Scraping document...
2026-02-16 00:53:17,248 - INFO - HTTP Request: GET https://vegzmiigjvetbaqqcukd.supabase.co/rest/v1/lovdata_metadata?select=file_name&file_name=eq.LBSIV_avgjorelse_lb-2025-103123.xml&limit=1 "HTTP/1.1 200 OK"
2026-02-16 00:53:17,256 - INFO - ⏭️  Skipping existing: LBSIV_avgjorelse_lb-2025-103123.xml
2026-02-16 00:53:17,565 - INFO - 
   [18/43] Processing document...
2026-02-16 00:53:17,566 - INFO - 📄 Scraping document...
2026-02-16 00:53:19,986 - INFO - HTTP Request: GET https://vegzmiigjvetbaqqcukd.supabase.co/rest/v1/lovdata_metadata?select=file_name&file_name=eq.LBSTR_avgjorelse_lb-2025-101938.xml&limit=1 "HTTP/1.1 200 OK"
2026-02-16 00:53:19,993 - INFO - ⏭️  Skipping existing: LBSTR_avgjorelse_lb-2025-101938.xml
2026-02-16 00:53:20,301 - INFO - 
   [19/43] Processing document...
2026-02-16 00:53:20,301 - INFO - 📄 Scraping document...
2026-02-16 00:53:22,664 - INFO - HTTP Request: GET https://vegzmiigjvetbaqqcukd.supabase.co/rest/v1/lovdata_metadata?select=file_name&file_name=eq.LHSIV_avgjorelse_lh-2026-8272.xml&limit=1 "HTTP/1.1 200 OK"
2026-02-16 00:53:22,668 - INFO - ⏭️  Skipping existing: LHSIV_avgjorelse_lh-2026-8272.xml
2026-02-16 00:53:22,981 - INFO - 
   [20/43] Processing document...
2026-02-16 00:53:22,981 - INFO - 📄 Scraping document...
2026-02-16 00:53:25,279 - INFO - HTTP Request: GET https://vegzmiigjvetbaqqcukd.supabase.co/rest/v1/lovdata_metadata?select=file_name&file_name=eq.LHSTR_avgjorelse_lh-2025-188441.xml&limit=1 "HTTP/1.1 200 OK"
2026-02-16 00:53:25,281 - INFO - ⏭️  Skipping existing: LHSTR_avgjorelse_lh-2025-188441.xml
2026-02-16 00:53:25,590 - INFO - 
   [21/43] Processing document...
2026-02-16 00:53:25,590 - INFO - 📄 Scraping document...
2026-02-16 00:53:27,883 - INFO - HTTP Request: GET https://vegzmiigjvetbaqqcukd.supabase.co/rest/v1/lovdata_metadata?select=file_name&file_name=eq.LGSIV_avgjorelse_lg-2026-16764.xml&limit=1 "HTTP/1.1 200 OK"
2026-02-16 00:53:27,887 - INFO - ⏭️  Skipping existing: LGSIV_avgjorelse_lg-2026-16764.xml
2026-02-16 00:53:28,191 - INFO - 
   [22/43] Processing document...
2026-02-16 00:53:28,191 - INFO - 📄 Scraping document...
2026-02-16 00:53:30,449 - INFO - HTTP Request: GET https://vegzmiigjvetbaqqcukd.supabase.co/rest/v1/lovdata_metadata?select=file_name&file_name=eq.LGSIV_avgjorelse_lg-2026-5180.xml&limit=1 "HTTP/1.1 200 OK"
2026-02-16 00:53:30,452 - INFO - ⏭️  Skipping existing: LGSIV_avgjorelse_lg-2026-5180.xml
2026-02-16 00:53:30,758 - INFO - 
   [23/43] Processing document...
2026-02-16 00:53:30,758 - INFO - 📄 Scraping document...
2026-02-16 00:53:33,115 - INFO - HTTP Request: GET https://vegzmiigjvetbaqqcukd.supabase.co/rest/v1/lovdata_metadata?select=file_name&file_name=eq.LESIV_avgjorelse_le-2025-196437.xml&limit=1 "HTTP/1.1 200 OK"
2026-02-16 00:53:33,118 - INFO - ⏭️  Skipping existing: LESIV_avgjorelse_le-2025-196437.xml
2026-02-16 00:53:33,428 - INFO - 
   [24/43] Processing document...
2026-02-16 00:53:33,428 - INFO - 📄 Scraping document...
2026-02-16 00:53:35,757 - INFO - HTTP Request: GET https://vegzmiigjvetbaqqcukd.supabase.co/rest/v1/lovdata_metadata?select=file_name&file_name=eq.TRSTR_avgjorelse_tnet-2025-201859.xml&limit=1 "HTTP/1.1 200 OK"
2026-02-16 00:53:35,760 - INFO - ⏭️  Skipping existing: TRSTR_avgjorelse_tnet-2025-201859.xml
2026-02-16 00:53:36,063 - INFO - 
   [25/43] Processing document...
2026-02-16 00:53:36,064 - INFO - 📄 Scraping document...
2026-02-16 00:53:38,347 - INFO - HTTP Request: GET https://vegzmiigjvetbaqqcukd.supabase.co/rest/v1/lovdata_metadata?select=file_name&file_name=eq.TRSTR_avgjorelse_thrd-2025-147974.xml&limit=1 "HTTP/1.1 200 OK"
2026-02-16 00:53:38,352 - INFO - ⏭️  Skipping existing: TRSTR_avgjorelse_thrd-2025-147974.xml
2026-02-16 00:53:38,665 - INFO - 
   [26/43] Processing document...
2026-02-16 00:53:38,665 - INFO - 📄 Scraping document...
2026-02-16 00:53:41,045 - INFO - HTTP Request: GET https://vegzmiigjvetbaqqcukd.supabase.co/rest/v1/lovdata_metadata?select=file_name&file_name=eq.TRSTR_avgjorelse_thrd-2025-179533.xml&limit=1 "HTTP/1.1 200 OK"
2026-02-16 00:53:41,050 - INFO - ⏭️  Skipping existing: TRSTR_avgjorelse_thrd-2025-179533.xml
2026-02-16 00:53:41,365 - INFO - 
   [27/43] Processing document...
2026-02-16 00:53:41,365 - INFO - 📄 Scraping document...
2026-02-16 00:53:43,697 - INFO - HTTP Request: GET https://vegzmiigjvetbaqqcukd.supabase.co/rest/v1/lovdata_metadata?select=file_name&file_name=eq.TRSIV_avgjorelse_tosl-2025-206996.xml&limit=1 "HTTP/1.1 200 OK"
2026-02-16 00:53:43,700 - INFO - ⏭️  Skipping existing: TRSIV_avgjorelse_tosl-2025-206996.xml
2026-02-16 00:53:44,013 - INFO - 
   [28/43] Processing document...
2026-02-16 00:53:44,013 - INFO - 📄 Scraping document...
2026-02-16 00:53:46,502 - INFO - HTTP Request: GET https://vegzmiigjvetbaqqcukd.supabase.co/rest/v1/lovdata_metadata?select=file_name&file_name=eq.TRSTR_avgjorelse_tosl-2025-46750.xml&limit=1 "HTTP/1.1 200 OK"
2026-02-16 00:53:46,514 - INFO - ⏭️  Skipping existing: TRSTR_avgjorelse_tosl-2025-46750.xml
2026-02-16 00:53:46,816 - INFO - 
   [29/43] Processing document...
2026-02-16 00:53:46,818 - INFO - 📄 Scraping document...
2026-02-16 00:53:49,201 - INFO - HTTP Request: GET https://vegzmiigjvetbaqqcukd.supabase.co/rest/v1/lovdata_metadata?select=file_name&file_name=eq.TRSIV_avgjorelse_tosl-2025-180124.xml&limit=1 "HTTP/1.1 200 OK"
2026-02-16 00:53:49,205 - INFO - ⏭️  Skipping existing: TRSIV_avgjorelse_tosl-2025-180124.xml
2026-02-16 00:53:49,509 - INFO - 
   [30/43] Processing document...
2026-02-16 00:53:49,509 - INFO - 📄 Scraping document...
2026-02-16 00:53:51,935 - INFO - HTTP Request: GET https://vegzmiigjvetbaqqcukd.supabase.co/rest/v1/lovdata_metadata?select=file_name&file_name=eq.TRSIV_avgjorelse_tosl-2025-3971.xml&limit=1 "HTTP/1.1 200 OK"
2026-02-16 00:53:51,941 - INFO - ⏭️  Skipping existing: TRSIV_avgjorelse_tosl-2025-3971.xml
2026-02-16 00:53:52,249 - INFO - 
   [31/43] Processing document...
2026-02-16 00:53:52,250 - INFO - 📄 Scraping document...
2026-02-16 00:53:54,640 - INFO - HTTP Request: GET https://vegzmiigjvetbaqqcukd.supabase.co/rest/v1/lovdata_metadata?select=file_name&file_name=eq.TRSIV_avgjorelse_tvov-2025-54083.xml&limit=1 "HTTP/1.1 200 OK"
2026-02-16 00:53:54,653 - INFO - ⏭️  Skipping existing: TRSIV_avgjorelse_tvov-2025-54083.xml
2026-02-16 00:53:54,960 - INFO - 
   [32/43] Processing document...
2026-02-16 00:53:54,961 - INFO - 📄 Scraping document...
2026-02-16 00:53:57,227 - INFO - HTTP Request: GET https://vegzmiigjvetbaqqcukd.supabase.co/rest/v1/lovdata_metadata?select=file_name&file_name=eq.TRSIV_avgjorelse_tosl-2025-195280.xml&limit=1 "HTTP/1.1 200 OK"
2026-02-16 00:53:57,236 - INFO - ⏭️  Skipping existing: TRSIV_avgjorelse_tosl-2025-195280.xml
2026-02-16 00:53:57,537 - INFO - 
   [33/43] Processing document...
2026-02-16 00:53:57,537 - INFO - 📄 Scraping document...
2026-02-16 00:54:00,066 - INFO - HTTP Request: GET https://vegzmiigjvetbaqqcukd.supabase.co/rest/v1/lovdata_metadata?select=file_name&file_name=eq.TRSTR_avgjorelse_tgud-2025-196990.xml&limit=1 "HTTP/1.1 200 OK"
2026-02-16 00:54:00,066 - INFO - ⏭️  Skipping existing: TRSTR_avgjorelse_tgud-2025-196990.xml
2026-02-16 00:54:00,369 - INFO - 
   [34/43] Processing document...
2026-02-16 00:54:00,369 - INFO - 📄 Scraping document...
2026-02-16 00:54:02,646 - INFO - HTTP Request: GET https://vegzmiigjvetbaqqcukd.supabase.co/rest/v1/lovdata_metadata?select=file_name&file_name=eq.LTI_forskrift_2026-02-13-200.xml&limit=1 "HTTP/1.1 200 OK"
2026-02-16 00:54:02,663 - INFO - ⏭️  Skipping existing: LTI_forskrift_2026-02-13-200.xml
2026-02-16 00:54:02,977 - INFO - 
   [35/43] Processing document...
2026-02-16 00:54:02,977 - INFO - 📄 Scraping document...
2026-02-16 00:54:05,329 - INFO - HTTP Request: GET https://vegzmiigjvetbaqqcukd.supabase.co/rest/v1/lovdata_metadata?select=file_name&file_name=eq.LTI_forskrift_2026-02-12-199.xml&limit=1 "HTTP/1.1 200 OK"
2026-02-16 00:54:05,335 - INFO - ⏭️  Skipping existing: LTI_forskrift_2026-02-12-199.xml
2026-02-16 00:54:05,643 - INFO - 
   [36/43] Processing document...
2026-02-16 00:54:05,643 - INFO - 📄 Scraping document...
2026-02-16 00:54:08,102 - INFO - HTTP Request: GET https://vegzmiigjvetbaqqcukd.supabase.co/rest/v1/lovdata_metadata?select=file_name&file_name=eq.LTI_forskrift_2026-01-21-198.xml&limit=1 "HTTP/1.1 200 OK"
2026-02-16 00:54:08,118 - INFO - ⏭️  Skipping existing: LTI_forskrift_2026-01-21-198.xml
2026-02-16 00:54:08,426 - INFO - 
   [37/43] Processing document...
2026-02-16 00:54:08,426 - INFO - 📄 Scraping document...
2026-02-16 00:54:10,764 - INFO - HTTP Request: GET https://vegzmiigjvetbaqqcukd.supabase.co/rest/v1/lovdata_metadata?select=file_name&file_name=eq.LTI_forskrift_2026-02-13-197.xml&limit=1 "HTTP/1.1 200 OK"
2026-02-16 00:54:10,768 - INFO - ⏭️  Skipping existing: LTI_forskrift_2026-02-13-197.xml
2026-02-16 00:54:11,081 - INFO - 
   [38/43] Processing document...
2026-02-16 00:54:11,081 - INFO - 📄 Scraping document...
2026-02-16 00:54:13,457 - INFO - HTTP Request: GET https://vegzmiigjvetbaqqcukd.supabase.co/rest/v1/lovdata_metadata?select=file_name&file_name=eq.LTI_lov_2026-02-13-6.xml&limit=1 "HTTP/1.1 200 OK"
2026-02-16 00:54:13,457 - INFO - ⏭️  Skipping existing: LTI_lov_2026-02-13-6.xml
2026-02-16 00:54:13,767 - INFO - 
   [39/43] Processing document...
2026-02-16 00:54:13,767 - INFO - 📄 Scraping document...
2026-02-16 00:54:16,088 - INFO - HTTP Request: GET https://vegzmiigjvetbaqqcukd.supabase.co/rest/v1/lovdata_metadata?select=file_name&file_name=eq.LTI_lov_2026-02-13-5.xml&limit=1 "HTTP/1.1 200 OK"
2026-02-16 00:54:16,093 - INFO - ⏭️  Skipping existing: LTI_lov_2026-02-13-5.xml
2026-02-16 00:54:16,394 - INFO - 
   [40/43] Processing document...
2026-02-16 00:54:16,394 - INFO - 📄 Scraping document...
2026-02-16 00:54:18,698 - INFO - HTTP Request: GET https://vegzmiigjvetbaqqcukd.supabase.co/rest/v1/lovdata_metadata?select=file_name&file_name=eq.LTI_forskrift_2026-02-12-196.xml&limit=1 "HTTP/1.1 200 OK"
2026-02-16 00:54:18,702 - INFO - ⏭️  Skipping existing: LTI_forskrift_2026-02-12-196.xml
2026-02-16 00:54:19,012 - INFO - 
   [41/43] Processing document...
2026-02-16 00:54:19,012 - INFO - 📄 Scraping document...
2026-02-16 00:54:21,338 - INFO - HTTP Request: GET https://vegzmiigjvetbaqqcukd.supabase.co/rest/v1/lovdata_metadata?select=file_name&file_name=eq.LTI_forskrift_2026-02-12-195.xml&limit=1 "HTTP/1.1 200 OK"
2026-02-16 00:54:21,341 - INFO - ⏭️  Skipping existing: LTI_forskrift_2026-02-12-195.xml
2026-02-16 00:54:21,647 - INFO - 
   [42/43] Processing document...
2026-02-16 00:54:21,647 - INFO - 📄 Scraping document...
2026-02-16 00:54:24,099 - INFO - HTTP Request: GET https://vegzmiigjvetbaqqcukd.supabase.co/rest/v1/lovdata_metadata?select=file_name&file_name=eq.LTI_forskrift_2026-02-11-194.xml&limit=1 "HTTP/1.1 200 OK"
2026-02-16 00:54:24,104 - INFO - ⏭️  Skipping existing: LTI_forskrift_2026-02-11-194.xml
2026-02-16 00:54:24,412 - INFO - 
   [43/43] Processing document...
2026-02-16 00:54:24,412 - INFO - 📄 Scraping document...
2026-02-16 00:54:26,763 - INFO - HTTP Request: GET https://vegzmiigjvetbaqqcukd.supabase.co/rest/v1/lovdata_metadata?select=file_name&file_name=eq.LTI_forskrift_2026-02-09-193.xml&limit=1 "HTTP/1.1 200 OK"
2026-02-16 00:54:26,772 - INFO - ⏭️  Skipping existing: LTI_forskrift_2026-02-09-193.xml
2026-02-16 00:54:27,073 - INFO - 
✅ Completed area: Labor_Law
2026-02-16 00:54:27,073 - INFO - 
======================================================================
2026-02-16 00:54:27,073 - INFO - [2/38] Work_Environment
2026-02-16 00:54:27,073 - INFO - ======================================================================
2026-02-16 00:54:27,074 - INFO -    Norwegian: arbeidsmiljo
2026-02-16 00:54:27,074 - INFO -    🔗 https://lovdata.no/pro/#rettsomrade/arbeidsmiljo
2026-02-16 00:54:27,074 - INFO - 📂 Navigating to: https://lovdata.no/pro/#rettsomrade/arbeidsmiljo
2026-02-16 00:54:33,100 - INFO -    📄 Scraping page 1
2026-02-16 00:54:33,726 - INFO -    📎 Total collected so far: 43
2026-02-16 00:54:33,742 - INFO -    ✅ No next page found
2026-02-16 00:54:33,743 - INFO -    🎉 Finished. Found 43 documents.
2026-02-16 00:54:33,743 - INFO - 🚀 Processing 43 documents
2026-02-16 00:54:33,744 - INFO - 
   [1/43] Processing document...
2026-02-16 00:54:33,744 - INFO - 📄 Scraping document...
2026-02-16 00:54:36,835 - INFO - HTTP Request: GET https://vegzmiigjvetbaqqcukd.supabase.co/rest/v1/lovdata_metadata?select=file_name&file_name=eq.NL_lov_2007-06-15-40_C2_A744.xml&limit=1 "HTTP/1.1 200 OK"
2026-02-16 00:54:36,839 - INFO - ⏭️  Skipping existing: NL_lov_2007-06-15-40_C2_A744.xml
2026-02-16 00:54:37,155 - INFO - 
   [2/43] Processing document...
2026-02-16 00:54:37,155 - INFO - 📄 Scraping document...
2026-02-16 00:54:39,800 - INFO - HTTP Request: GET https://vegzmiigjvetbaqqcukd.supabase.co/rest/v1/lovdata_metadata?select=file_name&file_name=eq.NL_lov_2025-03-28-5.xml&limit=1 "HTTP/1.1 200 OK"
2026-02-16 00:54:39,804 - INFO - ⏭️  Skipping existing: NL_lov_2025-03-28-5.xml
2026-02-16 00:54:40,117 - INFO - 
   [3/43] Processing document...
2026-02-16 00:54:40,118 - INFO - 📄 Scraping document...
2026-02-16 00:54:42,568 - INFO - HTTP Request: GET https://vegzmiigjvetbaqqcukd.supabase.co/rest/v1/lovdata_metadata?select=file_name&file_name=eq.NL_lov_2007-06-15-40_C2_A79.xml&limit=1 "HTTP/1.1 200 OK"
2026-02-16 00:54:42,571 - INFO - ⏭️  Skipping existing: NL_lov_2007-06-15-40_C2_A79.xml
2026-02-16 00:54:42,873 - INFO - 
   [4/43] Processing document...
2026-02-16 00:54:42,874 - INFO - 📄 Scraping document...
2026-02-16 00:54:45,274 - INFO - HTTP Request: GET https://vegzmiigjvetbaqqcukd.supabase.co/rest/v1/lovdata_metadata?select=file_name&file_name=eq.HRSTR_avgjorelse_hr-2026-373-a.xml&limit=1 "HTTP/1.1 200 OK"
2026-02-16 00:54:45,277 - INFO - ⏭️  Skipping existing: HRSTR_avgjorelse_hr-2026-373-a.xml
2026-02-16 00:54:45,587 - INFO - 
   [5/43] Processing document...
2026-02-16 00:54:45,587 - INFO - 📄 Scraping document...
2026-02-16 00:54:47,975 - INFO - HTTP Request: GET https://vegzmiigjvetbaqqcukd.supabase.co/rest/v1/lovdata_metadata?select=file_name&file_name=eq.HRSIV_avgjorelse_hr-2026-372-a.xml&limit=1 "HTTP/1.1 200 OK"
2026-02-16 00:54:47,979 - INFO - ⏭️  Skipping existing: HRSIV_avgjorelse_hr-2026-372-a.xml
2026-02-16 00:54:48,285 - INFO - 
   [6/43] Processing document...
2026-02-16 00:54:48,285 - INFO - 📄 Scraping document...
2026-02-16 00:54:50,658 - INFO - HTTP Request: GET https://vegzmiigjvetbaqqcukd.supabase.co/rest/v1/lovdata_metadata?select=file_name&file_name=eq.HRSTR_avgjorelse_hr-2026-359-u.xml&limit=1 "HTTP/1.1 200 OK"
2026-02-16 00:54:50,662 - INFO - ⏭️  Skipping existing: HRSTR_avgjorelse_hr-2026-359-u.xml
2026-02-16 00:54:50,967 - INFO - 
   [7/43] Processing document...
2026-02-16 00:54:50,968 - INFO - 📄 Scraping document...
2026-02-16 00:54:53,383 - INFO - HTTP Request: GET https://vegzmiigjvetbaqqcukd.supabase.co/rest/v1/lovdata_metadata?select=file_name&file_name=eq.HRSIV_avgjorelse_hr-2026-346-u.xml&limit=1 "HTTP/1.1 200 OK"
2026-02-16 00:54:53,388 - INFO - ⏭️  Skipping existing: HRSIV_avgjorelse_hr-2026-346-u.xml
2026-02-16 00:54:53,693 - INFO - 
   [8/43] Processing document...
2026-02-16 00:54:53,693 - INFO - 📄 Scraping document...
2026-02-16 00:54:56,227 - INFO - HTTP Request: GET https://vegzmiigjvetbaqqcukd.supabase.co/rest/v1/lovdata_metadata?select=file_name&file_name=eq.HRSTR_avgjorelse_hr-2026-344-u.xml&limit=1 "HTTP/1.1 200 OK"
2026-02-16 00:54:56,230 - INFO - ⏭️  Skipping existing: HRSTR_avgjorelse_hr-2026-344-u.xml
2026-02-16 00:54:56,543 - INFO - 
   [9/43] Processing document...
2026-02-16 00:54:56,544 - INFO - 📄 Scraping document...
2026-02-16 00:54:58,941 - INFO - HTTP Request: GET https://vegzmiigjvetbaqqcukd.supabase.co/rest/v1/lovdata_metadata?select=file_name&file_name=eq.HRSIV_avgjorelse_hr-2026-339-u.xml&limit=1 "HTTP/1.1 200 OK"
2026-02-16 00:54:58,946 - INFO - ⏭️  Skipping existing: HRSIV_avgjorelse_hr-2026-339-u.xml
2026-02-16 00:54:59,258 - INFO - 
   [10/43] Processing document...
2026-02-16 00:54:59,258 - INFO - 📄 Scraping document...
2026-02-16 00:55:01,644 - INFO - HTTP Request: GET https://vegzmiigjvetbaqqcukd.supabase.co/rest/v1/lovdata_metadata?select=file_name&file_name=eq.HRSIV_avgjorelse_hr-2026-334-u.xml&limit=1 "HTTP/1.1 200 OK"
2026-02-16 00:55:01,648 - INFO - ⏭️  Skipping existing: HRSIV_avgjorelse_hr-2026-334-u.xml
2026-02-16 00:55:01,958 - INFO - 
   [11/43] Processing document...
2026-02-16 00:55:01,958 - INFO - 📄 Scraping document...
2026-02-16 00:55:04,436 - INFO - HTTP Request: GET https://vegzmiigjvetbaqqcukd.supabase.co/rest/v1/lovdata_metadata?select=file_name&file_name=eq.HRSTR_avgjorelse_hr-2026-333-u.xml&limit=1 "HTTP/1.1 200 OK"
2026-02-16 00:55:04,440 - INFO - ⏭️  Skipping existing: HRSTR_avgjorelse_hr-2026-333-u.xml
2026-02-16 00:55:04,746 - INFO - 
   [12/43] Processing document...
2026-02-16 00:55:04,747 - INFO - 📄 Scraping document...
2026-02-16 00:55:07,087 - INFO - HTTP Request: GET https://vegzmiigjvetbaqqcukd.supabase.co/rest/v1/lovdata_metadata?select=file_name&file_name=eq.HRSTR_avgjorelse_hr-2026-312-u.xml&limit=1 "HTTP/1.1 200 OK"
2026-02-16 00:55:07,094 - INFO - ⏭️  Skipping existing: HRSTR_avgjorelse_hr-2026-312-u.xml
2026-02-16 00:55:07,404 - INFO - 
   [13/43] Processing document...
2026-02-16 00:55:07,404 - INFO - 📄 Scraping document...
2026-02-16 00:55:09,774 - INFO - HTTP Request: GET https://vegzmiigjvetbaqqcukd.supabase.co/rest/v1/lovdata_metadata?select=file_name&file_name=eq.HRSIV_avgjorelse_hr-2026-296-u.xml&limit=1 "HTTP/1.1 200 OK"
2026-02-16 00:55:09,779 - INFO - ⏭️  Skipping existing: HRSIV_avgjorelse_hr-2026-296-u.xml
2026-02-16 00:55:10,084 - INFO - 
   [14/43] Processing document...
2026-02-16 00:55:10,084 - INFO - 📄 Scraping document...
2026-02-16 00:55:12,519 - INFO - HTTP Request: GET https://vegzmiigjvetbaqqcukd.supabase.co/rest/v1/lovdata_metadata?select=file_name&file_name=eq.LGSIV_avgjorelse_lg-2025-49402.xml&limit=1 "HTTP/1.1 200 OK"
2026-02-16 00:55:12,528 - INFO - ⏭️  Skipping existing: LGSIV_avgjorelse_lg-2025-49402.xml
2026-02-16 00:55:12,832 - INFO - 
   [15/43] Processing document...
2026-02-16 00:55:12,832 - INFO - 📄 Scraping document...
2026-02-16 00:55:15,219 - INFO - HTTP Request: GET https://vegzmiigjvetbaqqcukd.supabase.co/rest/v1/lovdata_metadata?select=file_name&file_name=eq.LGSIV_avgjorelse_lg-2026-18220.xml&limit=1 "HTTP/1.1 200 OK"
2026-02-16 00:55:15,229 - INFO - ⏭️  Skipping existing: LGSIV_avgjorelse_lg-2026-18220.xml
2026-02-16 00:55:15,536 - INFO - 
   [16/43] Processing document...
2026-02-16 00:55:15,537 - INFO - 📄 Scraping document...
2026-02-16 00:55:17,949 - INFO - HTTP Request: GET https://vegzmiigjvetbaqqcukd.supabase.co/rest/v1/lovdata_metadata?select=file_name&file_name=eq.LBSIV_avgjorelse_lb-2025-181309.xml&limit=1 "HTTP/1.1 200 OK"
2026-02-16 00:55:17,957 - INFO - ⏭️  Skipping existing: LBSIV_avgjorelse_lb-2025-181309.xml
2026-02-16 00:55:18,257 - INFO - 
   [17/43] Processing document...
2026-02-16 00:55:18,258 - INFO - 📄 Scraping document...
2026-02-16 00:55:20,825 - INFO - HTTP Request: GET https://vegzmiigjvetbaqqcukd.supabase.co/rest/v1/lovdata_metadata?select=file_name&file_name=eq.LBSIV_avgjorelse_lb-2025-103123.xml&limit=1 "HTTP/1.1 200 OK"
2026-02-16 00:55:20,830 - INFO - ⏭️  Skipping existing: LBSIV_avgjorelse_lb-2025-103123.xml
2026-02-16 00:55:21,135 - INFO - 
   [18/43] Processing document...
2026-02-16 00:55:21,135 - INFO - 📄 Scraping document...
2026-02-16 00:55:23,516 - INFO - HTTP Request: GET https://vegzmiigjvetbaqqcukd.supabase.co/rest/v1/lovdata_metadata?select=file_name&file_name=eq.LBSTR_avgjorelse_lb-2025-101938.xml&limit=1 "HTTP/1.1 200 OK"
2026-02-16 00:55:23,522 - INFO - ⏭️  Skipping existing: LBSTR_avgjorelse_lb-2025-101938.xml
2026-02-16 00:55:23,830 - INFO - 
   [19/43] Processing document...
2026-02-16 00:55:23,830 - INFO - 📄 Scraping document...
2026-02-16 00:55:26,354 - INFO - HTTP Request: GET https://vegzmiigjvetbaqqcukd.supabase.co/rest/v1/lovdata_metadata?select=file_name&file_name=eq.LHSIV_avgjorelse_lh-2026-8272.xml&limit=1 "HTTP/1.1 200 OK"
2026-02-16 00:55:26,359 - INFO - ⏭️  Skipping existing: LHSIV_avgjorelse_lh-2026-8272.xml
2026-02-16 00:55:26,670 - INFO - 
   [20/43] Processing document...
2026-02-16 00:55:26,670 - INFO - 📄 Scraping document...
2026-02-16 00:55:29,063 - INFO - HTTP Request: GET https://vegzmiigjvetbaqqcukd.supabase.co/rest/v1/lovdata_metadata?select=file_name&file_name=eq.LHSTR_avgjorelse_lh-2025-188441.xml&limit=1 "HTTP/1.1 200 OK"
2026-02-16 00:55:29,087 - INFO - ⏭️  Skipping existing: LHSTR_avgjorelse_lh-2025-188441.xml
2026-02-16 00:55:29,399 - INFO - 
   [21/43] Processing document...
2026-02-16 00:55:29,400 - INFO - 📄 Scraping document...
2026-02-16 00:55:31,685 - INFO - HTTP Request: GET https://vegzmiigjvetbaqqcukd.supabase.co/rest/v1/lovdata_metadata?select=file_name&file_name=eq.LGSIV_avgjorelse_lg-2026-16764.xml&limit=1 "HTTP/1.1 200 OK"
2026-02-16 00:55:31,689 - INFO - ⏭️  Skipping existing: LGSIV_avgjorelse_lg-2026-16764.xml
2026-02-16 00:55:31,995 - INFO - 
   [22/43] Processing document...
2026-02-16 00:55:31,995 - INFO - 📄 Scraping document...
2026-02-16 00:55:34,440 - INFO - HTTP Request: GET https://vegzmiigjvetbaqqcukd.supabase.co/rest/v1/lovdata_metadata?select=file_name&file_name=eq.LGSIV_avgjorelse_lg-2026-5180.xml&limit=1 "HTTP/1.1 200 OK"
2026-02-16 00:55:34,443 - INFO - ⏭️  Skipping existing: LGSIV_avgjorelse_lg-2026-5180.xml
2026-02-16 00:55:34,758 - INFO - 
   [23/43] Processing document...
2026-02-16 00:55:34,760 - INFO - 📄 Scraping document...
2026-02-16 00:55:37,118 - INFO - HTTP Request: GET https://vegzmiigjvetbaqqcukd.supabase.co/rest/v1/lovdata_metadata?select=file_name&file_name=eq.LESIV_avgjorelse_le-2025-196437.xml&limit=1 "HTTP/1.1 200 OK"
2026-02-16 00:55:37,123 - INFO - ⏭️  Skipping existing: LESIV_avgjorelse_le-2025-196437.xml
2026-02-16 00:55:37,435 - INFO - 
   [24/43] Processing document...
2026-02-16 00:55:37,436 - INFO - 📄 Scraping document...
2026-02-16 00:55:39,839 - INFO - HTTP Request: GET https://vegzmiigjvetbaqqcukd.supabase.co/rest/v1/lovdata_metadata?select=file_name&file_name=eq.TRSTR_avgjorelse_tnet-2025-201859.xml&limit=1 "HTTP/1.1 200 OK"
2026-02-16 00:55:39,841 - INFO - ⏭️  Skipping existing: TRSTR_avgjorelse_tnet-2025-201859.xml
2026-02-16 00:55:40,149 - INFO - 
   [25/43] Processing document...
2026-02-16 00:55:40,150 - INFO - 📄 Scraping document...
2026-02-16 00:55:42,699 - INFO - HTTP Request: GET https://vegzmiigjvetbaqqcukd.supabase.co/rest/v1/lovdata_metadata?select=file_name&file_name=eq.TRSTR_avgjorelse_thrd-2025-147974.xml&limit=1 "HTTP/1.1 200 OK"
2026-02-16 00:55:42,702 - INFO - ⏭️  Skipping existing: TRSTR_avgjorelse_thrd-2025-147974.xml
2026-02-16 00:55:43,011 - INFO - 
   [26/43] Processing document...
2026-02-16 00:55:43,011 - INFO - 📄 Scraping document...
2026-02-16 00:55:45,344 - INFO - HTTP Request: GET https://vegzmiigjvetbaqqcukd.supabase.co/rest/v1/lovdata_metadata?select=file_name&file_name=eq.TRSTR_avgjorelse_thrd-2025-179533.xml&limit=1 "HTTP/1.1 200 OK"
2026-02-16 00:55:45,347 - INFO - ⏭️  Skipping existing: TRSTR_avgjorelse_thrd-2025-179533.xml
2026-02-16 00:55:45,657 - INFO - 
   [27/43] Processing document...
2026-02-16 00:55:45,659 - INFO - 📄 Scraping document...
2026-02-16 00:55:48,085 - INFO - HTTP Request: GET https://vegzmiigjvetbaqqcukd.supabase.co/rest/v1/lovdata_metadata?select=file_name&file_name=eq.TRSIV_avgjorelse_tosl-2025-206996.xml&limit=1 "HTTP/1.1 200 OK"
2026-02-16 00:55:48,088 - INFO - ⏭️  Skipping existing: TRSIV_avgjorelse_tosl-2025-206996.xml
2026-02-16 00:55:48,398 - INFO - 
   [28/43] Processing document...
2026-02-16 00:55:48,399 - INFO - 📄 Scraping document...
2026-02-16 00:55:50,927 - INFO - HTTP Request: GET https://vegzmiigjvetbaqqcukd.supabase.co/rest/v1/lovdata_metadata?select=file_name&file_name=eq.TRSTR_avgjorelse_tosl-2025-46750.xml&limit=1 "HTTP/1.1 200 OK"
2026-02-16 00:55:50,932 - INFO - ⏭️  Skipping existing: TRSTR_avgjorelse_tosl-2025-46750.xml
2026-02-16 00:55:51,245 - INFO - 
   [29/43] Processing document...
2026-02-16 00:55:51,245 - INFO - 📄 Scraping document...
2026-02-16 00:55:53,770 - INFO - HTTP Request: GET https://vegzmiigjvetbaqqcukd.supabase.co/rest/v1/lovdata_metadata?select=file_name&file_name=eq.TRSIV_avgjorelse_tosl-2025-180124.xml&limit=1 "HTTP/1.1 200 OK"
2026-02-16 00:55:53,773 - INFO - ⏭️  Skipping existing: TRSIV_avgjorelse_tosl-2025-180124.xml
2026-02-16 00:55:54,082 - INFO - 
   [30/43] Processing document...
2026-02-16 00:55:54,082 - INFO - 📄 Scraping document...
2026-02-16 00:55:56,471 - INFO - HTTP Request: GET https://vegzmiigjvetbaqqcukd.supabase.co/rest/v1/lovdata_metadata?select=file_name&file_name=eq.TRSIV_avgjorelse_tosl-2025-3971.xml&limit=1 "HTTP/1.1 200 OK"
2026-02-16 00:55:56,473 - INFO - ⏭️  Skipping existing: TRSIV_avgjorelse_tosl-2025-3971.xml
2026-02-16 00:55:56,789 - INFO - 
   [31/43] Processing document...
2026-02-16 00:55:56,789 - INFO - 📄 Scraping document...
2026-02-16 00:55:59,117 - INFO - HTTP Request: GET https://vegzmiigjvetbaqqcukd.supabase.co/rest/v1/lovdata_metadata?select=file_name&file_name=eq.TRSIV_avgjorelse_tvov-2025-54083.xml&limit=1 "HTTP/1.1 200 OK"
2026-02-16 00:55:59,122 - INFO - ⏭️  Skipping existing: TRSIV_avgjorelse_tvov-2025-54083.xml
2026-02-16 00:55:59,424 - INFO - 
   [32/43] Processing document...
2026-02-16 00:55:59,424 - INFO - 📄 Scraping document...
2026-02-16 00:56:01,805 - INFO - HTTP Request: GET https://vegzmiigjvetbaqqcukd.supabase.co/rest/v1/lovdata_metadata?select=file_name&file_name=eq.TRSIV_avgjorelse_tosl-2025-195280.xml&limit=1 "HTTP/1.1 200 OK"
2026-02-16 00:56:01,809 - INFO - ⏭️  Skipping existing: TRSIV_avgjorelse_tosl-2025-195280.xml
2026-02-16 00:56:02,120 - INFO - 
   [33/43] Processing document...
2026-02-16 00:56:02,120 - INFO - 📄 Scraping document...
2026-02-16 00:56:04,489 - INFO - HTTP Request: GET https://vegzmiigjvetbaqqcukd.supabase.co/rest/v1/lovdata_metadata?select=file_name&file_name=eq.TRSTR_avgjorelse_tgud-2025-196990.xml&limit=1 "HTTP/1.1 200 OK"
2026-02-16 00:56:04,495 - INFO - ⏭️  Skipping existing: TRSTR_avgjorelse_tgud-2025-196990.xml
2026-02-16 00:56:04,810 - INFO - 
   [34/43] Processing document...
2026-02-16 00:56:04,811 - INFO - 📄 Scraping document...
2026-02-16 00:56:07,124 - INFO - HTTP Request: GET https://vegzmiigjvetbaqqcukd.supabase.co/rest/v1/lovdata_metadata?select=file_name&file_name=eq.LTI_forskrift_2026-02-13-200.xml&limit=1 "HTTP/1.1 200 OK"
2026-02-16 00:56:07,136 - INFO - ⏭️  Skipping existing: LTI_forskrift_2026-02-13-200.xml
2026-02-16 00:56:07,448 - INFO - 
   [35/43] Processing document...
2026-02-16 00:56:07,448 - INFO - 📄 Scraping document...
2026-02-16 00:56:09,833 - INFO - HTTP Request: GET https://vegzmiigjvetbaqqcukd.supabase.co/rest/v1/lovdata_metadata?select=file_name&file_name=eq.LTI_forskrift_2026-02-12-199.xml&limit=1 "HTTP/1.1 200 OK"
2026-02-16 00:56:09,838 - INFO - ⏭️  Skipping existing: LTI_forskrift_2026-02-12-199.xml
2026-02-16 00:56:10,146 - INFO - 
   [36/43] Processing document...
2026-02-16 00:56:10,146 - INFO - 📄 Scraping document...
2026-02-16 00:56:12,635 - INFO - HTTP Request: GET https://vegzmiigjvetbaqqcukd.supabase.co/rest/v1/lovdata_metadata?select=file_name&file_name=eq.LTI_forskrift_2026-01-21-198.xml&limit=1 "HTTP/1.1 200 OK"
2026-02-16 00:56:12,637 - INFO - ⏭️  Skipping existing: LTI_forskrift_2026-01-21-198.xml
2026-02-16 00:56:12,946 - INFO - 
   [37/43] Processing document...
2026-02-16 00:56:12,946 - INFO - 📄 Scraping document...
2026-02-16 00:56:15,352 - INFO - HTTP Request: GET https://vegzmiigjvetbaqqcukd.supabase.co/rest/v1/lovdata_metadata?select=file_name&file_name=eq.LTI_forskrift_2026-02-13-197.xml&limit=1 "HTTP/1.1 200 OK"
2026-02-16 00:56:15,352 - INFO - ⏭️  Skipping existing: LTI_forskrift_2026-02-13-197.xml
2026-02-16 00:56:15,662 - INFO - 
   [38/43] Processing document...
2026-02-16 00:56:15,662 - INFO - 📄 Scraping document...
2026-02-16 00:56:18,174 - INFO - HTTP Request: GET https://vegzmiigjvetbaqqcukd.supabase.co/rest/v1/lovdata_metadata?select=file_name&file_name=eq.LTI_lov_2026-02-13-6.xml&limit=1 "HTTP/1.1 200 OK"
2026-02-16 00:56:18,188 - INFO - ⏭️  Skipping existing: LTI_lov_2026-02-13-6.xml
2026-02-16 00:56:18,503 - INFO - 
   [39/43] Processing document...
2026-02-16 00:56:18,503 - INFO - 📄 Scraping document...
2026-02-16 00:56:21,134 - INFO - HTTP Request: GET https://vegzmiigjvetbaqqcukd.supabase.co/rest/v1/lovdata_metadata?select=file_name&file_name=eq.LTI_lov_2026-02-13-5.xml&limit=1 "HTTP/1.1 200 OK"
2026-02-16 00:56:21,137 - INFO - ⏭️  Skipping existing: LTI_lov_2026-02-13-5.xml
2026-02-16 00:56:21,449 - INFO - 
   [40/43] Processing document...
2026-02-16 00:56:21,449 - INFO - 📄 Scraping document...
2026-02-16 00:56:23,919 - INFO - HTTP Request: GET https://vegzmiigjvetbaqqcukd.supabase.co/rest/v1/lovdata_metadata?select=file_name&file_name=eq.LTI_forskrift_2026-02-12-196.xml&limit=1 "HTTP/1.1 200 OK"
2026-02-16 00:56:23,924 - INFO - ⏭️  Skipping existing: LTI_forskrift_2026-02-12-196.xml
2026-02-16 00:56:24,239 - INFO - 
   [41/43] Processing document...
2026-02-16 00:56:24,239 - INFO - 📄 Scraping document...
2026-02-16 00:56:26,686 - INFO - HTTP Request: GET https://vegzmiigjvetbaqqcukd.supabase.co/rest/v1/lovdata_metadata?select=file_name&file_name=eq.LTI_forskrift_2026-02-12-195.xml&limit=1 "HTTP/1.1 200 OK"
2026-02-16 00:56:26,686 - INFO - ⏭️  Skipping existing: LTI_forskrift_2026-02-12-195.xml
2026-02-16 00:56:26,994 - INFO - 
   [42/43] Processing document...
2026-02-16 00:56:26,994 - INFO - 📄 Scraping document...
2026-02-16 00:56:29,329 - INFO - HTTP Request: GET https://vegzmiigjvetbaqqcukd.supabase.co/rest/v1/lovdata_metadata?select=file_name&file_name=eq.LTI_forskrift_2026-02-11-194.xml&limit=1 "HTTP/1.1 200 OK"
2026-02-16 00:56:29,332 - INFO - ⏭️  Skipping existing: LTI_forskrift_2026-02-11-194.xml
2026-02-16 00:56:29,646 - INFO - 
   [43/43] Processing document...
2026-02-16 00:56:29,646 - INFO - 📄 Scraping document...
2026-02-16 00:56:32,296 - INFO - HTTP Request: GET https://vegzmiigjvetbaqqcukd.supabase.co/rest/v1/lovdata_metadata?select=file_name&file_name=eq.LTI_forskrift_2026-02-09-193.xml&limit=1 "HTTP/1.1 200 OK"
2026-02-16 00:56:32,300 - INFO - ⏭️  Skipping existing: LTI_forskrift_2026-02-09-193.xml
2026-02-16 00:56:32,602 - INFO - 
✅ Completed area: Work_Environment
2026-02-16 00:56:32,602 - INFO - 
======================================================================
2026-02-16 00:56:32,602 - INFO - [3/38] Social_Security_Law
2026-02-16 00:56:32,602 - INFO - ======================================================================
2026-02-16 00:56:32,602 - INFO -    Norwegian: trygderett
2026-02-16 00:56:32,602 - INFO -    🔗 https://lovdata.no/pro/#rettsomrade/trygderett
2026-02-16 00:56:32,602 - INFO - 📂 Navigating to: https://lovdata.no/pro/#rettsomrade/trygderett
2026-02-16 00:56:38,618 - INFO -    📄 Scraping page 1
2026-02-16 00:56:39,273 - INFO -    📎 Total collected so far: 43
2026-02-16 00:56:39,290 - INFO -    ✅ No next page found
2026-02-16 00:56:39,291 - INFO -    🎉 Finished. Found 43 documents.
2026-02-16 00:56:39,291 - INFO - 🚀 Processing 43 documents
2026-02-16 00:56:39,291 - INFO - 
   [1/43] Processing document...
2026-02-16 00:56:39,293 - INFO - 📄 Scraping document...
2026-02-16 00:56:42,022 - INFO - HTTP Request: GET https://vegzmiigjvetbaqqcukd.supabase.co/rest/v1/lovdata_metadata?select=file_name&file_name=eq.NL_lov_2007-06-15-40_C2_A744.xml&limit=1 "HTTP/1.1 200 OK"
2026-02-16 00:56:42,031 - INFO - ⏭️  Skipping existing: NL_lov_2007-06-15-40_C2_A744.xml
2026-02-16 00:56:42,344 - INFO - 
   [2/43] Processing document...
2026-02-16 00:56:42,344 - INFO - 📄 Scraping document...
2026-02-16 00:56:45,560 - INFO - HTTP Request: GET https://vegzmiigjvetbaqqcukd.supabase.co/rest/v1/lovdata_metadata?select=file_name&file_name=eq.NL_lov_2025-03-28-5.xml&limit=1 "HTTP/1.1 200 OK"
2026-02-16 00:56:45,563 - INFO - ⏭️  Skipping existing: NL_lov_2025-03-28-5.xml
2026-02-16 00:56:45,875 - INFO - 
   [3/43] Processing document...
2026-02-16 00:56:45,875 - INFO - 📄 Scraping document...
2026-02-16 00:56:48,235 - INFO - HTTP Request: GET https://vegzmiigjvetbaqqcukd.supabase.co/rest/v1/lovdata_metadata?select=file_name&file_name=eq.NL_lov_2007-06-15-40_C2_A79.xml&limit=1 "HTTP/1.1 200 OK"
2026-02-16 00:56:48,238 - INFO - ⏭️  Skipping existing: NL_lov_2007-06-15-40_C2_A79.xml
2026-02-16 00:56:48,549 - INFO - 
   [4/43] Processing document...
2026-02-16 00:56:48,550 - INFO - 📄 Scraping document...
2026-02-16 00:56:51,550 - INFO - HTTP Request: GET https://vegzmiigjvetbaqqcukd.supabase.co/rest/v1/lovdata_metadata?select=file_name&file_name=eq.HRSTR_avgjorelse_hr-2026-373-a.xml&limit=1 "HTTP/1.1 200 OK"
2026-02-16 00:56:51,556 - INFO - ⏭️  Skipping existing: HRSTR_avgjorelse_hr-2026-373-a.xml
2026-02-16 00:56:51,859 - INFO - 
   [5/43] Processing document...
2026-02-16 00:56:51,859 - INFO - 📄 Scraping document...
2026-02-16 00:56:54,227 - INFO - HTTP Request: GET https://vegzmiigjvetbaqqcukd.supabase.co/rest/v1/lovdata_metadata?select=file_name&file_name=eq.HRSIV_avgjorelse_hr-2026-372-a.xml&limit=1 "HTTP/1.1 200 OK"
2026-02-16 00:56:54,238 - INFO - ⏭️  Skipping existing: HRSIV_avgjorelse_hr-2026-372-a.xml
2026-02-16 00:56:54,540 - INFO - 
   [6/43] Processing document...
2026-02-16 00:56:54,540 - INFO - 📄 Scraping document...
2026-02-16 00:56:57,193 - INFO - HTTP Request: GET https://vegzmiigjvetbaqqcukd.supabase.co/rest/v1/lovdata_metadata?select=file_name&file_name=eq.HRSTR_avgjorelse_hr-2026-359-u.xml&limit=1 "HTTP/1.1 200 OK"
2026-02-16 00:56:57,206 - INFO - ⏭️  Skipping existing: HRSTR_avgjorelse_hr-2026-359-u.xml
2026-02-16 00:56:57,510 - INFO - 
   [7/43] Processing document...
2026-02-16 00:56:57,510 - INFO - 📄 Scraping document...
2026-02-16 00:56:59,862 - INFO - HTTP Request: GET https://vegzmiigjvetbaqqcukd.supabase.co/rest/v1/lovdata_metadata?select=file_name&file_name=eq.HRSIV_avgjorelse_hr-2026-346-u.xml&limit=1 "HTTP/1.1 200 OK"
2026-02-16 00:56:59,869 - INFO - ⏭️  Skipping existing: HRSIV_avgjorelse_hr-2026-346-u.xml
2026-02-16 00:57:00,182 - INFO - 
   [8/43] Processing document...
2026-02-16 00:57:00,182 - INFO - 📄 Scraping document...
2026-02-16 00:57:02,608 - INFO - HTTP Request: GET https://vegzmiigjvetbaqqcukd.supabase.co/rest/v1/lovdata_metadata?select=file_name&file_name=eq.HRSTR_avgjorelse_hr-2026-344-u.xml&limit=1 "HTTP/1.1 200 OK"
2026-02-16 00:57:02,612 - INFO - ⏭️  Skipping existing: HRSTR_avgjorelse_hr-2026-344-u.xml
2026-02-16 00:57:02,928 - INFO - 
   [9/43] Processing document...
2026-02-16 00:57:02,928 - INFO - 📄 Scraping document...
2026-02-16 00:57:05,350 - INFO - HTTP Request: GET https://vegzmiigjvetbaqqcukd.supabase.co/rest/v1/lovdata_metadata?select=file_name&file_name=eq.HRSIV_avgjorelse_hr-2026-339-u.xml&limit=1 "HTTP/1.1 200 OK"
2026-02-16 00:57:05,356 - INFO - ⏭️  Skipping existing: HRSIV_avgjorelse_hr-2026-339-u.xml
2026-02-16 00:57:05,664 - INFO - 
   [10/43] Processing document...
2026-02-16 00:57:05,665 - INFO - 📄 Scraping document...
2026-02-16 00:57:08,024 - INFO - HTTP Request: GET https://vegzmiigjvetbaqqcukd.supabase.co/rest/v1/lovdata_metadata?select=file_name&file_name=eq.HRSIV_avgjorelse_hr-2026-334-u.xml&limit=1 "HTTP/1.1 200 OK"
2026-02-16 00:57:08,028 - INFO - ⏭️  Skipping existing: HRSIV_avgjorelse_hr-2026-334-u.xml
2026-02-16 00:57:08,333 - INFO - 
   [11/43] Processing document...
2026-02-16 00:57:08,333 - INFO - 📄 Scraping document...
2026-02-16 00:57:10,656 - INFO - HTTP Request: GET https://vegzmiigjvetbaqqcukd.supabase.co/rest/v1/lovdata_metadata?select=file_name&file_name=eq.HRSTR_avgjorelse_hr-2026-333-u.xml&limit=1 "HTTP/1.1 200 OK"
2026-02-16 00:57:10,660 - INFO - ⏭️  Skipping existing: HRSTR_avgjorelse_hr-2026-333-u.xml
2026-02-16 00:57:10,962 - INFO - 
   [12/43] Processing document...
2026-02-16 00:57:10,962 - INFO - 📄 Scraping document...
2026-02-16 00:57:13,379 - INFO - HTTP Request: GET https://vegzmiigjvetbaqqcukd.supabase.co/rest/v1/lovdata_metadata?select=file_name&file_name=eq.HRSTR_avgjorelse_hr-2026-312-u.xml&limit=1 "HTTP/1.1 200 OK"
2026-02-16 00:57:13,385 - INFO - ⏭️  Skipping existing: HRSTR_avgjorelse_hr-2026-312-u.xml
2026-02-16 00:57:13,691 - INFO - 
   [13/43] Processing document...
2026-02-16 00:57:13,691 - INFO - 📄 Scraping document...
2026-02-16 00:57:16,023 - INFO - HTTP Request: GET https://vegzmiigjvetbaqqcukd.supabase.co/rest/v1/lovdata_metadata?select=file_name&file_name=eq.HRSIV_avgjorelse_hr-2026-296-u.xml&limit=1 "HTTP/1.1 200 OK"
2026-02-16 00:57:16,026 - INFO - ⏭️  Skipping existing: HRSIV_avgjorelse_hr-2026-296-u.xml
2026-02-16 00:57:16,328 - INFO - 
   [14/43] Processing document...
2026-02-16 00:57:16,328 - INFO - 📄 Scraping document...
2026-02-16 00:57:18,630 - INFO - HTTP Request: GET https://vegzmiigjvetbaqqcukd.supabase.co/rest/v1/lovdata_metadata?select=file_name&file_name=eq.LGSIV_avgjorelse_lg-2025-49402.xml&limit=1 "HTTP/1.1 200 OK"
2026-02-16 00:57:18,638 - INFO - ⏭️  Skipping existing: LGSIV_avgjorelse_lg-2025-49402.xml
2026-02-16 00:57:18,944 - INFO - 
   [15/43] Processing document...
2026-02-16 00:57:18,944 - INFO - 📄 Scraping document...
2026-02-16 00:57:21,347 - INFO - HTTP Request: GET https://vegzmiigjvetbaqqcukd.supabase.co/rest/v1/lovdata_metadata?select=file_name&file_name=eq.LGSIV_avgjorelse_lg-2026-18220.xml&limit=1 "HTTP/1.1 200 OK"
2026-02-16 00:57:21,351 - INFO - ⏭️  Skipping existing: LGSIV_avgjorelse_lg-2026-18220.xml
2026-02-16 00:57:21,664 - INFO - 
   [16/43] Processing document...
2026-02-16 00:57:21,665 - INFO - 📄 Scraping document...
2026-02-16 00:57:24,070 - INFO - HTTP Request: GET https://vegzmiigjvetbaqqcukd.supabase.co/rest/v1/lovdata_metadata?select=file_name&file_name=eq.LBSIV_avgjorelse_lb-2025-181309.xml&limit=1 "HTTP/1.1 200 OK"
2026-02-16 00:57:24,077 - INFO - ⏭️  Skipping existing: LBSIV_avgjorelse_lb-2025-181309.xml
2026-02-16 00:57:24,383 - INFO - 
   [17/43] Processing document...
2026-02-16 00:57:24,383 - INFO - 📄 Scraping document...
2026-02-16 00:57:26,114 - WARNING - Retrying (Retry(total=2, connect=None, read=None, redirect=None, status=None)) after connection broken by 'ConnectionResetError(10054, 'An existing connection was forcibly closed by the remote host', None, 10054, None)': /session/c4c8bd9b60b4263feb00bc5934317178
