2026-02-16 01:23:27,949 - INFO - ✓ Storage handler initialized (bucket: lovdata-docs)
2026-02-16 01:23:27,949 - INFO - 🔐 Opening Lovdata login page...
2026-02-16 01:23:40,107 - INFO - ✅ Login successful
2026-02-16 01:23:40,109 - INFO - ======================================================================
2026-02-16 01:23:40,109 - INFO - MODE: legal_areas_only
2026-02-16 01:23:40,109 - INFO - ======================================================================
2026-02-16 01:23:40,109 - INFO - 
======================================================================
2026-02-16 01:23:40,110 - INFO - ⚖️  SCRAPING LEGAL AREAS
2026-02-16 01:23:40,110 - INFO -    Using fallback list from config.LEGAL_AREA_TRANSLATIONS
2026-02-16 01:23:40,110 - INFO - ======================================================================
2026-02-16 01:23:40,111 - INFO - 📂 Loading legal areas from config.py...
2026-02-16 01:23:40,111 - INFO - 📋 Loaded 38 legal areas
2026-02-16 01:23:40,111 - INFO - 
📊 Total legal areas: 38

2026-02-16 01:23:40,112 - INFO - 
======================================================================
2026-02-16 01:23:40,112 - INFO - [1/38] Labor_Law
2026-02-16 01:23:40,112 - INFO - ======================================================================
2026-02-16 01:23:40,112 - INFO -    Norwegian: arbeidsrett
2026-02-16 01:23:40,112 - INFO -    🔗 https://lovdata.no/pro/#rettsomrade/arbeidsrett
2026-02-16 01:23:40,113 - INFO - 📂 Navigating to: https://lovdata.no/pro/#rettsomrade/arbeidsrett
2026-02-16 01:23:43,799 - INFO -    🔄 Forcing SPA navigation to: #rettsomrade/arbeidsrett
2026-02-16 01:23:51,854 - INFO -    🌍 Current URL after load: https://lovdata.no/pro/#myPage
2026-02-16 01:23:51,862 - WARNING -    ⚠️ Attempt 1: Still on #myPage, retrying...
2026-02-16 01:23:54,901 - WARNING -    ⚠️ Attempt 2: Still on #myPage, retrying...
2026-02-16 01:23:57,946 - WARNING -    ⚠️ Attempt 3: Still on #myPage, retrying...
2026-02-16 01:24:00,980 - WARNING -    ⚠️ Attempt 4: Still on #myPage, retrying...
2026-02-16 01:24:04,024 - WARNING -    ⚠️ Attempt 5: Still on #myPage, retrying...
2026-02-16 01:24:07,073 - WARNING -    ⚠️ Attempt 6: Still on #myPage, retrying...
2026-02-16 01:24:10,118 - WARNING -    ⚠️ Attempt 7: Still on #myPage, retrying...
2026-02-16 01:24:13,148 - WARNING -    ⚠️ Attempt 8: Still on #myPage, retrying...
2026-02-16 01:24:16,199 - WARNING -    ⚠️ Attempt 9: Still on #myPage, retrying...
2026-02-16 01:24:19,247 - WARNING -    ⚠️ Attempt 10: Still on #myPage, retrying...
2026-02-16 01:24:27,299 - INFO -    📜 Starting aggressive scroll to load all documents...
2026-02-16 01:24:27,329 - INFO -    📄 Scroll round 1: 45 docs loaded
2026-02-16 01:24:29,859 - INFO -    📄 Scroll round 2: 45 docs loaded
2026-02-16 01:24:32,399 - INFO -    📄 Scroll round 3: 45 docs loaded
2026-02-16 01:24:34,938 - INFO -    📄 Scroll round 4: 45 docs loaded
2026-02-16 01:24:37,485 - INFO -    📄 Scroll round 5: 45 docs loaded
2026-02-16 01:24:42,551 - INFO -    📄 Scroll round 6: 45 docs loaded
2026-02-16 01:24:42,552 - INFO -    ✅ All documents loaded: 45 total
2026-02-16 01:24:43,011 - INFO -    🎉 Finished. Found 43 documents.
2026-02-16 01:24:43,012 - INFO - 🚀 Processing 43 documents
2026-02-16 01:24:43,012 - INFO - 
   [1/43] Processing document...
2026-02-16 01:24:43,012 - INFO - 📄 Scraping document...
2026-02-16 01:24:46,116 - INFO - HTTP Request: GET https://vegzmiigjvetbaqqcukd.supabase.co/rest/v1/lovdata_metadata?select=file_name&file_name=eq.NL_lov_2007-06-15-40_C2_A744.xml&limit=1 "HTTP/1.1 200 OK"
2026-02-16 01:24:46,144 - INFO - ⏭️  Skipping existing: NL_lov_2007-06-15-40_C2_A744.xml
2026-02-16 01:24:46,454 - INFO - 
   [2/43] Processing document...
2026-02-16 01:24:46,454 - INFO - 📄 Scraping document...
2026-02-16 01:24:48,774 - INFO - HTTP Request: GET https://vegzmiigjvetbaqqcukd.supabase.co/rest/v1/lovdata_metadata?select=file_name&file_name=eq.NL_lov_2025-03-28-5.xml&limit=1 "HTTP/1.1 200 OK"
2026-02-16 01:24:48,778 - INFO - ⏭️  Skipping existing: NL_lov_2025-03-28-5.xml
2026-02-16 01:24:49,089 - INFO - 
   [3/43] Processing document...
2026-02-16 01:24:49,089 - INFO - 📄 Scraping document...
2026-02-16 01:24:51,293 - INFO - HTTP Request: GET https://vegzmiigjvetbaqqcukd.supabase.co/rest/v1/lovdata_metadata?select=file_name&file_name=eq.NL_lov_2007-06-15-40_C2_A79.xml&limit=1 "HTTP/1.1 200 OK"
2026-02-16 01:24:51,295 - INFO - ⏭️  Skipping existing: NL_lov_2007-06-15-40_C2_A79.xml
2026-02-16 01:24:51,604 - INFO - 
   [4/43] Processing document...
2026-02-16 01:24:51,604 - INFO - 📄 Scraping document...
2026-02-16 01:24:54,291 - INFO - HTTP Request: GET https://vegzmiigjvetbaqqcukd.supabase.co/rest/v1/lovdata_metadata?select=file_name&file_name=eq.HRSTR_avgjorelse_hr-2026-373-a.xml&limit=1 "HTTP/1.1 200 OK"
2026-02-16 01:24:54,294 - INFO - ⏭️  Skipping existing: HRSTR_avgjorelse_hr-2026-373-a.xml
2026-02-16 01:24:54,604 - INFO - 
   [5/43] Processing document...
2026-02-16 01:24:54,604 - INFO - 📄 Scraping document...
2026-02-16 01:24:57,441 - INFO - HTTP Request: GET https://vegzmiigjvetbaqqcukd.supabase.co/rest/v1/lovdata_metadata?select=file_name&file_name=eq.HRSIV_avgjorelse_hr-2026-372-a.xml&limit=1 "HTTP/1.1 200 OK"
2026-02-16 01:24:57,446 - INFO - ⏭️  Skipping existing: HRSIV_avgjorelse_hr-2026-372-a.xml
2026-02-16 01:24:57,748 - INFO - 
   [6/43] Processing document...
2026-02-16 01:24:57,748 - INFO - 📄 Scraping document...
2026-02-16 01:25:00,401 - INFO - HTTP Request: GET https://vegzmiigjvetbaqqcukd.supabase.co/rest/v1/lovdata_metadata?select=file_name&file_name=eq.HRSTR_avgjorelse_hr-2026-359-u.xml&limit=1 "HTTP/1.1 200 OK"
2026-02-16 01:25:00,409 - INFO - ⏭️  Skipping existing: HRSTR_avgjorelse_hr-2026-359-u.xml
2026-02-16 01:25:00,711 - INFO - 
   [7/43] Processing document...
2026-02-16 01:25:00,711 - INFO - 📄 Scraping document...
2026-02-16 01:25:03,005 - INFO - HTTP Request: GET https://vegzmiigjvetbaqqcukd.supabase.co/rest/v1/lovdata_metadata?select=file_name&file_name=eq.HRSIV_avgjorelse_hr-2026-346-u.xml&limit=1 "HTTP/1.1 200 OK"
2026-02-16 01:25:03,009 - INFO - ⏭️  Skipping existing: HRSIV_avgjorelse_hr-2026-346-u.xml
2026-02-16 01:25:03,322 - INFO - 
   [8/43] Processing document...
2026-02-16 01:25:03,322 - INFO - 📄 Scraping document...
2026-02-16 01:25:05,650 - INFO - HTTP Request: GET https://vegzmiigjvetbaqqcukd.supabase.co/rest/v1/lovdata_metadata?select=file_name&file_name=eq.HRSTR_avgjorelse_hr-2026-344-u.xml&limit=1 "HTTP/1.1 200 OK"
2026-02-16 01:25:05,655 - INFO - ⏭️  Skipping existing: HRSTR_avgjorelse_hr-2026-344-u.xml
2026-02-16 01:25:05,964 - INFO - 
   [9/43] Processing document...
2026-02-16 01:25:05,965 - INFO - 📄 Scraping document...
2026-02-16 01:25:08,659 - INFO - HTTP Request: GET https://vegzmiigjvetbaqqcukd.supabase.co/rest/v1/lovdata_metadata?select=file_name&file_name=eq.HRSIV_avgjorelse_hr-2026-339-u.xml&limit=1 "HTTP/1.1 200 OK"
2026-02-16 01:25:08,661 - INFO - ⏭️  Skipping existing: HRSIV_avgjorelse_hr-2026-339-u.xml
2026-02-16 01:25:08,969 - INFO - 
   [10/43] Processing document...
2026-02-16 01:25:08,970 - INFO - 📄 Scraping document...
2026-02-16 01:25:11,569 - INFO - HTTP Request: GET https://vegzmiigjvetbaqqcukd.supabase.co/rest/v1/lovdata_metadata?select=file_name&file_name=eq.HRSIV_avgjorelse_hr-2026-334-u.xml&limit=1 "HTTP/1.1 200 OK"
2026-02-16 01:25:11,572 - INFO - ⏭️  Skipping existing: HRSIV_avgjorelse_hr-2026-334-u.xml
2026-02-16 01:25:11,879 - INFO - 
   [11/43] Processing document...
2026-02-16 01:25:11,879 - INFO - 📄 Scraping document...
2026-02-16 01:25:14,095 - INFO - HTTP Request: GET https://vegzmiigjvetbaqqcukd.supabase.co/rest/v1/lovdata_metadata?select=file_name&file_name=eq.HRSTR_avgjorelse_hr-2026-333-u.xml&limit=1 "HTTP/1.1 200 OK"
2026-02-16 01:25:14,098 - INFO - ⏭️  Skipping existing: HRSTR_avgjorelse_hr-2026-333-u.xml
2026-02-16 01:25:14,406 - INFO - 
   [12/43] Processing document...
2026-02-16 01:25:14,407 - INFO - 📄 Scraping document...
2026-02-16 01:25:16,642 - INFO - HTTP Request: GET https://vegzmiigjvetbaqqcukd.supabase.co/rest/v1/lovdata_metadata?select=file_name&file_name=eq.HRSTR_avgjorelse_hr-2026-312-u.xml&limit=1 "HTTP/1.1 200 OK"
2026-02-16 01:25:16,651 - INFO - ⏭️  Skipping existing: HRSTR_avgjorelse_hr-2026-312-u.xml
2026-02-16 01:25:16,957 - INFO - 
   [13/43] Processing document...
2026-02-16 01:25:16,957 - INFO - 📄 Scraping document...
2026-02-16 01:25:19,626 - INFO - HTTP Request: GET https://vegzmiigjvetbaqqcukd.supabase.co/rest/v1/lovdata_metadata?select=file_name&file_name=eq.HRSIV_avgjorelse_hr-2026-296-u.xml&limit=1 "HTTP/1.1 200 OK"
2026-02-16 01:25:19,627 - INFO - ⏭️  Skipping existing: HRSIV_avgjorelse_hr-2026-296-u.xml
2026-02-16 01:25:19,930 - INFO - 
   [14/43] Processing document...
2026-02-16 01:25:19,931 - INFO - 📄 Scraping document...
2026-02-16 01:25:22,256 - INFO - HTTP Request: GET https://vegzmiigjvetbaqqcukd.supabase.co/rest/v1/lovdata_metadata?select=file_name&file_name=eq.LGSIV_avgjorelse_lg-2025-49402.xml&limit=1 "HTTP/1.1 200 OK"
2026-02-16 01:25:22,260 - INFO - ⏭️  Skipping existing: LGSIV_avgjorelse_lg-2025-49402.xml
2026-02-16 01:25:22,573 - INFO - 
   [15/43] Processing document...
2026-02-16 01:25:22,574 - INFO - 📄 Scraping document...
2026-02-16 01:25:24,791 - INFO - HTTP Request: GET https://vegzmiigjvetbaqqcukd.supabase.co/rest/v1/lovdata_metadata?select=file_name&file_name=eq.LGSIV_avgjorelse_lg-2026-18220.xml&limit=1 "HTTP/1.1 200 OK"
2026-02-16 01:25:24,802 - INFO - ⏭️  Skipping existing: LGSIV_avgjorelse_lg-2026-18220.xml
2026-02-16 01:25:25,108 - INFO - 
   [16/43] Processing document...
2026-02-16 01:25:25,110 - INFO - 📄 Scraping document...
2026-02-16 01:25:27,331 - INFO - HTTP Request: GET https://vegzmiigjvetbaqqcukd.supabase.co/rest/v1/lovdata_metadata?select=file_name&file_name=eq.LBSIV_avgjorelse_lb-2025-181309.xml&limit=1 "HTTP/1.1 200 OK"
2026-02-16 01:25:27,335 - INFO - ⏭️  Skipping existing: LBSIV_avgjorelse_lb-2025-181309.xml
2026-02-16 01:25:27,644 - INFO - 
   [17/43] Processing document...
2026-02-16 01:25:27,644 - INFO - 📄 Scraping document...
2026-02-16 01:25:27,889 - WARNING - Retrying (Retry(total=2, connect=None, read=None, redirect=None, status=None)) after connection broken by 'ConnectionResetError(10054, 'An existing connection was forcibly closed by the remote host', None, 10054, None)': /session/aea86c29cfd8dc25d4cd349035665d64
