2026-03-03 11:11:47,049 - INFO - ✓ Supabase table: legal_area_metadata
2026-03-03 11:11:47,049 - INFO - ✓ Supabase bucket: legal_area
2026-03-03 11:11:47,050 - INFO - ✓ Storage handler initialized (bucket: legal_area)
2026-03-03 11:11:47,050 - INFO - 🔐 Opening Lovdata login page...
2026-03-03 11:11:55,201 - INFO - ✅ Login successful
2026-03-03 11:11:55,203 - INFO - ======================================================================
2026-03-03 11:11:55,203 - INFO - MODE: legal_areas_only
2026-03-03 11:11:55,204 - INFO - ======================================================================
2026-03-03 11:11:55,204 - INFO - 
======================================================================
2026-03-03 11:11:55,206 - INFO - ⚖️  SCRAPING LEGAL AREAS (reliable traversal: root → branch → leaf)
2026-03-03 11:11:55,206 - INFO - ======================================================================
2026-03-03 11:12:06,750 - INFO - 📂 Navigating to Rettsområder section...
2026-03-03 11:12:12,825 - INFO -    ✅ Clicked: Rettsområder
2026-03-03 11:12:27,907 - INFO -    Found 35 total tree nodes
2026-03-03 11:12:27,997 - INFO -    ✅ Found: Anskaffelser, avtaler, bygg og entrepriser
2026-03-03 11:12:28,063 - INFO -    ✅ Found: Arbeidsrett
2026-03-03 11:12:28,119 - INFO -    ✅ Found: Bank, finans og regnskapsrett
2026-03-03 11:12:28,169 - INFO -    ✅ Found: Energirett
2026-03-03 11:12:28,226 - INFO -    ✅ Found: Erstatnings- og forsikringsrett
2026-03-03 11:12:28,280 - INFO -    ✅ Found: EU/EØS-rett
2026-03-03 11:12:28,339 - INFO -    ✅ Found: Familie-, person- og barnerett
2026-03-03 11:12:28,389 - INFO -    ✅ Found: Fast eiendoms rettsforhold
2026-03-03 11:12:28,438 - INFO -    ✅ Found: Fiskeri- og fangstrett og havbruk
2026-03-03 11:12:28,489 - INFO -    ✅ Found: Forbruker-, kjøps- og konkurranserett
2026-03-03 11:12:28,534 - INFO -    ✅ Found: Forvaltnings- og kommunalrett
2026-03-03 11:12:28,582 - INFO -    ✅ Found: Forurensninger, klima og utslipp
2026-03-03 11:12:28,623 - INFO -    ✅ Found: HMS og beredskaps- og sikkerhetsrett
2026-03-03 11:12:28,672 - INFO -    ✅ Found: Helse- og omsorgsrett
2026-03-03 11:12:28,723 - INFO -    ✅ Found: IKT- og medierett
2026-03-03 11:12:28,779 - INFO -    ✅ Found: Immaterialrett
2026-03-03 11:12:28,834 - INFO -    ✅ Found: Internasjonal rett
2026-03-03 11:12:28,889 - INFO -    ✅ Found: Konkurs, gjeld og pant
2026-03-03 11:12:28,935 - INFO -    ✅ Found: Kultur, idrett og underholdning
2026-03-03 11:12:28,979 - INFO -    ✅ Found: Landbruk, jakt og skogbruk
2026-03-03 11:12:29,025 - INFO -    ✅ Found: Menneskerettigheter
2026-03-03 11:12:29,075 - INFO -    ✅ Found: Miljøvern, natur og friluftsliv
2026-03-03 11:12:29,132 - INFO -    ✅ Found: Næringsrett
2026-03-03 11:12:29,191 - INFO -    ✅ Found: Pensjons- og trygderett
2026-03-03 11:12:29,247 - INFO -    ✅ Found: Samerett
2026-03-03 11:12:29,310 - INFO -    ✅ Found: Selskaper, fond og foreninger
2026-03-03 11:12:29,359 - INFO -    ✅ Found: Skatte- og avgiftsrett
2026-03-03 11:12:29,404 - INFO -    ✅ Found: Skoler, universiteter og forskning
2026-03-03 11:12:29,452 - INFO -    ✅ Found: Stats-, statsforfatnings- og statsborgerrett
2026-03-03 11:12:29,525 - INFO -    ✅ Found: Sivil- og straffeprosess
2026-03-03 11:12:29,579 - INFO -    ✅ Found: Strafferett
2026-03-03 11:12:29,636 - INFO -    ✅ Found: Svalbard og biland
2026-03-03 11:12:29,683 - INFO -    ✅ Found: Transport og kommunikasjoner
2026-03-03 11:12:29,729 - INFO -    ✅ Found: Tvangsfullbyrdelse
2026-03-03 11:12:29,804 - INFO -    ✅ Found: Utlendingsrett
2026-03-03 11:12:29,805 - INFO - 
   📋 Total discovered: 35 legal areas

2026-03-03 11:12:29,805 - INFO - 📊 Total ROOT areas discovered: 35
2026-03-03 11:12:29,805 - INFO - 
======================================================================
2026-03-03 11:12:29,805 - INFO - [1/35] ROOT: Anskaffelser_Avtaler_Bygg_Og_Entrepriser
2026-03-03 11:12:29,806 - INFO - ======================================================================
2026-03-03 11:12:31,314 - INFO - HTTP Request: GET https://exeklzgcqykkutjfikei.supabase.co/rest/v1/legal_area_metadata?select=id&legal_area_root=eq.Anskaffelser_Avtaler_Bygg_Og_Entrepriser&limit=1 "HTTP/1.1 200 OK"
2026-03-03 11:23:40,259 - INFO - 🔗 ROOT docs: 15
2026-03-03 11:23:40,284 - INFO - 🚀 Processing 15 documents
2026-03-03 11:23:40,285 - INFO - 
   [1/15] Processing document...
2026-03-03 11:23:40,286 - ERROR - ❌ Error processing document: 'LovdataScraper' object has no attribute 'scrape_document'
