2026-03-03 17:21:29,386 - INFO - ✓ Supabase bucket : legal_area
2026-03-03 17:21:29,386 - INFO - ✓ Supabase table  : legal_area_metadata
2026-03-03 17:21:29,386 - INFO - ✓ StorageHandler initialized
2026-03-03 17:21:29,386 - INFO - ======================================================================
2026-03-03 17:21:29,386 - INFO - ENV / CONFIG
2026-03-03 17:21:29,386 - INFO -   SUPABASE_TABLE  : legal_area_metadata
2026-03-03 17:21:29,386 - INFO -   SUPABASE_BUCKET : legal_area
2026-03-03 17:21:29,386 - INFO -   BASE_DIR        : ./scraped_xml
2026-03-03 17:21:29,389 - INFO -   TIMEOUT         : 30
2026-03-03 17:21:29,389 - INFO -   HEADLESS        : False
2026-03-03 17:21:29,389 - INFO -   YEAR RANGE      : 2000 – 2026
2026-03-03 17:21:29,390 - INFO -   BATCH SIZE      : 10
2026-03-03 17:21:29,390 - INFO - ======================================================================
2026-03-03 17:21:34,595 - INFO - ✅ Login successful
2026-03-03 17:21:39,813 - INFO - ✅ Tree nodes present
2026-03-03 17:21:40,831 - INFO - Found 35 tree node(s)
2026-03-03 17:21:41,112 - INFO - 📋 ROOT categories: 35
2026-03-03 17:21:41,114 - INFO - 📊 Total ROOTs: 35
2026-03-03 17:21:46,202 - INFO - ✅ Tree nodes present
2026-03-03 17:21:47,213 - INFO - Found 35 tree node(s)
2026-03-03 17:21:47,419 - INFO - 📋 ROOT categories: 35
2026-03-03 17:21:47,421 - INFO - 
======================================================================
2026-03-03 17:21:47,421 - INFO - [1/35] ROOT: Anskaffelser, avtaler, bygg og entrepriser
2026-03-03 17:21:47,421 - INFO - ======================================================================
2026-03-03 17:21:50,899 - INFO - 
======================================================================
2026-03-03 17:21:50,899 - INFO - SCRAPING SUMMARY
2026-03-03 17:21:50,900 - INFO -   ✅ Success : 0
2026-03-03 17:21:50,900 - INFO -   ❌ Failed  : 0
2026-03-03 17:21:50,900 - INFO -   ⏭️  Skipped : 0
2026-03-03 17:21:50,901 - INFO - ======================================================================
