2026-02-13 16:08:06,645 - INFO - ================================================================================
2026-02-13 16:08:06,646 - INFO - LOVDATA PRO SCRAPER - COMPLETE VERSION WITH BATCH UPLOAD
2026-02-13 16:08:06,646 - INFO - ================================================================================
2026-02-13 16:08:06,646 - INFO - Batch upload size: 30 files
2026-02-13 16:08:06,646 - INFO - Year range: 2000 - 2026
2026-02-13 16:08:06,646 - INFO - ================================================================================
2026-02-13 16:08:07,372 - INFO - HTTP Request: GET https://vegzmiigjvetbaqqcukd.supabase.co/rest/v1/lovdata_metadata?select=id&limit=1 "HTTP/1.1 200 OK"
2026-02-13 16:08:07,378 - INFO - ✓ Database connected
2026-02-13 16:08:07,378 - INFO - ====== WebDriver manager ======
2026-02-13 16:08:09,605 - INFO - Get LATEST chromedriver version for google-chrome
2026-02-13 16:08:09,715 - INFO - Get LATEST chromedriver version for google-chrome
2026-02-13 16:08:09,796 - INFO - Driver [C:\Users\ranja\.wdm\drivers\chromedriver\win64\144.0.7559.133\chromedriver-win32/chromedriver.exe] found in cache
2026-02-13 16:08:12,784 - INFO - ✓ Selenium browser started
2026-02-13 16:08:12,784 - INFO - ✓ Using service role key for storage (bypasses RLS)
2026-02-13 16:08:13,050 - INFO - HTTP Request: GET https://vegzmiigjvetbaqqcukd.supabase.co/storage/v1/bucket "HTTP/2 200 OK"
2026-02-13 16:08:13,055 - INFO - ✓ Bucket exists: lovdata-docs
2026-02-13 16:08:13,055 - INFO - ✓ Storage handler initialized (bucket: lovdata-docs)
2026-02-13 16:08:13,055 - INFO - 🔐 Logging in to Lovdata Pro...
2026-02-13 16:08:20,109 - INFO -   Login URL   : https://lovdata.no/pro/auth/login
2026-02-13 16:08:20,122 - INFO -   Login title : Lovdata
2026-02-13 16:08:20,136 - INFO -   ✓ Found field: j_username
2026-02-13 16:08:20,335 - INFO -   ✓ Username entered: katrine.lund.digirett@gmail.com
2026-02-13 16:08:20,435 - INFO -   ✓ Password entered
2026-02-13 16:08:23,187 - INFO -   ✓ Submit clicked – waiting for redirect...
2026-02-13 16:08:29,208 - INFO -   URL after submit : https://lovdata.no/pro/#myPage
2026-02-13 16:08:29,212 - INFO -   Title after submit: Min side - Lovdata Pro
2026-02-13 16:08:29,214 - INFO - ✓ Login successful – navigating to Pro #myPage...
2026-02-13 16:08:33,230 - INFO -   Final URL: https://lovdata.no/pro/#myPage
2026-02-13 16:08:33,230 - INFO - ✓ READY: Lovdata Pro #myPage loaded
2026-02-13 16:08:33,231 - INFO - 📋 MODE SELECTED: all
2026-02-13 16:08:33,231 - INFO - ================================================================================
2026-02-13 16:08:33,231 - INFO - SCRAPING SOURCES OF LAW
2026-02-13 16:08:33,231 - INFO - ================================================================================
2026-02-13 16:08:33,231 - INFO - 
📁 Category: Laws and Regulations
2026-02-13 16:08:33,231 - INFO -   📂 Subcategory: Active Laws (NL)
2026-02-13 16:08:33,233 - INFO - 📄 Opening registry index: https://lovdata.no/pro/#registry/chronological/NL
2026-02-13 16:08:33,240 - INFO -   Waiting for SPA to render sidebar...
2026-02-13 16:08:39,264 - INFO -   Sidebar years (0): []
2026-02-13 16:08:39,265 - INFO -   Sidebar years not found – trying all 213 years as fallback
2026-02-13 16:08:42,295 - INFO -   📅 2026: 4 new links (total: 4)
2026-02-13 16:08:45,327 - INFO -   📅 2025: 48 new links (total: 52)
2026-02-13 16:08:45,328 - INFO - ✓ Total unique URLs collected: 40
2026-02-13 16:08:45,328 - INFO -   ✓ Found 40 documents
2026-02-13 16:08:45,329 - INFO - 🔍 Scraping: https://lovdata.no/dokument/NL/lov/2025-06-20-105
2026-02-13 16:08:51,418 - INFO - HTTP Request: GET https://vegzmiigjvetbaqqcukd.supabase.co/rest/v1/lovdata_metadata?select=id&file_name=eq.nl-20250620-0105.xml "HTTP/1.1 200 OK"
2026-02-13 16:08:51,471 - INFO - ✓ Created XML: nl-20250620-0105.xml (52.36 KB)
2026-02-13 16:08:51,542 - INFO - HTTP Request: GET https://vegzmiigjvetbaqqcukd.supabase.co/rest/v1/lovdata_metadata?select=file_name&file_hash=eq.3b36b8001b6ea3e00e823c66ea5e7e32 "HTTP/1.1 200 OK"
2026-02-13 16:08:51,625 - INFO - HTTP Request: GET https://vegzmiigjvetbaqqcukd.supabase.co/rest/v1/lovdata_metadata?select=id&file_name=eq.nl-20250620-0105.xml "HTTP/1.1 200 OK"
2026-02-13 16:08:51,726 - INFO - HTTP Request: POST https://vegzmiigjvetbaqqcukd.supabase.co/rest/v1/lovdata_metadata "HTTP/1.1 400 Bad Request"
2026-02-13 16:08:51,727 - ERROR - ✗ DB insert failed for nl-20250620-0105.xml: {'code': 'PGRST204', 'details': None, 'hint': None, 'message': "Could not find the 'content_preview' column of 'lovdata_metadata' in the schema cache"}
2026-02-13 16:08:51,727 - INFO - ✓ [1/3000] Processed: nl-20250620-0105.xml (year=2025)
2026-02-13 16:08:52,029 - INFO - 🔍 Scraping: https://lovdata.no/dokument/NL/lov/2025-12-22-117
2026-02-13 16:08:56,254 - INFO - HTTP Request: GET https://vegzmiigjvetbaqqcukd.supabase.co/rest/v1/lovdata_metadata?select=id&file_name=eq.nl-20251222-0117.xml "HTTP/1.1 200 OK"
2026-02-13 16:08:56,289 - INFO - ✓ Created XML: nl-20251222-0117.xml (28.81 KB)
2026-02-13 16:08:56,356 - INFO - HTTP Request: GET https://vegzmiigjvetbaqqcukd.supabase.co/rest/v1/lovdata_metadata?select=file_name&file_hash=eq.fc6cc24ece36032e6a738abe1ef0a189 "HTTP/1.1 200 OK"
2026-02-13 16:08:56,440 - INFO - HTTP Request: GET https://vegzmiigjvetbaqqcukd.supabase.co/rest/v1/lovdata_metadata?select=id&file_name=eq.nl-20251222-0117.xml "HTTP/1.1 200 OK"
2026-02-13 16:08:56,507 - INFO - HTTP Request: POST https://vegzmiigjvetbaqqcukd.supabase.co/rest/v1/lovdata_metadata "HTTP/1.1 400 Bad Request"
2026-02-13 16:08:56,508 - ERROR - ✗ DB insert failed for nl-20251222-0117.xml: {'code': 'PGRST204', 'details': None, 'hint': None, 'message': "Could not find the 'content_preview' column of 'lovdata_metadata' in the schema cache"}
2026-02-13 16:08:56,509 - INFO - ✓ [2/3000] Processed: nl-20251222-0117.xml (year=2025)
2026-02-13 16:08:56,810 - INFO - 🔍 Scraping: https://lovdata.no/dokument/NL/lov/2025-06-10-30
2026-02-13 16:09:00,994 - INFO - HTTP Request: GET https://vegzmiigjvetbaqqcukd.supabase.co/rest/v1/lovdata_metadata?select=id&file_name=eq.nl-20250610-0030.xml "HTTP/1.1 200 OK"
2026-02-13 16:09:01,029 - INFO - ✓ Created XML: nl-20250610-0030.xml (14.53 KB)
2026-02-13 16:09:01,111 - INFO - HTTP Request: GET https://vegzmiigjvetbaqqcukd.supabase.co/rest/v1/lovdata_metadata?select=file_name&file_hash=eq.a79cf927a5b44d34895b643faba56e8f "HTTP/1.1 200 OK"
2026-02-13 16:09:01,192 - INFO - HTTP Request: GET https://vegzmiigjvetbaqqcukd.supabase.co/rest/v1/lovdata_metadata?select=id&file_name=eq.nl-20250610-0030.xml "HTTP/1.1 200 OK"
2026-02-13 16:09:01,265 - INFO - HTTP Request: POST https://vegzmiigjvetbaqqcukd.supabase.co/rest/v1/lovdata_metadata "HTTP/1.1 400 Bad Request"
2026-02-13 16:09:01,266 - ERROR - ✗ DB insert failed for nl-20250610-0030.xml: {'code': 'PGRST204', 'details': None, 'hint': None, 'message': "Could not find the 'content_preview' column of 'lovdata_metadata' in the schema cache"}
2026-02-13 16:09:01,267 - INFO - ✓ [3/3000] Processed: nl-20250610-0030.xml (year=2025)
2026-02-13 16:09:01,569 - INFO - 🔍 Scraping: https://lovdata.no/dokument/NL/lov/2025-06-06-26
2026-02-13 16:09:05,775 - INFO - HTTP Request: GET https://vegzmiigjvetbaqqcukd.supabase.co/rest/v1/lovdata_metadata?select=id&file_name=eq.nl-20250606-0026.xml "HTTP/1.1 200 OK"
2026-02-13 16:09:05,804 - INFO - ✓ Created XML: nl-20250606-0026.xml (51.91 KB)
2026-02-13 16:09:05,870 - INFO - HTTP Request: GET https://vegzmiigjvetbaqqcukd.supabase.co/rest/v1/lovdata_metadata?select=file_name&file_hash=eq.9f1b891a59a33d8e2d56b8e78f101bdc "HTTP/1.1 200 OK"
2026-02-13 16:09:05,938 - INFO - HTTP Request: GET https://vegzmiigjvetbaqqcukd.supabase.co/rest/v1/lovdata_metadata?select=id&file_name=eq.nl-20250606-0026.xml "HTTP/1.1 200 OK"
2026-02-13 16:09:06,011 - INFO - HTTP Request: POST https://vegzmiigjvetbaqqcukd.supabase.co/rest/v1/lovdata_metadata "HTTP/1.1 400 Bad Request"
2026-02-13 16:09:06,013 - ERROR - ✗ DB insert failed for nl-20250606-0026.xml: {'code': 'PGRST204', 'details': None, 'hint': None, 'message': "Could not find the 'content_preview' column of 'lovdata_metadata' in the schema cache"}
2026-02-13 16:09:06,013 - INFO - ✓ [4/3000] Processed: nl-20250606-0026.xml (year=2025)
2026-02-13 16:09:06,313 - INFO - 🔍 Scraping: https://lovdata.no/dokument/NL/lov/2025-06-20-102
2026-02-13 16:09:10,968 - INFO - HTTP Request: GET https://vegzmiigjvetbaqqcukd.supabase.co/rest/v1/lovdata_metadata?select=id&file_name=eq.nl-20250620-0102.xml "HTTP/1.1 200 OK"
2026-02-13 16:09:10,985 - INFO - ✓ Created XML: nl-20250620-0102.xml (53.76 KB)
2026-02-13 16:09:11,115 - INFO - HTTP Request: GET https://vegzmiigjvetbaqqcukd.supabase.co/rest/v1/lovdata_metadata?select=file_name&file_hash=eq.b501eab244dad7eab52e7af961becfd9 "HTTP/1.1 200 OK"
2026-02-13 16:09:11,201 - INFO - HTTP Request: GET https://vegzmiigjvetbaqqcukd.supabase.co/rest/v1/lovdata_metadata?select=id&file_name=eq.nl-20250620-0102.xml "HTTP/1.1 200 OK"
2026-02-13 16:09:11,285 - INFO - 📦 Flushing remaining files in batch...
2026-02-13 16:09:11,285 - INFO - 📦 Flushing remaining 5 files...
2026-02-13 16:09:11,285 - INFO - 📦 Uploading batch of 5 files...
2026-02-13 16:09:11,596 - INFO - HTTP Request: POST https://vegzmiigjvetbaqqcukd.supabase.co/storage/v1/object/lovdata-docs/01_Laws_and_Regulations/Active_Laws_NL/nl-20250620-0105.xml "HTTP/2 200 OK"
2026-02-13 16:09:11,597 - INFO - ☁️  Uploaded: 01_Laws_and_Regulations/Active_Laws_NL/nl-20250620-0105.xml
2026-02-13 16:09:11,598 - INFO - 🗑️  Deleted local: ./scraped_xml\01_Laws_and_Regulations\Active_Laws_NL\nl-20250620-0105.xml
2026-02-13 16:09:11,803 - INFO - HTTP Request: POST https://vegzmiigjvetbaqqcukd.supabase.co/storage/v1/object/lovdata-docs/01_Laws_and_Regulations/Active_Laws_NL/nl-20251222-0117.xml "HTTP/2 200 OK"
2026-02-13 16:09:11,804 - INFO - ☁️  Uploaded: 01_Laws_and_Regulations/Active_Laws_NL/nl-20251222-0117.xml
2026-02-13 16:09:11,805 - INFO - 🗑️  Deleted local: ./scraped_xml\01_Laws_and_Regulations\Active_Laws_NL\nl-20251222-0117.xml
2026-02-13 16:09:11,957 - INFO - HTTP Request: POST https://vegzmiigjvetbaqqcukd.supabase.co/storage/v1/object/lovdata-docs/01_Laws_and_Regulations/Active_Laws_NL/nl-20250610-0030.xml "HTTP/2 200 OK"
2026-02-13 16:09:11,959 - INFO - ☁️  Uploaded: 01_Laws_and_Regulations/Active_Laws_NL/nl-20250610-0030.xml
2026-02-13 16:09:11,959 - INFO - 🗑️  Deleted local: ./scraped_xml\01_Laws_and_Regulations\Active_Laws_NL\nl-20250610-0030.xml
2026-02-13 16:09:12,123 - INFO - HTTP Request: POST https://vegzmiigjvetbaqqcukd.supabase.co/storage/v1/object/lovdata-docs/01_Laws_and_Regulations/Active_Laws_NL/nl-20250606-0026.xml "HTTP/2 200 OK"
2026-02-13 16:09:12,124 - INFO - ☁️  Uploaded: 01_Laws_and_Regulations/Active_Laws_NL/nl-20250606-0026.xml
2026-02-13 16:09:12,124 - INFO - 🗑️  Deleted local: ./scraped_xml\01_Laws_and_Regulations\Active_Laws_NL\nl-20250606-0026.xml
2026-02-13 16:09:12,297 - INFO - HTTP Request: POST https://vegzmiigjvetbaqqcukd.supabase.co/storage/v1/object/lovdata-docs/01_Laws_and_Regulations/Active_Laws_NL/nl-20250620-0102.xml "HTTP/2 200 OK"
2026-02-13 16:09:12,298 - INFO - ☁️  Uploaded: 01_Laws_and_Regulations/Active_Laws_NL/nl-20250620-0102.xml
2026-02-13 16:09:12,299 - INFO - 🗑️  Deleted local: ./scraped_xml\01_Laws_and_Regulations\Active_Laws_NL\nl-20250620-0102.xml
2026-02-13 16:09:12,299 - INFO - ✓ Batch uploaded: 5 files (Total: 5)
2026-02-13 16:09:12,299 - INFO - ✓ Uploaded 5 remaining files
2026-02-13 16:09:16,380 - WARNING - Retrying (Retry(total=2, connect=None, read=None, redirect=None, status=None)) after connection broken by 'NewConnectionError("HTTPConnection(host='localhost', port=57425): Failed to establish a new connection: [WinError 10061] No connection could be made because the target machine actively refused it")': /session/65e50d812c3377d56d18e13d4b5e42df
2026-02-13 16:09:20,472 - WARNING - Retrying (Retry(total=1, connect=None, read=None, redirect=None, status=None)) after connection broken by 'NewConnectionError("HTTPConnection(host='localhost', port=57425): Failed to establish a new connection: [WinError 10061] No connection could be made because the target machine actively refused it")': /session/65e50d812c3377d56d18e13d4b5e42df
2026-02-13 16:09:24,570 - WARNING - Retrying (Retry(total=0, connect=None, read=None, redirect=None, status=None)) after connection broken by 'NewConnectionError("HTTPConnection(host='localhost', port=57425): Failed to establish a new connection: [WinError 10061] No connection could be made because the target machine actively refused it")': /session/65e50d812c3377d56d18e13d4b5e42df
2026-02-13 16:09:32,747 - INFO - ✓ Browser closed
2026-02-13 16:09:32,747 - INFO - ================================================================================
2026-02-13 16:09:32,748 - INFO - 📊 CREATING FINAL EXCEL EXPORT
2026-02-13 16:09:32,748 - INFO - ================================================================================
2026-02-13 16:09:32,865 - INFO - HTTP Request: GET https://vegzmiigjvetbaqqcukd.supabase.co/rest/v1/lovdata_metadata?select=%2A "HTTP/1.1 200 OK"
2026-02-13 16:09:32,868 - INFO - Retrieved 0 records
2026-02-13 16:09:32,868 - WARNING - No data to export to Excel
2026-02-13 16:09:32,869 - INFO - ================================================================================
2026-02-13 16:09:32,869 - INFO - SCRAPING SUMMARY
2026-02-13 16:09:32,869 - INFO - ================================================================================
2026-02-13 16:09:32,869 - INFO - Success: 4
2026-02-13 16:09:32,870 - INFO - Failed: 0
2026-02-13 16:09:32,870 - INFO - Skipped: 0
2026-02-13 16:09:32,870 - INFO - Total uploaded to Supabase: 5
2026-02-13 16:09:32,870 - INFO - TOTAL DOCUMENTS STORED: 4
2026-02-13 16:09:32,870 - INFO - ================================================================================
