2026-02-14 19:26:59,767 - INFO - ✓ Storage handler initialized (bucket: lovdata-docs)
2026-02-14 19:26:59,768 - INFO - 🔐 Opening Lovdata login page...
2026-02-14 19:27:21,954 - INFO - ✅ Login successful
2026-02-14 19:27:21,955 - INFO - ======================================================================
2026-02-14 19:27:21,955 - INFO - MODE: legal_areas_only
2026-02-14 19:27:21,956 - INFO - ======================================================================
2026-02-14 19:27:21,957 - INFO - 
======================================================================
2026-02-14 19:27:21,957 - INFO - ⚖️  SCRAPING LEGAL AREAS (DYNAMIC DISCOVERY)
2026-02-14 19:27:21,957 - INFO -    Discovering from: https://lovdata.no/pro/#rettsomrade
2026-02-14 19:27:21,957 - INFO - ======================================================================
2026-02-14 19:27:21,959 - INFO - 🔍 Discovering legal areas from https://lovdata.no/pro/#rettsomrade
2026-02-14 19:27:28,304 - INFO - ✅ Discovered 0 legal areas
2026-02-14 19:27:28,304 - ERROR - ❌ No legal areas discovered!
2026-02-14 19:27:32,182 - INFO - 
======================================================================
2026-02-14 19:27:32,182 - INFO - SCRAPING SUMMARY
2026-02-14 19:27:32,184 - INFO - ======================================================================
2026-02-14 19:27:32,184 - INFO - ✅ Success: 0
2026-02-14 19:27:32,184 - INFO - ❌ Failed: 0
2026-02-14 19:27:32,184 - INFO - ⏭️  Skipped: 0
2026-02-14 19:27:32,184 - INFO - ======================================================================

