2026-02-14 15:46:30,976 - INFO - ✓ Database connected
2026-02-14 15:46:30,976 - INFO - ====== WebDriver manager ======
2026-02-14 15:46:34,036 - INFO - Get LATEST chromedriver version for google-chrome
2026-02-14 15:46:34,675 - INFO - Get LATEST chromedriver version for google-chrome
2026-02-14 15:46:34,971 - INFO - Driver [C:\Users\ranja\.wdm\drivers\chromedriver\win64\144.0.7559.133\chromedriver-win32/THIRD_PARTY_NOTICES.chromedriver] found in cache
2026-02-14 15:46:34,984 - INFO -   Raw driver path: C:\Users\ranja\.wdm\drivers\chromedriver\win64\144.0.7559.133\chromedriver-win32/THIRD_PARTY_NOTICES.chromedriver
2026-02-14 15:46:34,984 - INFO - ✓ ChromeDriver (sibling): C:\Users\ranja\.wdm\drivers\chromedriver\win64\144.0.7559.133\chromedriver-win32\chromedriver.exe
2026-02-14 15:46:36,627 - INFO - ✓ Browser started (headless mode)
2026-02-14 15:46:36,627 - INFO - ✓ Using service role key for storage (bypasses RLS)
2026-02-14 15:46:36,959 - INFO - ✓ Bucket exists: lovdata-docs
2026-02-14 15:46:36,959 - INFO - ✓ Storage handler initialized (bucket: lovdata-docs)
2026-02-14 15:46:36,959 - INFO - 🔐 Logging in...
2026-02-14 15:46:58,165 - INFO - ✓ Login successful
2026-02-14 15:46:58,165 - INFO - 
======================================================================
2026-02-14 15:46:58,167 - INFO - MODE: LEGAL_AREAS_ONLY
2026-02-14 15:46:58,167 - INFO - ======================================================================

2026-02-14 15:46:58,167 - INFO - 
⚖️ SCRAPING LEGAL AREAS (DYNAMIC DISCOVERY)
2026-02-14 15:46:58,167 - INFO -   Discovering from: https://lovdata.no/pro/#rettsomrade

2026-02-14 15:46:58,167 - INFO - 🔍 Discovering all legal areas...
2026-02-14 15:47:01,282 - INFO - ✓ Discovered 0 legal areas:
2026-02-14 15:47:01,282 - WARNING - No legal areas discovered!
2026-02-14 15:47:01,282 - INFO - 
📦 Flushing uploads...
2026-02-14 15:47:01,285 - INFO -   ✓ 0 files flushed
2026-02-14 15:47:03,571 - INFO - ✓ Browser closed
2026-02-14 15:47:03,572 - INFO - 
📊 Exporting Excel...
2026-02-14 15:47:03,982 - INFO - Retrieved 917 records
2026-02-14 15:47:03,982 - INFO - 📊 Processing 917 documents for Excel...
2026-02-14 15:47:52,699 - INFO -   Progress: 50/917
2026-02-14 15:48:31,507 - INFO -   Progress: 100/917
2026-02-14 15:49:12,263 - INFO -   Progress: 150/917
2026-02-14 15:49:47,998 - INFO -   Progress: 200/917
2026-02-14 15:50:24,967 - INFO -   Progress: 250/917
2026-02-14 15:50:45,966 - WARNING -   ⚠️ Failed to download https://vegzmiigjvetbaqqcukd.supabase.co/storage/v1/object/public/lovdata-docs/Area_01_Labor_Law/trstr-tosl-2026-15988.xml: 400 Client Error: Bad Request for url: https://vegzmiigjvetbaqqcukd.supabase.co/storage/v1/object/public/lovdata-docs/Area_01_Labor_Law/trstr-tosl-2026-15988.xml
2026-02-14 15:50:46,603 - WARNING -   ⚠️ Failed to download https://vegzmiigjvetbaqqcukd.supabase.co/storage/v1/object/public/lovdata-docs/Area_01_Labor_Law/lti-2026-02-11-194.xml: 400 Client Error: Bad Request for url: https://vegzmiigjvetbaqqcukd.supabase.co/storage/v1/object/public/lovdata-docs/Area_01_Labor_Law/lti-2026-02-11-194.xml
2026-02-14 15:50:47,285 - WARNING -   ⚠️ Failed to download https://vegzmiigjvetbaqqcukd.supabase.co/storage/v1/object/public/lovdata-docs/Area_01_Labor_Law/lti-2026-02-10-182.xml: 400 Client Error: Bad Request for url: https://vegzmiigjvetbaqqcukd.supabase.co/storage/v1/object/public/lovdata-docs/Area_01_Labor_Law/lti-2026-02-10-182.xml
2026-02-14 15:50:47,862 - WARNING -   ⚠️ Failed to download https://vegzmiigjvetbaqqcukd.supabase.co/storage/v1/object/public/lovdata-docs/Area_01_Labor_Law/lti-2026-02-03-191.xml: 400 Client Error: Bad Request for url: https://vegzmiigjvetbaqqcukd.supabase.co/storage/v1/object/public/lovdata-docs/Area_01_Labor_Law/lti-2026-02-03-191.xml
2026-02-14 15:50:48,466 - WARNING -   ⚠️ Failed to download https://vegzmiigjvetbaqqcukd.supabase.co/storage/v1/object/public/lovdata-docs/Area_01_Labor_Law/lti-2026-02-12-196.xml: 400 Client Error: Bad Request for url: https://vegzmiigjvetbaqqcukd.supabase.co/storage/v1/object/public/lovdata-docs/Area_01_Labor_Law/lti-2026-02-12-196.xml
2026-02-14 15:50:48,923 - WARNING -   ⚠️ Failed to download https://vegzmiigjvetbaqqcukd.supabase.co/storage/v1/object/public/lovdata-docs/Area_01_Labor_Law/lti-2026-02-09-192.xml: 400 Client Error: Bad Request for url: https://vegzmiigjvetbaqqcukd.supabase.co/storage/v1/object/public/lovdata-docs/Area_01_Labor_Law/lti-2026-02-09-192.xml
2026-02-14 15:50:50,052 - WARNING -   ⚠️ Failed to download https://vegzmiigjvetbaqqcukd.supabase.co/storage/v1/object/public/lovdata-docs/Area_01_Labor_Law/lti-2026-02-13-5.xml: 400 Client Error: Bad Request for url: https://vegzmiigjvetbaqqcukd.supabase.co/storage/v1/object/public/lovdata-docs/Area_01_Labor_Law/lti-2026-02-13-5.xml
2026-02-14 15:50:50,776 - WARNING -   ⚠️ Failed to download https://vegzmiigjvetbaqqcukd.supabase.co/storage/v1/object/public/lovdata-docs/Area_01_Labor_Law/hrstr-hr-2026-312-u.xml: 400 Client Error: Bad Request for url: https://vegzmiigjvetbaqqcukd.supabase.co/storage/v1/object/public/lovdata-docs/Area_01_Labor_Law/hrstr-hr-2026-312-u.xml
2026-02-14 15:50:51,586 - WARNING -   ⚠️ Failed to download https://vegzmiigjvetbaqqcukd.supabase.co/storage/v1/object/public/lovdata-docs/Area_01_Labor_Law/lgsiv-lg-2026-17499.xml: 400 Client Error: Bad Request for url: https://vegzmiigjvetbaqqcukd.supabase.co/storage/v1/object/public/lovdata-docs/Area_01_Labor_Law/lgsiv-lg-2026-17499.xml
2026-02-14 15:50:52,303 - WARNING -   ⚠️ Failed to download https://vegzmiigjvetbaqqcukd.supabase.co/storage/v1/object/public/lovdata-docs/Area_01_Labor_Law/trsiv-tosl-2025-195280.xml: 400 Client Error: Bad Request for url: https://vegzmiigjvetbaqqcukd.supabase.co/storage/v1/object/public/lovdata-docs/Area_01_Labor_Law/trsiv-tosl-2025-195280.xml
2026-02-14 15:50:53,225 - WARNING -   ⚠️ Failed to download https://vegzmiigjvetbaqqcukd.supabase.co/storage/v1/object/public/lovdata-docs/Area_01_Labor_Law/trsiv-tosl-2025-206996.xml: 400 Client Error: Bad Request for url: https://vegzmiigjvetbaqqcukd.supabase.co/storage/v1/object/public/lovdata-docs/Area_01_Labor_Law/trsiv-tosl-2025-206996.xml
2026-02-14 15:50:53,949 - WARNING -   ⚠️ Failed to download https://vegzmiigjvetbaqqcukd.supabase.co/storage/v1/object/public/lovdata-docs/Area_01_Labor_Law/lhstr-lh-2025-188441.xml: 400 Client Error: Bad Request for url: https://vegzmiigjvetbaqqcukd.supabase.co/storage/v1/object/public/lovdata-docs/Area_01_Labor_Law/lhstr-lh-2025-188441.xml
2026-02-14 15:50:55,172 - WARNING -   ⚠️ Failed to download https://vegzmiigjvetbaqqcukd.supabase.co/storage/v1/object/public/lovdata-docs/Area_01_Labor_Law/hrstr-hr-2026-359-u.xml: 400 Client Error: Bad Request for url: https://vegzmiigjvetbaqqcukd.supabase.co/storage/v1/object/public/lovdata-docs/Area_01_Labor_Law/hrstr-hr-2026-359-u.xml
2026-02-14 15:50:55,993 - WARNING -   ⚠️ Failed to download https://vegzmiigjvetbaqqcukd.supabase.co/storage/v1/object/public/lovdata-docs/Area_01_Labor_Law/hrstr-hr-2026-344-u.xml: 400 Client Error: Bad Request for url: https://vegzmiigjvetbaqqcukd.supabase.co/storage/v1/object/public/lovdata-docs/Area_01_Labor_Law/hrstr-hr-2026-344-u.xml
2026-02-14 15:50:56,819 - WARNING -   ⚠️ Failed to download https://vegzmiigjvetbaqqcukd.supabase.co/storage/v1/object/public/lovdata-docs/Area_01_Labor_Law/trstr-thrd-2025-147974.xml: 400 Client Error: Bad Request for url: https://vegzmiigjvetbaqqcukd.supabase.co/storage/v1/object/public/lovdata-docs/Area_01_Labor_Law/trstr-thrd-2025-147974.xml
2026-02-14 15:50:57,661 - WARNING -   ⚠️ Failed to download https://vegzmiigjvetbaqqcukd.supabase.co/storage/v1/object/public/lovdata-docs/Area_01_Labor_Law/lti-2026-02-13-6.xml: 400 Client Error: Bad Request for url: https://vegzmiigjvetbaqqcukd.supabase.co/storage/v1/object/public/lovdata-docs/Area_01_Labor_Law/lti-2026-02-13-6.xml
2026-02-14 15:50:58,552 - WARNING -   ⚠️ Failed to download https://vegzmiigjvetbaqqcukd.supabase.co/storage/v1/object/public/lovdata-docs/Area_01_Labor_Law//lti-2026-02-09-193.xml?: 400 Client Error: Bad Request for url: https://vegzmiigjvetbaqqcukd.supabase.co/storage/v1/object/public/lovdata-docs/Area_01_Labor_Law//lti-2026-02-09-193.xml
2026-02-14 15:50:59,369 - WARNING -   ⚠️ Failed to download https://vegzmiigjvetbaqqcukd.supabase.co/storage/v1/object/public/lovdata-docs/Area_01_Labor_Law/hrsiv-hr-2026-346-u.xml: 400 Client Error: Bad Request for url: https://vegzmiigjvetbaqqcukd.supabase.co/storage/v1/object/public/lovdata-docs/Area_01_Labor_Law/hrsiv-hr-2026-346-u.xml
2026-02-14 15:51:00,187 - WARNING -   ⚠️ Failed to download https://vegzmiigjvetbaqqcukd.supabase.co/storage/v1/object/public/lovdata-docs/Area_01_Labor_Law/lastr-la-2026-14894.xml: 400 Client Error: Bad Request for url: https://vegzmiigjvetbaqqcukd.supabase.co/storage/v1/object/public/lovdata-docs/Area_01_Labor_Law/lastr-la-2026-14894.xml
2026-02-14 15:51:00,190 - INFO -   Progress: 300/917
2026-02-14 15:51:01,112 - WARNING -   ⚠️ Failed to download https://vegzmiigjvetbaqqcukd.supabase.co/storage/v1/object/public/lovdata-docs/Area_01_Labor_Law/hrsiv-hr-2026-280-a.xml: 400 Client Error: Bad Request for url: https://vegzmiigjvetbaqqcukd.supabase.co/storage/v1/object/public/lovdata-docs/Area_01_Labor_Law/hrsiv-hr-2026-280-a.xml
2026-02-14 15:51:09,917 - WARNING -   ⚠️ Failed to download https://vegzmiigjvetbaqqcukd.supabase.co/storage/v1/object/public/lovdata-docs/Area_01_Labor_Law/lgsiv-lg-2026-9917.xml: 400 Client Error: Bad Request for url: https://vegzmiigjvetbaqqcukd.supabase.co/storage/v1/object/public/lovdata-docs/Area_01_Labor_Law/lgsiv-lg-2026-9917.xml
2026-02-14 15:51:10,530 - WARNING -   ⚠️ Failed to download https://vegzmiigjvetbaqqcukd.supabase.co/storage/v1/object/public/lovdata-docs/Area_01_Labor_Law/trsiv-tosl-2025-3971.xml: 400 Client Error: Bad Request for url: https://vegzmiigjvetbaqqcukd.supabase.co/storage/v1/object/public/lovdata-docs/Area_01_Labor_Law/trsiv-tosl-2025-3971.xml
2026-02-14 15:51:33,883 - INFO -   Progress: 350/917
2026-02-14 15:52:12,489 - INFO -   Progress: 400/917
2026-02-14 15:52:48,531 - INFO -   Progress: 450/917
2026-02-14 15:53:14,132 - WARNING -   ⚠️ Failed to download https://vegzmiigjvetbaqqcukd.supabase.co/storage/v1/object/public/lovdata-docs/Area_01_Labor_Law/lbstr-lb-2026-6426.xml: 400 Client Error: Bad Request for url: https://vegzmiigjvetbaqqcukd.supabase.co/storage/v1/object/public/lovdata-docs/Area_01_Labor_Law/lbstr-lb-2026-6426.xml
2026-02-14 15:53:14,947 - WARNING -   ⚠️ Failed to download https://vegzmiigjvetbaqqcukd.supabase.co/storage/v1/object/public/lovdata-docs/Area_01_Labor_Law/lbsiv-lb-2025-58194.xml: 400 Client Error: Bad Request for url: https://vegzmiigjvetbaqqcukd.supabase.co/storage/v1/object/public/lovdata-docs/Area_01_Labor_Law/lbsiv-lb-2025-58194.xml
2026-02-14 15:53:15,665 - WARNING -   ⚠️ Failed to download https://vegzmiigjvetbaqqcukd.supabase.co/storage/v1/object/public/lovdata-docs/Area_01_Labor_Law/trstr-tnet-2025-201859.xml: 400 Client Error: Bad Request for url: https://vegzmiigjvetbaqqcukd.supabase.co/storage/v1/object/public/lovdata-docs/Area_01_Labor_Law/trstr-tnet-2025-201859.xml
2026-02-14 15:53:16,585 - WARNING -   ⚠️ Failed to download https://vegzmiigjvetbaqqcukd.supabase.co/storage/v1/object/public/lovdata-docs/Area_01_Labor_Law/hrsiv-hr-2026-288-u.xml: 400 Client Error: Bad Request for url: https://vegzmiigjvetbaqqcukd.supabase.co/storage/v1/object/public/lovdata-docs/Area_01_Labor_Law/hrsiv-hr-2026-288-u.xml
2026-02-14 15:53:17,302 - WARNING -   ⚠️ Failed to download https://vegzmiigjvetbaqqcukd.supabase.co/storage/v1/object/public/lovdata-docs/Area_01_Labor_Law/lgsiv-lg-2026-16764.xml: 400 Client Error: Bad Request for url: https://vegzmiigjvetbaqqcukd.supabase.co/storage/v1/object/public/lovdata-docs/Area_01_Labor_Law/lgsiv-lg-2026-16764.xml
2026-02-14 15:53:18,224 - WARNING -   ⚠️ Failed to download https://vegzmiigjvetbaqqcukd.supabase.co/storage/v1/object/public/lovdata-docs/Area_01_Labor_Law/hrsiv-hr-2026-339-u.xml: 400 Client Error: Bad Request for url: https://vegzmiigjvetbaqqcukd.supabase.co/storage/v1/object/public/lovdata-docs/Area_01_Labor_Law/hrsiv-hr-2026-339-u.xml
2026-02-14 15:53:19,145 - WARNING -   ⚠️ Failed to download https://vegzmiigjvetbaqqcukd.supabase.co/storage/v1/object/public/lovdata-docs/Area_01_Labor_Law/lbsiv-lb-2025-106515.xml: 400 Client Error: Bad Request for url: https://vegzmiigjvetbaqqcukd.supabase.co/storage/v1/object/public/lovdata-docs/Area_01_Labor_Law/lbsiv-lb-2025-106515.xml
2026-02-14 15:53:19,862 - WARNING -   ⚠️ Failed to download https://vegzmiigjvetbaqqcukd.supabase.co/storage/v1/object/public/lovdata-docs/Area_01_Labor_Law/lhsiv-lh-2026-8272.xml: 400 Client Error: Bad Request for url: https://vegzmiigjvetbaqqcukd.supabase.co/storage/v1/object/public/lovdata-docs/Area_01_Labor_Law/lhsiv-lh-2026-8272.xml
2026-02-14 15:53:28,264 - INFO -   Progress: 500/917
2026-02-14 15:54:09,310 - INFO -   Progress: 550/917
2026-02-14 15:54:48,646 - WARNING -   ⚠️ Failed to download https://vegzmiigjvetbaqqcukd.supabase.co/storage/v1/object/public/lovdata-docs/Area_01_Labor_Law/trstr-tosl-2025-46750.xml: 400 Client Error: Bad Request for url: https://vegzmiigjvetbaqqcukd.supabase.co/storage/v1/object/public/lovdata-docs/Area_01_Labor_Law/trstr-tosl-2025-46750.xml
2026-02-14 15:54:50,280 - WARNING -   ⚠️ Failed to download https://vegzmiigjvetbaqqcukd.supabase.co/storage/v1/object/public/lovdata-docs/Area_01_Labor_Law/trsiv-tvov-2025-54083.xml: 400 Client Error: Bad Request for url: https://vegzmiigjvetbaqqcukd.supabase.co/storage/v1/object/public/lovdata-docs/Area_01_Labor_Law/trsiv-tvov-2025-54083.xml
2026-02-14 15:54:51,195 - WARNING -   ⚠️ Failed to download https://vegzmiigjvetbaqqcukd.supabase.co/storage/v1/object/public/lovdata-docs/Area_01_Labor_Law/trstr-thrd-2025-179533.xml: 400 Client Error: Bad Request for url: https://vegzmiigjvetbaqqcukd.supabase.co/storage/v1/object/public/lovdata-docs/Area_01_Labor_Law/trstr-thrd-2025-179533.xml
2026-02-14 15:54:52,235 - WARNING -   ⚠️ Failed to download https://vegzmiigjvetbaqqcukd.supabase.co/storage/v1/object/public/lovdata-docs/Area_01_Labor_Law/hrsiv-hr-2026-334-u.xml: 400 Client Error: Bad Request for url: https://vegzmiigjvetbaqqcukd.supabase.co/storage/v1/object/public/lovdata-docs/Area_01_Labor_Law/hrsiv-hr-2026-334-u.xml
2026-02-14 15:54:53,245 - WARNING -   ⚠️ Failed to download https://vegzmiigjvetbaqqcukd.supabase.co/storage/v1/object/public/lovdata-docs/Area_01_Labor_Law/lti-2026-02-11-183.xml: 400 Client Error: Bad Request for url: https://vegzmiigjvetbaqqcukd.supabase.co/storage/v1/object/public/lovdata-docs/Area_01_Labor_Law/lti-2026-02-11-183.xml
2026-02-14 15:54:53,974 - WARNING -   ⚠️ Failed to download https://vegzmiigjvetbaqqcukd.supabase.co/storage/v1/object/public/lovdata-docs/Area_01_Labor_Law/lti-2026-02-12-195.xml: 400 Client Error: Bad Request for url: https://vegzmiigjvetbaqqcukd.supabase.co/storage/v1/object/public/lovdata-docs/Area_01_Labor_Law/lti-2026-02-12-195.xml
2026-02-14 15:54:55,204 - WARNING -   ⚠️ Failed to download https://vegzmiigjvetbaqqcukd.supabase.co/storage/v1/object/public/lovdata-docs/Area_01_Labor_Law/trsiv-tosl-2025-180124.xml: 400 Client Error: Bad Request for url: https://vegzmiigjvetbaqqcukd.supabase.co/storage/v1/object/public/lovdata-docs/Area_01_Labor_Law/trsiv-tosl-2025-180124.xml
2026-02-14 15:54:56,117 - WARNING -   ⚠️ Failed to download https://vegzmiigjvetbaqqcukd.supabase.co/storage/v1/object/public/lovdata-docs/Area_01_Labor_Law/lesiv-le-2025-196437.xml: 400 Client Error: Bad Request for url: https://vegzmiigjvetbaqqcukd.supabase.co/storage/v1/object/public/lovdata-docs/Area_01_Labor_Law/lesiv-le-2025-196437.xml
2026-02-14 15:55:00,538 - WARNING -   ⚠️ Failed to download https://vegzmiigjvetbaqqcukd.supabase.co/storage/v1/object/public/lovdata-docs/01_Laws_and_Regulations/Repealed_Local_LFO/lfo-20250220-0261.xml: 400 Client Error: Bad Request for url: https://vegzmiigjvetbaqqcukd.supabase.co/storage/v1/object/public/lovdata-docs/01_Laws_and_Regulations/Repealed_Local_LFO/lfo-20250220-0261.xml
2026-02-14 15:55:01,647 - WARNING -   ⚠️ Failed to download https://vegzmiigjvetbaqqcukd.supabase.co/storage/v1/object/public/lovdata-docs/01_Laws_and_Regulations/Repealed_Local_LFO/lfo-20250108-0014.xml: 400 Client Error: Bad Request for url: https://vegzmiigjvetbaqqcukd.supabase.co/storage/v1/object/public/lovdata-docs/01_Laws_and_Regulations/Repealed_Local_LFO/lfo-20250108-0014.xml
2026-02-14 15:55:02,780 - INFO -   Progress: 600/917
2026-02-14 15:56:14,255 - INFO -   Progress: 650/917
2026-02-14 15:57:14,467 - INFO -   Progress: 700/917
2026-02-14 15:58:12,127 - INFO -   Progress: 750/917
2026-02-14 15:59:07,515 - WARNING -   ⚠️ Failed to download https://vegzmiigjvetbaqqcukd.supabase.co/storage/v1/object/public/lovdata-docs/01_Laws_and_Regulations/Active_Laws_NL/doc-d826ff6dfb2c.xml: 400 Client Error: Bad Request for url: https://vegzmiigjvetbaqqcukd.supabase.co/storage/v1/object/public/lovdata-docs/01_Laws_and_Regulations/Active_Laws_NL/doc-d826ff6dfb2c.xml
2026-02-14 15:59:08,229 - WARNING -   ⚠️ Failed to download https://vegzmiigjvetbaqqcukd.supabase.co/storage/v1/object/public/lovdata-docs/01_Laws_and_Regulations/Active_Laws_NL/doc-52240b42b944.xml: 400 Client Error: Bad Request for url: https://vegzmiigjvetbaqqcukd.supabase.co/storage/v1/object/public/lovdata-docs/01_Laws_and_Regulations/Active_Laws_NL/doc-52240b42b944.xml
2026-02-14 15:59:08,949 - WARNING -   ⚠️ Failed to download https://vegzmiigjvetbaqqcukd.supabase.co/storage/v1/object/public/lovdata-docs/01_Laws_and_Regulations/Active_Laws_NL/doc-2cf7d6acc4ca.xml: 400 Client Error: Bad Request for url: https://vegzmiigjvetbaqqcukd.supabase.co/storage/v1/object/public/lovdata-docs/01_Laws_and_Regulations/Active_Laws_NL/doc-2cf7d6acc4ca.xml
2026-02-14 15:59:10,205 - WARNING -   ⚠️ Failed to download https://vegzmiigjvetbaqqcukd.supabase.co/storage/v1/object/public/lovdata-docs/01_Laws_and_Regulations/Active_Laws_NL/doc-d515d44eec10.xml: 400 Client Error: Bad Request for url: https://vegzmiigjvetbaqqcukd.supabase.co/storage/v1/object/public/lovdata-docs/01_Laws_and_Regulations/Active_Laws_NL/doc-d515d44eec10.xml
2026-02-14 15:59:11,401 - WARNING -   ⚠️ Failed to download https://vegzmiigjvetbaqqcukd.supabase.co/storage/v1/object/public/lovdata-docs/01_Laws_and_Regulations/Central_Regulations_SF/doc-5055e15e65fd.xml: 400 Client Error: Bad Request for url: https://vegzmiigjvetbaqqcukd.supabase.co/storage/v1/object/public/lovdata-docs/01_Laws_and_Regulations/Central_Regulations_SF/doc-5055e15e65fd.xml
2026-02-14 15:59:13,035 - WARNING -   ⚠️ Failed to download https://vegzmiigjvetbaqqcukd.supabase.co/storage/v1/object/public/lovdata-docs/01_Laws_and_Regulations/Central_Regulations_SF/doc-732aa70b3bd9.xml: 400 Client Error: Bad Request for url: https://vegzmiigjvetbaqqcukd.supabase.co/storage/v1/object/public/lovdata-docs/01_Laws_and_Regulations/Central_Regulations_SF/doc-732aa70b3bd9.xml
2026-02-14 15:59:14,783 - WARNING -   ⚠️ Failed to download https://vegzmiigjvetbaqqcukd.supabase.co/storage/v1/object/public/lovdata-docs/01_Laws_and_Regulations/Central_Regulations_SF/doc-0f7e7a220842.xml: 400 Client Error: Bad Request for url: https://vegzmiigjvetbaqqcukd.supabase.co/storage/v1/object/public/lovdata-docs/01_Laws_and_Regulations/Central_Regulations_SF/doc-0f7e7a220842.xml
2026-02-14 15:59:15,600 - WARNING -   ⚠️ Failed to download https://vegzmiigjvetbaqqcukd.supabase.co/storage/v1/object/public/lovdata-docs/01_Laws_and_Regulations/Central_Regulations_SF/doc-254eda6482db.xml: 400 Client Error: Bad Request for url: https://vegzmiigjvetbaqqcukd.supabase.co/storage/v1/object/public/lovdata-docs/01_Laws_and_Regulations/Central_Regulations_SF/doc-254eda6482db.xml
2026-02-14 15:59:17,942 - WARNING -   ⚠️ Failed to download https://vegzmiigjvetbaqqcukd.supabase.co/storage/v1/object/public/lovdata-docs/01_Laws_and_Regulations/Central_Regulations_SF/doc-5402a0c0a817.xml: 400 Client Error: Bad Request for url: https://vegzmiigjvetbaqqcukd.supabase.co/storage/v1/object/public/lovdata-docs/01_Laws_and_Regulations/Central_Regulations_SF/doc-5402a0c0a817.xml
2026-02-14 15:59:30,865 - WARNING -   ⚠️ Failed to download https://vegzmiigjvetbaqqcukd.supabase.co/storage/v1/object/public/lovdata-docs/01_Laws_and_Regulations/Central_Regulations_SF/doc-514d925c5a44.xml: 400 Client Error: Bad Request for url: https://vegzmiigjvetbaqqcukd.supabase.co/storage/v1/object/public/lovdata-docs/01_Laws_and_Regulations/Central_Regulations_SF/doc-514d925c5a44.xml
2026-02-14 15:59:36,081 - WARNING -   ⚠️ Failed to download https://vegzmiigjvetbaqqcukd.supabase.co/storage/v1/object/public/lovdata-docs/01_Laws_and_Regulations/Central_Regulations_SF/doc-983dad6c1563.xml: 400 Client Error: Bad Request for url: https://vegzmiigjvetbaqqcukd.supabase.co/storage/v1/object/public/lovdata-docs/01_Laws_and_Regulations/Central_Regulations_SF/doc-983dad6c1563.xml
2026-02-14 15:59:36,085 - INFO -   Progress: 800/917
2026-02-14 15:59:37,308 - WARNING -   ⚠️ Failed to download https://vegzmiigjvetbaqqcukd.supabase.co/storage/v1/object/public/lovdata-docs/01_Laws_and_Regulations/Central_Regulations_SF/doc-707f5f97c3f6.xml: 400 Client Error: Bad Request for url: https://vegzmiigjvetbaqqcukd.supabase.co/storage/v1/object/public/lovdata-docs/01_Laws_and_Regulations/Central_Regulations_SF/doc-707f5f97c3f6.xml
2026-02-14 15:59:38,335 - WARNING -   ⚠️ Failed to download https://vegzmiigjvetbaqqcukd.supabase.co/storage/v1/object/public/lovdata-docs/01_Laws_and_Regulations/Central_Regulations_SF/doc-b1e8a514d200.xml: 400 Client Error: Bad Request for url: https://vegzmiigjvetbaqqcukd.supabase.co/storage/v1/object/public/lovdata-docs/01_Laws_and_Regulations/Central_Regulations_SF/doc-b1e8a514d200.xml
2026-02-14 15:59:40,275 - WARNING -   ⚠️ Failed to download https://vegzmiigjvetbaqqcukd.supabase.co/storage/v1/object/public/lovdata-docs/01_Laws_and_Regulations/Central_Regulations_SF/doc-91e13f1fb46c.xml: 400 Client Error: Bad Request for url: https://vegzmiigjvetbaqqcukd.supabase.co/storage/v1/object/public/lovdata-docs/01_Laws_and_Regulations/Central_Regulations_SF/doc-91e13f1fb46c.xml
2026-02-14 15:59:41,305 - WARNING -   ⚠️ Failed to download https://vegzmiigjvetbaqqcukd.supabase.co/storage/v1/object/public/lovdata-docs/01_Laws_and_Regulations/Central_Regulations_SF/doc-7e06970fc7aa.xml: 400 Client Error: Bad Request for url: https://vegzmiigjvetbaqqcukd.supabase.co/storage/v1/object/public/lovdata-docs/01_Laws_and_Regulations/Central_Regulations_SF/doc-7e06970fc7aa.xml
2026-02-14 15:59:42,635 - WARNING -   ⚠️ Failed to download https://vegzmiigjvetbaqqcukd.supabase.co/storage/v1/object/public/lovdata-docs/01_Laws_and_Regulations/Central_Regulations_SF/doc-f1f1bc4bc4fd.xml: 400 Client Error: Bad Request for url: https://vegzmiigjvetbaqqcukd.supabase.co/storage/v1/object/public/lovdata-docs/01_Laws_and_Regulations/Central_Regulations_SF/doc-f1f1bc4bc4fd.xml
2026-02-14 15:59:43,765 - WARNING -   ⚠️ Failed to download https://vegzmiigjvetbaqqcukd.supabase.co/storage/v1/object/public/lovdata-docs/01_Laws_and_Regulations/Central_Regulations_SF/doc-5030a0e6c6ef.xml: 400 Client Error: Bad Request for url: https://vegzmiigjvetbaqqcukd.supabase.co/storage/v1/object/public/lovdata-docs/01_Laws_and_Regulations/Central_Regulations_SF/doc-5030a0e6c6ef.xml
2026-02-14 15:59:44,583 - WARNING -   ⚠️ Failed to download https://vegzmiigjvetbaqqcukd.supabase.co/storage/v1/object/public/lovdata-docs/01_Laws_and_Regulations/Central_Regulations_SF/doc-3265ead4ad72.xml: 400 Client Error: Bad Request for url: https://vegzmiigjvetbaqqcukd.supabase.co/storage/v1/object/public/lovdata-docs/01_Laws_and_Regulations/Central_Regulations_SF/doc-3265ead4ad72.xml
2026-02-14 15:59:45,295 - WARNING -   ⚠️ Failed to download https://vegzmiigjvetbaqqcukd.supabase.co/storage/v1/object/public/lovdata-docs/01_Laws_and_Regulations/Central_Regulations_SF/doc-5d2ea5a16950.xml: 400 Client Error: Bad Request for url: https://vegzmiigjvetbaqqcukd.supabase.co/storage/v1/object/public/lovdata-docs/01_Laws_and_Regulations/Central_Regulations_SF/doc-5d2ea5a16950.xml
2026-02-14 15:59:46,236 - WARNING -   ⚠️ Failed to download https://vegzmiigjvetbaqqcukd.supabase.co/storage/v1/object/public/lovdata-docs/01_Laws_and_Regulations/Central_Regulations_SF/doc-fa5032657153.xml: 400 Client Error: Bad Request for url: https://vegzmiigjvetbaqqcukd.supabase.co/storage/v1/object/public/lovdata-docs/01_Laws_and_Regulations/Central_Regulations_SF/doc-fa5032657153.xml
2026-02-14 15:59:46,955 - WARNING -   ⚠️ Failed to download https://vegzmiigjvetbaqqcukd.supabase.co/storage/v1/object/public/lovdata-docs/01_Laws_and_Regulations/Central_Regulations_SF/doc-7c5e226e3b97.xml: 400 Client Error: Bad Request for url: https://vegzmiigjvetbaqqcukd.supabase.co/storage/v1/object/public/lovdata-docs/01_Laws_and_Regulations/Central_Regulations_SF/doc-7c5e226e3b97.xml
2026-02-14 15:59:48,977 - WARNING -   ⚠️ Failed to download https://vegzmiigjvetbaqqcukd.supabase.co/storage/v1/object/public/lovdata-docs/01_Laws_and_Regulations/Central_Regulations_SF/doc-5ae9ade8a7de.xml: 400 Client Error: Bad Request for url: https://vegzmiigjvetbaqqcukd.supabase.co/storage/v1/object/public/lovdata-docs/01_Laws_and_Regulations/Central_Regulations_SF/doc-5ae9ade8a7de.xml
2026-02-14 15:59:50,215 - WARNING -   ⚠️ Failed to download https://vegzmiigjvetbaqqcukd.supabase.co/storage/v1/object/public/lovdata-docs/01_Laws_and_Regulations/Central_Regulations_SF/doc-5c2b0615d85b.xml: 400 Client Error: Bad Request for url: https://vegzmiigjvetbaqqcukd.supabase.co/storage/v1/object/public/lovdata-docs/01_Laws_and_Regulations/Central_Regulations_SF/doc-5c2b0615d85b.xml
2026-02-14 15:59:51,035 - WARNING -   ⚠️ Failed to download https://vegzmiigjvetbaqqcukd.supabase.co/storage/v1/object/public/lovdata-docs/01_Laws_and_Regulations/Central_Regulations_SF/doc-15a77ea5eb12.xml: 400 Client Error: Bad Request for url: https://vegzmiigjvetbaqqcukd.supabase.co/storage/v1/object/public/lovdata-docs/01_Laws_and_Regulations/Central_Regulations_SF/doc-15a77ea5eb12.xml
2026-02-14 15:59:53,079 - WARNING -   ⚠️ Failed to download https://vegzmiigjvetbaqqcukd.supabase.co/storage/v1/object/public/lovdata-docs/01_Laws_and_Regulations/Central_Regulations_SF/doc-9640fb8060a3.xml: 400 Client Error: Bad Request for url: https://vegzmiigjvetbaqqcukd.supabase.co/storage/v1/object/public/lovdata-docs/01_Laws_and_Regulations/Central_Regulations_SF/doc-9640fb8060a3.xml
2026-02-14 15:59:54,405 - WARNING -   ⚠️ Failed to download https://vegzmiigjvetbaqqcukd.supabase.co/storage/v1/object/public/lovdata-docs/01_Laws_and_Regulations/Central_Regulations_SF/doc-ef51025cb3c7.xml: 400 Client Error: Bad Request for url: https://vegzmiigjvetbaqqcukd.supabase.co/storage/v1/object/public/lovdata-docs/01_Laws_and_Regulations/Central_Regulations_SF/doc-ef51025cb3c7.xml
2026-02-14 16:00:28,705 - WARNING -   ⚠️ Failed to download https://vegzmiigjvetbaqqcukd.supabase.co/storage/v1/object/public/lovdata-docs/01_Laws_and_Regulations/Local_Regulations_LF/doc-ce32544adb45.xml: HTTPSConnectionPool(host='vegzmiigjvetbaqqcukd.supabase.co', port=443): Read timed out. (read timeout=10)
2026-02-14 16:00:43,871 - INFO -   Progress: 850/917
2026-02-14 16:01:41,632 - INFO -   Progress: 900/917
2026-02-14 16:02:06,385 - WARNING -   ⚠️ Failed to download https://vegzmiigjvetbaqqcukd.supabase.co/storage/v1/object/public/lovdata-docs/03_Preparatory_Works/Recommendations_Innst/doc-4432b2ebf466.xml: HTTPSConnectionPool(host='vegzmiigjvetbaqqcukd.supabase.co', port=443): Read timed out.
2026-02-14 16:02:42,417 - INFO - ✓ Excel created: ./outputs\lovdata_export_20260214_160240.xlsx
2026-02-14 16:02:42,417 - INFO -   ✓ Excel saved: ./outputs\lovdata_export_20260214_160240.xlsx
2026-02-14 16:02:42,417 - INFO - 
======================================================================
2026-02-14 16:02:42,417 - INFO - FINAL SUMMARY
2026-02-14 16:02:42,425 - INFO - ======================================================================
2026-02-14 16:02:42,425 - INFO -   ✓ Saved   : 0
2026-02-14 16:02:42,425 - INFO -   ✗ Failed  : 0
2026-02-14 16:02:42,425 - INFO -   ⊘ Skipped : 0
2026-02-14 16:02:42,425 - INFO -   📤 Uploaded: 0
2026-02-14 16:02:42,425 - INFO -   📝 Total in DB: 0
2026-02-14 16:02:42,425 - INFO - ======================================================================
