2026-03-03 11:06:19,209 - INFO - ✓ Supabase table: legal_area_metadata
2026-03-03 11:06:19,209 - INFO - ✓ Supabase bucket: legal_area
2026-03-03 11:06:19,211 - INFO - ✓ Storage handler initialized (bucket: legal_area)
2026-03-03 11:06:19,211 - INFO - 🔐 Opening Lovdata login page...
2026-03-03 11:06:26,854 - INFO - ✅ Login successful
2026-03-03 11:06:26,854 - INFO - ======================================================================
2026-03-03 11:06:26,854 - INFO - MODE: legal_areas_only
2026-03-03 11:06:26,855 - INFO - ======================================================================
2026-03-03 11:06:26,855 - INFO - 
======================================================================
2026-03-03 11:06:26,857 - INFO - ⚖️  SCRAPING LEGAL AREAS (reliable traversal: root → branch → leaf)
2026-03-03 11:06:26,857 - INFO - ======================================================================
2026-03-03 11:06:37,923 - INFO - 📂 Navigating to Rettsområder section...
2026-03-03 11:06:44,078 - INFO -    ✅ Clicked: Rettsområder
2026-03-03 11:06:59,193 - INFO -    Found 35 total tree nodes
2026-03-03 11:06:59,328 - INFO -    ✅ Found: Anskaffelser, avtaler, bygg og entrepriser
2026-03-03 11:06:59,428 - INFO -    ✅ Found: Arbeidsrett
2026-03-03 11:06:59,521 - INFO -    ✅ Found: Bank, finans og regnskapsrett
2026-03-03 11:06:59,597 - INFO -    ✅ Found: Energirett
2026-03-03 11:06:59,668 - INFO -    ✅ Found: Erstatnings- og forsikringsrett
2026-03-03 11:06:59,758 - INFO -    ✅ Found: EU/EØS-rett
2026-03-03 11:06:59,854 - INFO -    ✅ Found: Familie-, person- og barnerett
2026-03-03 11:06:59,941 - INFO -    ✅ Found: Fast eiendoms rettsforhold
2026-03-03 11:07:00,038 - INFO -    ✅ Found: Fiskeri- og fangstrett og havbruk
2026-03-03 11:07:00,087 - INFO -    ✅ Found: Forbruker-, kjøps- og konkurranserett
2026-03-03 11:07:00,148 - INFO -    ✅ Found: Forvaltnings- og kommunalrett
2026-03-03 11:07:00,208 - INFO -    ✅ Found: Forurensninger, klima og utslipp
2026-03-03 11:07:00,266 - INFO -    ✅ Found: HMS og beredskaps- og sikkerhetsrett
2026-03-03 11:07:00,325 - INFO -    ✅ Found: Helse- og omsorgsrett
2026-03-03 11:07:00,383 - INFO -    ✅ Found: IKT- og medierett
2026-03-03 11:07:00,444 - INFO -    ✅ Found: Immaterialrett
2026-03-03 11:07:00,498 - INFO -    ✅ Found: Internasjonal rett
2026-03-03 11:07:00,561 - INFO -    ✅ Found: Konkurs, gjeld og pant
2026-03-03 11:07:00,677 - INFO -    ✅ Found: Kultur, idrett og underholdning
2026-03-03 11:07:00,708 - INFO -    ✅ Found: Landbruk, jakt og skogbruk
2026-03-03 11:07:00,739 - INFO -    ✅ Found: Menneskerettigheter
2026-03-03 11:07:00,783 - INFO -    ✅ Found: Miljøvern, natur og friluftsliv
2026-03-03 11:07:00,836 - INFO -    ✅ Found: Næringsrett
2026-03-03 11:07:00,895 - INFO -    ✅ Found: Pensjons- og trygderett
2026-03-03 11:07:00,941 - INFO -    ✅ Found: Samerett
2026-03-03 11:07:00,987 - INFO -    ✅ Found: Selskaper, fond og foreninger
2026-03-03 11:07:01,046 - INFO -    ✅ Found: Skatte- og avgiftsrett
2026-03-03 11:07:01,103 - INFO -    ✅ Found: Skoler, universiteter og forskning
2026-03-03 11:07:01,149 - INFO -    ✅ Found: Stats-, statsforfatnings- og statsborgerrett
2026-03-03 11:07:01,184 - INFO -    ✅ Found: Sivil- og straffeprosess
2026-03-03 11:07:01,230 - INFO -    ✅ Found: Strafferett
2026-03-03 11:07:01,298 - INFO -    ✅ Found: Svalbard og biland
2026-03-03 11:07:01,366 - INFO -    ✅ Found: Transport og kommunikasjoner
2026-03-03 11:07:01,429 - INFO -    ✅ Found: Tvangsfullbyrdelse
2026-03-03 11:07:01,503 - INFO -    ✅ Found: Utlendingsrett
2026-03-03 11:07:01,503 - INFO - 
   📋 Total discovered: 35 legal areas

2026-03-03 11:07:01,503 - INFO - 📊 Total ROOT areas discovered: 35
2026-03-03 11:07:01,503 - INFO - 
======================================================================
2026-03-03 11:07:01,503 - INFO - [1/35] ROOT: Anskaffelser_Avtaler_Bygg_Og_Entrepriser
2026-03-03 11:07:01,503 - INFO - ======================================================================
2026-03-03 11:07:02,709 - INFO - HTTP Request: GET https://exeklzgcqykkutjfikei.supabase.co/rest/v1/lovdata_metadata?select=id&category=eq.Anskaffelser_Avtaler_Bygg_Og_Entrepriser&limit=1 "HTTP/1.1 404 Not Found"
2026-03-03 11:07:02,714 - WARNING -    ⚠️ Could not check category status: {'code': 'PGRST205', 'details': None, 'hint': "Perhaps you meant the table 'public.legal_area_metadata'", 'message': "Could not find the table 'public.lovdata_metadata' in the schema cache"}
2026-03-03 11:11:22,718 - INFO - 🔗 ROOT docs: 15
2026-03-03 11:11:22,726 - INFO - 🚀 Processing 15 documents
2026-03-03 11:11:22,726 - INFO - 
   [1/15] Processing document...
2026-03-03 11:11:22,728 - ERROR - ❌ Error processing document: 'LovdataScraper' object has no attribute 'scrape_document'
