2026-02-16 00:21:48,610 - INFO - ✓ Storage handler initialized (bucket: lovdata-docs)
2026-02-16 00:21:48,610 - INFO - 🔐 Opening Lovdata login page...
2026-02-16 00:21:57,464 - INFO - ✅ Login successful
2026-02-16 00:21:57,464 - INFO - ======================================================================
2026-02-16 00:21:57,464 - INFO - MODE: legal_areas_only
2026-02-16 00:21:57,465 - INFO - ======================================================================
2026-02-16 00:21:57,465 - INFO - 
======================================================================
2026-02-16 00:21:57,466 - INFO - ⚖️  SCRAPING LEGAL AREAS
2026-02-16 00:21:57,466 - INFO -    Using fallback list from config.LEGAL_AREA_TRANSLATIONS
2026-02-16 00:21:57,466 - INFO - ======================================================================
2026-02-16 00:21:57,466 - INFO - 📂 Loading legal areas from config.py...
2026-02-16 00:21:57,466 - INFO - 📋 Loaded 38 legal areas
2026-02-16 00:21:57,466 - INFO - 
📊 Total legal areas: 38

2026-02-16 00:21:57,472 - INFO - 
======================================================================
2026-02-16 00:21:57,472 - INFO - [1/38] Labor_Law
2026-02-16 00:21:57,473 - INFO - ======================================================================
2026-02-16 00:21:57,473 - INFO -    Norwegian: arbeidsrett
2026-02-16 00:21:57,473 - INFO -    🔗 https://lovdata.no/pro/#rettsomrade/arbeidsrett
2026-02-16 00:21:57,475 - INFO - 📂 Navigating to: https://lovdata.no/pro/#rettsomrade/arbeidsrett
2026-02-16 00:22:05,519 - INFO -    📜 Scrolling to load all documents...
2026-02-16 00:22:05,569 - INFO -    📄 Currently loaded: 45
2026-02-16 00:22:08,618 - INFO -    📄 Currently loaded: 45
2026-02-16 00:22:11,647 - INFO -    📄 Currently loaded: 45
2026-02-16 00:22:14,669 - INFO -    📄 Currently loaded: 45
2026-02-16 00:22:14,669 - INFO -    ✅ All documents loaded
2026-02-16 00:22:15,023 - INFO -    📎 Found 43 documents
2026-02-16 00:22:15,023 - INFO - 🚀 Processing 43 documents
2026-02-16 00:22:15,023 - INFO - 
   [1/43] Processing document...
2026-02-16 00:22:15,023 - INFO - 📄 Scraping document...
2026-02-16 00:22:19,655 - INFO - HTTP Request: GET https://vegzmiigjvetbaqqcukd.supabase.co/rest/v1/lovdata_metadata?select=file_name&file_name=eq.NL_lov_2007-06-15-40_C2_A744.xml&limit=1 "HTTP/1.1 200 OK"
2026-02-16 00:22:19,701 - INFO - ✓ XML saved: ./scraped_xml\Legal_Areas/Labor_Law\Labor_Law\NL_lov_2007-06-15-40_C2_A744.xml
2026-02-16 00:22:19,796 - INFO - HTTP Request: GET https://vegzmiigjvetbaqqcukd.supabase.co/rest/v1/lovdata_metadata?select=file_hash&file_hash=eq.7d6efad1fb83d2fec85f18f717889ed5&limit=1 "HTTP/1.1 200 OK"
2026-02-16 00:22:20,106 - INFO - 
   [2/43] Processing document...
2026-02-16 00:22:20,106 - INFO - 📄 Scraping document...
2026-02-16 00:22:22,388 - INFO - HTTP Request: GET https://vegzmiigjvetbaqqcukd.supabase.co/rest/v1/lovdata_metadata?select=file_name&file_name=eq.NL_lov_2025-03-28-5.xml&limit=1 "HTTP/1.1 200 OK"
2026-02-16 00:22:22,428 - INFO - ✓ XML saved: ./scraped_xml\Legal_Areas/Labor_Law\Labor_Law\NL_lov_2025-03-28-5.xml
2026-02-16 00:22:22,552 - INFO - HTTP Request: GET https://vegzmiigjvetbaqqcukd.supabase.co/rest/v1/lovdata_metadata?select=file_hash&file_hash=eq.ee9bc7e45adbb01860e3b33ccff908cc&limit=1 "HTTP/1.1 200 OK"
2026-02-16 00:22:22,859 - INFO - 
   [3/43] Processing document...
2026-02-16 00:22:22,860 - INFO - 📄 Scraping document...
2026-02-16 00:22:25,167 - INFO - HTTP Request: GET https://vegzmiigjvetbaqqcukd.supabase.co/rest/v1/lovdata_metadata?select=file_name&file_name=eq.NL_lov_2007-06-15-40_C2_A79.xml&limit=1 "HTTP/1.1 200 OK"
2026-02-16 00:22:25,186 - INFO - ✓ XML saved: ./scraped_xml\Legal_Areas/Labor_Law\Labor_Law\NL_lov_2007-06-15-40_C2_A79.xml
2026-02-16 00:22:25,293 - INFO - HTTP Request: GET https://vegzmiigjvetbaqqcukd.supabase.co/rest/v1/lovdata_metadata?select=file_hash&file_hash=eq.2bc1f5aa7f1a332888b66da5564af7a1&limit=1 "HTTP/1.1 200 OK"
2026-02-16 00:22:25,603 - INFO - 
   [4/43] Processing document...
2026-02-16 00:22:25,603 - INFO - 📄 Scraping document...
2026-02-16 00:22:28,041 - INFO - HTTP Request: GET https://vegzmiigjvetbaqqcukd.supabase.co/rest/v1/lovdata_metadata?select=file_name&file_name=eq.HRSTR_avgjorelse_hr-2026-373-a.xml&limit=1 "HTTP/1.1 200 OK"
2026-02-16 00:22:28,052 - INFO - ⏭️  Skipping existing: HRSTR_avgjorelse_hr-2026-373-a.xml
2026-02-16 00:22:28,361 - INFO - 
   [5/43] Processing document...
2026-02-16 00:22:28,361 - INFO - 📄 Scraping document...
2026-02-16 00:22:30,632 - INFO - HTTP Request: GET https://vegzmiigjvetbaqqcukd.supabase.co/rest/v1/lovdata_metadata?select=file_name&file_name=eq.HRSIV_avgjorelse_hr-2026-372-a.xml&limit=1 "HTTP/1.1 200 OK"
2026-02-16 00:22:30,633 - INFO - ⏭️  Skipping existing: HRSIV_avgjorelse_hr-2026-372-a.xml
2026-02-16 00:22:30,944 - INFO - 
   [6/43] Processing document...
2026-02-16 00:22:30,944 - INFO - 📄 Scraping document...
2026-02-16 00:22:33,318 - INFO - HTTP Request: GET https://vegzmiigjvetbaqqcukd.supabase.co/rest/v1/lovdata_metadata?select=file_name&file_name=eq.HRSTR_avgjorelse_hr-2026-359-u.xml&limit=1 "HTTP/1.1 200 OK"
2026-02-16 00:22:33,321 - INFO - ⏭️  Skipping existing: HRSTR_avgjorelse_hr-2026-359-u.xml
2026-02-16 00:22:33,624 - INFO - 
   [7/43] Processing document...
2026-02-16 00:22:33,624 - INFO - 📄 Scraping document...
2026-02-16 00:22:36,760 - INFO - HTTP Request: GET https://vegzmiigjvetbaqqcukd.supabase.co/rest/v1/lovdata_metadata?select=file_name&file_name=eq.HRSIV_avgjorelse_hr-2026-346-u.xml&limit=1 "HTTP/1.1 200 OK"
2026-02-16 00:22:36,761 - INFO - ⏭️  Skipping existing: HRSIV_avgjorelse_hr-2026-346-u.xml
2026-02-16 00:22:37,071 - INFO - 
   [8/43] Processing document...
2026-02-16 00:22:37,071 - INFO - 📄 Scraping document...
2026-02-16 00:22:39,333 - INFO - HTTP Request: GET https://vegzmiigjvetbaqqcukd.supabase.co/rest/v1/lovdata_metadata?select=file_name&file_name=eq.HRSTR_avgjorelse_hr-2026-344-u.xml&limit=1 "HTTP/1.1 200 OK"
2026-02-16 00:22:39,335 - INFO - ⏭️  Skipping existing: HRSTR_avgjorelse_hr-2026-344-u.xml
2026-02-16 00:22:39,649 - INFO - 
   [9/43] Processing document...
2026-02-16 00:22:39,649 - INFO - 📄 Scraping document...
2026-02-16 00:22:41,932 - INFO - HTTP Request: GET https://vegzmiigjvetbaqqcukd.supabase.co/rest/v1/lovdata_metadata?select=file_name&file_name=eq.HRSIV_avgjorelse_hr-2026-339-u.xml&limit=1 "HTTP/1.1 200 OK"
2026-02-16 00:22:41,934 - INFO - ⏭️  Skipping existing: HRSIV_avgjorelse_hr-2026-339-u.xml
2026-02-16 00:22:42,246 - INFO - 
   [10/43] Processing document...
2026-02-16 00:22:42,246 - INFO - 📄 Scraping document...
2026-02-16 00:22:44,637 - INFO - HTTP Request: GET https://vegzmiigjvetbaqqcukd.supabase.co/rest/v1/lovdata_metadata?select=file_name&file_name=eq.HRSIV_avgjorelse_hr-2026-334-u.xml&limit=1 "HTTP/1.1 200 OK"
2026-02-16 00:22:44,638 - INFO - ⏭️  Skipping existing: HRSIV_avgjorelse_hr-2026-334-u.xml
2026-02-16 00:22:44,940 - INFO - 
   [11/43] Processing document...
2026-02-16 00:22:44,942 - INFO - 📄 Scraping document...
2026-02-16 00:22:47,271 - INFO - HTTP Request: GET https://vegzmiigjvetbaqqcukd.supabase.co/rest/v1/lovdata_metadata?select=file_name&file_name=eq.HRSTR_avgjorelse_hr-2026-333-u.xml&limit=1 "HTTP/1.1 200 OK"
2026-02-16 00:22:47,274 - INFO - ⏭️  Skipping existing: HRSTR_avgjorelse_hr-2026-333-u.xml
2026-02-16 00:22:47,585 - INFO - 
   [12/43] Processing document...
2026-02-16 00:22:47,585 - INFO - 📄 Scraping document...
2026-02-16 00:22:50,089 - INFO - HTTP Request: GET https://vegzmiigjvetbaqqcukd.supabase.co/rest/v1/lovdata_metadata?select=file_name&file_name=eq.HRSTR_avgjorelse_hr-2026-312-u.xml&limit=1 "HTTP/1.1 200 OK"
2026-02-16 00:22:50,090 - INFO - ⏭️  Skipping existing: HRSTR_avgjorelse_hr-2026-312-u.xml
2026-02-16 00:22:50,401 - INFO - 
   [13/43] Processing document...
2026-02-16 00:22:50,401 - INFO - 📄 Scraping document...
2026-02-16 00:22:52,677 - INFO - HTTP Request: GET https://vegzmiigjvetbaqqcukd.supabase.co/rest/v1/lovdata_metadata?select=file_name&file_name=eq.HRSIV_avgjorelse_hr-2026-296-u.xml&limit=1 "HTTP/1.1 200 OK"
2026-02-16 00:22:52,679 - INFO - ⏭️  Skipping existing: HRSIV_avgjorelse_hr-2026-296-u.xml
2026-02-16 00:22:52,991 - INFO - 
   [14/43] Processing document...
2026-02-16 00:22:52,991 - INFO - 📄 Scraping document...
2026-02-16 00:22:55,541 - INFO - HTTP Request: GET https://vegzmiigjvetbaqqcukd.supabase.co/rest/v1/lovdata_metadata?select=file_name&file_name=eq.LGSIV_avgjorelse_lg-2025-49402.xml&limit=1 "HTTP/1.1 200 OK"
2026-02-16 00:22:55,543 - INFO - ⏭️  Skipping existing: LGSIV_avgjorelse_lg-2025-49402.xml
2026-02-16 00:22:55,853 - INFO - 
   [15/43] Processing document...
2026-02-16 00:22:55,854 - INFO - 📄 Scraping document...
2026-02-16 00:22:58,480 - INFO - HTTP Request: GET https://vegzmiigjvetbaqqcukd.supabase.co/rest/v1/lovdata_metadata?select=file_name&file_name=eq.LGSIV_avgjorelse_lg-2026-18220.xml&limit=1 "HTTP/1.1 200 OK"
2026-02-16 00:22:58,482 - INFO - ⏭️  Skipping existing: LGSIV_avgjorelse_lg-2026-18220.xml
2026-02-16 00:22:58,784 - INFO - 
   [16/43] Processing document...
2026-02-16 00:22:58,785 - INFO - 📄 Scraping document...
2026-02-16 00:23:01,233 - INFO - HTTP Request: GET https://vegzmiigjvetbaqqcukd.supabase.co/rest/v1/lovdata_metadata?select=file_name&file_name=eq.LBSIV_avgjorelse_lb-2025-181309.xml&limit=1 "HTTP/1.1 200 OK"
2026-02-16 00:23:01,234 - INFO - ⏭️  Skipping existing: LBSIV_avgjorelse_lb-2025-181309.xml
2026-02-16 00:23:01,540 - INFO - 
   [17/43] Processing document...
2026-02-16 00:23:01,540 - INFO - 📄 Scraping document...
2026-02-16 00:23:04,086 - INFO - HTTP Request: GET https://vegzmiigjvetbaqqcukd.supabase.co/rest/v1/lovdata_metadata?select=file_name&file_name=eq.LBSIV_avgjorelse_lb-2025-103123.xml&limit=1 "HTTP/1.1 200 OK"
2026-02-16 00:23:04,091 - INFO - ⏭️  Skipping existing: LBSIV_avgjorelse_lb-2025-103123.xml
2026-02-16 00:23:04,406 - INFO - 
   [18/43] Processing document...
2026-02-16 00:23:04,406 - INFO - 📄 Scraping document...
2026-02-16 00:23:06,735 - INFO - HTTP Request: GET https://vegzmiigjvetbaqqcukd.supabase.co/rest/v1/lovdata_metadata?select=file_name&file_name=eq.LBSTR_avgjorelse_lb-2025-101938.xml&limit=1 "HTTP/1.1 200 OK"
2026-02-16 00:23:06,743 - INFO - ⏭️  Skipping existing: LBSTR_avgjorelse_lb-2025-101938.xml
2026-02-16 00:23:07,051 - INFO - 
   [19/43] Processing document...
2026-02-16 00:23:07,051 - INFO - 📄 Scraping document...
2026-02-16 00:23:09,392 - INFO - HTTP Request: GET https://vegzmiigjvetbaqqcukd.supabase.co/rest/v1/lovdata_metadata?select=file_name&file_name=eq.LHSIV_avgjorelse_lh-2026-8272.xml&limit=1 "HTTP/1.1 200 OK"
2026-02-16 00:23:09,396 - INFO - ⏭️  Skipping existing: LHSIV_avgjorelse_lh-2026-8272.xml
2026-02-16 00:23:09,701 - INFO - 
   [20/43] Processing document...
2026-02-16 00:23:09,702 - INFO - 📄 Scraping document...
2026-02-16 00:23:12,064 - INFO - HTTP Request: GET https://vegzmiigjvetbaqqcukd.supabase.co/rest/v1/lovdata_metadata?select=file_name&file_name=eq.LHSTR_avgjorelse_lh-2025-188441.xml&limit=1 "HTTP/1.1 200 OK"
2026-02-16 00:23:12,066 - INFO - ⏭️  Skipping existing: LHSTR_avgjorelse_lh-2025-188441.xml
2026-02-16 00:23:12,382 - INFO - 
   [21/43] Processing document...
2026-02-16 00:23:12,384 - INFO - 📄 Scraping document...
2026-02-16 00:23:14,751 - INFO - HTTP Request: GET https://vegzmiigjvetbaqqcukd.supabase.co/rest/v1/lovdata_metadata?select=file_name&file_name=eq.LGSIV_avgjorelse_lg-2026-16764.xml&limit=1 "HTTP/1.1 200 OK"
2026-02-16 00:23:14,755 - INFO - ⏭️  Skipping existing: LGSIV_avgjorelse_lg-2026-16764.xml
2026-02-16 00:23:15,069 - INFO - 
   [22/43] Processing document...
2026-02-16 00:23:15,070 - INFO - 📄 Scraping document...
2026-02-16 00:23:17,412 - INFO - HTTP Request: GET https://vegzmiigjvetbaqqcukd.supabase.co/rest/v1/lovdata_metadata?select=file_name&file_name=eq.LGSIV_avgjorelse_lg-2026-5180.xml&limit=1 "HTTP/1.1 200 OK"
2026-02-16 00:23:17,416 - INFO - ⏭️  Skipping existing: LGSIV_avgjorelse_lg-2026-5180.xml
2026-02-16 00:23:17,733 - INFO - 
   [23/43] Processing document...
2026-02-16 00:23:17,733 - INFO - 📄 Scraping document...
2026-02-16 00:23:20,064 - INFO - HTTP Request: GET https://vegzmiigjvetbaqqcukd.supabase.co/rest/v1/lovdata_metadata?select=file_name&file_name=eq.LESIV_avgjorelse_le-2025-196437.xml&limit=1 "HTTP/1.1 200 OK"
2026-02-16 00:23:20,067 - INFO - ⏭️  Skipping existing: LESIV_avgjorelse_le-2025-196437.xml
2026-02-16 00:23:20,379 - INFO - 
   [24/43] Processing document...
2026-02-16 00:23:20,380 - INFO - 📄 Scraping document...
2026-02-16 00:23:22,889 - INFO - HTTP Request: GET https://vegzmiigjvetbaqqcukd.supabase.co/rest/v1/lovdata_metadata?select=file_name&file_name=eq.TRSTR_avgjorelse_tnet-2025-201859.xml&limit=1 "HTTP/1.1 200 OK"
2026-02-16 00:23:22,893 - INFO - ⏭️  Skipping existing: TRSTR_avgjorelse_tnet-2025-201859.xml
2026-02-16 00:23:23,208 - INFO - 
   [25/43] Processing document...
2026-02-16 00:23:23,209 - INFO - 📄 Scraping document...
2026-02-16 00:23:26,147 - INFO - HTTP Request: GET https://vegzmiigjvetbaqqcukd.supabase.co/rest/v1/lovdata_metadata?select=file_name&file_name=eq.TRSTR_avgjorelse_thrd-2025-147974.xml&limit=1 "HTTP/1.1 200 OK"
2026-02-16 00:23:26,151 - INFO - ⏭️  Skipping existing: TRSTR_avgjorelse_thrd-2025-147974.xml
2026-02-16 00:23:26,466 - INFO - 
   [26/43] Processing document...
2026-02-16 00:23:26,468 - INFO - 📄 Scraping document...
2026-02-16 00:23:29,123 - INFO - HTTP Request: GET https://vegzmiigjvetbaqqcukd.supabase.co/rest/v1/lovdata_metadata?select=file_name&file_name=eq.TRSTR_avgjorelse_thrd-2025-179533.xml&limit=1 "HTTP/1.1 200 OK"
2026-02-16 00:23:29,127 - INFO - ⏭️  Skipping existing: TRSTR_avgjorelse_thrd-2025-179533.xml
2026-02-16 00:23:29,441 - INFO - 
   [27/43] Processing document...
2026-02-16 00:23:29,441 - INFO - 📄 Scraping document...
2026-02-16 00:23:32,039 - INFO - HTTP Request: GET https://vegzmiigjvetbaqqcukd.supabase.co/rest/v1/lovdata_metadata?select=file_name&file_name=eq.TRSIV_avgjorelse_tosl-2025-206996.xml&limit=1 "HTTP/1.1 200 OK"
2026-02-16 00:23:32,041 - INFO - ⏭️  Skipping existing: TRSIV_avgjorelse_tosl-2025-206996.xml
2026-02-16 00:23:32,343 - INFO - 
   [28/43] Processing document...
2026-02-16 00:23:32,343 - INFO - 📄 Scraping document...
2026-02-16 00:23:35,744 - INFO - HTTP Request: GET https://vegzmiigjvetbaqqcukd.supabase.co/rest/v1/lovdata_metadata?select=file_name&file_name=eq.TRSTR_avgjorelse_tosl-2025-46750.xml&limit=1 "HTTP/1.1 200 OK"
2026-02-16 00:23:35,747 - INFO - ⏭️  Skipping existing: TRSTR_avgjorelse_tosl-2025-46750.xml
2026-02-16 00:23:36,059 - INFO - 
   [29/43] Processing document...
2026-02-16 00:23:36,059 - INFO - 📄 Scraping document...
2026-02-16 00:23:38,921 - INFO - HTTP Request: GET https://vegzmiigjvetbaqqcukd.supabase.co/rest/v1/lovdata_metadata?select=file_name&file_name=eq.TRSIV_avgjorelse_tosl-2025-180124.xml&limit=1 "HTTP/1.1 200 OK"
2026-02-16 00:23:38,925 - INFO - ⏭️  Skipping existing: TRSIV_avgjorelse_tosl-2025-180124.xml
2026-02-16 00:23:39,229 - INFO - 
   [30/43] Processing document...
2026-02-16 00:23:39,229 - INFO - 📄 Scraping document...
2026-02-16 00:23:45,043 - INFO - HTTP Request: GET https://vegzmiigjvetbaqqcukd.supabase.co/rest/v1/lovdata_metadata?select=file_name&file_name=eq.TRSIV_avgjorelse_tosl-2025-3971.xml&limit=1 "HTTP/1.1 200 OK"
2026-02-16 00:23:45,048 - INFO - ⏭️  Skipping existing: TRSIV_avgjorelse_tosl-2025-3971.xml
2026-02-16 00:23:45,357 - INFO - 
   [31/43] Processing document...
2026-02-16 00:23:45,358 - INFO - 📄 Scraping document...
2026-02-16 00:23:51,411 - INFO - HTTP Request: GET https://vegzmiigjvetbaqqcukd.supabase.co/rest/v1/lovdata_metadata?select=file_name&file_name=eq.TRSIV_avgjorelse_tvov-2025-54083.xml&limit=1 "HTTP/1.1 200 OK"
2026-02-16 00:23:51,414 - INFO - ⏭️  Skipping existing: TRSIV_avgjorelse_tvov-2025-54083.xml
2026-02-16 00:23:51,728 - INFO - 
   [32/43] Processing document...
2026-02-16 00:23:51,729 - INFO - 📄 Scraping document...
2026-02-16 00:23:53,947 - INFO - HTTP Request: GET https://vegzmiigjvetbaqqcukd.supabase.co/rest/v1/lovdata_metadata?select=file_name&file_name=eq.TRSIV_avgjorelse_tosl-2025-195280.xml&limit=1 "HTTP/1.1 200 OK"
2026-02-16 00:23:53,951 - INFO - ⏭️  Skipping existing: TRSIV_avgjorelse_tosl-2025-195280.xml
2026-02-16 00:23:54,260 - INFO - 
   [33/43] Processing document...
2026-02-16 00:23:54,260 - INFO - 📄 Scraping document...
2026-02-16 00:23:56,543 - INFO - HTTP Request: GET https://vegzmiigjvetbaqqcukd.supabase.co/rest/v1/lovdata_metadata?select=file_name&file_name=eq.TRSTR_avgjorelse_tgud-2025-196990.xml&limit=1 "HTTP/1.1 200 OK"
2026-02-16 00:23:56,547 - INFO - ⏭️  Skipping existing: TRSTR_avgjorelse_tgud-2025-196990.xml
2026-02-16 00:23:56,863 - INFO - 
   [34/43] Processing document...
2026-02-16 00:23:56,863 - INFO - 📄 Scraping document...
2026-02-16 00:23:59,330 - INFO - HTTP Request: GET https://vegzmiigjvetbaqqcukd.supabase.co/rest/v1/lovdata_metadata?select=file_name&file_name=eq.LTI_forskrift_2026-02-13-200.xml&limit=1 "HTTP/1.1 200 OK"
2026-02-16 00:23:59,396 - INFO - ✓ XML saved: ./scraped_xml\Legal_Areas/Labor_Law\Labor_Law\LTI_forskrift_2026-02-13-200.xml
2026-02-16 00:23:59,808 - INFO - HTTP Request: GET https://vegzmiigjvetbaqqcukd.supabase.co/rest/v1/lovdata_metadata?select=file_hash&file_hash=eq.9bd4a1bc951f58a12f9a7ba881ef8141&limit=1 "HTTP/1.1 200 OK"
2026-02-16 00:24:00,117 - INFO - 
   [35/43] Processing document...
2026-02-16 00:24:00,117 - INFO - 📄 Scraping document...
2026-02-16 00:24:02,353 - INFO - HTTP Request: GET https://vegzmiigjvetbaqqcukd.supabase.co/rest/v1/lovdata_metadata?select=file_name&file_name=eq.LTI_forskrift_2026-02-12-199.xml&limit=1 "HTTP/1.1 200 OK"
2026-02-16 00:24:02,390 - INFO - ✓ XML saved: ./scraped_xml\Legal_Areas/Labor_Law\Labor_Law\LTI_forskrift_2026-02-12-199.xml
2026-02-16 00:24:02,528 - INFO - HTTP Request: GET https://vegzmiigjvetbaqqcukd.supabase.co/rest/v1/lovdata_metadata?select=file_hash&file_hash=eq.e050fe0ae760f4c35ad99284ea497165&limit=1 "HTTP/1.1 200 OK"
2026-02-16 00:24:02,842 - INFO - 
   [36/43] Processing document...
2026-02-16 00:24:02,843 - INFO - 📄 Scraping document...
2026-02-16 00:24:05,114 - INFO - HTTP Request: GET https://vegzmiigjvetbaqqcukd.supabase.co/rest/v1/lovdata_metadata?select=file_name&file_name=eq.LTI_forskrift_2026-01-21-198.xml&limit=1 "HTTP/1.1 200 OK"
2026-02-16 00:24:05,143 - INFO - ✓ XML saved: ./scraped_xml\Legal_Areas/Labor_Law\Labor_Law\LTI_forskrift_2026-01-21-198.xml
2026-02-16 00:24:05,338 - INFO - HTTP Request: GET https://vegzmiigjvetbaqqcukd.supabase.co/rest/v1/lovdata_metadata?select=file_hash&file_hash=eq.b5b94e5d83eb37f1bd44c98879346d5d&limit=1 "HTTP/1.1 200 OK"
2026-02-16 00:24:05,641 - INFO - 
   [37/43] Processing document...
2026-02-16 00:24:05,641 - INFO - 📄 Scraping document...
2026-02-16 00:24:08,253 - INFO - HTTP Request: GET https://vegzmiigjvetbaqqcukd.supabase.co/rest/v1/lovdata_metadata?select=file_name&file_name=eq.LTI_forskrift_2026-02-13-197.xml&limit=1 "HTTP/1.1 200 OK"
2026-02-16 00:24:08,293 - INFO - ✓ XML saved: ./scraped_xml\Legal_Areas/Labor_Law\Labor_Law\LTI_forskrift_2026-02-13-197.xml
2026-02-16 00:24:08,614 - INFO - HTTP Request: GET https://vegzmiigjvetbaqqcukd.supabase.co/rest/v1/lovdata_metadata?select=file_hash&file_hash=eq.e4a2d4c84d2afab1201c3804dd337822&limit=1 "HTTP/1.1 200 OK"
2026-02-16 00:24:08,928 - INFO - 
   [38/43] Processing document...
2026-02-16 00:24:08,928 - INFO - 📄 Scraping document...
2026-02-16 00:24:11,317 - INFO - HTTP Request: GET https://vegzmiigjvetbaqqcukd.supabase.co/rest/v1/lovdata_metadata?select=file_name&file_name=eq.LTI_lov_2026-02-13-6.xml&limit=1 "HTTP/1.1 200 OK"
2026-02-16 00:24:11,350 - INFO - ✓ XML saved: ./scraped_xml\Legal_Areas/Labor_Law\Labor_Law\LTI_lov_2026-02-13-6.xml
2026-02-16 00:24:11,622 - INFO - HTTP Request: GET https://vegzmiigjvetbaqqcukd.supabase.co/rest/v1/lovdata_metadata?select=file_hash&file_hash=eq.227fc7e1d06f0337606cfec58529fb84&limit=1 "HTTP/1.1 200 OK"
2026-02-16 00:24:11,926 - INFO - 
   [39/43] Processing document...
2026-02-16 00:24:11,926 - INFO - 📄 Scraping document...
2026-02-16 00:24:14,452 - INFO - HTTP Request: GET https://vegzmiigjvetbaqqcukd.supabase.co/rest/v1/lovdata_metadata?select=file_name&file_name=eq.LTI_lov_2026-02-13-5.xml&limit=1 "HTTP/1.1 200 OK"
2026-02-16 00:24:14,490 - INFO - ✓ XML saved: ./scraped_xml\Legal_Areas/Labor_Law\Labor_Law\LTI_lov_2026-02-13-5.xml
2026-02-16 00:24:15,088 - INFO - HTTP Request: GET https://vegzmiigjvetbaqqcukd.supabase.co/rest/v1/lovdata_metadata?select=file_hash&file_hash=eq.743a4dc5d957a2700f58cfcaebfca3fd&limit=1 "HTTP/1.1 200 OK"
2026-02-16 00:24:15,396 - INFO - 
   [40/43] Processing document...
2026-02-16 00:24:15,396 - INFO - 📄 Scraping document...
2026-02-16 00:24:17,677 - INFO - HTTP Request: GET https://vegzmiigjvetbaqqcukd.supabase.co/rest/v1/lovdata_metadata?select=file_name&file_name=eq.LTI_forskrift_2026-02-12-196.xml&limit=1 "HTTP/1.1 200 OK"
2026-02-16 00:24:17,718 - INFO - ✓ XML saved: ./scraped_xml\Legal_Areas/Labor_Law\Labor_Law\LTI_forskrift_2026-02-12-196.xml
2026-02-16 00:24:17,806 - INFO - HTTP Request: GET https://vegzmiigjvetbaqqcukd.supabase.co/rest/v1/lovdata_metadata?select=file_hash&file_hash=eq.a2ec6a2f36bd8fefff013b6434d4fc0a&limit=1 "HTTP/1.1 200 OK"
2026-02-16 00:24:17,808 - INFO - 
⬆️  Uploading batch (10 documents)
2026-02-16 00:24:18,353 - INFO - HTTP Request: POST https://vegzmiigjvetbaqqcukd.supabase.co/storage/v1/object/lovdata-docs/Legal_Areas/Labor_Law/Labor_Law/NL_lov_2007-06-15-40_C2_A744.xml "HTTP/2 200 OK"
2026-02-16 00:24:18,355 - INFO - ☁️ Uploaded & deleted local: Legal_Areas/Labor_Law/Labor_Law/NL_lov_2007-06-15-40_C2_A744.xml
2026-02-16 00:24:18,491 - INFO - HTTP Request: POST https://vegzmiigjvetbaqqcukd.supabase.co/rest/v1/lovdata_metadata "HTTP/1.1 201 Created"
2026-02-16 00:24:18,494 - INFO - 🧾 Metadata inserted: NL_lov_2007-06-15-40_C2_A744.xml
2026-02-16 00:24:18,702 - INFO - HTTP Request: POST https://vegzmiigjvetbaqqcukd.supabase.co/storage/v1/object/lovdata-docs/Legal_Areas/Labor_Law/Labor_Law/NL_lov_2025-03-28-5.xml "HTTP/2 200 OK"
2026-02-16 00:24:18,708 - INFO - ☁️ Uploaded & deleted local: Legal_Areas/Labor_Law/Labor_Law/NL_lov_2025-03-28-5.xml
2026-02-16 00:24:19,103 - INFO - HTTP Request: POST https://vegzmiigjvetbaqqcukd.supabase.co/rest/v1/lovdata_metadata "HTTP/1.1 201 Created"
2026-02-16 00:24:19,110 - INFO - 🧾 Metadata inserted: NL_lov_2025-03-28-5.xml
2026-02-16 00:24:19,436 - INFO - HTTP Request: POST https://vegzmiigjvetbaqqcukd.supabase.co/storage/v1/object/lovdata-docs/Legal_Areas/Labor_Law/Labor_Law/NL_lov_2007-06-15-40_C2_A79.xml "HTTP/2 200 OK"
2026-02-16 00:24:19,440 - INFO - ☁️ Uploaded & deleted local: Legal_Areas/Labor_Law/Labor_Law/NL_lov_2007-06-15-40_C2_A79.xml
2026-02-16 00:24:19,626 - INFO - HTTP Request: POST https://vegzmiigjvetbaqqcukd.supabase.co/rest/v1/lovdata_metadata "HTTP/1.1 201 Created"
2026-02-16 00:24:19,628 - INFO - 🧾 Metadata inserted: NL_lov_2007-06-15-40_C2_A79.xml
2026-02-16 00:24:20,289 - INFO - HTTP Request: POST https://vegzmiigjvetbaqqcukd.supabase.co/storage/v1/object/lovdata-docs/Legal_Areas/Labor_Law/Labor_Law/LTI_forskrift_2026-02-13-200.xml "HTTP/2 200 OK"
2026-02-16 00:24:20,292 - INFO - ☁️ Uploaded & deleted local: Legal_Areas/Labor_Law/Labor_Law/LTI_forskrift_2026-02-13-200.xml
2026-02-16 00:24:20,917 - INFO - HTTP Request: POST https://vegzmiigjvetbaqqcukd.supabase.co/rest/v1/lovdata_metadata "HTTP/1.1 201 Created"
2026-02-16 00:24:20,921 - INFO - 🧾 Metadata inserted: LTI_forskrift_2026-02-13-200.xml
2026-02-16 00:24:21,415 - INFO - HTTP Request: POST https://vegzmiigjvetbaqqcukd.supabase.co/storage/v1/object/lovdata-docs/Legal_Areas/Labor_Law/Labor_Law/LTI_forskrift_2026-02-12-199.xml "HTTP/2 200 OK"
2026-02-16 00:24:21,417 - INFO - ☁️ Uploaded & deleted local: Legal_Areas/Labor_Law/Labor_Law/LTI_forskrift_2026-02-12-199.xml
2026-02-16 00:24:21,823 - INFO - HTTP Request: POST https://vegzmiigjvetbaqqcukd.supabase.co/rest/v1/lovdata_metadata "HTTP/1.1 201 Created"
2026-02-16 00:24:21,826 - INFO - 🧾 Metadata inserted: LTI_forskrift_2026-02-12-199.xml
2026-02-16 00:24:23,256 - INFO - HTTP Request: POST https://vegzmiigjvetbaqqcukd.supabase.co/storage/v1/object/lovdata-docs/Legal_Areas/Labor_Law/Labor_Law/LTI_forskrift_2026-01-21-198.xml "HTTP/2 200 OK"
2026-02-16 00:24:23,258 - INFO - ☁️ Uploaded & deleted local: Legal_Areas/Labor_Law/Labor_Law/LTI_forskrift_2026-01-21-198.xml
2026-02-16 00:24:23,565 - INFO - HTTP Request: POST https://vegzmiigjvetbaqqcukd.supabase.co/rest/v1/lovdata_metadata "HTTP/1.1 201 Created"
2026-02-16 00:24:23,569 - INFO - 🧾 Metadata inserted: LTI_forskrift_2026-01-21-198.xml
2026-02-16 00:24:24,691 - INFO - HTTP Request: POST https://vegzmiigjvetbaqqcukd.supabase.co/storage/v1/object/lovdata-docs/Legal_Areas/Labor_Law/Labor_Law/LTI_forskrift_2026-02-13-197.xml "HTTP/2 200 OK"
2026-02-16 00:24:24,693 - INFO - ☁️ Uploaded & deleted local: Legal_Areas/Labor_Law/Labor_Law/LTI_forskrift_2026-02-13-197.xml
2026-02-16 00:24:25,102 - INFO - HTTP Request: POST https://vegzmiigjvetbaqqcukd.supabase.co/rest/v1/lovdata_metadata "HTTP/1.1 201 Created"
2026-02-16 00:24:25,104 - INFO - 🧾 Metadata inserted: LTI_forskrift_2026-02-13-197.xml
2026-02-16 00:24:25,509 - INFO - HTTP Request: POST https://vegzmiigjvetbaqqcukd.supabase.co/storage/v1/object/lovdata-docs/Legal_Areas/Labor_Law/Labor_Law/LTI_lov_2026-02-13-6.xml "HTTP/2 200 OK"
2026-02-16 00:24:25,512 - INFO - ☁️ Uploaded & deleted local: Legal_Areas/Labor_Law/Labor_Law/LTI_lov_2026-02-13-6.xml
2026-02-16 00:24:25,714 - INFO - HTTP Request: POST https://vegzmiigjvetbaqqcukd.supabase.co/rest/v1/lovdata_metadata "HTTP/1.1 201 Created"
2026-02-16 00:24:25,716 - INFO - 🧾 Metadata inserted: LTI_lov_2026-02-13-6.xml
2026-02-16 00:24:26,125 - INFO - HTTP Request: POST https://vegzmiigjvetbaqqcukd.supabase.co/storage/v1/object/lovdata-docs/Legal_Areas/Labor_Law/Labor_Law/LTI_lov_2026-02-13-5.xml "HTTP/2 200 OK"
2026-02-16 00:24:26,128 - INFO - ☁️ Uploaded & deleted local: Legal_Areas/Labor_Law/Labor_Law/LTI_lov_2026-02-13-5.xml
2026-02-16 00:24:26,246 - INFO - HTTP Request: POST https://vegzmiigjvetbaqqcukd.supabase.co/rest/v1/lovdata_metadata "HTTP/1.1 201 Created"
2026-02-16 00:24:26,248 - INFO - 🧾 Metadata inserted: LTI_lov_2026-02-13-5.xml
2026-02-16 00:24:26,638 - INFO - HTTP Request: POST https://vegzmiigjvetbaqqcukd.supabase.co/storage/v1/object/lovdata-docs/Legal_Areas/Labor_Law/Labor_Law/LTI_forskrift_2026-02-12-196.xml "HTTP/2 200 OK"
2026-02-16 00:24:26,639 - INFO - ☁️ Uploaded & deleted local: Legal_Areas/Labor_Law/Labor_Law/LTI_forskrift_2026-02-12-196.xml
2026-02-16 00:24:26,763 - INFO - HTTP Request: POST https://vegzmiigjvetbaqqcukd.supabase.co/rest/v1/lovdata_metadata "HTTP/1.1 201 Created"
2026-02-16 00:24:26,794 - INFO - 🧾 Metadata inserted: LTI_forskrift_2026-02-12-196.xml
2026-02-16 00:24:26,808 - INFO - ✅ Batch upload complete

2026-02-16 00:24:27,124 - INFO - 
   [41/43] Processing document...
2026-02-16 00:24:27,124 - INFO - 📄 Scraping document...
2026-02-16 00:24:29,914 - INFO - HTTP Request: GET https://vegzmiigjvetbaqqcukd.supabase.co/rest/v1/lovdata_metadata?select=file_name&file_name=eq.LTI_forskrift_2026-02-12-195.xml&limit=1 "HTTP/1.1 200 OK"
2026-02-16 00:24:29,936 - INFO - ✓ XML saved: ./scraped_xml\Legal_Areas/Labor_Law\Labor_Law\LTI_forskrift_2026-02-12-195.xml
2026-02-16 00:24:30,225 - INFO - HTTP Request: GET https://vegzmiigjvetbaqqcukd.supabase.co/rest/v1/lovdata_metadata?select=file_hash&file_hash=eq.08835b288ed0482efc7ebd0eeb00c14e&limit=1 "HTTP/1.1 200 OK"
2026-02-16 00:24:30,539 - INFO - 
   [42/43] Processing document...
2026-02-16 00:24:30,539 - INFO - 📄 Scraping document...
2026-02-16 00:24:32,984 - INFO - HTTP Request: GET https://vegzmiigjvetbaqqcukd.supabase.co/rest/v1/lovdata_metadata?select=file_name&file_name=eq.LTI_forskrift_2026-02-11-194.xml&limit=1 "HTTP/1.1 200 OK"
2026-02-16 00:24:33,005 - INFO - ✓ XML saved: ./scraped_xml\Legal_Areas/Labor_Law\Labor_Law\LTI_forskrift_2026-02-11-194.xml
2026-02-16 00:24:33,331 - INFO - HTTP Request: GET https://vegzmiigjvetbaqqcukd.supabase.co/rest/v1/lovdata_metadata?select=file_hash&file_hash=eq.7ee1cabb4e6e2bbc1a8d8f5e1ef06077&limit=1 "HTTP/1.1 200 OK"
2026-02-16 00:24:33,642 - INFO - 
   [43/43] Processing document...
2026-02-16 00:24:33,643 - INFO - 📄 Scraping document...
2026-02-16 00:24:36,018 - INFO - HTTP Request: GET https://vegzmiigjvetbaqqcukd.supabase.co/rest/v1/lovdata_metadata?select=file_name&file_name=eq.LTI_forskrift_2026-02-09-193.xml&limit=1 "HTTP/1.1 200 OK"
2026-02-16 00:24:36,051 - INFO - ✓ XML saved: ./scraped_xml\Legal_Areas/Labor_Law\Labor_Law\LTI_forskrift_2026-02-09-193.xml
2026-02-16 00:24:36,546 - INFO - HTTP Request: GET https://vegzmiigjvetbaqqcukd.supabase.co/rest/v1/lovdata_metadata?select=file_hash&file_hash=eq.054c6e18cb7500eafffc108ae9f00b43&limit=1 "HTTP/1.1 200 OK"
2026-02-16 00:24:36,860 - INFO - 
✅ Completed area: Labor_Law
2026-02-16 00:24:36,862 - INFO - 
======================================================================
2026-02-16 00:24:36,862 - INFO - [2/38] Work_Environment
2026-02-16 00:24:36,862 - INFO - ======================================================================
2026-02-16 00:24:36,864 - INFO -    Norwegian: arbeidsmiljo
2026-02-16 00:24:36,864 - INFO -    🔗 https://lovdata.no/pro/#rettsomrade/arbeidsmiljo
2026-02-16 00:24:36,864 - INFO - 📂 Navigating to: https://lovdata.no/pro/#rettsomrade/arbeidsmiljo
2026-02-16 00:24:44,897 - INFO -    📜 Scrolling to load all documents...
2026-02-16 00:24:44,934 - INFO -    📄 Currently loaded: 45
2026-02-16 00:24:47,970 - INFO -    📄 Currently loaded: 45
2026-02-16 00:24:51,007 - INFO -    📄 Currently loaded: 45
2026-02-16 00:24:54,040 - INFO -    📄 Currently loaded: 45
2026-02-16 00:24:54,040 - INFO -    ✅ All documents loaded
2026-02-16 00:24:54,886 - INFO -    📎 Found 43 documents
2026-02-16 00:24:54,887 - INFO - 🚀 Processing 43 documents
2026-02-16 00:24:54,887 - INFO - 
   [1/43] Processing document...
2026-02-16 00:24:54,888 - INFO - 📄 Scraping document...
2026-02-16 00:24:58,178 - INFO - HTTP Request: GET https://vegzmiigjvetbaqqcukd.supabase.co/rest/v1/lovdata_metadata?select=file_name&file_name=eq.NL_lov_2007-06-15-40_C2_A744.xml&limit=1 "HTTP/1.1 200 OK"
2026-02-16 00:24:58,182 - INFO - ⏭️  Skipping existing: NL_lov_2007-06-15-40_C2_A744.xml
2026-02-16 00:24:58,488 - INFO - 
   [2/43] Processing document...
2026-02-16 00:24:58,488 - INFO - 📄 Scraping document...
2026-02-16 00:25:01,350 - INFO - HTTP Request: GET https://vegzmiigjvetbaqqcukd.supabase.co/rest/v1/lovdata_metadata?select=file_name&file_name=eq.NL_lov_2025-03-28-5.xml&limit=1 "HTTP/1.1 200 OK"
2026-02-16 00:25:01,354 - INFO - ⏭️  Skipping existing: NL_lov_2025-03-28-5.xml
2026-02-16 00:25:01,656 - INFO - 
   [3/43] Processing document...
2026-02-16 00:25:01,656 - INFO - 📄 Scraping document...
2026-02-16 00:25:04,161 - INFO - HTTP Request: GET https://vegzmiigjvetbaqqcukd.supabase.co/rest/v1/lovdata_metadata?select=file_name&file_name=eq.NL_lov_2007-06-15-40_C2_A79.xml&limit=1 "HTTP/1.1 200 OK"
2026-02-16 00:25:04,167 - INFO - ⏭️  Skipping existing: NL_lov_2007-06-15-40_C2_A79.xml
2026-02-16 00:25:04,475 - INFO - 
   [4/43] Processing document...
2026-02-16 00:25:04,475 - INFO - 📄 Scraping document...
2026-02-16 00:25:06,854 - INFO - HTTP Request: GET https://vegzmiigjvetbaqqcukd.supabase.co/rest/v1/lovdata_metadata?select=file_name&file_name=eq.HRSTR_avgjorelse_hr-2026-373-a.xml&limit=1 "HTTP/1.1 200 OK"
2026-02-16 00:25:06,858 - INFO - ⏭️  Skipping existing: HRSTR_avgjorelse_hr-2026-373-a.xml
2026-02-16 00:25:07,163 - INFO - 
   [5/43] Processing document...
2026-02-16 00:25:07,164 - INFO - 📄 Scraping document...
2026-02-16 00:25:09,588 - INFO - HTTP Request: GET https://vegzmiigjvetbaqqcukd.supabase.co/rest/v1/lovdata_metadata?select=file_name&file_name=eq.HRSIV_avgjorelse_hr-2026-372-a.xml&limit=1 "HTTP/1.1 200 OK"
2026-02-16 00:25:09,592 - INFO - ⏭️  Skipping existing: HRSIV_avgjorelse_hr-2026-372-a.xml
2026-02-16 00:25:09,905 - INFO - 
   [6/43] Processing document...
2026-02-16 00:25:09,905 - INFO - 📄 Scraping document...
2026-02-16 00:25:12,395 - INFO - HTTP Request: GET https://vegzmiigjvetbaqqcukd.supabase.co/rest/v1/lovdata_metadata?select=file_name&file_name=eq.HRSTR_avgjorelse_hr-2026-359-u.xml&limit=1 "HTTP/1.1 200 OK"
2026-02-16 00:25:12,398 - INFO - ⏭️  Skipping existing: HRSTR_avgjorelse_hr-2026-359-u.xml
2026-02-16 00:25:12,706 - INFO - 
   [7/43] Processing document...
2026-02-16 00:25:12,707 - INFO - 📄 Scraping document...
2026-02-16 00:25:14,993 - INFO - HTTP Request: GET https://vegzmiigjvetbaqqcukd.supabase.co/rest/v1/lovdata_metadata?select=file_name&file_name=eq.HRSIV_avgjorelse_hr-2026-346-u.xml&limit=1 "HTTP/1.1 200 OK"
2026-02-16 00:25:14,996 - INFO - ⏭️  Skipping existing: HRSIV_avgjorelse_hr-2026-346-u.xml
2026-02-16 00:25:15,303 - INFO - 
   [8/43] Processing document...
2026-02-16 00:25:15,303 - INFO - 📄 Scraping document...
2026-02-16 00:25:17,597 - INFO - HTTP Request: GET https://vegzmiigjvetbaqqcukd.supabase.co/rest/v1/lovdata_metadata?select=file_name&file_name=eq.HRSTR_avgjorelse_hr-2026-344-u.xml&limit=1 "HTTP/1.1 200 OK"
2026-02-16 00:25:17,599 - INFO - ⏭️  Skipping existing: HRSTR_avgjorelse_hr-2026-344-u.xml
2026-02-16 00:25:17,909 - INFO - 
   [9/43] Processing document...
2026-02-16 00:25:17,910 - INFO - 📄 Scraping document...
2026-02-16 00:25:20,228 - INFO - HTTP Request: GET https://vegzmiigjvetbaqqcukd.supabase.co/rest/v1/lovdata_metadata?select=file_name&file_name=eq.HRSIV_avgjorelse_hr-2026-339-u.xml&limit=1 "HTTP/1.1 200 OK"
2026-02-16 00:25:20,231 - INFO - ⏭️  Skipping existing: HRSIV_avgjorelse_hr-2026-339-u.xml
2026-02-16 00:25:20,541 - INFO - 
   [10/43] Processing document...
2026-02-16 00:25:20,541 - INFO - 📄 Scraping document...
2026-02-16 00:25:22,867 - INFO - HTTP Request: GET https://vegzmiigjvetbaqqcukd.supabase.co/rest/v1/lovdata_metadata?select=file_name&file_name=eq.HRSIV_avgjorelse_hr-2026-334-u.xml&limit=1 "HTTP/1.1 200 OK"
2026-02-16 00:25:22,871 - INFO - ⏭️  Skipping existing: HRSIV_avgjorelse_hr-2026-334-u.xml
2026-02-16 00:25:23,182 - INFO - 
   [11/43] Processing document...
2026-02-16 00:25:23,182 - INFO - 📄 Scraping document...
2026-02-16 00:25:25,636 - INFO - HTTP Request: GET https://vegzmiigjvetbaqqcukd.supabase.co/rest/v1/lovdata_metadata?select=file_name&file_name=eq.HRSTR_avgjorelse_hr-2026-333-u.xml&limit=1 "HTTP/1.1 200 OK"
2026-02-16 00:25:25,637 - INFO - ⏭️  Skipping existing: HRSTR_avgjorelse_hr-2026-333-u.xml
2026-02-16 00:25:25,942 - INFO - 
   [12/43] Processing document...
2026-02-16 00:25:25,943 - INFO - 📄 Scraping document...
2026-02-16 00:25:28,543 - INFO - HTTP Request: GET https://vegzmiigjvetbaqqcukd.supabase.co/rest/v1/lovdata_metadata?select=file_name&file_name=eq.HRSTR_avgjorelse_hr-2026-312-u.xml&limit=1 "HTTP/1.1 200 OK"
2026-02-16 00:25:28,550 - INFO - ⏭️  Skipping existing: HRSTR_avgjorelse_hr-2026-312-u.xml
2026-02-16 00:25:28,857 - INFO - 
   [13/43] Processing document...
2026-02-16 00:25:28,857 - INFO - 📄 Scraping document...
2026-02-16 00:25:31,136 - INFO - HTTP Request: GET https://vegzmiigjvetbaqqcukd.supabase.co/rest/v1/lovdata_metadata?select=file_name&file_name=eq.HRSIV_avgjorelse_hr-2026-296-u.xml&limit=1 "HTTP/1.1 200 OK"
2026-02-16 00:25:31,145 - INFO - ⏭️  Skipping existing: HRSIV_avgjorelse_hr-2026-296-u.xml
2026-02-16 00:25:31,449 - INFO - 
   [14/43] Processing document...
2026-02-16 00:25:31,449 - INFO - 📄 Scraping document...
2026-02-16 00:25:33,917 - INFO - HTTP Request: GET https://vegzmiigjvetbaqqcukd.supabase.co/rest/v1/lovdata_metadata?select=file_name&file_name=eq.LGSIV_avgjorelse_lg-2025-49402.xml&limit=1 "HTTP/1.1 200 OK"
2026-02-16 00:25:33,918 - INFO - ⏭️  Skipping existing: LGSIV_avgjorelse_lg-2025-49402.xml
2026-02-16 00:25:34,220 - INFO - 
   [15/43] Processing document...
2026-02-16 00:25:34,221 - INFO - 📄 Scraping document...
2026-02-16 00:25:37,089 - INFO - HTTP Request: GET https://vegzmiigjvetbaqqcukd.supabase.co/rest/v1/lovdata_metadata?select=file_name&file_name=eq.LGSIV_avgjorelse_lg-2026-18220.xml&limit=1 "HTTP/1.1 200 OK"
2026-02-16 00:25:37,142 - INFO - ⏭️  Skipping existing: LGSIV_avgjorelse_lg-2026-18220.xml
2026-02-16 00:25:37,449 - INFO - 
   [16/43] Processing document...
2026-02-16 00:25:37,449 - INFO - 📄 Scraping document...
2026-02-16 00:25:40,359 - INFO - HTTP Request: GET https://vegzmiigjvetbaqqcukd.supabase.co/rest/v1/lovdata_metadata?select=file_name&file_name=eq.LBSIV_avgjorelse_lb-2025-181309.xml&limit=1 "HTTP/1.1 200 OK"
2026-02-16 00:25:40,361 - INFO - ⏭️  Skipping existing: LBSIV_avgjorelse_lb-2025-181309.xml
2026-02-16 00:25:40,667 - INFO - 
   [17/43] Processing document...
2026-02-16 00:25:40,667 - INFO - 📄 Scraping document...
2026-02-16 00:25:43,138 - INFO - HTTP Request: GET https://vegzmiigjvetbaqqcukd.supabase.co/rest/v1/lovdata_metadata?select=file_name&file_name=eq.LBSIV_avgjorelse_lb-2025-103123.xml&limit=1 "HTTP/1.1 200 OK"
2026-02-16 00:25:43,141 - INFO - ⏭️  Skipping existing: LBSIV_avgjorelse_lb-2025-103123.xml
2026-02-16 00:25:43,455 - INFO - 
   [18/43] Processing document...
2026-02-16 00:25:43,457 - INFO - 📄 Scraping document...
2026-02-16 00:25:46,119 - INFO - HTTP Request: GET https://vegzmiigjvetbaqqcukd.supabase.co/rest/v1/lovdata_metadata?select=file_name&file_name=eq.LBSTR_avgjorelse_lb-2025-101938.xml&limit=1 "HTTP/1.1 200 OK"
2026-02-16 00:25:46,122 - INFO - ⏭️  Skipping existing: LBSTR_avgjorelse_lb-2025-101938.xml
2026-02-16 00:25:46,431 - INFO - 
   [19/43] Processing document...
2026-02-16 00:25:46,431 - INFO - 📄 Scraping document...
2026-02-16 00:25:48,968 - INFO - HTTP Request: GET https://vegzmiigjvetbaqqcukd.supabase.co/rest/v1/lovdata_metadata?select=file_name&file_name=eq.LHSIV_avgjorelse_lh-2026-8272.xml&limit=1 "HTTP/1.1 200 OK"
2026-02-16 00:25:48,972 - INFO - ⏭️  Skipping existing: LHSIV_avgjorelse_lh-2026-8272.xml
2026-02-16 00:25:49,286 - INFO - 
   [20/43] Processing document...
2026-02-16 00:25:49,287 - INFO - 📄 Scraping document...
2026-02-16 00:25:51,758 - INFO - HTTP Request: GET https://vegzmiigjvetbaqqcukd.supabase.co/rest/v1/lovdata_metadata?select=file_name&file_name=eq.LHSTR_avgjorelse_lh-2025-188441.xml&limit=1 "HTTP/1.1 200 OK"
2026-02-16 00:25:51,761 - INFO - ⏭️  Skipping existing: LHSTR_avgjorelse_lh-2025-188441.xml
2026-02-16 00:25:52,073 - INFO - 
   [21/43] Processing document...
2026-02-16 00:25:52,073 - INFO - 📄 Scraping document...
2026-02-16 00:25:54,463 - INFO - HTTP Request: GET https://vegzmiigjvetbaqqcukd.supabase.co/rest/v1/lovdata_metadata?select=file_name&file_name=eq.LGSIV_avgjorelse_lg-2026-16764.xml&limit=1 "HTTP/1.1 200 OK"
2026-02-16 00:25:54,467 - INFO - ⏭️  Skipping existing: LGSIV_avgjorelse_lg-2026-16764.xml
2026-02-16 00:25:54,780 - INFO - 
   [22/43] Processing document...
2026-02-16 00:25:54,781 - INFO - 📄 Scraping document...
2026-02-16 00:25:57,337 - INFO - HTTP Request: GET https://vegzmiigjvetbaqqcukd.supabase.co/rest/v1/lovdata_metadata?select=file_name&file_name=eq.LGSIV_avgjorelse_lg-2026-5180.xml&limit=1 "HTTP/1.1 200 OK"
2026-02-16 00:25:57,341 - INFO - ⏭️  Skipping existing: LGSIV_avgjorelse_lg-2026-5180.xml
2026-02-16 00:25:57,649 - INFO - 
   [23/43] Processing document...
2026-02-16 00:25:57,650 - INFO - 📄 Scraping document...
2026-02-16 00:26:00,507 - INFO - HTTP Request: GET https://vegzmiigjvetbaqqcukd.supabase.co/rest/v1/lovdata_metadata?select=file_name&file_name=eq.LESIV_avgjorelse_le-2025-196437.xml&limit=1 "HTTP/1.1 200 OK"
2026-02-16 00:26:00,510 - INFO - ⏭️  Skipping existing: LESIV_avgjorelse_le-2025-196437.xml
2026-02-16 00:26:00,817 - INFO - 
   [24/43] Processing document...
2026-02-16 00:26:00,817 - INFO - 📄 Scraping document...
2026-02-16 00:26:08,041 - ERROR - Metadata exists check failed: The read operation timed out
2026-02-16 00:26:08,085 - INFO - ✓ XML saved: ./scraped_xml\Legal_Areas/Work_Environment\Work_Environment\TRSTR_avgjorelse_tnet-2025-201859.xml
2026-02-16 00:26:08,731 - INFO - HTTP Request: GET https://vegzmiigjvetbaqqcukd.supabase.co/rest/v1/lovdata_metadata?select=file_hash&file_hash=eq.4073d0508738c2d2da42b1d37ce24b62&limit=1 "HTTP/1.1 200 OK"
2026-02-16 00:26:09,038 - INFO - 
   [25/43] Processing document...
2026-02-16 00:26:09,040 - INFO - 📄 Scraping document...
2026-02-16 00:26:11,497 - INFO - HTTP Request: GET https://vegzmiigjvetbaqqcukd.supabase.co/rest/v1/lovdata_metadata?select=file_name&file_name=eq.TRSTR_avgjorelse_thrd-2025-147974.xml&limit=1 "HTTP/1.1 200 OK"
2026-02-16 00:26:11,500 - INFO - ⏭️  Skipping existing: TRSTR_avgjorelse_thrd-2025-147974.xml
2026-02-16 00:26:11,804 - INFO - 
   [26/43] Processing document...
2026-02-16 00:26:11,805 - INFO - 📄 Scraping document...
2026-02-16 00:26:14,369 - INFO - HTTP Request: GET https://vegzmiigjvetbaqqcukd.supabase.co/rest/v1/lovdata_metadata?select=file_name&file_name=eq.TRSTR_avgjorelse_thrd-2025-179533.xml&limit=1 "HTTP/1.1 200 OK"
2026-02-16 00:26:14,409 - INFO - ⏭️  Skipping existing: TRSTR_avgjorelse_thrd-2025-179533.xml
2026-02-16 00:26:14,718 - INFO - 
   [27/43] Processing document...
2026-02-16 00:26:14,718 - INFO - 📄 Scraping document...
2026-02-16 00:26:17,438 - INFO - HTTP Request: GET https://vegzmiigjvetbaqqcukd.supabase.co/rest/v1/lovdata_metadata?select=file_name&file_name=eq.TRSIV_avgjorelse_tosl-2025-206996.xml&limit=1 "HTTP/1.1 200 OK"
2026-02-16 00:26:17,441 - INFO - ⏭️  Skipping existing: TRSIV_avgjorelse_tosl-2025-206996.xml
2026-02-16 00:26:17,747 - INFO - 
   [28/43] Processing document...
2026-02-16 00:26:17,747 - INFO - 📄 Scraping document...
2026-02-16 00:26:20,509 - INFO - HTTP Request: GET https://vegzmiigjvetbaqqcukd.supabase.co/rest/v1/lovdata_metadata?select=file_name&file_name=eq.TRSTR_avgjorelse_tosl-2025-46750.xml&limit=1 "HTTP/1.1 200 OK"
2026-02-16 00:26:20,511 - INFO - ⏭️  Skipping existing: TRSTR_avgjorelse_tosl-2025-46750.xml
2026-02-16 00:26:20,825 - INFO - 
   [29/43] Processing document...
2026-02-16 00:26:20,825 - INFO - 📄 Scraping document...
2026-02-16 00:26:23,643 - INFO - HTTP Request: GET https://vegzmiigjvetbaqqcukd.supabase.co/rest/v1/lovdata_metadata?select=file_name&file_name=eq.TRSIV_avgjorelse_tosl-2025-180124.xml&limit=1 "HTTP/1.1 200 OK"
2026-02-16 00:26:23,643 - INFO - ⏭️  Skipping existing: TRSIV_avgjorelse_tosl-2025-180124.xml
2026-02-16 00:26:23,950 - INFO - 
   [30/43] Processing document...
2026-02-16 00:26:23,950 - INFO - 📄 Scraping document...
2026-02-16 00:26:28,023 - INFO - HTTP Request: GET https://vegzmiigjvetbaqqcukd.supabase.co/rest/v1/lovdata_metadata?select=file_name&file_name=eq.TRSIV_avgjorelse_tosl-2025-3971.xml&limit=1 "HTTP/1.1 200 OK"
2026-02-16 00:26:28,025 - INFO - ⏭️  Skipping existing: TRSIV_avgjorelse_tosl-2025-3971.xml
2026-02-16 00:26:28,340 - INFO - 
   [31/43] Processing document...
2026-02-16 00:26:28,340 - INFO - 📄 Scraping document...
2026-02-16 00:26:30,637 - INFO - HTTP Request: GET https://vegzmiigjvetbaqqcukd.supabase.co/rest/v1/lovdata_metadata?select=file_name&file_name=eq.TRSIV_avgjorelse_tvov-2025-54083.xml&limit=1 "HTTP/1.1 200 OK"
2026-02-16 00:26:30,638 - INFO - ⏭️  Skipping existing: TRSIV_avgjorelse_tvov-2025-54083.xml
2026-02-16 00:26:30,954 - INFO - 
   [32/43] Processing document...
2026-02-16 00:26:30,955 - INFO - 📄 Scraping document...
2026-02-16 00:26:33,312 - INFO - HTTP Request: GET https://vegzmiigjvetbaqqcukd.supabase.co/rest/v1/lovdata_metadata?select=file_name&file_name=eq.TRSIV_avgjorelse_tosl-2025-195280.xml&limit=1 "HTTP/1.1 200 OK"
2026-02-16 00:26:33,314 - INFO - ⏭️  Skipping existing: TRSIV_avgjorelse_tosl-2025-195280.xml
2026-02-16 00:26:33,618 - INFO - 
   [33/43] Processing document...
2026-02-16 00:26:33,619 - INFO - 📄 Scraping document...
2026-02-16 00:26:35,992 - INFO - HTTP Request: GET https://vegzmiigjvetbaqqcukd.supabase.co/rest/v1/lovdata_metadata?select=file_name&file_name=eq.TRSTR_avgjorelse_tgud-2025-196990.xml&limit=1 "HTTP/1.1 200 OK"
2026-02-16 00:26:35,997 - INFO - ⏭️  Skipping existing: TRSTR_avgjorelse_tgud-2025-196990.xml
2026-02-16 00:26:36,307 - INFO - 
   [34/43] Processing document...
2026-02-16 00:26:36,308 - INFO - 📄 Scraping document...
2026-02-16 00:26:38,671 - INFO - HTTP Request: GET https://vegzmiigjvetbaqqcukd.supabase.co/rest/v1/lovdata_metadata?select=file_name&file_name=eq.LTI_forskrift_2026-02-13-200.xml&limit=1 "HTTP/1.1 200 OK"
2026-02-16 00:26:38,672 - INFO - ⏭️  Skipping existing: LTI_forskrift_2026-02-13-200.xml
2026-02-16 00:26:38,988 - INFO - 
   [35/43] Processing document...
2026-02-16 00:26:38,988 - INFO - 📄 Scraping document...
2026-02-16 00:26:41,449 - INFO - HTTP Request: GET https://vegzmiigjvetbaqqcukd.supabase.co/rest/v1/lovdata_metadata?select=file_name&file_name=eq.LTI_forskrift_2026-02-12-199.xml&limit=1 "HTTP/1.1 200 OK"
2026-02-16 00:26:41,452 - INFO - ⏭️  Skipping existing: LTI_forskrift_2026-02-12-199.xml
2026-02-16 00:26:41,757 - INFO - 
   [36/43] Processing document...
2026-02-16 00:26:41,758 - INFO - 📄 Scraping document...
2026-02-16 00:26:44,364 - INFO - HTTP Request: GET https://vegzmiigjvetbaqqcukd.supabase.co/rest/v1/lovdata_metadata?select=file_name&file_name=eq.LTI_forskrift_2026-01-21-198.xml&limit=1 "HTTP/1.1 200 OK"
2026-02-16 00:26:44,367 - INFO - ⏭️  Skipping existing: LTI_forskrift_2026-01-21-198.xml
2026-02-16 00:26:44,671 - INFO - 
   [37/43] Processing document...
2026-02-16 00:26:44,671 - INFO - 📄 Scraping document...
2026-02-16 00:26:47,132 - INFO - HTTP Request: GET https://vegzmiigjvetbaqqcukd.supabase.co/rest/v1/lovdata_metadata?select=file_name&file_name=eq.LTI_forskrift_2026-02-13-197.xml&limit=1 "HTTP/1.1 200 OK"
2026-02-16 00:26:47,135 - INFO - ⏭️  Skipping existing: LTI_forskrift_2026-02-13-197.xml
2026-02-16 00:26:47,437 - INFO - 
   [38/43] Processing document...
2026-02-16 00:26:47,437 - INFO - 📄 Scraping document...
2026-02-16 00:26:49,907 - INFO - HTTP Request: GET https://vegzmiigjvetbaqqcukd.supabase.co/rest/v1/lovdata_metadata?select=file_name&file_name=eq.LTI_lov_2026-02-13-6.xml&limit=1 "HTTP/1.1 200 OK"
2026-02-16 00:26:49,909 - INFO - ⏭️  Skipping existing: LTI_lov_2026-02-13-6.xml
2026-02-16 00:26:50,225 - INFO - 
   [39/43] Processing document...
2026-02-16 00:26:50,225 - INFO - 📄 Scraping document...
2026-02-16 00:26:52,719 - INFO - HTTP Request: GET https://vegzmiigjvetbaqqcukd.supabase.co/rest/v1/lovdata_metadata?select=file_name&file_name=eq.LTI_lov_2026-02-13-5.xml&limit=1 "HTTP/1.1 200 OK"
2026-02-16 00:26:52,722 - INFO - ⏭️  Skipping existing: LTI_lov_2026-02-13-5.xml
2026-02-16 00:26:53,032 - INFO - 
   [40/43] Processing document...
2026-02-16 00:26:53,032 - INFO - 📄 Scraping document...
2026-02-16 00:26:55,530 - INFO - HTTP Request: GET https://vegzmiigjvetbaqqcukd.supabase.co/rest/v1/lovdata_metadata?select=file_name&file_name=eq.LTI_forskrift_2026-02-12-196.xml&limit=1 "HTTP/1.1 200 OK"
2026-02-16 00:26:55,537 - INFO - ⏭️  Skipping existing: LTI_forskrift_2026-02-12-196.xml
2026-02-16 00:26:55,849 - INFO - 
   [41/43] Processing document...
2026-02-16 00:26:55,849 - INFO - 📄 Scraping document...
2026-02-16 00:26:58,804 - INFO - HTTP Request: GET https://vegzmiigjvetbaqqcukd.supabase.co/rest/v1/lovdata_metadata?select=file_name&file_name=eq.LTI_forskrift_2026-02-12-195.xml&limit=1 "HTTP/1.1 200 OK"
2026-02-16 00:26:58,842 - INFO - ✓ XML saved: ./scraped_xml\Legal_Areas/Work_Environment\Work_Environment\LTI_forskrift_2026-02-12-195.xml
2026-02-16 00:26:59,009 - INFO - HTTP Request: GET https://vegzmiigjvetbaqqcukd.supabase.co/rest/v1/lovdata_metadata?select=file_hash&file_hash=eq.93adb7fde6989b9b797bd2ce6674e07f&limit=1 "HTTP/1.1 200 OK"
2026-02-16 00:26:59,312 - INFO - 
   [42/43] Processing document...
2026-02-16 00:26:59,312 - INFO - 📄 Scraping document...
2026-02-16 00:27:01,648 - INFO - HTTP Request: GET https://vegzmiigjvetbaqqcukd.supabase.co/rest/v1/lovdata_metadata?select=file_name&file_name=eq.LTI_forskrift_2026-02-11-194.xml&limit=1 "HTTP/1.1 200 OK"
2026-02-16 00:27:01,667 - INFO - ✓ XML saved: ./scraped_xml\Legal_Areas/Work_Environment\Work_Environment\LTI_forskrift_2026-02-11-194.xml
2026-02-16 00:27:01,762 - INFO - HTTP Request: GET https://vegzmiigjvetbaqqcukd.supabase.co/rest/v1/lovdata_metadata?select=file_hash&file_hash=eq.df040240c13eae73c232ca9fbacf5c34&limit=1 "HTTP/1.1 200 OK"
2026-02-16 00:27:02,068 - INFO - 
   [43/43] Processing document...
2026-02-16 00:27:02,068 - INFO - 📄 Scraping document...
2026-02-16 00:27:04,412 - INFO - HTTP Request: GET https://vegzmiigjvetbaqqcukd.supabase.co/rest/v1/lovdata_metadata?select=file_name&file_name=eq.LTI_forskrift_2026-02-09-193.xml&limit=1 "HTTP/1.1 200 OK"
2026-02-16 00:27:04,433 - INFO - ✓ XML saved: ./scraped_xml\Legal_Areas/Work_Environment\Work_Environment\LTI_forskrift_2026-02-09-193.xml
2026-02-16 00:27:04,537 - INFO - HTTP Request: GET https://vegzmiigjvetbaqqcukd.supabase.co/rest/v1/lovdata_metadata?select=file_hash&file_hash=eq.37383a9ffd7f3624610ccdfb03da7130&limit=1 "HTTP/1.1 200 OK"
2026-02-16 00:27:04,858 - INFO - 
✅ Completed area: Work_Environment
2026-02-16 00:27:04,858 - INFO - 
======================================================================
2026-02-16 00:27:04,858 - INFO - [3/38] Social_Security_Law
2026-02-16 00:27:04,858 - INFO - ======================================================================
2026-02-16 00:27:04,858 - INFO -    Norwegian: trygderett
2026-02-16 00:27:04,860 - INFO -    🔗 https://lovdata.no/pro/#rettsomrade/trygderett
2026-02-16 00:27:04,860 - INFO - 📂 Navigating to: https://lovdata.no/pro/#rettsomrade/trygderett
2026-02-16 00:27:12,885 - INFO -    📜 Scrolling to load all documents...
2026-02-16 00:27:12,918 - INFO -    📄 Currently loaded: 45
2026-02-16 00:27:15,954 - INFO -    📄 Currently loaded: 45
2026-02-16 00:27:18,980 - INFO -    📄 Currently loaded: 45
2026-02-16 00:27:22,012 - INFO -    📄 Currently loaded: 45
2026-02-16 00:27:22,012 - INFO -    ✅ All documents loaded
2026-02-16 00:27:22,697 - INFO -    📎 Found 43 documents
2026-02-16 00:27:22,698 - INFO - 🚀 Processing 43 documents
2026-02-16 00:27:22,698 - INFO - 
   [1/43] Processing document...
2026-02-16 00:27:22,699 - INFO - 📄 Scraping document...
2026-02-16 00:27:26,966 - INFO - HTTP Request: GET https://vegzmiigjvetbaqqcukd.supabase.co/rest/v1/lovdata_metadata?select=file_name&file_name=eq.NL_lov_2007-06-15-40_C2_A744.xml&limit=1 "HTTP/1.1 200 OK"
2026-02-16 00:27:26,970 - INFO - ⏭️  Skipping existing: NL_lov_2007-06-15-40_C2_A744.xml
2026-02-16 00:27:27,282 - INFO - 
   [2/43] Processing document...
2026-02-16 00:27:27,282 - INFO - 📄 Scraping document...
2026-02-16 00:27:31,579 - INFO - HTTP Request: GET https://vegzmiigjvetbaqqcukd.supabase.co/rest/v1/lovdata_metadata?select=file_name&file_name=eq.NL_lov_2025-03-28-5.xml&limit=1 "HTTP/1.1 200 OK"
2026-02-16 00:27:31,582 - INFO - ⏭️  Skipping existing: NL_lov_2025-03-28-5.xml
2026-02-16 00:27:31,884 - INFO - 
   [3/43] Processing document...
2026-02-16 00:27:31,884 - INFO - 📄 Scraping document...
2026-02-16 00:27:35,383 - INFO - HTTP Request: GET https://vegzmiigjvetbaqqcukd.supabase.co/rest/v1/lovdata_metadata?select=file_name&file_name=eq.NL_lov_2007-06-15-40_C2_A79.xml&limit=1 "HTTP/1.1 200 OK"
2026-02-16 00:27:35,386 - INFO - ⏭️  Skipping existing: NL_lov_2007-06-15-40_C2_A79.xml
2026-02-16 00:27:35,696 - INFO - 
   [4/43] Processing document...
2026-02-16 00:27:35,696 - INFO - 📄 Scraping document...
2026-02-16 00:27:38,848 - INFO - HTTP Request: GET https://vegzmiigjvetbaqqcukd.supabase.co/rest/v1/lovdata_metadata?select=file_name&file_name=eq.HRSTR_avgjorelse_hr-2026-373-a.xml&limit=1 "HTTP/1.1 200 OK"
2026-02-16 00:27:38,849 - INFO - ⏭️  Skipping existing: HRSTR_avgjorelse_hr-2026-373-a.xml
2026-02-16 00:27:39,156 - INFO - 
   [5/43] Processing document...
2026-02-16 00:27:39,157 - INFO - 📄 Scraping document...
2026-02-16 00:27:41,595 - INFO - HTTP Request: GET https://vegzmiigjvetbaqqcukd.supabase.co/rest/v1/lovdata_metadata?select=file_name&file_name=eq.HRSIV_avgjorelse_hr-2026-372-a.xml&limit=1 "HTTP/1.1 200 OK"
2026-02-16 00:27:41,602 - INFO - ⏭️  Skipping existing: HRSIV_avgjorelse_hr-2026-372-a.xml
2026-02-16 00:27:41,911 - INFO - 
   [6/43] Processing document...
2026-02-16 00:27:41,912 - INFO - 📄 Scraping document...
2026-02-16 00:27:45,309 - INFO - HTTP Request: GET https://vegzmiigjvetbaqqcukd.supabase.co/rest/v1/lovdata_metadata?select=file_name&file_name=eq.HRSTR_avgjorelse_hr-2026-359-u.xml&limit=1 "HTTP/1.1 200 OK"
2026-02-16 00:27:45,317 - INFO - ⏭️  Skipping existing: HRSTR_avgjorelse_hr-2026-359-u.xml
2026-02-16 00:27:45,501 - INFO - 
⬆️  Uploading batch (7 documents)
2026-02-16 00:27:46,217 - INFO - HTTP Request: POST https://vegzmiigjvetbaqqcukd.supabase.co/storage/v1/object/lovdata-docs/Legal_Areas/Labor_Law/Labor_Law/LTI_forskrift_2026-02-12-195.xml "HTTP/2 200 OK"
2026-02-16 00:27:46,218 - INFO - ☁️ Uploaded & deleted local: Legal_Areas/Labor_Law/Labor_Law/LTI_forskrift_2026-02-12-195.xml
2026-02-16 00:27:46,641 - INFO - HTTP Request: POST https://vegzmiigjvetbaqqcukd.supabase.co/rest/v1/lovdata_metadata "HTTP/1.1 201 Created"
2026-02-16 00:27:46,648 - INFO - 🧾 Metadata inserted: LTI_forskrift_2026-02-12-195.xml
2026-02-16 00:27:46,933 - INFO - HTTP Request: POST https://vegzmiigjvetbaqqcukd.supabase.co/storage/v1/object/lovdata-docs/Legal_Areas/Labor_Law/Labor_Law/LTI_forskrift_2026-02-11-194.xml "HTTP/2 200 OK"
2026-02-16 00:27:46,934 - INFO - ☁️ Uploaded & deleted local: Legal_Areas/Labor_Law/Labor_Law/LTI_forskrift_2026-02-11-194.xml
2026-02-16 00:27:47,240 - INFO - HTTP Request: POST https://vegzmiigjvetbaqqcukd.supabase.co/rest/v1/lovdata_metadata "HTTP/1.1 201 Created"
2026-02-16 00:27:47,242 - INFO - 🧾 Metadata inserted: LTI_forskrift_2026-02-11-194.xml
2026-02-16 00:27:47,500 - INFO - HTTP Request: POST https://vegzmiigjvetbaqqcukd.supabase.co/storage/v1/object/lovdata-docs/Legal_Areas/Labor_Law/Labor_Law/LTI_forskrift_2026-02-09-193.xml "HTTP/2 200 OK"
2026-02-16 00:27:47,501 - INFO - ☁️ Uploaded & deleted local: Legal_Areas/Labor_Law/Labor_Law/LTI_forskrift_2026-02-09-193.xml
2026-02-16 00:27:47,650 - INFO - HTTP Request: POST https://vegzmiigjvetbaqqcukd.supabase.co/rest/v1/lovdata_metadata "HTTP/1.1 201 Created"
2026-02-16 00:27:47,651 - INFO - 🧾 Metadata inserted: LTI_forskrift_2026-02-09-193.xml
2026-02-16 00:27:48,061 - INFO - HTTP Request: POST https://vegzmiigjvetbaqqcukd.supabase.co/storage/v1/object/lovdata-docs/Legal_Areas/Work_Environment/Work_Environment/TRSTR_avgjorelse_tnet-2025-201859.xml "HTTP/2 200 OK"
2026-02-16 00:27:48,063 - INFO - ☁️ Uploaded & deleted local: Legal_Areas/Work_Environment/Work_Environment/TRSTR_avgjorelse_tnet-2025-201859.xml
