2026-03-03 11:28:57,551 - INFO - ✓ Supabase table: legal_area_metadata
2026-03-03 11:28:57,554 - INFO - ✓ Supabase bucket: legal_area
2026-03-03 11:28:57,554 - INFO - ✓ Storage handler initialized (bucket: legal_area)
2026-03-03 11:28:57,555 - INFO - 🔐 Opening Lovdata login page...
2026-03-03 11:29:04,586 - INFO - ✅ Login successful
2026-03-03 11:29:04,587 - INFO - ======================================================================
2026-03-03 11:29:04,587 - INFO - MODE: legal_areas_only
2026-03-03 11:29:04,588 - INFO - ======================================================================
2026-03-03 11:29:04,589 - INFO - 
======================================================================
2026-03-03 11:29:04,592 - INFO - ⚖️  SCRAPING LEGAL AREAS (reliable traversal: root → branch → leaf)
2026-03-03 11:29:04,592 - INFO - ======================================================================
2026-03-03 11:29:15,729 - INFO - 📂 Navigating to Rettsområder section...
2026-03-03 11:29:21,975 - INFO -    ✅ Clicked: Rettsområder
2026-03-03 11:29:37,046 - INFO -    Found 35 total tree nodes
2026-03-03 11:29:37,108 - INFO -    ✅ Found: Anskaffelser, avtaler, bygg og entrepriser
2026-03-03 11:29:37,159 - INFO -    ✅ Found: Arbeidsrett
2026-03-03 11:29:37,216 - INFO -    ✅ Found: Bank, finans og regnskapsrett
2026-03-03 11:29:37,269 - INFO -    ✅ Found: Energirett
2026-03-03 11:29:37,329 - INFO -    ✅ Found: Erstatnings- og forsikringsrett
2026-03-03 11:29:37,386 - INFO -    ✅ Found: EU/EØS-rett
2026-03-03 11:29:37,454 - INFO -    ✅ Found: Familie-, person- og barnerett
2026-03-03 11:29:37,535 - INFO -    ✅ Found: Fast eiendoms rettsforhold
2026-03-03 11:29:37,616 - INFO -    ✅ Found: Fiskeri- og fangstrett og havbruk
2026-03-03 11:29:37,679 - INFO -    ✅ Found: Forbruker-, kjøps- og konkurranserett
2026-03-03 11:29:37,731 - INFO -    ✅ Found: Forvaltnings- og kommunalrett
2026-03-03 11:29:37,772 - INFO -    ✅ Found: Forurensninger, klima og utslipp
2026-03-03 11:29:37,820 - INFO -    ✅ Found: HMS og beredskaps- og sikkerhetsrett
2026-03-03 11:29:37,857 - INFO -    ✅ Found: Helse- og omsorgsrett
2026-03-03 11:29:37,908 - INFO -    ✅ Found: IKT- og medierett
2026-03-03 11:29:37,971 - INFO -    ✅ Found: Immaterialrett
2026-03-03 11:29:38,038 - INFO -    ✅ Found: Internasjonal rett
2026-03-03 11:29:38,106 - INFO -    ✅ Found: Konkurs, gjeld og pant
2026-03-03 11:29:38,166 - INFO -    ✅ Found: Kultur, idrett og underholdning
2026-03-03 11:29:38,219 - INFO -    ✅ Found: Landbruk, jakt og skogbruk
2026-03-03 11:29:38,265 - INFO -    ✅ Found: Menneskerettigheter
2026-03-03 11:29:38,324 - INFO -    ✅ Found: Miljøvern, natur og friluftsliv
2026-03-03 11:29:38,391 - INFO -    ✅ Found: Næringsrett
2026-03-03 11:29:38,446 - INFO -    ✅ Found: Pensjons- og trygderett
2026-03-03 11:29:38,516 - INFO -    ✅ Found: Samerett
2026-03-03 11:29:38,594 - INFO -    ✅ Found: Selskaper, fond og foreninger
2026-03-03 11:29:38,662 - INFO -    ✅ Found: Skatte- og avgiftsrett
2026-03-03 11:29:38,721 - INFO -    ✅ Found: Skoler, universiteter og forskning
2026-03-03 11:29:38,783 - INFO -    ✅ Found: Stats-, statsforfatnings- og statsborgerrett
2026-03-03 11:29:38,836 - INFO -    ✅ Found: Sivil- og straffeprosess
2026-03-03 11:29:38,894 - INFO -    ✅ Found: Strafferett
2026-03-03 11:29:38,941 - INFO -    ✅ Found: Svalbard og biland
2026-03-03 11:29:38,985 - INFO -    ✅ Found: Transport og kommunikasjoner
2026-03-03 11:29:39,025 - INFO -    ✅ Found: Tvangsfullbyrdelse
2026-03-03 11:29:39,059 - INFO -    ✅ Found: Utlendingsrett
2026-03-03 11:29:39,062 - INFO - 
   📋 Total discovered: 35 legal areas

2026-03-03 11:29:39,062 - INFO - 📊 Total ROOT areas discovered: 35
2026-03-03 11:29:39,065 - INFO - 
======================================================================
2026-03-03 11:29:39,065 - INFO - [1/35] ROOT: Anskaffelser_Avtaler_Bygg_Og_Entrepriser
2026-03-03 11:29:39,065 - INFO - ======================================================================
2026-03-03 11:29:40,457 - INFO - HTTP Request: GET https://exeklzgcqykkutjfikei.supabase.co/rest/v1/legal_area_metadata?select=id&legal_area_root=eq.Anskaffelser_Avtaler_Bygg_Og_Entrepriser&limit=1 "HTTP/1.1 200 OK"
2026-03-03 11:35:16,609 - WARNING - Retrying (Retry(total=2, connect=None, read=None, redirect=None, status=None)) after connection broken by 'ConnectionResetError(10054, 'An existing connection was forcibly closed by the remote host', None, 10054, None)': /session/95176b937aadab71197cbb7a80734cb3
