2026-02-24 10:23:56,142 - INFO - ✓ Storage handler initialized (bucket: lovdata-docs)
2026-02-24 10:23:56,142 - INFO - 🔐 Opening Lovdata login page...
2026-02-24 10:24:03,818 - INFO - ✅ Login successful
2026-02-24 10:24:03,818 - INFO - ======================================================================
2026-02-24 10:24:03,818 - INFO - MODE: sources_of_law
2026-02-24 10:24:03,818 - INFO - ======================================================================
2026-02-24 10:24:03,818 - INFO - 
======================================================================
2026-02-24 10:24:03,818 - INFO - ⚖️  SCRAPING SOURCES OF LAW
2026-02-24 10:24:03,818 - INFO - ======================================================================

2026-02-24 10:24:03,823 - INFO - 
 Registry: Register: Preparatory Work for Laws (RFA)
2026-02-24 10:24:03,824 - INFO -    https://lovdata.no/pro/#registry/chronological/RFA
2026-02-24 10:24:06,000 - INFO - 
======================================================================
2026-02-24 10:24:06,000 - INFO - SCRAPING SUMMARY
2026-02-24 10:24:06,002 - INFO - ======================================================================
2026-02-24 10:24:06,002 - INFO - ✅ Success: 0
2026-02-24 10:24:06,002 - INFO - ❌ Failed: 0
2026-02-24 10:24:06,002 - INFO - ⏭️  Skipped: 0
2026-02-24 10:24:06,002 - INFO - ======================================================================

