2026-02-14 23:06:49,453 - INFO - ✓ Storage handler initialized (bucket: lovdata-docs)
2026-02-14 23:06:49,454 - INFO - 🔐 Opening Lovdata login page...
2026-02-14 23:06:54,087 - INFO - ✅ Login successful
2026-02-14 23:06:54,088 - INFO - ======================================================================
2026-02-14 23:06:54,088 - INFO - MODE: legal_areas_only
2026-02-14 23:06:54,088 - INFO - ======================================================================
2026-02-14 23:06:54,088 - INFO - 
======================================================================
2026-02-14 23:06:54,088 - INFO - ⚖️  SCRAPING LEGAL AREAS
2026-02-14 23:06:54,089 - INFO - ======================================================================
2026-02-14 23:06:54,089 - INFO - 📂 Loading legal areas...
2026-02-14 23:06:54,089 - INFO - 📋 Loaded 56 legal areas
2026-02-14 23:06:54,089 - INFO - 
📊 Total legal areas: 56

2026-02-14 23:06:54,089 - INFO - 
======================================================================
2026-02-14 23:06:54,089 - INFO - [1/56] Arbeidsrett (Employment Law)
2026-02-14 23:06:54,089 - INFO - ======================================================================
2026-02-14 23:06:54,090 - INFO -    🔗 https://lovdata.no/pro/#rettsomrade/arbeidsrett
2026-02-14 23:06:54,090 - INFO - 📂 Navigating to: https://lovdata.no/pro/#rettsomrade/arbeidsrett
2026-02-14 23:07:02,115 - INFO -    📜 Scrolling to load documents...
2026-02-14 23:07:13,866 - INFO -    📎 Found 43 documents
2026-02-14 23:07:13,868 - INFO - 🚀 Processing 43 documents
2026-02-14 23:07:13,868 - INFO - 
   [1/43] Processing document...
2026-02-14 23:07:13,869 - INFO - 📄 Scraping document...
2026-02-14 23:07:22,500 - INFO - HTTP Request: GET https://vegzmiigjvetbaqqcukd.supabase.co/rest/v1/lovdata_metadata?select=file_name&file_name=eq.NL.xml&limit=1 "HTTP/1.1 200 OK"
2026-02-14 23:07:22,598 - INFO - ✓ XML saved: ./scraped_xml\Legal_Areas/Arbeidsrett (Employment Law)\Arbeidsrett (Employment Law)\NL.xml
2026-02-14 23:07:22,598 - ERROR - ❌ Error processing document: too many values to unpack (expected 3)
2026-02-14 23:07:22,917 - INFO - 
   [2/43] Processing document...
2026-02-14 23:07:22,917 - INFO - 📄 Scraping document...
2026-02-14 23:07:25,215 - INFO - HTTP Request: GET https://vegzmiigjvetbaqqcukd.supabase.co/rest/v1/lovdata_metadata?select=file_name&file_name=eq.NL.xml&limit=1 "HTTP/1.1 200 OK"
2026-02-14 23:07:25,281 - INFO - ✓ XML saved: ./scraped_xml\Legal_Areas/Arbeidsrett (Employment Law)\Arbeidsrett (Employment Law)\NL.xml
2026-02-14 23:07:25,281 - ERROR - ❌ Error processing document: too many values to unpack (expected 3)
2026-02-14 23:07:25,593 - INFO - 
   [3/43] Processing document...
2026-02-14 23:07:25,593 - INFO - 📄 Scraping document...
2026-02-14 23:07:27,829 - INFO - HTTP Request: GET https://vegzmiigjvetbaqqcukd.supabase.co/rest/v1/lovdata_metadata?select=file_name&file_name=eq.NL.xml&limit=1 "HTTP/1.1 200 OK"
2026-02-14 23:07:27,864 - INFO - ✓ XML saved: ./scraped_xml\Legal_Areas/Arbeidsrett (Employment Law)\Arbeidsrett (Employment Law)\NL.xml
2026-02-14 23:07:27,865 - ERROR - ❌ Error processing document: too many values to unpack (expected 3)
2026-02-14 23:07:28,178 - INFO - 
   [4/43] Processing document...
2026-02-14 23:07:28,178 - INFO - 📄 Scraping document...
2026-02-14 23:07:48,708 - ERROR - ❌ Failed to scrape document https://lovdata.no/pro/#document/HRSTR/avgjorelse/hr-2026-373-a: Message: 
Stacktrace:
Symbols not available. Dumping unresolved backtrace:
	0x7ff701c6f3d5
	0x7ff701c6f430
	0x7ff701a110bd
	0x7ff701a6c2fe
	0x7ff701a6c60c
	0x7ff701abd187
	0x7ff701ab9d08
	0x7ff701a5cb0c
	0x7ff701a5da53
	0x7ff701f4b470
	0x7ff701f4586d
	0x7ff701f6621a
	0x7ff701c8b235
	0x7ff701c93a5c
	0x7ff701c78844
	0x7ff701c789f6
	0x7ff701c5eb87
	0x7ffa9152259d
	0x7ffa938caf78

2026-02-14 23:07:49,010 - INFO - 
   [5/43] Processing document...
2026-02-14 23:07:49,010 - INFO - 📄 Scraping document...
2026-02-14 23:08:05,607 - WARNING - Retrying (Retry(total=2, connect=None, read=None, redirect=None, status=None)) after connection broken by 'ConnectionResetError(10054, 'An existing connection was forcibly closed by the remote host', None, 10054, None)': /session/1a0734b04a34d009de15c2059db5b5cc
