2026-03-04 11:53:44,399 - INFO - ✓ Supabase bucket : legal_area
2026-03-04 11:53:44,401 - INFO - ✓ Supabase table  : legal_area_metadata
2026-03-04 11:53:44,401 - INFO - ✓ StorageHandler initialized
2026-03-04 11:53:45,513 - INFO - HTTP Request: GET https://exeklzgcqykkutjfikei.supabase.co/rest/v1/scraper_claims?select=area_key&limit=1 "HTTP/1.1 404 Not Found"
2026-03-04 11:53:45,518 - WARNING - ⚠️  scraper_claims table not found — parallel claim tracking disabled. Create it with:  CREATE TABLE scraper_claims (area_key TEXT PRIMARY KEY, claimed_by TEXT, claimed_at TIMESTAMPTZ, status TEXT);
2026-03-04 11:53:45,518 - INFO - ======================================================================
2026-03-04 11:53:45,520 - INFO - ENV / CONFIG
2026-03-04 11:53:45,521 - INFO -   WORKER ID       : 007ca4d7
2026-03-04 11:53:45,522 - INFO -   SUPABASE_TABLE  : legal_area_metadata
2026-03-04 11:53:45,522 - INFO -   SUPABASE_BUCKET : legal_area
2026-03-04 11:53:45,523 - INFO -   BASE_DIR        : ./scraped_xml
2026-03-04 11:53:45,524 - INFO -   TIMEOUT         : 30
2026-03-04 11:53:45,531 - INFO -   HEADLESS        : False
2026-03-04 11:53:45,548 - INFO -   YEAR RANGE      : 2000 – 2026
2026-03-04 11:53:45,552 - INFO -   BATCH SIZE      : 10
2026-03-04 11:53:45,553 - INFO - ======================================================================
2026-03-04 11:53:49,948 - INFO - ✅ Login successful
2026-03-04 11:53:55,296 - INFO - ✅ Tree nodes present
2026-03-04 11:53:56,319 - INFO - Found 35 tree node(s)
2026-03-04 11:53:56,643 - INFO - 📋 ROOT categories: 35
2026-03-04 11:53:56,644 - INFO - 📊 Total ROOTs: 35
2026-03-04 11:54:01,816 - INFO - ✅ Tree nodes present
2026-03-04 11:54:02,826 - INFO - Found 35 tree node(s)
2026-03-04 11:54:03,113 - INFO - 📋 ROOT categories: 35
2026-03-04 11:54:03,113 - INFO - 
======================================================================
2026-03-04 11:54:03,114 - INFO - [1/35] ROOT: Anskaffelser, avtaler, bygg og entrepriser
2026-03-04 11:54:03,114 - INFO - ======================================================================
2026-03-04 11:54:04,986 - INFO -    Branch count: 5
2026-03-04 11:54:10,117 - INFO - ✅ Tree nodes present
2026-03-04 11:54:11,136 - INFO - Found 40 tree node(s)
2026-03-04 11:54:11,797 - INFO - 📋 ROOT categories: 40
2026-03-04 11:54:13,033 - INFO -    [1/5] BRANCH: Anskaffelser
2026-03-04 11:54:15,141 - INFO -       Leaf count: 0
2026-03-04 11:54:15,143 - INFO - 🔍 Scraping  root='Anskaffelser, avtaler, bygg og entrepriser'  branch='Anskaffelser'  leaf=''
2026-03-04 11:54:15,527 - INFO - HTTP Request: GET https://exeklzgcqykkutjfikei.supabase.co/rest/v1/scraper_claims?select=claimed_by%2Cclaimed_at%2Cstatus&area_key=eq.Anskaffelser_avtaler_bygg_og_entrepriser/Anskaffelser/_ "HTTP/1.1 404 Not Found"
2026-03-04 11:54:15,528 - WARNING - ⚠️  Claim check failed ({'code': 'PGRST205', 'details': None, 'hint': None, 'message': "Could not find the table 'public.scraper_claims' in the schema cache"}) — proceeding anyway: Anskaffelser_avtaler_bygg_og_entrepriser/Anskaffelser/_
2026-03-04 11:54:17,562 - INFO -   🔍 All heading texts on page (0 total):
2026-03-04 11:54:17,563 - ERROR - ❌ No section panels matched. The section headings above show what IS on the page. Add the correct text to SECTION_MAP.
2026-03-04 11:54:17,566 - ERROR - ❌ No section panels found. Check that span.x-panel-header-text exists on this page.
2026-03-04 11:54:17,567 - ERROR - ❌ No section panels found in current view.
2026-03-04 11:54:17,567 - WARNING -    ⚠️  No sections / URLs found.
2026-03-04 11:54:17,804 - INFO - HTTP Request: PATCH https://exeklzgcqykkutjfikei.supabase.co/rest/v1/scraper_claims?area_key=eq.Anskaffelser_avtaler_bygg_og_entrepriser/Anskaffelser/_ "HTTP/1.1 404 Not Found"
2026-03-04 11:54:17,806 - WARNING - ⚠️  mark_failed failed: {'code': 'PGRST205', 'details': None, 'hint': None, 'message': "Could not find the table 'public.scraper_claims' in the schema cache"}
2026-03-04 11:54:23,035 - INFO - ✅ Tree nodes present
2026-03-04 11:54:24,054 - INFO - Found 40 tree node(s)
2026-03-04 11:54:24,794 - INFO - 📋 ROOT categories: 40
2026-03-04 11:54:26,308 - INFO -    [2/5] BRANCH: Avtaler
2026-03-04 11:54:27,908 - WARNING - Retrying (Retry(total=2, connect=None, read=None, redirect=None, status=None)) after connection broken by 'ConnectionResetError(10054, 'An existing connection was forcibly closed by the remote host', None, 10054, None)': /session/0772c73316b58d84362581946fed7cb3
2026-03-04 11:54:32,009 - WARNING - Retrying (Retry(total=1, connect=None, read=None, redirect=None, status=None)) after connection broken by 'NewConnectionError("HTTPConnection(host='localhost', port=51972): Failed to establish a new connection: [WinError 10061] No connection could be made because the target machine actively refused it")': /session/0772c73316b58d84362581946fed7cb3
2026-03-04 11:54:36,054 - WARNING - Retrying (Retry(total=0, connect=None, read=None, redirect=None, status=None)) after connection broken by 'NewConnectionError("HTTPConnection(host='localhost', port=51972): Failed to establish a new connection: [WinError 10061] No connection could be made because the target machine actively refused it")': /session/0772c73316b58d84362581946fed7cb3
2026-03-04 11:54:44,239 - INFO - 
======================================================================
2026-03-04 11:54:44,240 - INFO - SCRAPING SUMMARY
2026-03-04 11:54:44,241 - INFO -   Worker ID : 007ca4d7
2026-03-04 11:54:44,241 - INFO -   ✅ Success : 0
2026-03-04 11:54:44,241 - INFO -   ❌ Failed  : 0
2026-03-04 11:54:44,241 - INFO -   ⏭️  Skipped : 0
2026-03-04 11:54:44,243 - INFO - ======================================================================
