2026-03-04 11:25:05,849 - INFO - ✓ Supabase bucket : legal_area
2026-03-04 11:25:05,849 - INFO - ✓ Supabase table  : legal_area_metadata
2026-03-04 11:25:05,849 - INFO - ✓ StorageHandler initialized
2026-03-04 11:25:05,849 - INFO - ======================================================================
2026-03-04 11:25:05,849 - INFO - ENV / CONFIG
2026-03-04 11:25:05,849 - INFO -   SUPABASE_TABLE  : legal_area_metadata
2026-03-04 11:25:05,849 - INFO -   SUPABASE_BUCKET : legal_area
2026-03-04 11:25:05,849 - INFO -   BASE_DIR        : ./scraped_xml
2026-03-04 11:25:05,849 - INFO -   TIMEOUT         : 30
2026-03-04 11:25:05,849 - INFO -   HEADLESS        : False
2026-03-04 11:25:05,849 - INFO -   YEAR RANGE      : 2000 – 2026
2026-03-04 11:25:05,865 - INFO -   BATCH SIZE      : 10
2026-03-04 11:25:05,867 - INFO - ======================================================================
2026-03-04 11:25:11,066 - INFO - ✅ Login successful
2026-03-04 11:25:16,584 - INFO - ✅ Tree nodes present
2026-03-04 11:25:17,606 - INFO - Found 35 tree node(s)
2026-03-04 11:25:18,186 - INFO - 📋 ROOT categories: 35
2026-03-04 11:25:18,186 - INFO - 📊 Total ROOTs: 35
2026-03-04 11:25:23,373 - INFO - ✅ Tree nodes present
2026-03-04 11:25:24,385 - INFO - Found 35 tree node(s)
2026-03-04 11:25:24,696 - INFO - 📋 ROOT categories: 35
2026-03-04 11:25:24,696 - INFO - 
======================================================================
2026-03-04 11:25:24,696 - INFO - [1/35] ROOT: Anskaffelser, avtaler, bygg og entrepriser
2026-03-04 11:25:24,696 - INFO - ======================================================================
2026-03-04 11:25:26,483 - INFO -    Branch count: 5
2026-03-04 11:25:31,648 - INFO - ✅ Tree nodes present
2026-03-04 11:25:32,666 - INFO - Found 40 tree node(s)
2026-03-04 11:25:33,319 - INFO - 📋 ROOT categories: 40
2026-03-04 11:25:34,538 - INFO -    [1/5] BRANCH: Anskaffelser
2026-03-04 11:25:35,715 - INFO -       Leaf count: 0
2026-03-04 11:25:35,725 - INFO - 🔍 Scraping  root='Anskaffelser, avtaler, bygg og entrepriser'  branch='Anskaffelser'  leaf=''
2026-03-04 11:25:35,725 - INFO -    Area URL: https://lovdata.no/pro/#rettsomrade&id=Anskaffelser
2026-03-04 11:25:39,645 - INFO -   🔍 All heading texts on page (0 total):
2026-03-04 11:25:40,573 - ERROR - ❌ No section panels matched. The section headings above show what IS on the page. Add the correct text to SECTION_MAP.
2026-03-04 11:25:40,574 - ERROR - ❌ No section panels found. Check that span.x-panel-header-text exists on this page.
2026-03-04 11:25:40,574 - WARNING -    ⚠️  No sections / URLs found.
2026-03-04 11:25:46,411 - INFO - ✅ Tree nodes present
2026-03-04 11:25:47,429 - INFO - Found 40 tree node(s)
2026-03-04 11:25:48,017 - INFO - 📋 ROOT categories: 40
