2026-02-16 01:05:41,304 - INFO - ✓ Storage handler initialized (bucket: lovdata-docs)
2026-02-16 01:05:41,304 - INFO - 🔐 Opening Lovdata login page...
2026-02-16 01:05:48,086 - INFO - ✅ Login successful
2026-02-16 01:05:48,087 - INFO - ======================================================================
2026-02-16 01:05:48,087 - INFO - MODE: legal_areas_only
2026-02-16 01:05:48,089 - INFO - ======================================================================
2026-02-16 01:05:48,090 - INFO - 
======================================================================
2026-02-16 01:05:48,090 - INFO - ⚖️  SCRAPING LEGAL AREAS
2026-02-16 01:05:48,090 - INFO -    Using fallback list from config.LEGAL_AREA_TRANSLATIONS
2026-02-16 01:05:48,091 - INFO - ======================================================================
2026-02-16 01:05:48,091 - INFO - 📂 Loading legal areas from config.py...
2026-02-16 01:05:48,091 - INFO - 📋 Loaded 38 legal areas
2026-02-16 01:05:48,093 - INFO - 
📊 Total legal areas: 38

2026-02-16 01:05:48,093 - INFO - 
======================================================================
2026-02-16 01:05:48,094 - INFO - [1/38] Labor_Law
2026-02-16 01:05:48,094 - INFO - ======================================================================
2026-02-16 01:05:48,094 - INFO -    Norwegian: arbeidsrett
2026-02-16 01:05:48,094 - INFO -    🔗 https://lovdata.no/pro/#rettsomrade/arbeidsrett
2026-02-16 01:05:48,094 - INFO - 📂 Navigating to: https://lovdata.no/pro/#rettsomrade/arbeidsrett
2026-02-16 01:05:54,115 - INFO -    📄 Scraping page 1
2026-02-16 01:05:54,964 - INFO -    📎 Total collected so far: 43
2026-02-16 01:05:54,990 - INFO -    ✅ No next page found
2026-02-16 01:05:54,990 - INFO -    🎉 Finished. Found 43 documents.
2026-02-16 01:05:54,990 - INFO - 🚀 Processing 43 documents
2026-02-16 01:05:54,990 - INFO - 
   [1/43] Processing document...
2026-02-16 01:05:54,996 - INFO - 📄 Scraping document...
2026-02-16 01:05:58,227 - INFO - HTTP Request: GET https://vegzmiigjvetbaqqcukd.supabase.co/rest/v1/lovdata_metadata?select=file_name&file_name=eq.NL_lov_2007-06-15-40_C2_A744.xml&limit=1 "HTTP/1.1 200 OK"
2026-02-16 01:05:58,245 - INFO - ⏭️  Skipping existing: NL_lov_2007-06-15-40_C2_A744.xml
2026-02-16 01:05:58,554 - INFO - 
   [2/43] Processing document...
2026-02-16 01:05:58,556 - INFO - 📄 Scraping document...
2026-02-16 01:06:01,787 - INFO - HTTP Request: GET https://vegzmiigjvetbaqqcukd.supabase.co/rest/v1/lovdata_metadata?select=file_name&file_name=eq.NL_lov_2025-03-28-5.xml&limit=1 "HTTP/1.1 200 OK"
2026-02-16 01:06:01,790 - INFO - ⏭️  Skipping existing: NL_lov_2025-03-28-5.xml
2026-02-16 01:06:02,108 - INFO - 
   [3/43] Processing document...
2026-02-16 01:06:02,108 - INFO - 📄 Scraping document...
2026-02-16 01:06:04,505 - INFO - HTTP Request: GET https://vegzmiigjvetbaqqcukd.supabase.co/rest/v1/lovdata_metadata?select=file_name&file_name=eq.NL_lov_2007-06-15-40_C2_A79.xml&limit=1 "HTTP/1.1 200 OK"
2026-02-16 01:06:04,506 - INFO - ⏭️  Skipping existing: NL_lov_2007-06-15-40_C2_A79.xml
2026-02-16 01:06:04,817 - INFO - 
   [4/43] Processing document...
2026-02-16 01:06:04,817 - INFO - 📄 Scraping document...
2026-02-16 01:06:07,229 - INFO - HTTP Request: GET https://vegzmiigjvetbaqqcukd.supabase.co/rest/v1/lovdata_metadata?select=file_name&file_name=eq.HRSTR_avgjorelse_hr-2026-373-a.xml&limit=1 "HTTP/1.1 200 OK"
2026-02-16 01:06:07,233 - INFO - ⏭️  Skipping existing: HRSTR_avgjorelse_hr-2026-373-a.xml
2026-02-16 01:06:07,535 - INFO - 
   [5/43] Processing document...
2026-02-16 01:06:07,535 - INFO - 📄 Scraping document...
2026-02-16 01:06:09,906 - INFO - HTTP Request: GET https://vegzmiigjvetbaqqcukd.supabase.co/rest/v1/lovdata_metadata?select=file_name&file_name=eq.HRSIV_avgjorelse_hr-2026-372-a.xml&limit=1 "HTTP/1.1 200 OK"
2026-02-16 01:06:09,914 - INFO - ⏭️  Skipping existing: HRSIV_avgjorelse_hr-2026-372-a.xml
2026-02-16 01:06:10,228 - INFO - 
   [6/43] Processing document...
2026-02-16 01:06:10,228 - INFO - 📄 Scraping document...
2026-02-16 01:06:12,626 - INFO - HTTP Request: GET https://vegzmiigjvetbaqqcukd.supabase.co/rest/v1/lovdata_metadata?select=file_name&file_name=eq.HRSTR_avgjorelse_hr-2026-359-u.xml&limit=1 "HTTP/1.1 200 OK"
2026-02-16 01:06:12,628 - INFO - ⏭️  Skipping existing: HRSTR_avgjorelse_hr-2026-359-u.xml
2026-02-16 01:06:12,935 - INFO - 
   [7/43] Processing document...
2026-02-16 01:06:12,936 - INFO - 📄 Scraping document...
2026-02-16 01:06:15,286 - INFO - HTTP Request: GET https://vegzmiigjvetbaqqcukd.supabase.co/rest/v1/lovdata_metadata?select=file_name&file_name=eq.HRSIV_avgjorelse_hr-2026-346-u.xml&limit=1 "HTTP/1.1 200 OK"
2026-02-16 01:06:15,293 - INFO - ⏭️  Skipping existing: HRSIV_avgjorelse_hr-2026-346-u.xml
2026-02-16 01:06:15,597 - INFO - 
   [8/43] Processing document...
2026-02-16 01:06:15,597 - INFO - 📄 Scraping document...
2026-02-16 01:06:17,837 - INFO - HTTP Request: GET https://vegzmiigjvetbaqqcukd.supabase.co/rest/v1/lovdata_metadata?select=file_name&file_name=eq.HRSTR_avgjorelse_hr-2026-344-u.xml&limit=1 "HTTP/1.1 200 OK"
2026-02-16 01:06:17,841 - INFO - ⏭️  Skipping existing: HRSTR_avgjorelse_hr-2026-344-u.xml
2026-02-16 01:06:18,143 - INFO - 
   [9/43] Processing document...
2026-02-16 01:06:18,143 - INFO - 📄 Scraping document...
2026-02-16 01:06:20,620 - INFO - HTTP Request: GET https://vegzmiigjvetbaqqcukd.supabase.co/rest/v1/lovdata_metadata?select=file_name&file_name=eq.HRSIV_avgjorelse_hr-2026-339-u.xml&limit=1 "HTTP/1.1 200 OK"
2026-02-16 01:06:20,620 - INFO - ⏭️  Skipping existing: HRSIV_avgjorelse_hr-2026-339-u.xml
2026-02-16 01:06:20,929 - INFO - 
   [10/43] Processing document...
2026-02-16 01:06:20,931 - INFO - 📄 Scraping document...
2026-02-16 01:06:23,191 - INFO - HTTP Request: GET https://vegzmiigjvetbaqqcukd.supabase.co/rest/v1/lovdata_metadata?select=file_name&file_name=eq.HRSIV_avgjorelse_hr-2026-334-u.xml&limit=1 "HTTP/1.1 200 OK"
2026-02-16 01:06:23,195 - INFO - ⏭️  Skipping existing: HRSIV_avgjorelse_hr-2026-334-u.xml
2026-02-16 01:06:23,505 - INFO - 
   [11/43] Processing document...
2026-02-16 01:06:23,506 - INFO - 📄 Scraping document...
2026-02-16 01:06:25,830 - INFO - HTTP Request: GET https://vegzmiigjvetbaqqcukd.supabase.co/rest/v1/lovdata_metadata?select=file_name&file_name=eq.HRSTR_avgjorelse_hr-2026-333-u.xml&limit=1 "HTTP/1.1 200 OK"
2026-02-16 01:06:25,832 - INFO - ⏭️  Skipping existing: HRSTR_avgjorelse_hr-2026-333-u.xml
2026-02-16 01:06:26,146 - INFO - 
   [12/43] Processing document...
2026-02-16 01:06:26,147 - INFO - 📄 Scraping document...
2026-02-16 01:06:28,496 - INFO - HTTP Request: GET https://vegzmiigjvetbaqqcukd.supabase.co/rest/v1/lovdata_metadata?select=file_name&file_name=eq.HRSTR_avgjorelse_hr-2026-312-u.xml&limit=1 "HTTP/1.1 200 OK"
2026-02-16 01:06:28,500 - INFO - ⏭️  Skipping existing: HRSTR_avgjorelse_hr-2026-312-u.xml
2026-02-16 01:06:28,814 - INFO - 
   [13/43] Processing document...
2026-02-16 01:06:28,814 - INFO - 📄 Scraping document...
2026-02-16 01:06:31,244 - INFO - HTTP Request: GET https://vegzmiigjvetbaqqcukd.supabase.co/rest/v1/lovdata_metadata?select=file_name&file_name=eq.HRSIV_avgjorelse_hr-2026-296-u.xml&limit=1 "HTTP/1.1 200 OK"
2026-02-16 01:06:31,251 - INFO - ⏭️  Skipping existing: HRSIV_avgjorelse_hr-2026-296-u.xml
2026-02-16 01:06:31,566 - INFO - 
   [14/43] Processing document...
2026-02-16 01:06:31,566 - INFO - 📄 Scraping document...
2026-02-16 01:06:33,888 - INFO - HTTP Request: GET https://vegzmiigjvetbaqqcukd.supabase.co/rest/v1/lovdata_metadata?select=file_name&file_name=eq.LGSIV_avgjorelse_lg-2025-49402.xml&limit=1 "HTTP/1.1 200 OK"
2026-02-16 01:06:33,894 - INFO - ⏭️  Skipping existing: LGSIV_avgjorelse_lg-2025-49402.xml
2026-02-16 01:06:34,199 - INFO - 
   [15/43] Processing document...
2026-02-16 01:06:34,199 - INFO - 📄 Scraping document...
2026-02-16 01:06:36,569 - INFO - HTTP Request: GET https://vegzmiigjvetbaqqcukd.supabase.co/rest/v1/lovdata_metadata?select=file_name&file_name=eq.LGSIV_avgjorelse_lg-2026-18220.xml&limit=1 "HTTP/1.1 200 OK"
2026-02-16 01:06:36,573 - INFO - ⏭️  Skipping existing: LGSIV_avgjorelse_lg-2026-18220.xml
2026-02-16 01:06:36,880 - INFO - 
   [16/43] Processing document...
2026-02-16 01:06:36,881 - INFO - 📄 Scraping document...
2026-02-16 01:06:39,381 - INFO - HTTP Request: GET https://vegzmiigjvetbaqqcukd.supabase.co/rest/v1/lovdata_metadata?select=file_name&file_name=eq.LBSIV_avgjorelse_lb-2025-181309.xml&limit=1 "HTTP/1.1 200 OK"
2026-02-16 01:06:39,390 - INFO - ⏭️  Skipping existing: LBSIV_avgjorelse_lb-2025-181309.xml
2026-02-16 01:06:39,698 - INFO - 
   [17/43] Processing document...
2026-02-16 01:06:39,698 - INFO - 📄 Scraping document...
2026-02-16 01:06:42,003 - INFO - HTTP Request: GET https://vegzmiigjvetbaqqcukd.supabase.co/rest/v1/lovdata_metadata?select=file_name&file_name=eq.LBSIV_avgjorelse_lb-2025-103123.xml&limit=1 "HTTP/1.1 200 OK"
2026-02-16 01:06:42,006 - INFO - ⏭️  Skipping existing: LBSIV_avgjorelse_lb-2025-103123.xml
2026-02-16 01:06:42,321 - INFO - 
   [18/43] Processing document...
2026-02-16 01:06:42,321 - INFO - 📄 Scraping document...
2026-02-16 01:06:44,658 - INFO - HTTP Request: GET https://vegzmiigjvetbaqqcukd.supabase.co/rest/v1/lovdata_metadata?select=file_name&file_name=eq.LBSTR_avgjorelse_lb-2025-101938.xml&limit=1 "HTTP/1.1 200 OK"
2026-02-16 01:06:44,668 - INFO - ⏭️  Skipping existing: LBSTR_avgjorelse_lb-2025-101938.xml
2026-02-16 01:06:44,972 - INFO - 
   [19/43] Processing document...
2026-02-16 01:06:44,972 - INFO - 📄 Scraping document...
2026-02-16 01:06:47,269 - INFO - HTTP Request: GET https://vegzmiigjvetbaqqcukd.supabase.co/rest/v1/lovdata_metadata?select=file_name&file_name=eq.LHSIV_avgjorelse_lh-2026-8272.xml&limit=1 "HTTP/1.1 200 OK"
2026-02-16 01:06:47,274 - INFO - ⏭️  Skipping existing: LHSIV_avgjorelse_lh-2026-8272.xml
2026-02-16 01:06:47,578 - INFO - 
   [20/43] Processing document...
2026-02-16 01:06:47,578 - INFO - 📄 Scraping document...
2026-02-16 01:06:49,917 - INFO - HTTP Request: GET https://vegzmiigjvetbaqqcukd.supabase.co/rest/v1/lovdata_metadata?select=file_name&file_name=eq.LHSTR_avgjorelse_lh-2025-188441.xml&limit=1 "HTTP/1.1 200 OK"
2026-02-16 01:06:49,930 - INFO - ⏭️  Skipping existing: LHSTR_avgjorelse_lh-2025-188441.xml
2026-02-16 01:06:50,241 - INFO - 
   [21/43] Processing document...
2026-02-16 01:06:50,241 - INFO - 📄 Scraping document...
2026-02-16 01:06:52,547 - INFO - HTTP Request: GET https://vegzmiigjvetbaqqcukd.supabase.co/rest/v1/lovdata_metadata?select=file_name&file_name=eq.LGSIV_avgjorelse_lg-2026-16764.xml&limit=1 "HTTP/1.1 200 OK"
2026-02-16 01:06:52,550 - INFO - ⏭️  Skipping existing: LGSIV_avgjorelse_lg-2026-16764.xml
2026-02-16 01:06:52,861 - INFO - 
   [22/43] Processing document...
2026-02-16 01:06:52,863 - INFO - 📄 Scraping document...
2026-02-16 01:06:55,197 - INFO - HTTP Request: GET https://vegzmiigjvetbaqqcukd.supabase.co/rest/v1/lovdata_metadata?select=file_name&file_name=eq.LGSIV_avgjorelse_lg-2026-5180.xml&limit=1 "HTTP/1.1 200 OK"
2026-02-16 01:06:55,212 - INFO - ⏭️  Skipping existing: LGSIV_avgjorelse_lg-2026-5180.xml
2026-02-16 01:06:55,523 - INFO - 
   [23/43] Processing document...
2026-02-16 01:06:55,523 - INFO - 📄 Scraping document...
2026-02-16 01:06:58,038 - INFO - HTTP Request: GET https://vegzmiigjvetbaqqcukd.supabase.co/rest/v1/lovdata_metadata?select=file_name&file_name=eq.LESIV_avgjorelse_le-2025-196437.xml&limit=1 "HTTP/1.1 200 OK"
2026-02-16 01:06:58,041 - INFO - ⏭️  Skipping existing: LESIV_avgjorelse_le-2025-196437.xml
2026-02-16 01:06:58,353 - INFO - 
   [24/43] Processing document...
2026-02-16 01:06:58,353 - INFO - 📄 Scraping document...
2026-02-16 01:07:00,727 - INFO - HTTP Request: GET https://vegzmiigjvetbaqqcukd.supabase.co/rest/v1/lovdata_metadata?select=file_name&file_name=eq.TRSTR_avgjorelse_tnet-2025-201859.xml&limit=1 "HTTP/1.1 200 OK"
2026-02-16 01:07:00,727 - INFO - ⏭️  Skipping existing: TRSTR_avgjorelse_tnet-2025-201859.xml
2026-02-16 01:07:01,042 - INFO - 
   [25/43] Processing document...
2026-02-16 01:07:01,042 - INFO - 📄 Scraping document...
2026-02-16 01:07:03,378 - INFO - HTTP Request: GET https://vegzmiigjvetbaqqcukd.supabase.co/rest/v1/lovdata_metadata?select=file_name&file_name=eq.TRSTR_avgjorelse_thrd-2025-147974.xml&limit=1 "HTTP/1.1 200 OK"
2026-02-16 01:07:03,378 - INFO - ⏭️  Skipping existing: TRSTR_avgjorelse_thrd-2025-147974.xml
2026-02-16 01:07:03,691 - INFO - 
   [26/43] Processing document...
2026-02-16 01:07:03,691 - INFO - 📄 Scraping document...
2026-02-16 01:07:06,062 - INFO - HTTP Request: GET https://vegzmiigjvetbaqqcukd.supabase.co/rest/v1/lovdata_metadata?select=file_name&file_name=eq.TRSTR_avgjorelse_thrd-2025-179533.xml&limit=1 "HTTP/1.1 200 OK"
2026-02-16 01:07:06,062 - INFO - ⏭️  Skipping existing: TRSTR_avgjorelse_thrd-2025-179533.xml
2026-02-16 01:07:06,363 - INFO - 
   [27/43] Processing document...
2026-02-16 01:07:06,363 - INFO - 📄 Scraping document...
2026-02-16 01:07:08,733 - INFO - HTTP Request: GET https://vegzmiigjvetbaqqcukd.supabase.co/rest/v1/lovdata_metadata?select=file_name&file_name=eq.TRSIV_avgjorelse_tosl-2025-206996.xml&limit=1 "HTTP/1.1 200 OK"
2026-02-16 01:07:08,738 - INFO - ⏭️  Skipping existing: TRSIV_avgjorelse_tosl-2025-206996.xml
2026-02-16 01:07:09,041 - INFO - 
   [28/43] Processing document...
2026-02-16 01:07:09,042 - INFO - 📄 Scraping document...
2026-02-16 01:07:11,437 - INFO - HTTP Request: GET https://vegzmiigjvetbaqqcukd.supabase.co/rest/v1/lovdata_metadata?select=file_name&file_name=eq.TRSTR_avgjorelse_tosl-2025-46750.xml&limit=1 "HTTP/1.1 200 OK"
2026-02-16 01:07:11,441 - INFO - ⏭️  Skipping existing: TRSTR_avgjorelse_tosl-2025-46750.xml
2026-02-16 01:07:11,752 - INFO - 
   [29/43] Processing document...
2026-02-16 01:07:11,753 - INFO - 📄 Scraping document...
2026-02-16 01:07:14,331 - INFO - HTTP Request: GET https://vegzmiigjvetbaqqcukd.supabase.co/rest/v1/lovdata_metadata?select=file_name&file_name=eq.TRSIV_avgjorelse_tosl-2025-180124.xml&limit=1 "HTTP/1.1 200 OK"
2026-02-16 01:07:14,335 - INFO - ⏭️  Skipping existing: TRSIV_avgjorelse_tosl-2025-180124.xml
2026-02-16 01:07:14,646 - INFO - 
   [30/43] Processing document...
2026-02-16 01:07:14,646 - INFO - 📄 Scraping document...
2026-02-16 01:07:17,008 - INFO - HTTP Request: GET https://vegzmiigjvetbaqqcukd.supabase.co/rest/v1/lovdata_metadata?select=file_name&file_name=eq.TRSIV_avgjorelse_tosl-2025-3971.xml&limit=1 "HTTP/1.1 200 OK"
2026-02-16 01:07:17,010 - INFO - ⏭️  Skipping existing: TRSIV_avgjorelse_tosl-2025-3971.xml
2026-02-16 01:07:17,318 - INFO - 
   [31/43] Processing document...
2026-02-16 01:07:17,319 - INFO - 📄 Scraping document...
2026-02-16 01:07:19,688 - INFO - HTTP Request: GET https://vegzmiigjvetbaqqcukd.supabase.co/rest/v1/lovdata_metadata?select=file_name&file_name=eq.TRSIV_avgjorelse_tvov-2025-54083.xml&limit=1 "HTTP/1.1 200 OK"
2026-02-16 01:07:19,692 - INFO - ⏭️  Skipping existing: TRSIV_avgjorelse_tvov-2025-54083.xml
2026-02-16 01:07:20,005 - INFO - 
   [32/43] Processing document...
2026-02-16 01:07:20,005 - INFO - 📄 Scraping document...
2026-02-16 01:07:22,391 - INFO - HTTP Request: GET https://vegzmiigjvetbaqqcukd.supabase.co/rest/v1/lovdata_metadata?select=file_name&file_name=eq.TRSIV_avgjorelse_tosl-2025-195280.xml&limit=1 "HTTP/1.1 200 OK"
2026-02-16 01:07:22,395 - INFO - ⏭️  Skipping existing: TRSIV_avgjorelse_tosl-2025-195280.xml
2026-02-16 01:07:22,697 - INFO - 
   [33/43] Processing document...
2026-02-16 01:07:22,698 - INFO - 📄 Scraping document...
2026-02-16 01:07:25,047 - INFO - HTTP Request: GET https://vegzmiigjvetbaqqcukd.supabase.co/rest/v1/lovdata_metadata?select=file_name&file_name=eq.TRSTR_avgjorelse_tgud-2025-196990.xml&limit=1 "HTTP/1.1 200 OK"
2026-02-16 01:07:25,049 - INFO - ⏭️  Skipping existing: TRSTR_avgjorelse_tgud-2025-196990.xml
2026-02-16 01:07:25,358 - INFO - 
   [34/43] Processing document...
2026-02-16 01:07:25,358 - INFO - 📄 Scraping document...
2026-02-16 01:07:27,768 - INFO - HTTP Request: GET https://vegzmiigjvetbaqqcukd.supabase.co/rest/v1/lovdata_metadata?select=file_name&file_name=eq.LTI_forskrift_2026-02-13-200.xml&limit=1 "HTTP/1.1 200 OK"
2026-02-16 01:07:27,772 - INFO - ⏭️  Skipping existing: LTI_forskrift_2026-02-13-200.xml
2026-02-16 01:07:28,086 - INFO - 
   [35/43] Processing document...
2026-02-16 01:07:28,086 - INFO - 📄 Scraping document...
2026-02-16 01:07:30,379 - INFO - HTTP Request: GET https://vegzmiigjvetbaqqcukd.supabase.co/rest/v1/lovdata_metadata?select=file_name&file_name=eq.LTI_forskrift_2026-02-12-199.xml&limit=1 "HTTP/1.1 200 OK"
2026-02-16 01:07:30,384 - INFO - ⏭️  Skipping existing: LTI_forskrift_2026-02-12-199.xml
2026-02-16 01:07:30,693 - INFO - 
   [36/43] Processing document...
2026-02-16 01:07:30,693 - INFO - 📄 Scraping document...
2026-02-16 01:07:33,008 - INFO - HTTP Request: GET https://vegzmiigjvetbaqqcukd.supabase.co/rest/v1/lovdata_metadata?select=file_name&file_name=eq.LTI_forskrift_2026-01-21-198.xml&limit=1 "HTTP/1.1 200 OK"
2026-02-16 01:07:33,008 - INFO - ⏭️  Skipping existing: LTI_forskrift_2026-01-21-198.xml
2026-02-16 01:07:33,316 - INFO - 
   [37/43] Processing document...
2026-02-16 01:07:33,316 - INFO - 📄 Scraping document...
2026-02-16 01:07:35,787 - INFO - HTTP Request: GET https://vegzmiigjvetbaqqcukd.supabase.co/rest/v1/lovdata_metadata?select=file_name&file_name=eq.LTI_forskrift_2026-02-13-197.xml&limit=1 "HTTP/1.1 200 OK"
2026-02-16 01:07:35,788 - INFO - ⏭️  Skipping existing: LTI_forskrift_2026-02-13-197.xml
2026-02-16 01:07:36,090 - INFO - 
   [38/43] Processing document...
2026-02-16 01:07:36,090 - INFO - 📄 Scraping document...
2026-02-16 01:07:38,624 - INFO - HTTP Request: GET https://vegzmiigjvetbaqqcukd.supabase.co/rest/v1/lovdata_metadata?select=file_name&file_name=eq.LTI_lov_2026-02-13-6.xml&limit=1 "HTTP/1.1 200 OK"
2026-02-16 01:07:38,630 - INFO - ⏭️  Skipping existing: LTI_lov_2026-02-13-6.xml
2026-02-16 01:07:38,932 - INFO - 
   [39/43] Processing document...
2026-02-16 01:07:38,932 - INFO - 📄 Scraping document...
2026-02-16 01:07:41,294 - INFO - HTTP Request: GET https://vegzmiigjvetbaqqcukd.supabase.co/rest/v1/lovdata_metadata?select=file_name&file_name=eq.LTI_lov_2026-02-13-5.xml&limit=1 "HTTP/1.1 200 OK"
2026-02-16 01:07:41,299 - INFO - ⏭️  Skipping existing: LTI_lov_2026-02-13-5.xml
2026-02-16 01:07:41,600 - INFO - 
   [40/43] Processing document...
2026-02-16 01:07:41,600 - INFO - 📄 Scraping document...
2026-02-16 01:07:43,910 - INFO - HTTP Request: GET https://vegzmiigjvetbaqqcukd.supabase.co/rest/v1/lovdata_metadata?select=file_name&file_name=eq.LTI_forskrift_2026-02-12-196.xml&limit=1 "HTTP/1.1 200 OK"
2026-02-16 01:07:43,926 - INFO - ⏭️  Skipping existing: LTI_forskrift_2026-02-12-196.xml
2026-02-16 01:07:44,231 - INFO - 
   [41/43] Processing document...
2026-02-16 01:07:44,231 - INFO - 📄 Scraping document...
2026-02-16 01:07:46,714 - INFO - HTTP Request: GET https://vegzmiigjvetbaqqcukd.supabase.co/rest/v1/lovdata_metadata?select=file_name&file_name=eq.LTI_forskrift_2026-02-12-195.xml&limit=1 "HTTP/1.1 200 OK"
2026-02-16 01:07:46,722 - INFO - ⏭️  Skipping existing: LTI_forskrift_2026-02-12-195.xml
2026-02-16 01:07:47,026 - INFO - 
   [42/43] Processing document...
2026-02-16 01:07:47,027 - INFO - 📄 Scraping document...
2026-02-16 01:07:49,399 - INFO - HTTP Request: GET https://vegzmiigjvetbaqqcukd.supabase.co/rest/v1/lovdata_metadata?select=file_name&file_name=eq.LTI_forskrift_2026-02-11-194.xml&limit=1 "HTTP/1.1 200 OK"
2026-02-16 01:07:49,403 - INFO - ⏭️  Skipping existing: LTI_forskrift_2026-02-11-194.xml
2026-02-16 01:07:49,711 - INFO - 
   [43/43] Processing document...
2026-02-16 01:07:49,711 - INFO - 📄 Scraping document...
2026-02-16 01:07:52,048 - INFO - HTTP Request: GET https://vegzmiigjvetbaqqcukd.supabase.co/rest/v1/lovdata_metadata?select=file_name&file_name=eq.LTI_forskrift_2026-02-09-193.xml&limit=1 "HTTP/1.1 200 OK"
2026-02-16 01:07:52,055 - INFO - ⏭️  Skipping existing: LTI_forskrift_2026-02-09-193.xml
2026-02-16 01:07:52,364 - INFO - 
✅ Completed area: Labor_Law
2026-02-16 01:07:52,364 - INFO - 
======================================================================
2026-02-16 01:07:52,364 - INFO - [2/38] Work_Environment
2026-02-16 01:07:52,364 - INFO - ======================================================================
2026-02-16 01:07:52,367 - INFO -    Norwegian: arbeidsmiljo
2026-02-16 01:07:52,367 - INFO -    🔗 https://lovdata.no/pro/#rettsomrade/arbeidsmiljo
2026-02-16 01:07:52,367 - INFO - 📂 Navigating to: https://lovdata.no/pro/#rettsomrade/arbeidsmiljo
2026-02-16 01:07:58,397 - INFO -    📄 Scraping page 1
2026-02-16 01:07:59,267 - INFO -    📎 Total collected so far: 43
2026-02-16 01:07:59,289 - INFO -    ✅ No next page found
2026-02-16 01:07:59,290 - INFO -    🎉 Finished. Found 43 documents.
2026-02-16 01:07:59,290 - INFO - 🚀 Processing 43 documents
2026-02-16 01:07:59,291 - INFO - 
   [1/43] Processing document...
2026-02-16 01:07:59,291 - INFO - 📄 Scraping document...
2026-02-16 01:08:02,288 - INFO - HTTP Request: GET https://vegzmiigjvetbaqqcukd.supabase.co/rest/v1/lovdata_metadata?select=file_name&file_name=eq.NL_lov_2007-06-15-40_C2_A744.xml&limit=1 "HTTP/1.1 200 OK"
2026-02-16 01:08:02,293 - INFO - ⏭️  Skipping existing: NL_lov_2007-06-15-40_C2_A744.xml
2026-02-16 01:08:02,603 - INFO - 
   [2/43] Processing document...
2026-02-16 01:08:02,604 - INFO - 📄 Scraping document...
2026-02-16 01:08:05,042 - INFO - HTTP Request: GET https://vegzmiigjvetbaqqcukd.supabase.co/rest/v1/lovdata_metadata?select=file_name&file_name=eq.NL_lov_2025-03-28-5.xml&limit=1 "HTTP/1.1 200 OK"
2026-02-16 01:08:05,046 - INFO - ⏭️  Skipping existing: NL_lov_2025-03-28-5.xml
2026-02-16 01:08:05,352 - INFO - 
   [3/43] Processing document...
2026-02-16 01:08:05,353 - INFO - 📄 Scraping document...
2026-02-16 01:08:07,762 - INFO - HTTP Request: GET https://vegzmiigjvetbaqqcukd.supabase.co/rest/v1/lovdata_metadata?select=file_name&file_name=eq.NL_lov_2007-06-15-40_C2_A79.xml&limit=1 "HTTP/1.1 200 OK"
2026-02-16 01:08:07,768 - INFO - ⏭️  Skipping existing: NL_lov_2007-06-15-40_C2_A79.xml
2026-02-16 01:08:08,074 - INFO - 
   [4/43] Processing document...
2026-02-16 01:08:08,075 - INFO - 📄 Scraping document...
2026-02-16 01:08:10,504 - INFO - HTTP Request: GET https://vegzmiigjvetbaqqcukd.supabase.co/rest/v1/lovdata_metadata?select=file_name&file_name=eq.HRSTR_avgjorelse_hr-2026-373-a.xml&limit=1 "HTTP/1.1 200 OK"
2026-02-16 01:08:10,506 - INFO - ⏭️  Skipping existing: HRSTR_avgjorelse_hr-2026-373-a.xml
2026-02-16 01:08:10,808 - INFO - 
   [5/43] Processing document...
2026-02-16 01:08:10,808 - INFO - 📄 Scraping document...
2026-02-16 01:08:13,262 - INFO - HTTP Request: GET https://vegzmiigjvetbaqqcukd.supabase.co/rest/v1/lovdata_metadata?select=file_name&file_name=eq.HRSIV_avgjorelse_hr-2026-372-a.xml&limit=1 "HTTP/1.1 200 OK"
2026-02-16 01:08:13,263 - INFO - ⏭️  Skipping existing: HRSIV_avgjorelse_hr-2026-372-a.xml
2026-02-16 01:08:13,578 - INFO - 
   [6/43] Processing document...
2026-02-16 01:08:13,578 - INFO - 📄 Scraping document...
2026-02-16 01:08:15,972 - INFO - HTTP Request: GET https://vegzmiigjvetbaqqcukd.supabase.co/rest/v1/lovdata_metadata?select=file_name&file_name=eq.HRSTR_avgjorelse_hr-2026-359-u.xml&limit=1 "HTTP/1.1 200 OK"
2026-02-16 01:08:15,974 - INFO - ⏭️  Skipping existing: HRSTR_avgjorelse_hr-2026-359-u.xml
2026-02-16 01:08:16,287 - INFO - 
   [7/43] Processing document...
2026-02-16 01:08:16,288 - INFO - 📄 Scraping document...
2026-02-16 01:08:18,662 - INFO - HTTP Request: GET https://vegzmiigjvetbaqqcukd.supabase.co/rest/v1/lovdata_metadata?select=file_name&file_name=eq.HRSIV_avgjorelse_hr-2026-346-u.xml&limit=1 "HTTP/1.1 200 OK"
2026-02-16 01:08:18,664 - INFO - ⏭️  Skipping existing: HRSIV_avgjorelse_hr-2026-346-u.xml
2026-02-16 01:08:18,965 - INFO - 
   [8/43] Processing document...
2026-02-16 01:08:18,966 - INFO - 📄 Scraping document...
2026-02-16 01:08:21,427 - INFO - HTTP Request: GET https://vegzmiigjvetbaqqcukd.supabase.co/rest/v1/lovdata_metadata?select=file_name&file_name=eq.HRSTR_avgjorelse_hr-2026-344-u.xml&limit=1 "HTTP/1.1 200 OK"
2026-02-16 01:08:21,429 - INFO - ⏭️  Skipping existing: HRSTR_avgjorelse_hr-2026-344-u.xml
2026-02-16 01:08:21,732 - INFO - 
   [9/43] Processing document...
2026-02-16 01:08:21,733 - INFO - 📄 Scraping document...
2026-02-16 01:08:24,011 - INFO - HTTP Request: GET https://vegzmiigjvetbaqqcukd.supabase.co/rest/v1/lovdata_metadata?select=file_name&file_name=eq.HRSIV_avgjorelse_hr-2026-339-u.xml&limit=1 "HTTP/1.1 200 OK"
2026-02-16 01:08:24,016 - INFO - ⏭️  Skipping existing: HRSIV_avgjorelse_hr-2026-339-u.xml
2026-02-16 01:08:24,335 - INFO - 
   [10/43] Processing document...
2026-02-16 01:08:24,336 - INFO - 📄 Scraping document...
2026-02-16 01:08:26,571 - INFO - HTTP Request: GET https://vegzmiigjvetbaqqcukd.supabase.co/rest/v1/lovdata_metadata?select=file_name&file_name=eq.HRSIV_avgjorelse_hr-2026-334-u.xml&limit=1 "HTTP/1.1 200 OK"
2026-02-16 01:08:26,572 - INFO - ⏭️  Skipping existing: HRSIV_avgjorelse_hr-2026-334-u.xml
2026-02-16 01:08:26,873 - INFO - 
   [11/43] Processing document...
2026-02-16 01:08:26,873 - INFO - 📄 Scraping document...
2026-02-16 01:08:29,252 - INFO - HTTP Request: GET https://vegzmiigjvetbaqqcukd.supabase.co/rest/v1/lovdata_metadata?select=file_name&file_name=eq.HRSTR_avgjorelse_hr-2026-333-u.xml&limit=1 "HTTP/1.1 200 OK"
2026-02-16 01:08:29,253 - INFO - ⏭️  Skipping existing: HRSTR_avgjorelse_hr-2026-333-u.xml
2026-02-16 01:08:29,562 - INFO - 
   [12/43] Processing document...
2026-02-16 01:08:29,563 - INFO - 📄 Scraping document...
2026-02-16 01:08:31,975 - INFO - HTTP Request: GET https://vegzmiigjvetbaqqcukd.supabase.co/rest/v1/lovdata_metadata?select=file_name&file_name=eq.HRSTR_avgjorelse_hr-2026-312-u.xml&limit=1 "HTTP/1.1 200 OK"
2026-02-16 01:08:31,977 - INFO - ⏭️  Skipping existing: HRSTR_avgjorelse_hr-2026-312-u.xml
2026-02-16 01:08:32,285 - INFO - 
   [13/43] Processing document...
2026-02-16 01:08:32,286 - INFO - 📄 Scraping document...
2026-02-16 01:08:34,678 - INFO - HTTP Request: GET https://vegzmiigjvetbaqqcukd.supabase.co/rest/v1/lovdata_metadata?select=file_name&file_name=eq.HRSIV_avgjorelse_hr-2026-296-u.xml&limit=1 "HTTP/1.1 200 OK"
2026-02-16 01:08:34,681 - INFO - ⏭️  Skipping existing: HRSIV_avgjorelse_hr-2026-296-u.xml
2026-02-16 01:08:34,988 - INFO - 
   [14/43] Processing document...
2026-02-16 01:08:34,989 - INFO - 📄 Scraping document...
2026-02-16 01:08:37,386 - INFO - HTTP Request: GET https://vegzmiigjvetbaqqcukd.supabase.co/rest/v1/lovdata_metadata?select=file_name&file_name=eq.LGSIV_avgjorelse_lg-2025-49402.xml&limit=1 "HTTP/1.1 200 OK"
2026-02-16 01:08:37,390 - INFO - ⏭️  Skipping existing: LGSIV_avgjorelse_lg-2025-49402.xml
2026-02-16 01:08:37,703 - INFO - 
   [15/43] Processing document...
2026-02-16 01:08:37,703 - INFO - 📄 Scraping document...
2026-02-16 01:08:40,014 - INFO - HTTP Request: GET https://vegzmiigjvetbaqqcukd.supabase.co/rest/v1/lovdata_metadata?select=file_name&file_name=eq.LGSIV_avgjorelse_lg-2026-18220.xml&limit=1 "HTTP/1.1 200 OK"
2026-02-16 01:08:40,016 - INFO - ⏭️  Skipping existing: LGSIV_avgjorelse_lg-2026-18220.xml
2026-02-16 01:08:40,322 - INFO - 
   [16/43] Processing document...
2026-02-16 01:08:40,322 - INFO - 📄 Scraping document...
2026-02-16 01:08:42,617 - INFO - HTTP Request: GET https://vegzmiigjvetbaqqcukd.supabase.co/rest/v1/lovdata_metadata?select=file_name&file_name=eq.LBSIV_avgjorelse_lb-2025-181309.xml&limit=1 "HTTP/1.1 200 OK"
2026-02-16 01:08:42,622 - INFO - ⏭️  Skipping existing: LBSIV_avgjorelse_lb-2025-181309.xml
2026-02-16 01:08:42,938 - INFO - 
   [17/43] Processing document...
2026-02-16 01:08:42,939 - INFO - 📄 Scraping document...
2026-02-16 01:08:45,224 - INFO - HTTP Request: GET https://vegzmiigjvetbaqqcukd.supabase.co/rest/v1/lovdata_metadata?select=file_name&file_name=eq.LBSIV_avgjorelse_lb-2025-103123.xml&limit=1 "HTTP/1.1 200 OK"
2026-02-16 01:08:45,225 - INFO - ⏭️  Skipping existing: LBSIV_avgjorelse_lb-2025-103123.xml
2026-02-16 01:08:45,529 - INFO - 
   [18/43] Processing document...
2026-02-16 01:08:45,529 - INFO - 📄 Scraping document...
2026-02-16 01:08:47,949 - INFO - HTTP Request: GET https://vegzmiigjvetbaqqcukd.supabase.co/rest/v1/lovdata_metadata?select=file_name&file_name=eq.LBSTR_avgjorelse_lb-2025-101938.xml&limit=1 "HTTP/1.1 200 OK"
2026-02-16 01:08:47,954 - INFO - ⏭️  Skipping existing: LBSTR_avgjorelse_lb-2025-101938.xml
2026-02-16 01:08:48,255 - INFO - 
   [19/43] Processing document...
2026-02-16 01:08:48,255 - INFO - 📄 Scraping document...
2026-02-16 01:08:50,501 - INFO - HTTP Request: GET https://vegzmiigjvetbaqqcukd.supabase.co/rest/v1/lovdata_metadata?select=file_name&file_name=eq.LHSIV_avgjorelse_lh-2026-8272.xml&limit=1 "HTTP/1.1 200 OK"
2026-02-16 01:08:50,505 - INFO - ⏭️  Skipping existing: LHSIV_avgjorelse_lh-2026-8272.xml
2026-02-16 01:08:50,811 - INFO - 
   [20/43] Processing document...
2026-02-16 01:08:50,811 - INFO - 📄 Scraping document...
2026-02-16 01:08:53,068 - INFO - HTTP Request: GET https://vegzmiigjvetbaqqcukd.supabase.co/rest/v1/lovdata_metadata?select=file_name&file_name=eq.LHSTR_avgjorelse_lh-2025-188441.xml&limit=1 "HTTP/1.1 200 OK"
2026-02-16 01:08:53,074 - INFO - ⏭️  Skipping existing: LHSTR_avgjorelse_lh-2025-188441.xml
2026-02-16 01:08:53,380 - INFO - 
   [21/43] Processing document...
2026-02-16 01:08:53,380 - INFO - 📄 Scraping document...
2026-02-16 01:08:55,638 - INFO - HTTP Request: GET https://vegzmiigjvetbaqqcukd.supabase.co/rest/v1/lovdata_metadata?select=file_name&file_name=eq.LGSIV_avgjorelse_lg-2026-16764.xml&limit=1 "HTTP/1.1 200 OK"
2026-02-16 01:08:55,641 - INFO - ⏭️  Skipping existing: LGSIV_avgjorelse_lg-2026-16764.xml
2026-02-16 01:08:55,947 - INFO - 
   [22/43] Processing document...
2026-02-16 01:08:55,947 - INFO - 📄 Scraping document...
2026-02-16 01:08:58,334 - INFO - HTTP Request: GET https://vegzmiigjvetbaqqcukd.supabase.co/rest/v1/lovdata_metadata?select=file_name&file_name=eq.LGSIV_avgjorelse_lg-2026-5180.xml&limit=1 "HTTP/1.1 200 OK"
2026-02-16 01:08:58,338 - INFO - ⏭️  Skipping existing: LGSIV_avgjorelse_lg-2026-5180.xml
2026-02-16 01:08:58,644 - INFO - 
   [23/43] Processing document...
2026-02-16 01:08:58,645 - INFO - 📄 Scraping document...
2026-02-16 01:09:01,008 - INFO - HTTP Request: GET https://vegzmiigjvetbaqqcukd.supabase.co/rest/v1/lovdata_metadata?select=file_name&file_name=eq.LESIV_avgjorelse_le-2025-196437.xml&limit=1 "HTTP/1.1 200 OK"
2026-02-16 01:09:01,015 - INFO - ⏭️  Skipping existing: LESIV_avgjorelse_le-2025-196437.xml
2026-02-16 01:09:01,317 - INFO - 
   [24/43] Processing document...
2026-02-16 01:09:01,317 - INFO - 📄 Scraping document...
2026-02-16 01:09:03,706 - INFO - HTTP Request: GET https://vegzmiigjvetbaqqcukd.supabase.co/rest/v1/lovdata_metadata?select=file_name&file_name=eq.TRSTR_avgjorelse_tnet-2025-201859.xml&limit=1 "HTTP/1.1 200 OK"
2026-02-16 01:09:03,711 - INFO - ⏭️  Skipping existing: TRSTR_avgjorelse_tnet-2025-201859.xml
2026-02-16 01:09:04,023 - INFO - 
   [25/43] Processing document...
2026-02-16 01:09:04,023 - INFO - 📄 Scraping document...
2026-02-16 01:09:06,623 - INFO - HTTP Request: GET https://vegzmiigjvetbaqqcukd.supabase.co/rest/v1/lovdata_metadata?select=file_name&file_name=eq.TRSTR_avgjorelse_thrd-2025-147974.xml&limit=1 "HTTP/1.1 200 OK"
2026-02-16 01:09:06,627 - INFO - ⏭️  Skipping existing: TRSTR_avgjorelse_thrd-2025-147974.xml
2026-02-16 01:09:06,939 - INFO - 
   [26/43] Processing document...
2026-02-16 01:09:06,940 - INFO - 📄 Scraping document...
2026-02-16 01:09:09,453 - INFO - HTTP Request: GET https://vegzmiigjvetbaqqcukd.supabase.co/rest/v1/lovdata_metadata?select=file_name&file_name=eq.TRSTR_avgjorelse_thrd-2025-179533.xml&limit=1 "HTTP/1.1 200 OK"
2026-02-16 01:09:09,457 - INFO - ⏭️  Skipping existing: TRSTR_avgjorelse_thrd-2025-179533.xml
2026-02-16 01:09:09,773 - INFO - 
   [27/43] Processing document...
2026-02-16 01:09:09,773 - INFO - 📄 Scraping document...
2026-02-16 01:09:12,227 - INFO - HTTP Request: GET https://vegzmiigjvetbaqqcukd.supabase.co/rest/v1/lovdata_metadata?select=file_name&file_name=eq.TRSIV_avgjorelse_tosl-2025-206996.xml&limit=1 "HTTP/1.1 200 OK"
2026-02-16 01:09:12,236 - INFO - ⏭️  Skipping existing: TRSIV_avgjorelse_tosl-2025-206996.xml
2026-02-16 01:09:12,543 - INFO - 
   [28/43] Processing document...
2026-02-16 01:09:12,544 - INFO - 📄 Scraping document...
2026-02-16 01:09:15,157 - INFO - HTTP Request: GET https://vegzmiigjvetbaqqcukd.supabase.co/rest/v1/lovdata_metadata?select=file_name&file_name=eq.TRSTR_avgjorelse_tosl-2025-46750.xml&limit=1 "HTTP/1.1 200 OK"
2026-02-16 01:09:15,162 - INFO - ⏭️  Skipping existing: TRSTR_avgjorelse_tosl-2025-46750.xml
2026-02-16 01:09:15,471 - INFO - 
   [29/43] Processing document...
2026-02-16 01:09:15,471 - INFO - 📄 Scraping document...
2026-02-16 01:09:17,853 - INFO - HTTP Request: GET https://vegzmiigjvetbaqqcukd.supabase.co/rest/v1/lovdata_metadata?select=file_name&file_name=eq.TRSIV_avgjorelse_tosl-2025-180124.xml&limit=1 "HTTP/1.1 200 OK"
2026-02-16 01:09:17,857 - INFO - ⏭️  Skipping existing: TRSIV_avgjorelse_tosl-2025-180124.xml
2026-02-16 01:09:18,168 - INFO - 
   [30/43] Processing document...
2026-02-16 01:09:18,168 - INFO - 📄 Scraping document...
2026-02-16 01:09:20,405 - INFO - HTTP Request: GET https://vegzmiigjvetbaqqcukd.supabase.co/rest/v1/lovdata_metadata?select=file_name&file_name=eq.TRSIV_avgjorelse_tosl-2025-3971.xml&limit=1 "HTTP/1.1 200 OK"
2026-02-16 01:09:20,410 - INFO - ⏭️  Skipping existing: TRSIV_avgjorelse_tosl-2025-3971.xml
2026-02-16 01:09:20,719 - INFO - 
   [31/43] Processing document...
2026-02-16 01:09:20,721 - INFO - 📄 Scraping document...
2026-02-16 01:09:23,074 - INFO - HTTP Request: GET https://vegzmiigjvetbaqqcukd.supabase.co/rest/v1/lovdata_metadata?select=file_name&file_name=eq.TRSIV_avgjorelse_tvov-2025-54083.xml&limit=1 "HTTP/1.1 200 OK"
2026-02-16 01:09:23,078 - INFO - ⏭️  Skipping existing: TRSIV_avgjorelse_tvov-2025-54083.xml
2026-02-16 01:09:23,394 - INFO - 
   [32/43] Processing document...
2026-02-16 01:09:23,394 - INFO - 📄 Scraping document...
2026-02-16 01:09:25,782 - INFO - HTTP Request: GET https://vegzmiigjvetbaqqcukd.supabase.co/rest/v1/lovdata_metadata?select=file_name&file_name=eq.TRSIV_avgjorelse_tosl-2025-195280.xml&limit=1 "HTTP/1.1 200 OK"
2026-02-16 01:09:25,787 - INFO - ⏭️  Skipping existing: TRSIV_avgjorelse_tosl-2025-195280.xml
2026-02-16 01:09:26,092 - INFO - 
   [33/43] Processing document...
2026-02-16 01:09:26,093 - INFO - 📄 Scraping document...
2026-02-16 01:09:28,576 - INFO - HTTP Request: GET https://vegzmiigjvetbaqqcukd.supabase.co/rest/v1/lovdata_metadata?select=file_name&file_name=eq.TRSTR_avgjorelse_tgud-2025-196990.xml&limit=1 "HTTP/1.1 200 OK"
2026-02-16 01:09:28,581 - INFO - ⏭️  Skipping existing: TRSTR_avgjorelse_tgud-2025-196990.xml
2026-02-16 01:09:28,890 - INFO - 
   [34/43] Processing document...
2026-02-16 01:09:28,890 - INFO - 📄 Scraping document...
2026-02-16 01:09:31,369 - INFO - HTTP Request: GET https://vegzmiigjvetbaqqcukd.supabase.co/rest/v1/lovdata_metadata?select=file_name&file_name=eq.LTI_forskrift_2026-02-13-200.xml&limit=1 "HTTP/1.1 200 OK"
2026-02-16 01:09:31,371 - INFO - ⏭️  Skipping existing: LTI_forskrift_2026-02-13-200.xml
2026-02-16 01:09:31,675 - INFO - 
   [35/43] Processing document...
2026-02-16 01:09:31,675 - INFO - 📄 Scraping document...
2026-02-16 01:09:34,139 - INFO - HTTP Request: GET https://vegzmiigjvetbaqqcukd.supabase.co/rest/v1/lovdata_metadata?select=file_name&file_name=eq.LTI_forskrift_2026-02-12-199.xml&limit=1 "HTTP/1.1 200 OK"
2026-02-16 01:09:34,146 - INFO - ⏭️  Skipping existing: LTI_forskrift_2026-02-12-199.xml
2026-02-16 01:09:34,447 - INFO - 
   [36/43] Processing document...
2026-02-16 01:09:34,448 - INFO - 📄 Scraping document...
2026-02-16 01:09:37,214 - INFO - HTTP Request: GET https://vegzmiigjvetbaqqcukd.supabase.co/rest/v1/lovdata_metadata?select=file_name&file_name=eq.LTI_forskrift_2026-01-21-198.xml&limit=1 "HTTP/1.1 200 OK"
2026-02-16 01:09:37,218 - INFO - ⏭️  Skipping existing: LTI_forskrift_2026-01-21-198.xml
2026-02-16 01:09:37,524 - INFO - 
   [37/43] Processing document...
2026-02-16 01:09:37,525 - INFO - 📄 Scraping document...
2026-02-16 01:09:39,868 - INFO - HTTP Request: GET https://vegzmiigjvetbaqqcukd.supabase.co/rest/v1/lovdata_metadata?select=file_name&file_name=eq.LTI_forskrift_2026-02-13-197.xml&limit=1 "HTTP/1.1 200 OK"
2026-02-16 01:09:39,874 - INFO - ⏭️  Skipping existing: LTI_forskrift_2026-02-13-197.xml
2026-02-16 01:09:40,180 - INFO - 
   [38/43] Processing document...
2026-02-16 01:09:40,181 - INFO - 📄 Scraping document...
2026-02-16 01:09:42,633 - INFO - HTTP Request: GET https://vegzmiigjvetbaqqcukd.supabase.co/rest/v1/lovdata_metadata?select=file_name&file_name=eq.LTI_lov_2026-02-13-6.xml&limit=1 "HTTP/1.1 200 OK"
2026-02-16 01:09:42,636 - INFO - ⏭️  Skipping existing: LTI_lov_2026-02-13-6.xml
2026-02-16 01:09:42,951 - INFO - 
   [39/43] Processing document...
2026-02-16 01:09:42,951 - INFO - 📄 Scraping document...
2026-02-16 01:09:45,397 - INFO - HTTP Request: GET https://vegzmiigjvetbaqqcukd.supabase.co/rest/v1/lovdata_metadata?select=file_name&file_name=eq.LTI_lov_2026-02-13-5.xml&limit=1 "HTTP/1.1 200 OK"
2026-02-16 01:09:45,401 - INFO - ⏭️  Skipping existing: LTI_lov_2026-02-13-5.xml
2026-02-16 01:09:45,705 - INFO - 
   [40/43] Processing document...
2026-02-16 01:09:45,706 - INFO - 📄 Scraping document...
2026-02-16 01:09:48,162 - INFO - HTTP Request: GET https://vegzmiigjvetbaqqcukd.supabase.co/rest/v1/lovdata_metadata?select=file_name&file_name=eq.LTI_forskrift_2026-02-12-196.xml&limit=1 "HTTP/1.1 200 OK"
2026-02-16 01:09:48,167 - INFO - ⏭️  Skipping existing: LTI_forskrift_2026-02-12-196.xml
2026-02-16 01:09:48,472 - INFO - 
   [41/43] Processing document...
2026-02-16 01:09:48,473 - INFO - 📄 Scraping document...
2026-02-16 01:09:51,030 - INFO - HTTP Request: GET https://vegzmiigjvetbaqqcukd.supabase.co/rest/v1/lovdata_metadata?select=file_name&file_name=eq.LTI_forskrift_2026-02-12-195.xml&limit=1 "HTTP/1.1 200 OK"
2026-02-16 01:09:51,034 - INFO - ⏭️  Skipping existing: LTI_forskrift_2026-02-12-195.xml
2026-02-16 01:09:51,339 - INFO - 
   [42/43] Processing document...
2026-02-16 01:09:51,339 - INFO - 📄 Scraping document...
2026-02-16 01:09:53,691 - INFO - HTTP Request: GET https://vegzmiigjvetbaqqcukd.supabase.co/rest/v1/lovdata_metadata?select=file_name&file_name=eq.LTI_forskrift_2026-02-11-194.xml&limit=1 "HTTP/1.1 200 OK"
2026-02-16 01:09:53,693 - INFO - ⏭️  Skipping existing: LTI_forskrift_2026-02-11-194.xml
2026-02-16 01:09:53,995 - INFO - 
   [43/43] Processing document...
2026-02-16 01:09:53,996 - INFO - 📄 Scraping document...
2026-02-16 01:09:56,457 - INFO - HTTP Request: GET https://vegzmiigjvetbaqqcukd.supabase.co/rest/v1/lovdata_metadata?select=file_name&file_name=eq.LTI_forskrift_2026-02-09-193.xml&limit=1 "HTTP/1.1 200 OK"
2026-02-16 01:09:56,461 - INFO - ⏭️  Skipping existing: LTI_forskrift_2026-02-09-193.xml
2026-02-16 01:09:56,776 - INFO - 
✅ Completed area: Work_Environment
2026-02-16 01:09:56,777 - INFO - 
======================================================================
2026-02-16 01:09:56,778 - INFO - [3/38] Social_Security_Law
2026-02-16 01:09:56,778 - INFO - ======================================================================
2026-02-16 01:09:56,779 - INFO -    Norwegian: trygderett
2026-02-16 01:09:56,779 - INFO -    🔗 https://lovdata.no/pro/#rettsomrade/trygderett
2026-02-16 01:09:56,780 - INFO - 📂 Navigating to: https://lovdata.no/pro/#rettsomrade/trygderett
2026-02-16 01:10:02,801 - INFO -    📄 Scraping page 1
2026-02-16 01:10:03,442 - INFO -    📎 Total collected so far: 43
2026-02-16 01:10:03,454 - INFO -    ✅ No next page found
2026-02-16 01:10:03,454 - INFO -    🎉 Finished. Found 43 documents.
2026-02-16 01:10:03,455 - INFO - 🚀 Processing 43 documents
2026-02-16 01:10:03,455 - INFO - 
   [1/43] Processing document...
2026-02-16 01:10:03,455 - INFO - 📄 Scraping document...
2026-02-16 01:10:06,187 - INFO - HTTP Request: GET https://vegzmiigjvetbaqqcukd.supabase.co/rest/v1/lovdata_metadata?select=file_name&file_name=eq.NL_lov_2007-06-15-40_C2_A744.xml&limit=1 "HTTP/1.1 200 OK"
2026-02-16 01:10:06,189 - INFO - ⏭️  Skipping existing: NL_lov_2007-06-15-40_C2_A744.xml
2026-02-16 01:10:06,494 - INFO - 
   [2/43] Processing document...
2026-02-16 01:10:06,495 - INFO - 📄 Scraping document...
2026-02-16 01:10:08,866 - INFO - HTTP Request: GET https://vegzmiigjvetbaqqcukd.supabase.co/rest/v1/lovdata_metadata?select=file_name&file_name=eq.NL_lov_2025-03-28-5.xml&limit=1 "HTTP/1.1 200 OK"
2026-02-16 01:10:08,872 - INFO - ⏭️  Skipping existing: NL_lov_2025-03-28-5.xml
2026-02-16 01:10:09,172 - INFO - 
   [3/43] Processing document...
2026-02-16 01:10:09,173 - INFO - 📄 Scraping document...
2026-02-16 01:10:12,030 - INFO - HTTP Request: GET https://vegzmiigjvetbaqqcukd.supabase.co/rest/v1/lovdata_metadata?select=file_name&file_name=eq.NL_lov_2007-06-15-40_C2_A79.xml&limit=1 "HTTP/1.1 200 OK"
2026-02-16 01:10:12,030 - INFO - ⏭️  Skipping existing: NL_lov_2007-06-15-40_C2_A79.xml
2026-02-16 01:10:12,345 - INFO - 
   [4/43] Processing document...
2026-02-16 01:10:12,345 - INFO - 📄 Scraping document...
2026-02-16 01:10:14,787 - INFO - HTTP Request: GET https://vegzmiigjvetbaqqcukd.supabase.co/rest/v1/lovdata_metadata?select=file_name&file_name=eq.HRSTR_avgjorelse_hr-2026-373-a.xml&limit=1 "HTTP/1.1 200 OK"
2026-02-16 01:10:14,787 - INFO - ⏭️  Skipping existing: HRSTR_avgjorelse_hr-2026-373-a.xml
2026-02-16 01:10:15,096 - INFO - 
   [5/43] Processing document...
2026-02-16 01:10:15,096 - INFO - 📄 Scraping document...
2026-02-16 01:10:17,815 - INFO - HTTP Request: GET https://vegzmiigjvetbaqqcukd.supabase.co/rest/v1/lovdata_metadata?select=file_name&file_name=eq.HRSIV_avgjorelse_hr-2026-372-a.xml&limit=1 "HTTP/1.1 200 OK"
2026-02-16 01:10:17,820 - INFO - ⏭️  Skipping existing: HRSIV_avgjorelse_hr-2026-372-a.xml
2026-02-16 01:10:18,128 - INFO - 
   [6/43] Processing document...
2026-02-16 01:10:18,128 - INFO - 📄 Scraping document...
2026-02-16 01:10:20,521 - INFO - HTTP Request: GET https://vegzmiigjvetbaqqcukd.supabase.co/rest/v1/lovdata_metadata?select=file_name&file_name=eq.HRSTR_avgjorelse_hr-2026-359-u.xml&limit=1 "HTTP/1.1 200 OK"
2026-02-16 01:10:20,529 - INFO - ⏭️  Skipping existing: HRSTR_avgjorelse_hr-2026-359-u.xml
2026-02-16 01:10:20,836 - INFO - 
   [7/43] Processing document...
2026-02-16 01:10:20,836 - INFO - 📄 Scraping document...
2026-02-16 01:10:23,389 - INFO - HTTP Request: GET https://vegzmiigjvetbaqqcukd.supabase.co/rest/v1/lovdata_metadata?select=file_name&file_name=eq.HRSIV_avgjorelse_hr-2026-346-u.xml&limit=1 "HTTP/1.1 200 OK"
2026-02-16 01:10:23,394 - INFO - ⏭️  Skipping existing: HRSIV_avgjorelse_hr-2026-346-u.xml
2026-02-16 01:10:23,696 - INFO - 
   [8/43] Processing document...
2026-02-16 01:10:23,696 - INFO - 📄 Scraping document...
2026-02-16 01:10:26,256 - INFO - HTTP Request: GET https://vegzmiigjvetbaqqcukd.supabase.co/rest/v1/lovdata_metadata?select=file_name&file_name=eq.HRSTR_avgjorelse_hr-2026-344-u.xml&limit=1 "HTTP/1.1 200 OK"
2026-02-16 01:10:26,260 - INFO - ⏭️  Skipping existing: HRSTR_avgjorelse_hr-2026-344-u.xml
2026-02-16 01:10:26,567 - INFO - 
   [9/43] Processing document...
2026-02-16 01:10:26,567 - INFO - 📄 Scraping document...
2026-02-16 01:10:28,893 - INFO - HTTP Request: GET https://vegzmiigjvetbaqqcukd.supabase.co/rest/v1/lovdata_metadata?select=file_name&file_name=eq.HRSIV_avgjorelse_hr-2026-339-u.xml&limit=1 "HTTP/1.1 200 OK"
2026-02-16 01:10:28,897 - INFO - ⏭️  Skipping existing: HRSIV_avgjorelse_hr-2026-339-u.xml
2026-02-16 01:10:29,202 - INFO - 
   [10/43] Processing document...
2026-02-16 01:10:29,202 - INFO - 📄 Scraping document...
2026-02-16 01:10:31,568 - INFO - HTTP Request: GET https://vegzmiigjvetbaqqcukd.supabase.co/rest/v1/lovdata_metadata?select=file_name&file_name=eq.HRSIV_avgjorelse_hr-2026-334-u.xml&limit=1 "HTTP/1.1 200 OK"
2026-02-16 01:10:31,574 - INFO - ⏭️  Skipping existing: HRSIV_avgjorelse_hr-2026-334-u.xml
2026-02-16 01:10:31,877 - INFO - 
   [11/43] Processing document...
2026-02-16 01:10:31,877 - INFO - 📄 Scraping document...
2026-02-16 01:10:34,195 - INFO - HTTP Request: GET https://vegzmiigjvetbaqqcukd.supabase.co/rest/v1/lovdata_metadata?select=file_name&file_name=eq.HRSTR_avgjorelse_hr-2026-333-u.xml&limit=1 "HTTP/1.1 200 OK"
2026-02-16 01:10:34,209 - INFO - ⏭️  Skipping existing: HRSTR_avgjorelse_hr-2026-333-u.xml
2026-02-16 01:10:34,516 - INFO - 
   [12/43] Processing document...
2026-02-16 01:10:34,516 - INFO - 📄 Scraping document...
2026-02-16 01:10:36,905 - INFO - HTTP Request: GET https://vegzmiigjvetbaqqcukd.supabase.co/rest/v1/lovdata_metadata?select=file_name&file_name=eq.HRSTR_avgjorelse_hr-2026-312-u.xml&limit=1 "HTTP/1.1 200 OK"
2026-02-16 01:10:36,908 - INFO - ⏭️  Skipping existing: HRSTR_avgjorelse_hr-2026-312-u.xml
2026-02-16 01:10:37,220 - INFO - 
   [13/43] Processing document...
2026-02-16 01:10:37,222 - INFO - 📄 Scraping document...
2026-02-16 01:10:39,581 - INFO - HTTP Request: GET https://vegzmiigjvetbaqqcukd.supabase.co/rest/v1/lovdata_metadata?select=file_name&file_name=eq.HRSIV_avgjorelse_hr-2026-296-u.xml&limit=1 "HTTP/1.1 200 OK"
2026-02-16 01:10:39,581 - INFO - ⏭️  Skipping existing: HRSIV_avgjorelse_hr-2026-296-u.xml
2026-02-16 01:10:39,884 - INFO - 
   [14/43] Processing document...
2026-02-16 01:10:39,884 - INFO - 📄 Scraping document...
2026-02-16 01:10:42,200 - INFO - HTTP Request: GET https://vegzmiigjvetbaqqcukd.supabase.co/rest/v1/lovdata_metadata?select=file_name&file_name=eq.LGSIV_avgjorelse_lg-2025-49402.xml&limit=1 "HTTP/1.1 200 OK"
2026-02-16 01:10:42,200 - INFO - ⏭️  Skipping existing: LGSIV_avgjorelse_lg-2025-49402.xml
2026-02-16 01:10:42,508 - INFO - 
   [15/43] Processing document...
2026-02-16 01:10:42,508 - INFO - 📄 Scraping document...
2026-02-16 01:10:45,069 - INFO - HTTP Request: GET https://vegzmiigjvetbaqqcukd.supabase.co/rest/v1/lovdata_metadata?select=file_name&file_name=eq.LGSIV_avgjorelse_lg-2026-18220.xml&limit=1 "HTTP/1.1 200 OK"
2026-02-16 01:10:45,069 - INFO - ⏭️  Skipping existing: LGSIV_avgjorelse_lg-2026-18220.xml
2026-02-16 01:10:45,381 - INFO - 
   [16/43] Processing document...
2026-02-16 01:10:45,381 - INFO - 📄 Scraping document...
2026-02-16 01:10:47,860 - INFO - HTTP Request: GET https://vegzmiigjvetbaqqcukd.supabase.co/rest/v1/lovdata_metadata?select=file_name&file_name=eq.LBSIV_avgjorelse_lb-2025-181309.xml&limit=1 "HTTP/1.1 200 OK"
2026-02-16 01:10:47,860 - INFO - ⏭️  Skipping existing: LBSIV_avgjorelse_lb-2025-181309.xml
2026-02-16 01:10:48,162 - INFO - 
   [17/43] Processing document...
2026-02-16 01:10:48,163 - INFO - 📄 Scraping document...
2026-02-16 01:10:49,099 - WARNING - Retrying (Retry(total=2, connect=None, read=None, redirect=None, status=None)) after connection broken by 'ConnectionResetError(10054, 'An existing connection was forcibly closed by the remote host', None, 10054, None)': /session/55e5a4ad32eee749f7ac475257dfebf8
