2026-02-16 01:11:20,609 - INFO - ✓ Storage handler initialized (bucket: lovdata-docs)
2026-02-16 01:11:20,610 - INFO - 🔐 Opening Lovdata login page...
2026-02-16 01:11:27,570 - INFO - ✅ Login successful
2026-02-16 01:11:27,570 - INFO - ======================================================================
2026-02-16 01:11:27,570 - INFO - MODE: legal_areas_only
2026-02-16 01:11:27,572 - INFO - ======================================================================
2026-02-16 01:11:27,572 - INFO - 
======================================================================
2026-02-16 01:11:27,572 - INFO - ⚖️  SCRAPING LEGAL AREAS
2026-02-16 01:11:27,573 - INFO -    Using fallback list from config.LEGAL_AREA_TRANSLATIONS
2026-02-16 01:11:27,580 - INFO - ======================================================================
2026-02-16 01:11:27,580 - INFO - 📂 Loading legal areas from config.py...
2026-02-16 01:11:27,580 - INFO - 📋 Loaded 38 legal areas
2026-02-16 01:11:27,580 - INFO - 
📊 Total legal areas: 38

2026-02-16 01:11:27,582 - INFO - 
======================================================================
2026-02-16 01:11:27,582 - INFO - [1/38] Labor_Law
2026-02-16 01:11:27,582 - INFO - ======================================================================
2026-02-16 01:11:27,583 - INFO -    Norwegian: arbeidsrett
2026-02-16 01:11:27,583 - INFO -    🔗 https://lovdata.no/pro/#rettsomrade/arbeidsrett
2026-02-16 01:11:27,583 - INFO - 📂 Navigating to: https://lovdata.no/pro/#rettsomrade/arbeidsrett
2026-02-16 01:11:33,650 - INFO -    🌍 Current URL after load: https://lovdata.no/pro/#myPage
2026-02-16 01:11:33,683 - INFO -    📄 Currently loaded: 45
2026-02-16 01:11:35,712 - INFO -    📄 Currently loaded: 45
2026-02-16 01:11:37,752 - INFO -    📄 Currently loaded: 45
2026-02-16 01:11:39,830 - INFO -    📄 Currently loaded: 45
2026-02-16 01:11:39,836 - INFO -    ✅ All documents loaded
2026-02-16 01:11:40,632 - INFO -    🎉 Finished. Found 43 documents.
2026-02-16 01:11:40,635 - INFO - 🚀 Processing 43 documents
2026-02-16 01:11:40,635 - INFO - 
   [1/43] Processing document...
2026-02-16 01:11:40,635 - INFO - 📄 Scraping document...
2026-02-16 01:11:43,448 - INFO - HTTP Request: GET https://vegzmiigjvetbaqqcukd.supabase.co/rest/v1/lovdata_metadata?select=file_name&file_name=eq.NL_lov_2007-06-15-40_C2_A744.xml&limit=1 "HTTP/1.1 200 OK"
2026-02-16 01:11:43,449 - INFO - ⏭️  Skipping existing: NL_lov_2007-06-15-40_C2_A744.xml
2026-02-16 01:11:43,756 - INFO - 
   [2/43] Processing document...
2026-02-16 01:11:43,756 - INFO - 📄 Scraping document...
2026-02-16 01:11:46,459 - INFO - HTTP Request: GET https://vegzmiigjvetbaqqcukd.supabase.co/rest/v1/lovdata_metadata?select=file_name&file_name=eq.NL_lov_2025-03-28-5.xml&limit=1 "HTTP/1.1 200 OK"
2026-02-16 01:11:46,467 - INFO - ⏭️  Skipping existing: NL_lov_2025-03-28-5.xml
2026-02-16 01:11:46,771 - INFO - 
   [3/43] Processing document...
2026-02-16 01:11:46,773 - INFO - 📄 Scraping document...
2026-02-16 01:11:49,096 - INFO - HTTP Request: GET https://vegzmiigjvetbaqqcukd.supabase.co/rest/v1/lovdata_metadata?select=file_name&file_name=eq.NL_lov_2007-06-15-40_C2_A79.xml&limit=1 "HTTP/1.1 200 OK"
2026-02-16 01:11:49,106 - INFO - ⏭️  Skipping existing: NL_lov_2007-06-15-40_C2_A79.xml
2026-02-16 01:11:49,421 - INFO - 
   [4/43] Processing document...
2026-02-16 01:11:49,494 - INFO - 📄 Scraping document...
2026-02-16 01:11:51,993 - INFO - HTTP Request: GET https://vegzmiigjvetbaqqcukd.supabase.co/rest/v1/lovdata_metadata?select=file_name&file_name=eq.HRSTR_avgjorelse_hr-2026-373-a.xml&limit=1 "HTTP/1.1 200 OK"
2026-02-16 01:11:51,993 - INFO - ⏭️  Skipping existing: HRSTR_avgjorelse_hr-2026-373-a.xml
2026-02-16 01:11:52,293 - INFO - 
   [5/43] Processing document...
2026-02-16 01:11:52,293 - INFO - 📄 Scraping document...
2026-02-16 01:11:54,534 - INFO - HTTP Request: GET https://vegzmiigjvetbaqqcukd.supabase.co/rest/v1/lovdata_metadata?select=file_name&file_name=eq.HRSIV_avgjorelse_hr-2026-372-a.xml&limit=1 "HTTP/1.1 200 OK"
2026-02-16 01:11:54,549 - INFO - ⏭️  Skipping existing: HRSIV_avgjorelse_hr-2026-372-a.xml
2026-02-16 01:11:54,857 - INFO - 
   [6/43] Processing document...
2026-02-16 01:11:54,857 - INFO - 📄 Scraping document...
2026-02-16 01:11:57,169 - INFO - HTTP Request: GET https://vegzmiigjvetbaqqcukd.supabase.co/rest/v1/lovdata_metadata?select=file_name&file_name=eq.HRSTR_avgjorelse_hr-2026-359-u.xml&limit=1 "HTTP/1.1 200 OK"
2026-02-16 01:11:57,176 - INFO - ⏭️  Skipping existing: HRSTR_avgjorelse_hr-2026-359-u.xml
2026-02-16 01:11:57,482 - INFO - 
   [7/43] Processing document...
2026-02-16 01:11:57,482 - INFO - 📄 Scraping document...
2026-02-16 01:11:59,949 - INFO - HTTP Request: GET https://vegzmiigjvetbaqqcukd.supabase.co/rest/v1/lovdata_metadata?select=file_name&file_name=eq.HRSIV_avgjorelse_hr-2026-346-u.xml&limit=1 "HTTP/1.1 200 OK"
2026-02-16 01:11:59,957 - INFO - ⏭️  Skipping existing: HRSIV_avgjorelse_hr-2026-346-u.xml
2026-02-16 01:12:00,267 - INFO - 
   [8/43] Processing document...
2026-02-16 01:12:00,267 - INFO - 📄 Scraping document...
2026-02-16 01:12:02,567 - INFO - HTTP Request: GET https://vegzmiigjvetbaqqcukd.supabase.co/rest/v1/lovdata_metadata?select=file_name&file_name=eq.HRSTR_avgjorelse_hr-2026-344-u.xml&limit=1 "HTTP/1.1 200 OK"
2026-02-16 01:12:02,568 - INFO - ⏭️  Skipping existing: HRSTR_avgjorelse_hr-2026-344-u.xml
2026-02-16 01:12:02,870 - INFO - 
   [9/43] Processing document...
2026-02-16 01:12:02,871 - INFO - 📄 Scraping document...
2026-02-16 01:12:05,177 - INFO - HTTP Request: GET https://vegzmiigjvetbaqqcukd.supabase.co/rest/v1/lovdata_metadata?select=file_name&file_name=eq.HRSIV_avgjorelse_hr-2026-339-u.xml&limit=1 "HTTP/1.1 200 OK"
2026-02-16 01:12:05,177 - INFO - ⏭️  Skipping existing: HRSIV_avgjorelse_hr-2026-339-u.xml
2026-02-16 01:12:05,484 - INFO - 
   [10/43] Processing document...
2026-02-16 01:12:05,484 - INFO - 📄 Scraping document...
2026-02-16 01:12:07,840 - INFO - HTTP Request: GET https://vegzmiigjvetbaqqcukd.supabase.co/rest/v1/lovdata_metadata?select=file_name&file_name=eq.HRSIV_avgjorelse_hr-2026-334-u.xml&limit=1 "HTTP/1.1 200 OK"
2026-02-16 01:12:07,845 - INFO - ⏭️  Skipping existing: HRSIV_avgjorelse_hr-2026-334-u.xml
2026-02-16 01:12:08,146 - INFO - 
   [11/43] Processing document...
2026-02-16 01:12:08,146 - INFO - 📄 Scraping document...
2026-02-16 01:12:10,503 - INFO - HTTP Request: GET https://vegzmiigjvetbaqqcukd.supabase.co/rest/v1/lovdata_metadata?select=file_name&file_name=eq.HRSTR_avgjorelse_hr-2026-333-u.xml&limit=1 "HTTP/1.1 200 OK"
2026-02-16 01:12:10,505 - INFO - ⏭️  Skipping existing: HRSTR_avgjorelse_hr-2026-333-u.xml
2026-02-16 01:12:10,812 - INFO - 
   [12/43] Processing document...
2026-02-16 01:12:10,813 - INFO - 📄 Scraping document...
2026-02-16 01:12:13,172 - INFO - HTTP Request: GET https://vegzmiigjvetbaqqcukd.supabase.co/rest/v1/lovdata_metadata?select=file_name&file_name=eq.HRSTR_avgjorelse_hr-2026-312-u.xml&limit=1 "HTTP/1.1 200 OK"
2026-02-16 01:12:13,176 - INFO - ⏭️  Skipping existing: HRSTR_avgjorelse_hr-2026-312-u.xml
2026-02-16 01:12:13,478 - INFO - 
   [13/43] Processing document...
2026-02-16 01:12:13,478 - INFO - 📄 Scraping document...
2026-02-16 01:12:15,777 - INFO - HTTP Request: GET https://vegzmiigjvetbaqqcukd.supabase.co/rest/v1/lovdata_metadata?select=file_name&file_name=eq.HRSIV_avgjorelse_hr-2026-296-u.xml&limit=1 "HTTP/1.1 200 OK"
2026-02-16 01:12:15,782 - INFO - ⏭️  Skipping existing: HRSIV_avgjorelse_hr-2026-296-u.xml
2026-02-16 01:12:16,083 - INFO - 
   [14/43] Processing document...
2026-02-16 01:12:16,083 - INFO - 📄 Scraping document...
2026-02-16 01:12:18,590 - INFO - HTTP Request: GET https://vegzmiigjvetbaqqcukd.supabase.co/rest/v1/lovdata_metadata?select=file_name&file_name=eq.LGSIV_avgjorelse_lg-2025-49402.xml&limit=1 "HTTP/1.1 200 OK"
2026-02-16 01:12:18,594 - INFO - ⏭️  Skipping existing: LGSIV_avgjorelse_lg-2025-49402.xml
2026-02-16 01:12:18,899 - INFO - 
   [15/43] Processing document...
2026-02-16 01:12:18,900 - INFO - 📄 Scraping document...
2026-02-16 01:12:21,207 - INFO - HTTP Request: GET https://vegzmiigjvetbaqqcukd.supabase.co/rest/v1/lovdata_metadata?select=file_name&file_name=eq.LGSIV_avgjorelse_lg-2026-18220.xml&limit=1 "HTTP/1.1 200 OK"
2026-02-16 01:12:21,215 - INFO - ⏭️  Skipping existing: LGSIV_avgjorelse_lg-2026-18220.xml
2026-02-16 01:12:21,515 - INFO - 
   [16/43] Processing document...
2026-02-16 01:12:21,515 - INFO - 📄 Scraping document...
2026-02-16 01:12:23,906 - INFO - HTTP Request: GET https://vegzmiigjvetbaqqcukd.supabase.co/rest/v1/lovdata_metadata?select=file_name&file_name=eq.LBSIV_avgjorelse_lb-2025-181309.xml&limit=1 "HTTP/1.1 200 OK"
2026-02-16 01:12:23,911 - INFO - ⏭️  Skipping existing: LBSIV_avgjorelse_lb-2025-181309.xml
2026-02-16 01:12:24,213 - INFO - 
   [17/43] Processing document...
2026-02-16 01:12:24,213 - INFO - 📄 Scraping document...
2026-02-16 01:12:26,560 - INFO - HTTP Request: GET https://vegzmiigjvetbaqqcukd.supabase.co/rest/v1/lovdata_metadata?select=file_name&file_name=eq.LBSIV_avgjorelse_lb-2025-103123.xml&limit=1 "HTTP/1.1 200 OK"
2026-02-16 01:12:26,564 - INFO - ⏭️  Skipping existing: LBSIV_avgjorelse_lb-2025-103123.xml
2026-02-16 01:12:26,878 - INFO - 
   [18/43] Processing document...
2026-02-16 01:12:26,878 - INFO - 📄 Scraping document...
2026-02-16 01:12:29,268 - INFO - HTTP Request: GET https://vegzmiigjvetbaqqcukd.supabase.co/rest/v1/lovdata_metadata?select=file_name&file_name=eq.LBSTR_avgjorelse_lb-2025-101938.xml&limit=1 "HTTP/1.1 200 OK"
2026-02-16 01:12:29,271 - INFO - ⏭️  Skipping existing: LBSTR_avgjorelse_lb-2025-101938.xml
2026-02-16 01:12:29,584 - INFO - 
   [19/43] Processing document...
2026-02-16 01:12:29,585 - INFO - 📄 Scraping document...
2026-02-16 01:12:31,871 - INFO - HTTP Request: GET https://vegzmiigjvetbaqqcukd.supabase.co/rest/v1/lovdata_metadata?select=file_name&file_name=eq.LHSIV_avgjorelse_lh-2026-8272.xml&limit=1 "HTTP/1.1 200 OK"
2026-02-16 01:12:31,875 - INFO - ⏭️  Skipping existing: LHSIV_avgjorelse_lh-2026-8272.xml
2026-02-16 01:12:32,186 - INFO - 
   [20/43] Processing document...
2026-02-16 01:12:32,187 - INFO - 📄 Scraping document...
2026-02-16 01:12:34,663 - INFO - HTTP Request: GET https://vegzmiigjvetbaqqcukd.supabase.co/rest/v1/lovdata_metadata?select=file_name&file_name=eq.LHSTR_avgjorelse_lh-2025-188441.xml&limit=1 "HTTP/1.1 200 OK"
2026-02-16 01:12:34,663 - INFO - ⏭️  Skipping existing: LHSTR_avgjorelse_lh-2025-188441.xml
2026-02-16 01:12:34,964 - INFO - 
   [21/43] Processing document...
2026-02-16 01:12:34,964 - INFO - 📄 Scraping document...
2026-02-16 01:12:37,239 - INFO - HTTP Request: GET https://vegzmiigjvetbaqqcukd.supabase.co/rest/v1/lovdata_metadata?select=file_name&file_name=eq.LGSIV_avgjorelse_lg-2026-16764.xml&limit=1 "HTTP/1.1 200 OK"
2026-02-16 01:12:37,245 - INFO - ⏭️  Skipping existing: LGSIV_avgjorelse_lg-2026-16764.xml
2026-02-16 01:12:37,553 - INFO - 
   [22/43] Processing document...
2026-02-16 01:12:37,554 - INFO - 📄 Scraping document...
2026-02-16 01:12:39,905 - INFO - HTTP Request: GET https://vegzmiigjvetbaqqcukd.supabase.co/rest/v1/lovdata_metadata?select=file_name&file_name=eq.LGSIV_avgjorelse_lg-2026-5180.xml&limit=1 "HTTP/1.1 200 OK"
2026-02-16 01:12:39,909 - INFO - ⏭️  Skipping existing: LGSIV_avgjorelse_lg-2026-5180.xml
2026-02-16 01:12:40,219 - INFO - 
   [23/43] Processing document...
2026-02-16 01:12:40,219 - INFO - 📄 Scraping document...
2026-02-16 01:12:42,658 - INFO - HTTP Request: GET https://vegzmiigjvetbaqqcukd.supabase.co/rest/v1/lovdata_metadata?select=file_name&file_name=eq.LESIV_avgjorelse_le-2025-196437.xml&limit=1 "HTTP/1.1 200 OK"
2026-02-16 01:12:42,664 - INFO - ⏭️  Skipping existing: LESIV_avgjorelse_le-2025-196437.xml
2026-02-16 01:12:42,970 - INFO - 
   [24/43] Processing document...
2026-02-16 01:12:42,971 - INFO - 📄 Scraping document...
2026-02-16 01:12:45,355 - INFO - HTTP Request: GET https://vegzmiigjvetbaqqcukd.supabase.co/rest/v1/lovdata_metadata?select=file_name&file_name=eq.TRSTR_avgjorelse_tnet-2025-201859.xml&limit=1 "HTTP/1.1 200 OK"
2026-02-16 01:12:45,356 - INFO - ⏭️  Skipping existing: TRSTR_avgjorelse_tnet-2025-201859.xml
2026-02-16 01:12:45,667 - INFO - 
   [25/43] Processing document...
2026-02-16 01:12:45,667 - INFO - 📄 Scraping document...
2026-02-16 01:12:47,991 - INFO - HTTP Request: GET https://vegzmiigjvetbaqqcukd.supabase.co/rest/v1/lovdata_metadata?select=file_name&file_name=eq.TRSTR_avgjorelse_thrd-2025-147974.xml&limit=1 "HTTP/1.1 200 OK"
2026-02-16 01:12:47,999 - INFO - ⏭️  Skipping existing: TRSTR_avgjorelse_thrd-2025-147974.xml
2026-02-16 01:12:48,303 - INFO - 
   [26/43] Processing document...
2026-02-16 01:12:48,304 - INFO - 📄 Scraping document...
2026-02-16 01:12:50,740 - INFO - HTTP Request: GET https://vegzmiigjvetbaqqcukd.supabase.co/rest/v1/lovdata_metadata?select=file_name&file_name=eq.TRSTR_avgjorelse_thrd-2025-179533.xml&limit=1 "HTTP/1.1 200 OK"
2026-02-16 01:12:50,740 - INFO - ⏭️  Skipping existing: TRSTR_avgjorelse_thrd-2025-179533.xml
2026-02-16 01:12:51,046 - INFO - 
   [27/43] Processing document...
2026-02-16 01:12:51,046 - INFO - 📄 Scraping document...
2026-02-16 01:12:53,388 - INFO - HTTP Request: GET https://vegzmiigjvetbaqqcukd.supabase.co/rest/v1/lovdata_metadata?select=file_name&file_name=eq.TRSIV_avgjorelse_tosl-2025-206996.xml&limit=1 "HTTP/1.1 200 OK"
2026-02-16 01:12:53,391 - INFO - ⏭️  Skipping existing: TRSIV_avgjorelse_tosl-2025-206996.xml
2026-02-16 01:12:53,696 - INFO - 
   [28/43] Processing document...
2026-02-16 01:12:53,696 - INFO - 📄 Scraping document...
2026-02-16 01:12:57,189 - INFO - HTTP Request: GET https://vegzmiigjvetbaqqcukd.supabase.co/rest/v1/lovdata_metadata?select=file_name&file_name=eq.TRSTR_avgjorelse_tosl-2025-46750.xml&limit=1 "HTTP/1.1 200 OK"
2026-02-16 01:12:57,202 - INFO - ⏭️  Skipping existing: TRSTR_avgjorelse_tosl-2025-46750.xml
2026-02-16 01:12:57,514 - INFO - 
   [29/43] Processing document...
2026-02-16 01:12:57,514 - INFO - 📄 Scraping document...
2026-02-16 01:13:04,179 - INFO - HTTP Request: GET https://vegzmiigjvetbaqqcukd.supabase.co/rest/v1/lovdata_metadata?select=file_name&file_name=eq.TRSIV_avgjorelse_tosl-2025-180124.xml&limit=1 "HTTP/1.1 200 OK"
2026-02-16 01:13:04,187 - INFO - ⏭️  Skipping existing: TRSIV_avgjorelse_tosl-2025-180124.xml
2026-02-16 01:13:04,500 - INFO - 
   [30/43] Processing document...
2026-02-16 01:13:04,500 - INFO - 📄 Scraping document...
2026-02-16 01:13:08,682 - INFO - HTTP Request: GET https://vegzmiigjvetbaqqcukd.supabase.co/rest/v1/lovdata_metadata?select=file_name&file_name=eq.TRSIV_avgjorelse_tosl-2025-3971.xml&limit=1 "HTTP/1.1 200 OK"
2026-02-16 01:13:08,685 - INFO - ⏭️  Skipping existing: TRSIV_avgjorelse_tosl-2025-3971.xml
2026-02-16 01:13:09,000 - INFO - 
   [31/43] Processing document...
2026-02-16 01:13:09,001 - INFO - 📄 Scraping document...
2026-02-16 01:13:13,870 - INFO - HTTP Request: GET https://vegzmiigjvetbaqqcukd.supabase.co/rest/v1/lovdata_metadata?select=file_name&file_name=eq.TRSIV_avgjorelse_tvov-2025-54083.xml&limit=1 "HTTP/1.1 200 OK"
2026-02-16 01:13:13,876 - INFO - ⏭️  Skipping existing: TRSIV_avgjorelse_tvov-2025-54083.xml
2026-02-16 01:13:14,183 - INFO - 
   [32/43] Processing document...
2026-02-16 01:13:14,183 - INFO - 📄 Scraping document...
2026-02-16 01:13:17,662 - INFO - HTTP Request: GET https://vegzmiigjvetbaqqcukd.supabase.co/rest/v1/lovdata_metadata?select=file_name&file_name=eq.TRSIV_avgjorelse_tosl-2025-195280.xml&limit=1 "HTTP/1.1 200 OK"
2026-02-16 01:13:17,678 - INFO - ⏭️  Skipping existing: TRSIV_avgjorelse_tosl-2025-195280.xml
2026-02-16 01:13:17,982 - INFO - 
   [33/43] Processing document...
2026-02-16 01:13:17,982 - INFO - 📄 Scraping document...
2026-02-16 01:13:20,441 - INFO - HTTP Request: GET https://vegzmiigjvetbaqqcukd.supabase.co/rest/v1/lovdata_metadata?select=file_name&file_name=eq.TRSTR_avgjorelse_tgud-2025-196990.xml&limit=1 "HTTP/1.1 200 OK"
2026-02-16 01:13:20,448 - INFO - ⏭️  Skipping existing: TRSTR_avgjorelse_tgud-2025-196990.xml
2026-02-16 01:13:20,748 - INFO - 
   [34/43] Processing document...
2026-02-16 01:13:20,749 - INFO - 📄 Scraping document...
2026-02-16 01:13:23,648 - INFO - HTTP Request: GET https://vegzmiigjvetbaqqcukd.supabase.co/rest/v1/lovdata_metadata?select=file_name&file_name=eq.LTI_forskrift_2026-02-13-200.xml&limit=1 "HTTP/1.1 200 OK"
2026-02-16 01:13:23,656 - INFO - ⏭️  Skipping existing: LTI_forskrift_2026-02-13-200.xml
2026-02-16 01:13:23,963 - INFO - 
   [35/43] Processing document...
2026-02-16 01:13:23,963 - INFO - 📄 Scraping document...
2026-02-16 01:13:26,353 - INFO - HTTP Request: GET https://vegzmiigjvetbaqqcukd.supabase.co/rest/v1/lovdata_metadata?select=file_name&file_name=eq.LTI_forskrift_2026-02-12-199.xml&limit=1 "HTTP/1.1 200 OK"
2026-02-16 01:13:26,367 - INFO - ⏭️  Skipping existing: LTI_forskrift_2026-02-12-199.xml
2026-02-16 01:13:26,670 - INFO - 
   [36/43] Processing document...
2026-02-16 01:13:26,671 - INFO - 📄 Scraping document...
2026-02-16 01:13:29,061 - INFO - HTTP Request: GET https://vegzmiigjvetbaqqcukd.supabase.co/rest/v1/lovdata_metadata?select=file_name&file_name=eq.LTI_forskrift_2026-01-21-198.xml&limit=1 "HTTP/1.1 200 OK"
2026-02-16 01:13:29,066 - INFO - ⏭️  Skipping existing: LTI_forskrift_2026-01-21-198.xml
2026-02-16 01:13:29,370 - INFO - 
   [37/43] Processing document...
2026-02-16 01:13:29,371 - INFO - 📄 Scraping document...
2026-02-16 01:13:31,737 - INFO - HTTP Request: GET https://vegzmiigjvetbaqqcukd.supabase.co/rest/v1/lovdata_metadata?select=file_name&file_name=eq.LTI_forskrift_2026-02-13-197.xml&limit=1 "HTTP/1.1 200 OK"
2026-02-16 01:13:31,742 - INFO - ⏭️  Skipping existing: LTI_forskrift_2026-02-13-197.xml
2026-02-16 01:13:32,048 - INFO - 
   [38/43] Processing document...
2026-02-16 01:13:32,048 - INFO - 📄 Scraping document...
2026-02-16 01:13:35,120 - INFO - HTTP Request: GET https://vegzmiigjvetbaqqcukd.supabase.co/rest/v1/lovdata_metadata?select=file_name&file_name=eq.LTI_lov_2026-02-13-6.xml&limit=1 "HTTP/1.1 200 OK"
2026-02-16 01:13:35,123 - INFO - ⏭️  Skipping existing: LTI_lov_2026-02-13-6.xml
2026-02-16 01:13:35,433 - INFO - 
   [39/43] Processing document...
2026-02-16 01:13:35,433 - INFO - 📄 Scraping document...
2026-02-16 01:13:37,907 - INFO - HTTP Request: GET https://vegzmiigjvetbaqqcukd.supabase.co/rest/v1/lovdata_metadata?select=file_name&file_name=eq.LTI_lov_2026-02-13-5.xml&limit=1 "HTTP/1.1 200 OK"
2026-02-16 01:13:37,911 - INFO - ⏭️  Skipping existing: LTI_lov_2026-02-13-5.xml
2026-02-16 01:13:38,212 - INFO - 
   [40/43] Processing document...
2026-02-16 01:13:38,212 - INFO - 📄 Scraping document...
2026-02-16 01:13:40,609 - INFO - HTTP Request: GET https://vegzmiigjvetbaqqcukd.supabase.co/rest/v1/lovdata_metadata?select=file_name&file_name=eq.LTI_forskrift_2026-02-12-196.xml&limit=1 "HTTP/1.1 200 OK"
2026-02-16 01:13:40,613 - INFO - ⏭️  Skipping existing: LTI_forskrift_2026-02-12-196.xml
2026-02-16 01:13:40,919 - INFO - 
   [41/43] Processing document...
2026-02-16 01:13:40,919 - INFO - 📄 Scraping document...
2026-02-16 01:13:44,388 - INFO - HTTP Request: GET https://vegzmiigjvetbaqqcukd.supabase.co/rest/v1/lovdata_metadata?select=file_name&file_name=eq.LTI_forskrift_2026-02-12-195.xml&limit=1 "HTTP/1.1 200 OK"
2026-02-16 01:13:44,395 - INFO - ⏭️  Skipping existing: LTI_forskrift_2026-02-12-195.xml
2026-02-16 01:13:44,708 - INFO - 
   [42/43] Processing document...
2026-02-16 01:13:44,709 - INFO - 📄 Scraping document...
2026-02-16 01:13:47,303 - INFO - HTTP Request: GET https://vegzmiigjvetbaqqcukd.supabase.co/rest/v1/lovdata_metadata?select=file_name&file_name=eq.LTI_forskrift_2026-02-11-194.xml&limit=1 "HTTP/1.1 200 OK"
2026-02-16 01:13:47,309 - INFO - ⏭️  Skipping existing: LTI_forskrift_2026-02-11-194.xml
2026-02-16 01:13:47,622 - INFO - 
   [43/43] Processing document...
2026-02-16 01:13:47,622 - INFO - 📄 Scraping document...
2026-02-16 01:13:50,117 - INFO - HTTP Request: GET https://vegzmiigjvetbaqqcukd.supabase.co/rest/v1/lovdata_metadata?select=file_name&file_name=eq.LTI_forskrift_2026-02-09-193.xml&limit=1 "HTTP/1.1 200 OK"
2026-02-16 01:13:50,121 - INFO - ⏭️  Skipping existing: LTI_forskrift_2026-02-09-193.xml
2026-02-16 01:13:50,435 - INFO - 
✅ Completed area: Labor_Law
2026-02-16 01:13:50,435 - INFO - 
======================================================================
2026-02-16 01:13:50,435 - INFO - [2/38] Work_Environment
2026-02-16 01:13:50,436 - INFO - ======================================================================
2026-02-16 01:13:50,437 - INFO -    Norwegian: arbeidsmiljo
2026-02-16 01:13:50,437 - INFO -    🔗 https://lovdata.no/pro/#rettsomrade/arbeidsmiljo
2026-02-16 01:13:50,437 - INFO - 📂 Navigating to: https://lovdata.no/pro/#rettsomrade/arbeidsmiljo
2026-02-16 01:13:56,482 - INFO -    🌍 Current URL after load: https://lovdata.no/pro/#myPage
2026-02-16 01:13:56,510 - INFO -    📄 Currently loaded: 45
2026-02-16 01:13:58,551 - INFO -    📄 Currently loaded: 45
2026-02-16 01:14:00,583 - INFO -    📄 Currently loaded: 45
2026-02-16 01:14:02,618 - INFO -    📄 Currently loaded: 45
2026-02-16 01:14:02,620 - INFO -    ✅ All documents loaded
2026-02-16 01:14:03,258 - INFO -    🎉 Finished. Found 43 documents.
2026-02-16 01:14:03,258 - INFO - 🚀 Processing 43 documents
2026-02-16 01:14:03,258 - INFO - 
   [1/43] Processing document...
2026-02-16 01:14:03,259 - INFO - 📄 Scraping document...
2026-02-16 01:14:05,960 - INFO - HTTP Request: GET https://vegzmiigjvetbaqqcukd.supabase.co/rest/v1/lovdata_metadata?select=file_name&file_name=eq.NL_lov_2007-06-15-40_C2_A744.xml&limit=1 "HTTP/1.1 200 OK"
2026-02-16 01:14:05,965 - INFO - ⏭️  Skipping existing: NL_lov_2007-06-15-40_C2_A744.xml
2026-02-16 01:14:06,279 - INFO - 
   [2/43] Processing document...
2026-02-16 01:14:06,280 - INFO - 📄 Scraping document...
2026-02-16 01:14:09,162 - INFO - HTTP Request: GET https://vegzmiigjvetbaqqcukd.supabase.co/rest/v1/lovdata_metadata?select=file_name&file_name=eq.NL_lov_2025-03-28-5.xml&limit=1 "HTTP/1.1 200 OK"
2026-02-16 01:14:09,163 - INFO - ⏭️  Skipping existing: NL_lov_2025-03-28-5.xml
2026-02-16 01:14:09,467 - INFO - 
   [3/43] Processing document...
2026-02-16 01:14:09,467 - INFO - 📄 Scraping document...
2026-02-16 01:14:11,880 - INFO - HTTP Request: GET https://vegzmiigjvetbaqqcukd.supabase.co/rest/v1/lovdata_metadata?select=file_name&file_name=eq.NL_lov_2007-06-15-40_C2_A79.xml&limit=1 "HTTP/1.1 200 OK"
2026-02-16 01:14:11,883 - INFO - ⏭️  Skipping existing: NL_lov_2007-06-15-40_C2_A79.xml
2026-02-16 01:14:12,193 - INFO - 
   [4/43] Processing document...
2026-02-16 01:14:12,193 - INFO - 📄 Scraping document...
2026-02-16 01:14:14,678 - INFO - HTTP Request: GET https://vegzmiigjvetbaqqcukd.supabase.co/rest/v1/lovdata_metadata?select=file_name&file_name=eq.HRSTR_avgjorelse_hr-2026-373-a.xml&limit=1 "HTTP/1.1 200 OK"
2026-02-16 01:14:14,681 - INFO - ⏭️  Skipping existing: HRSTR_avgjorelse_hr-2026-373-a.xml
2026-02-16 01:14:14,982 - INFO - 
   [5/43] Processing document...
2026-02-16 01:14:14,982 - INFO - 📄 Scraping document...
2026-02-16 01:14:17,368 - INFO - HTTP Request: GET https://vegzmiigjvetbaqqcukd.supabase.co/rest/v1/lovdata_metadata?select=file_name&file_name=eq.HRSIV_avgjorelse_hr-2026-372-a.xml&limit=1 "HTTP/1.1 200 OK"
2026-02-16 01:14:17,372 - INFO - ⏭️  Skipping existing: HRSIV_avgjorelse_hr-2026-372-a.xml
2026-02-16 01:14:17,683 - INFO - 
   [6/43] Processing document...
2026-02-16 01:14:17,683 - INFO - 📄 Scraping document...
2026-02-16 01:14:20,103 - INFO - HTTP Request: GET https://vegzmiigjvetbaqqcukd.supabase.co/rest/v1/lovdata_metadata?select=file_name&file_name=eq.HRSTR_avgjorelse_hr-2026-359-u.xml&limit=1 "HTTP/1.1 200 OK"
2026-02-16 01:14:20,111 - INFO - ⏭️  Skipping existing: HRSTR_avgjorelse_hr-2026-359-u.xml
2026-02-16 01:14:20,426 - INFO - 
   [7/43] Processing document...
2026-02-16 01:14:20,427 - INFO - 📄 Scraping document...
2026-02-16 01:14:23,008 - INFO - HTTP Request: GET https://vegzmiigjvetbaqqcukd.supabase.co/rest/v1/lovdata_metadata?select=file_name&file_name=eq.HRSIV_avgjorelse_hr-2026-346-u.xml&limit=1 "HTTP/1.1 200 OK"
2026-02-16 01:14:23,012 - INFO - ⏭️  Skipping existing: HRSIV_avgjorelse_hr-2026-346-u.xml
2026-02-16 01:14:23,323 - INFO - 
   [8/43] Processing document...
2026-02-16 01:14:23,323 - INFO - 📄 Scraping document...
2026-02-16 01:14:25,965 - INFO - HTTP Request: GET https://vegzmiigjvetbaqqcukd.supabase.co/rest/v1/lovdata_metadata?select=file_name&file_name=eq.HRSTR_avgjorelse_hr-2026-344-u.xml&limit=1 "HTTP/1.1 200 OK"
2026-02-16 01:14:25,972 - INFO - ⏭️  Skipping existing: HRSTR_avgjorelse_hr-2026-344-u.xml
2026-02-16 01:14:26,272 - INFO - 
   [9/43] Processing document...
2026-02-16 01:14:26,272 - INFO - 📄 Scraping document...
2026-02-16 01:14:28,845 - INFO - HTTP Request: GET https://vegzmiigjvetbaqqcukd.supabase.co/rest/v1/lovdata_metadata?select=file_name&file_name=eq.HRSIV_avgjorelse_hr-2026-339-u.xml&limit=1 "HTTP/1.1 200 OK"
2026-02-16 01:14:28,849 - INFO - ⏭️  Skipping existing: HRSIV_avgjorelse_hr-2026-339-u.xml
2026-02-16 01:14:29,157 - INFO - 
   [10/43] Processing document...
2026-02-16 01:14:29,157 - INFO - 📄 Scraping document...
2026-02-16 01:14:31,433 - INFO - HTTP Request: GET https://vegzmiigjvetbaqqcukd.supabase.co/rest/v1/lovdata_metadata?select=file_name&file_name=eq.HRSIV_avgjorelse_hr-2026-334-u.xml&limit=1 "HTTP/1.1 200 OK"
2026-02-16 01:14:31,434 - INFO - ⏭️  Skipping existing: HRSIV_avgjorelse_hr-2026-334-u.xml
2026-02-16 01:14:31,740 - INFO - 
   [11/43] Processing document...
2026-02-16 01:14:31,740 - INFO - 📄 Scraping document...
2026-02-16 01:14:34,102 - INFO - HTTP Request: GET https://vegzmiigjvetbaqqcukd.supabase.co/rest/v1/lovdata_metadata?select=file_name&file_name=eq.HRSTR_avgjorelse_hr-2026-333-u.xml&limit=1 "HTTP/1.1 200 OK"
2026-02-16 01:14:34,107 - INFO - ⏭️  Skipping existing: HRSTR_avgjorelse_hr-2026-333-u.xml
2026-02-16 01:14:34,419 - INFO - 
   [12/43] Processing document...
2026-02-16 01:14:34,419 - INFO - 📄 Scraping document...
2026-02-16 01:14:36,830 - INFO - HTTP Request: GET https://vegzmiigjvetbaqqcukd.supabase.co/rest/v1/lovdata_metadata?select=file_name&file_name=eq.HRSTR_avgjorelse_hr-2026-312-u.xml&limit=1 "HTTP/1.1 200 OK"
2026-02-16 01:14:36,830 - INFO - ⏭️  Skipping existing: HRSTR_avgjorelse_hr-2026-312-u.xml
2026-02-16 01:14:37,139 - INFO - 
   [13/43] Processing document...
2026-02-16 01:14:37,141 - INFO - 📄 Scraping document...
2026-02-16 01:14:39,447 - INFO - HTTP Request: GET https://vegzmiigjvetbaqqcukd.supabase.co/rest/v1/lovdata_metadata?select=file_name&file_name=eq.HRSIV_avgjorelse_hr-2026-296-u.xml&limit=1 "HTTP/1.1 200 OK"
2026-02-16 01:14:39,449 - INFO - ⏭️  Skipping existing: HRSIV_avgjorelse_hr-2026-296-u.xml
2026-02-16 01:14:39,763 - INFO - 
   [14/43] Processing document...
2026-02-16 01:14:39,764 - INFO - 📄 Scraping document...
2026-02-16 01:14:42,290 - INFO - HTTP Request: GET https://vegzmiigjvetbaqqcukd.supabase.co/rest/v1/lovdata_metadata?select=file_name&file_name=eq.LGSIV_avgjorelse_lg-2025-49402.xml&limit=1 "HTTP/1.1 200 OK"
2026-02-16 01:14:42,298 - INFO - ⏭️  Skipping existing: LGSIV_avgjorelse_lg-2025-49402.xml
2026-02-16 01:14:42,605 - INFO - 
   [15/43] Processing document...
2026-02-16 01:14:42,605 - INFO - 📄 Scraping document...
2026-02-16 01:14:45,123 - INFO - HTTP Request: GET https://vegzmiigjvetbaqqcukd.supabase.co/rest/v1/lovdata_metadata?select=file_name&file_name=eq.LGSIV_avgjorelse_lg-2026-18220.xml&limit=1 "HTTP/1.1 200 OK"
2026-02-16 01:14:45,130 - INFO - ⏭️  Skipping existing: LGSIV_avgjorelse_lg-2026-18220.xml
2026-02-16 01:14:45,437 - INFO - 
   [16/43] Processing document...
2026-02-16 01:14:45,437 - INFO - 📄 Scraping document...
2026-02-16 01:14:47,845 - INFO - HTTP Request: GET https://vegzmiigjvetbaqqcukd.supabase.co/rest/v1/lovdata_metadata?select=file_name&file_name=eq.LBSIV_avgjorelse_lb-2025-181309.xml&limit=1 "HTTP/1.1 200 OK"
2026-02-16 01:14:47,848 - INFO - ⏭️  Skipping existing: LBSIV_avgjorelse_lb-2025-181309.xml
2026-02-16 01:14:48,154 - INFO - 
   [17/43] Processing document...
2026-02-16 01:14:48,154 - INFO - 📄 Scraping document...
2026-02-16 01:14:50,588 - INFO - HTTP Request: GET https://vegzmiigjvetbaqqcukd.supabase.co/rest/v1/lovdata_metadata?select=file_name&file_name=eq.LBSIV_avgjorelse_lb-2025-103123.xml&limit=1 "HTTP/1.1 200 OK"
2026-02-16 01:14:50,593 - INFO - ⏭️  Skipping existing: LBSIV_avgjorelse_lb-2025-103123.xml
2026-02-16 01:14:50,905 - INFO - 
   [18/43] Processing document...
2026-02-16 01:14:50,905 - INFO - 📄 Scraping document...
2026-02-16 01:14:53,709 - INFO - HTTP Request: GET https://vegzmiigjvetbaqqcukd.supabase.co/rest/v1/lovdata_metadata?select=file_name&file_name=eq.LBSTR_avgjorelse_lb-2025-101938.xml&limit=1 "HTTP/1.1 200 OK"
2026-02-16 01:14:53,718 - INFO - ⏭️  Skipping existing: LBSTR_avgjorelse_lb-2025-101938.xml
2026-02-16 01:14:54,019 - INFO - 
   [19/43] Processing document...
2026-02-16 01:14:54,019 - INFO - 📄 Scraping document...
2026-02-16 01:14:56,375 - INFO - HTTP Request: GET https://vegzmiigjvetbaqqcukd.supabase.co/rest/v1/lovdata_metadata?select=file_name&file_name=eq.LHSIV_avgjorelse_lh-2026-8272.xml&limit=1 "HTTP/1.1 200 OK"
2026-02-16 01:14:56,380 - INFO - ⏭️  Skipping existing: LHSIV_avgjorelse_lh-2026-8272.xml
2026-02-16 01:14:56,682 - INFO - 
   [20/43] Processing document...
2026-02-16 01:14:56,683 - INFO - 📄 Scraping document...
2026-02-16 01:14:59,180 - INFO - HTTP Request: GET https://vegzmiigjvetbaqqcukd.supabase.co/rest/v1/lovdata_metadata?select=file_name&file_name=eq.LHSTR_avgjorelse_lh-2025-188441.xml&limit=1 "HTTP/1.1 200 OK"
2026-02-16 01:14:59,212 - INFO - ⏭️  Skipping existing: LHSTR_avgjorelse_lh-2025-188441.xml
2026-02-16 01:14:59,535 - INFO - 
   [21/43] Processing document...
2026-02-16 01:14:59,535 - INFO - 📄 Scraping document...
2026-02-16 01:15:01,843 - INFO - HTTP Request: GET https://vegzmiigjvetbaqqcukd.supabase.co/rest/v1/lovdata_metadata?select=file_name&file_name=eq.LGSIV_avgjorelse_lg-2026-16764.xml&limit=1 "HTTP/1.1 200 OK"
2026-02-16 01:15:01,848 - INFO - ⏭️  Skipping existing: LGSIV_avgjorelse_lg-2026-16764.xml
2026-02-16 01:15:02,153 - INFO - 
   [22/43] Processing document...
2026-02-16 01:15:02,154 - INFO - 📄 Scraping document...
2026-02-16 01:15:04,893 - INFO - HTTP Request: GET https://vegzmiigjvetbaqqcukd.supabase.co/rest/v1/lovdata_metadata?select=file_name&file_name=eq.LGSIV_avgjorelse_lg-2026-5180.xml&limit=1 "HTTP/1.1 200 OK"
2026-02-16 01:15:04,897 - INFO - ⏭️  Skipping existing: LGSIV_avgjorelse_lg-2026-5180.xml
2026-02-16 01:15:05,202 - INFO - 
   [23/43] Processing document...
2026-02-16 01:15:05,202 - INFO - 📄 Scraping document...
2026-02-16 01:15:07,630 - INFO - HTTP Request: GET https://vegzmiigjvetbaqqcukd.supabase.co/rest/v1/lovdata_metadata?select=file_name&file_name=eq.LESIV_avgjorelse_le-2025-196437.xml&limit=1 "HTTP/1.1 200 OK"
2026-02-16 01:15:07,634 - INFO - ⏭️  Skipping existing: LESIV_avgjorelse_le-2025-196437.xml
2026-02-16 01:15:07,948 - INFO - 
   [24/43] Processing document...
2026-02-16 01:15:07,950 - INFO - 📄 Scraping document...
2026-02-16 01:15:10,253 - INFO - HTTP Request: GET https://vegzmiigjvetbaqqcukd.supabase.co/rest/v1/lovdata_metadata?select=file_name&file_name=eq.TRSTR_avgjorelse_tnet-2025-201859.xml&limit=1 "HTTP/1.1 200 OK"
2026-02-16 01:15:10,257 - INFO - ⏭️  Skipping existing: TRSTR_avgjorelse_tnet-2025-201859.xml
2026-02-16 01:15:10,569 - INFO - 
   [25/43] Processing document...
2026-02-16 01:15:10,569 - INFO - 📄 Scraping document...
2026-02-16 01:15:12,895 - INFO - HTTP Request: GET https://vegzmiigjvetbaqqcukd.supabase.co/rest/v1/lovdata_metadata?select=file_name&file_name=eq.TRSTR_avgjorelse_thrd-2025-147974.xml&limit=1 "HTTP/1.1 200 OK"
2026-02-16 01:15:12,899 - INFO - ⏭️  Skipping existing: TRSTR_avgjorelse_thrd-2025-147974.xml
2026-02-16 01:15:13,210 - INFO - 
   [26/43] Processing document...
2026-02-16 01:15:13,212 - INFO - 📄 Scraping document...
2026-02-16 01:15:15,693 - INFO - HTTP Request: GET https://vegzmiigjvetbaqqcukd.supabase.co/rest/v1/lovdata_metadata?select=file_name&file_name=eq.TRSTR_avgjorelse_thrd-2025-179533.xml&limit=1 "HTTP/1.1 200 OK"
2026-02-16 01:15:15,697 - INFO - ⏭️  Skipping existing: TRSTR_avgjorelse_thrd-2025-179533.xml
2026-02-16 01:15:16,013 - INFO - 
   [27/43] Processing document...
2026-02-16 01:15:16,014 - INFO - 📄 Scraping document...
2026-02-16 01:15:18,319 - INFO - HTTP Request: GET https://vegzmiigjvetbaqqcukd.supabase.co/rest/v1/lovdata_metadata?select=file_name&file_name=eq.TRSIV_avgjorelse_tosl-2025-206996.xml&limit=1 "HTTP/1.1 200 OK"
2026-02-16 01:15:18,324 - INFO - ⏭️  Skipping existing: TRSIV_avgjorelse_tosl-2025-206996.xml
2026-02-16 01:15:18,628 - INFO - 
   [28/43] Processing document...
2026-02-16 01:15:18,628 - INFO - 📄 Scraping document...
2026-02-16 01:15:21,072 - INFO - HTTP Request: GET https://vegzmiigjvetbaqqcukd.supabase.co/rest/v1/lovdata_metadata?select=file_name&file_name=eq.TRSTR_avgjorelse_tosl-2025-46750.xml&limit=1 "HTTP/1.1 200 OK"
2026-02-16 01:15:21,076 - INFO - ⏭️  Skipping existing: TRSTR_avgjorelse_tosl-2025-46750.xml
2026-02-16 01:15:21,382 - INFO - 
   [29/43] Processing document...
2026-02-16 01:15:21,382 - INFO - 📄 Scraping document...
2026-02-16 01:15:23,917 - INFO - HTTP Request: GET https://vegzmiigjvetbaqqcukd.supabase.co/rest/v1/lovdata_metadata?select=file_name&file_name=eq.TRSIV_avgjorelse_tosl-2025-180124.xml&limit=1 "HTTP/1.1 200 OK"
2026-02-16 01:15:23,924 - INFO - ⏭️  Skipping existing: TRSIV_avgjorelse_tosl-2025-180124.xml
2026-02-16 01:15:24,233 - INFO - 
   [30/43] Processing document...
2026-02-16 01:15:24,234 - INFO - 📄 Scraping document...
2026-02-16 01:15:26,655 - INFO - HTTP Request: GET https://vegzmiigjvetbaqqcukd.supabase.co/rest/v1/lovdata_metadata?select=file_name&file_name=eq.TRSIV_avgjorelse_tosl-2025-3971.xml&limit=1 "HTTP/1.1 200 OK"
2026-02-16 01:15:26,661 - INFO - ⏭️  Skipping existing: TRSIV_avgjorelse_tosl-2025-3971.xml
2026-02-16 01:15:26,962 - INFO - 
   [31/43] Processing document...
2026-02-16 01:15:26,963 - INFO - 📄 Scraping document...
2026-02-16 01:15:29,311 - INFO - HTTP Request: GET https://vegzmiigjvetbaqqcukd.supabase.co/rest/v1/lovdata_metadata?select=file_name&file_name=eq.TRSIV_avgjorelse_tvov-2025-54083.xml&limit=1 "HTTP/1.1 200 OK"
2026-02-16 01:15:29,317 - INFO - ⏭️  Skipping existing: TRSIV_avgjorelse_tvov-2025-54083.xml
2026-02-16 01:15:29,624 - INFO - 
   [32/43] Processing document...
2026-02-16 01:15:29,624 - INFO - 📄 Scraping document...
2026-02-16 01:15:31,973 - INFO - HTTP Request: GET https://vegzmiigjvetbaqqcukd.supabase.co/rest/v1/lovdata_metadata?select=file_name&file_name=eq.TRSIV_avgjorelse_tosl-2025-195280.xml&limit=1 "HTTP/1.1 200 OK"
2026-02-16 01:15:31,979 - INFO - ⏭️  Skipping existing: TRSIV_avgjorelse_tosl-2025-195280.xml
2026-02-16 01:15:32,285 - INFO - 
   [33/43] Processing document...
2026-02-16 01:15:32,285 - INFO - 📄 Scraping document...
2026-02-16 01:15:34,893 - INFO - HTTP Request: GET https://vegzmiigjvetbaqqcukd.supabase.co/rest/v1/lovdata_metadata?select=file_name&file_name=eq.TRSTR_avgjorelse_tgud-2025-196990.xml&limit=1 "HTTP/1.1 200 OK"
2026-02-16 01:15:34,899 - INFO - ⏭️  Skipping existing: TRSTR_avgjorelse_tgud-2025-196990.xml
2026-02-16 01:15:35,210 - INFO - 
   [34/43] Processing document...
2026-02-16 01:15:35,212 - INFO - 📄 Scraping document...
2026-02-16 01:15:37,636 - INFO - HTTP Request: GET https://vegzmiigjvetbaqqcukd.supabase.co/rest/v1/lovdata_metadata?select=file_name&file_name=eq.LTI_forskrift_2026-02-13-200.xml&limit=1 "HTTP/1.1 200 OK"
2026-02-16 01:15:37,640 - INFO - ⏭️  Skipping existing: LTI_forskrift_2026-02-13-200.xml
2026-02-16 01:15:37,944 - INFO - 
   [35/43] Processing document...
2026-02-16 01:15:37,945 - INFO - 📄 Scraping document...
2026-02-16 01:15:40,350 - INFO - HTTP Request: GET https://vegzmiigjvetbaqqcukd.supabase.co/rest/v1/lovdata_metadata?select=file_name&file_name=eq.LTI_forskrift_2026-02-12-199.xml&limit=1 "HTTP/1.1 200 OK"
2026-02-16 01:15:40,359 - INFO - ⏭️  Skipping existing: LTI_forskrift_2026-02-12-199.xml
2026-02-16 01:15:40,669 - INFO - 
   [36/43] Processing document...
2026-02-16 01:15:40,669 - INFO - 📄 Scraping document...
2026-02-16 01:15:43,298 - INFO - HTTP Request: GET https://vegzmiigjvetbaqqcukd.supabase.co/rest/v1/lovdata_metadata?select=file_name&file_name=eq.LTI_forskrift_2026-01-21-198.xml&limit=1 "HTTP/1.1 200 OK"
2026-02-16 01:15:43,303 - INFO - ⏭️  Skipping existing: LTI_forskrift_2026-01-21-198.xml
2026-02-16 01:15:43,605 - INFO - 
   [37/43] Processing document...
2026-02-16 01:15:43,606 - INFO - 📄 Scraping document...
2026-02-16 01:15:45,948 - INFO - HTTP Request: GET https://vegzmiigjvetbaqqcukd.supabase.co/rest/v1/lovdata_metadata?select=file_name&file_name=eq.LTI_forskrift_2026-02-13-197.xml&limit=1 "HTTP/1.1 200 OK"
2026-02-16 01:15:45,955 - INFO - ⏭️  Skipping existing: LTI_forskrift_2026-02-13-197.xml
2026-02-16 01:15:46,269 - INFO - 
   [38/43] Processing document...
2026-02-16 01:15:46,269 - INFO - 📄 Scraping document...
2026-02-16 01:15:48,719 - INFO - HTTP Request: GET https://vegzmiigjvetbaqqcukd.supabase.co/rest/v1/lovdata_metadata?select=file_name&file_name=eq.LTI_lov_2026-02-13-6.xml&limit=1 "HTTP/1.1 200 OK"
2026-02-16 01:15:48,724 - INFO - ⏭️  Skipping existing: LTI_lov_2026-02-13-6.xml
2026-02-16 01:15:49,032 - INFO - 
   [39/43] Processing document...
2026-02-16 01:15:49,033 - INFO - 📄 Scraping document...
2026-02-16 01:15:51,335 - INFO - HTTP Request: GET https://vegzmiigjvetbaqqcukd.supabase.co/rest/v1/lovdata_metadata?select=file_name&file_name=eq.LTI_lov_2026-02-13-5.xml&limit=1 "HTTP/1.1 200 OK"
2026-02-16 01:15:51,342 - INFO - ⏭️  Skipping existing: LTI_lov_2026-02-13-5.xml
2026-02-16 01:15:51,654 - INFO - 
   [40/43] Processing document...
2026-02-16 01:15:51,654 - INFO - 📄 Scraping document...
2026-02-16 01:15:54,012 - INFO - HTTP Request: GET https://vegzmiigjvetbaqqcukd.supabase.co/rest/v1/lovdata_metadata?select=file_name&file_name=eq.LTI_forskrift_2026-02-12-196.xml&limit=1 "HTTP/1.1 200 OK"
2026-02-16 01:15:54,018 - INFO - ⏭️  Skipping existing: LTI_forskrift_2026-02-12-196.xml
2026-02-16 01:15:54,333 - INFO - 
   [41/43] Processing document...
2026-02-16 01:15:54,333 - INFO - 📄 Scraping document...
2026-02-16 01:15:56,752 - INFO - HTTP Request: GET https://vegzmiigjvetbaqqcukd.supabase.co/rest/v1/lovdata_metadata?select=file_name&file_name=eq.LTI_forskrift_2026-02-12-195.xml&limit=1 "HTTP/1.1 200 OK"
2026-02-16 01:15:56,756 - INFO - ⏭️  Skipping existing: LTI_forskrift_2026-02-12-195.xml
2026-02-16 01:15:57,062 - INFO - 
   [42/43] Processing document...
2026-02-16 01:15:57,063 - INFO - 📄 Scraping document...
2026-02-16 01:15:59,473 - INFO - HTTP Request: GET https://vegzmiigjvetbaqqcukd.supabase.co/rest/v1/lovdata_metadata?select=file_name&file_name=eq.LTI_forskrift_2026-02-11-194.xml&limit=1 "HTTP/1.1 200 OK"
2026-02-16 01:15:59,476 - INFO - ⏭️  Skipping existing: LTI_forskrift_2026-02-11-194.xml
2026-02-16 01:15:59,784 - INFO - 
   [43/43] Processing document...
2026-02-16 01:15:59,785 - INFO - 📄 Scraping document...
2026-02-16 01:16:02,309 - INFO - HTTP Request: GET https://vegzmiigjvetbaqqcukd.supabase.co/rest/v1/lovdata_metadata?select=file_name&file_name=eq.LTI_forskrift_2026-02-09-193.xml&limit=1 "HTTP/1.1 200 OK"
2026-02-16 01:16:02,313 - INFO - ⏭️  Skipping existing: LTI_forskrift_2026-02-09-193.xml
2026-02-16 01:16:02,620 - INFO - 
✅ Completed area: Work_Environment
2026-02-16 01:16:02,621 - INFO - 
======================================================================
2026-02-16 01:16:02,622 - INFO - [3/38] Social_Security_Law
2026-02-16 01:16:02,622 - INFO - ======================================================================
2026-02-16 01:16:02,623 - INFO -    Norwegian: trygderett
2026-02-16 01:16:02,623 - INFO -    🔗 https://lovdata.no/pro/#rettsomrade/trygderett
2026-02-16 01:16:02,623 - INFO - 📂 Navigating to: https://lovdata.no/pro/#rettsomrade/trygderett
2026-02-16 01:16:08,664 - INFO -    🌍 Current URL after load: https://lovdata.no/pro/#myPage
2026-02-16 01:16:08,685 - INFO -    📄 Currently loaded: 45
2026-02-16 01:16:10,724 - INFO -    📄 Currently loaded: 45
2026-02-16 01:16:12,753 - INFO -    📄 Currently loaded: 45
2026-02-16 01:16:14,783 - INFO -    📄 Currently loaded: 45
2026-02-16 01:16:14,785 - INFO -    ✅ All documents loaded
2026-02-16 01:16:15,582 - INFO -    🎉 Finished. Found 43 documents.
2026-02-16 01:16:15,582 - INFO - 🚀 Processing 43 documents
2026-02-16 01:16:15,583 - INFO - 
   [1/43] Processing document...
2026-02-16 01:16:15,583 - INFO - 📄 Scraping document...
2026-02-16 01:16:18,314 - INFO - HTTP Request: GET https://vegzmiigjvetbaqqcukd.supabase.co/rest/v1/lovdata_metadata?select=file_name&file_name=eq.NL_lov_2007-06-15-40_C2_A744.xml&limit=1 "HTTP/1.1 200 OK"
2026-02-16 01:16:18,320 - INFO - ⏭️  Skipping existing: NL_lov_2007-06-15-40_C2_A744.xml
2026-02-16 01:16:18,623 - INFO - 
   [2/43] Processing document...
2026-02-16 01:16:18,624 - INFO - 📄 Scraping document...
2026-02-16 01:16:21,588 - INFO - HTTP Request: GET https://vegzmiigjvetbaqqcukd.supabase.co/rest/v1/lovdata_metadata?select=file_name&file_name=eq.NL_lov_2025-03-28-5.xml&limit=1 "HTTP/1.1 200 OK"
2026-02-16 01:16:21,592 - INFO - ⏭️  Skipping existing: NL_lov_2025-03-28-5.xml
2026-02-16 01:16:21,898 - INFO - 
   [3/43] Processing document...
2026-02-16 01:16:21,898 - INFO - 📄 Scraping document...
2026-02-16 01:16:24,330 - INFO - HTTP Request: GET https://vegzmiigjvetbaqqcukd.supabase.co/rest/v1/lovdata_metadata?select=file_name&file_name=eq.NL_lov_2007-06-15-40_C2_A79.xml&limit=1 "HTTP/1.1 200 OK"
2026-02-16 01:16:24,335 - INFO - ⏭️  Skipping existing: NL_lov_2007-06-15-40_C2_A79.xml
2026-02-16 01:16:24,646 - INFO - 
   [4/43] Processing document...
2026-02-16 01:16:24,646 - INFO - 📄 Scraping document...
2026-02-16 01:16:27,074 - INFO - HTTP Request: GET https://vegzmiigjvetbaqqcukd.supabase.co/rest/v1/lovdata_metadata?select=file_name&file_name=eq.HRSTR_avgjorelse_hr-2026-373-a.xml&limit=1 "HTTP/1.1 200 OK"
2026-02-16 01:16:27,076 - INFO - ⏭️  Skipping existing: HRSTR_avgjorelse_hr-2026-373-a.xml
2026-02-16 01:16:27,377 - INFO - 
   [5/43] Processing document...
2026-02-16 01:16:27,377 - INFO - 📄 Scraping document...
2026-02-16 01:16:29,784 - INFO - HTTP Request: GET https://vegzmiigjvetbaqqcukd.supabase.co/rest/v1/lovdata_metadata?select=file_name&file_name=eq.HRSIV_avgjorelse_hr-2026-372-a.xml&limit=1 "HTTP/1.1 200 OK"
2026-02-16 01:16:29,787 - INFO - ⏭️  Skipping existing: HRSIV_avgjorelse_hr-2026-372-a.xml
2026-02-16 01:16:30,093 - INFO - 
   [6/43] Processing document...
2026-02-16 01:16:30,093 - INFO - 📄 Scraping document...
2026-02-16 01:16:32,462 - INFO - HTTP Request: GET https://vegzmiigjvetbaqqcukd.supabase.co/rest/v1/lovdata_metadata?select=file_name&file_name=eq.HRSTR_avgjorelse_hr-2026-359-u.xml&limit=1 "HTTP/1.1 200 OK"
2026-02-16 01:16:32,462 - INFO - ⏭️  Skipping existing: HRSTR_avgjorelse_hr-2026-359-u.xml
2026-02-16 01:16:32,772 - INFO - 
   [7/43] Processing document...
2026-02-16 01:16:32,772 - INFO - 📄 Scraping document...
2026-02-16 01:16:35,312 - INFO - HTTP Request: GET https://vegzmiigjvetbaqqcukd.supabase.co/rest/v1/lovdata_metadata?select=file_name&file_name=eq.HRSIV_avgjorelse_hr-2026-346-u.xml&limit=1 "HTTP/1.1 200 OK"
2026-02-16 01:16:35,315 - INFO - ⏭️  Skipping existing: HRSIV_avgjorelse_hr-2026-346-u.xml
2026-02-16 01:16:35,618 - INFO - 
   [8/43] Processing document...
2026-02-16 01:16:35,618 - INFO - 📄 Scraping document...
2026-02-16 01:16:38,004 - INFO - HTTP Request: GET https://vegzmiigjvetbaqqcukd.supabase.co/rest/v1/lovdata_metadata?select=file_name&file_name=eq.HRSTR_avgjorelse_hr-2026-344-u.xml&limit=1 "HTTP/1.1 200 OK"
2026-02-16 01:16:38,007 - INFO - ⏭️  Skipping existing: HRSTR_avgjorelse_hr-2026-344-u.xml
2026-02-16 01:16:38,320 - INFO - 
   [9/43] Processing document...
2026-02-16 01:16:38,321 - INFO - 📄 Scraping document...
2026-02-16 01:16:41,152 - INFO - HTTP Request: GET https://vegzmiigjvetbaqqcukd.supabase.co/rest/v1/lovdata_metadata?select=file_name&file_name=eq.HRSIV_avgjorelse_hr-2026-339-u.xml&limit=1 "HTTP/1.1 200 OK"
2026-02-16 01:16:41,152 - INFO - ⏭️  Skipping existing: HRSIV_avgjorelse_hr-2026-339-u.xml
2026-02-16 01:16:41,459 - INFO - 
   [10/43] Processing document...
2026-02-16 01:16:41,460 - INFO - 📄 Scraping document...
2026-02-16 01:16:43,881 - INFO - HTTP Request: GET https://vegzmiigjvetbaqqcukd.supabase.co/rest/v1/lovdata_metadata?select=file_name&file_name=eq.HRSIV_avgjorelse_hr-2026-334-u.xml&limit=1 "HTTP/1.1 200 OK"
2026-02-16 01:16:43,883 - INFO - ⏭️  Skipping existing: HRSIV_avgjorelse_hr-2026-334-u.xml
2026-02-16 01:16:44,194 - INFO - 
   [11/43] Processing document...
2026-02-16 01:16:44,194 - INFO - 📄 Scraping document...
2026-02-16 01:16:46,565 - INFO - HTTP Request: GET https://vegzmiigjvetbaqqcukd.supabase.co/rest/v1/lovdata_metadata?select=file_name&file_name=eq.HRSTR_avgjorelse_hr-2026-333-u.xml&limit=1 "HTTP/1.1 200 OK"
2026-02-16 01:16:46,565 - INFO - ⏭️  Skipping existing: HRSTR_avgjorelse_hr-2026-333-u.xml
2026-02-16 01:16:46,879 - INFO - 
   [12/43] Processing document...
2026-02-16 01:16:46,879 - INFO - 📄 Scraping document...
2026-02-16 01:16:49,336 - INFO - HTTP Request: GET https://vegzmiigjvetbaqqcukd.supabase.co/rest/v1/lovdata_metadata?select=file_name&file_name=eq.HRSTR_avgjorelse_hr-2026-312-u.xml&limit=1 "HTTP/1.1 200 OK"
2026-02-16 01:16:49,336 - INFO - ⏭️  Skipping existing: HRSTR_avgjorelse_hr-2026-312-u.xml
2026-02-16 01:16:49,643 - INFO - 
   [13/43] Processing document...
2026-02-16 01:16:49,643 - INFO - 📄 Scraping document...
2026-02-16 01:16:52,005 - INFO - HTTP Request: GET https://vegzmiigjvetbaqqcukd.supabase.co/rest/v1/lovdata_metadata?select=file_name&file_name=eq.HRSIV_avgjorelse_hr-2026-296-u.xml&limit=1 "HTTP/1.1 200 OK"
2026-02-16 01:16:52,005 - INFO - ⏭️  Skipping existing: HRSIV_avgjorelse_hr-2026-296-u.xml
2026-02-16 01:16:52,316 - INFO - 
   [14/43] Processing document...
2026-02-16 01:16:52,316 - INFO - 📄 Scraping document...
2026-02-16 01:16:54,650 - INFO - HTTP Request: GET https://vegzmiigjvetbaqqcukd.supabase.co/rest/v1/lovdata_metadata?select=file_name&file_name=eq.LGSIV_avgjorelse_lg-2025-49402.xml&limit=1 "HTTP/1.1 200 OK"
2026-02-16 01:16:54,663 - INFO - ⏭️  Skipping existing: LGSIV_avgjorelse_lg-2025-49402.xml
2026-02-16 01:16:54,972 - INFO - 
   [15/43] Processing document...
2026-02-16 01:16:54,972 - INFO - 📄 Scraping document...
2026-02-16 01:16:57,361 - INFO - HTTP Request: GET https://vegzmiigjvetbaqqcukd.supabase.co/rest/v1/lovdata_metadata?select=file_name&file_name=eq.LGSIV_avgjorelse_lg-2026-18220.xml&limit=1 "HTTP/1.1 200 OK"
2026-02-16 01:16:57,366 - INFO - ⏭️  Skipping existing: LGSIV_avgjorelse_lg-2026-18220.xml
2026-02-16 01:16:57,675 - INFO - 
   [16/43] Processing document...
2026-02-16 01:16:57,676 - INFO - 📄 Scraping document...
2026-02-16 01:17:00,149 - INFO - HTTP Request: GET https://vegzmiigjvetbaqqcukd.supabase.co/rest/v1/lovdata_metadata?select=file_name&file_name=eq.LBSIV_avgjorelse_lb-2025-181309.xml&limit=1 "HTTP/1.1 200 OK"
2026-02-16 01:17:00,150 - INFO - ⏭️  Skipping existing: LBSIV_avgjorelse_lb-2025-181309.xml
2026-02-16 01:17:00,454 - INFO - 
   [17/43] Processing document...
2026-02-16 01:17:00,454 - INFO - 📄 Scraping document...
2026-02-16 01:17:02,839 - INFO - HTTP Request: GET https://vegzmiigjvetbaqqcukd.supabase.co/rest/v1/lovdata_metadata?select=file_name&file_name=eq.LBSIV_avgjorelse_lb-2025-103123.xml&limit=1 "HTTP/1.1 200 OK"
2026-02-16 01:17:02,844 - INFO - ⏭️  Skipping existing: LBSIV_avgjorelse_lb-2025-103123.xml
2026-02-16 01:17:03,152 - INFO - 
   [18/43] Processing document...
2026-02-16 01:17:03,152 - INFO - 📄 Scraping document...
2026-02-16 01:17:05,588 - INFO - HTTP Request: GET https://vegzmiigjvetbaqqcukd.supabase.co/rest/v1/lovdata_metadata?select=file_name&file_name=eq.LBSTR_avgjorelse_lb-2025-101938.xml&limit=1 "HTTP/1.1 200 OK"
2026-02-16 01:17:05,594 - INFO - ⏭️  Skipping existing: LBSTR_avgjorelse_lb-2025-101938.xml
2026-02-16 01:17:05,895 - INFO - 
   [19/43] Processing document...
2026-02-16 01:17:05,896 - INFO - 📄 Scraping document...
2026-02-16 01:17:08,313 - INFO - HTTP Request: GET https://vegzmiigjvetbaqqcukd.supabase.co/rest/v1/lovdata_metadata?select=file_name&file_name=eq.LHSIV_avgjorelse_lh-2026-8272.xml&limit=1 "HTTP/1.1 200 OK"
2026-02-16 01:17:08,318 - INFO - ⏭️  Skipping existing: LHSIV_avgjorelse_lh-2026-8272.xml
2026-02-16 01:17:08,623 - INFO - 
   [20/43] Processing document...
2026-02-16 01:17:08,624 - INFO - 📄 Scraping document...
2026-02-16 01:17:11,004 - INFO - HTTP Request: GET https://vegzmiigjvetbaqqcukd.supabase.co/rest/v1/lovdata_metadata?select=file_name&file_name=eq.LHSTR_avgjorelse_lh-2025-188441.xml&limit=1 "HTTP/1.1 200 OK"
2026-02-16 01:17:11,010 - INFO - ⏭️  Skipping existing: LHSTR_avgjorelse_lh-2025-188441.xml
2026-02-16 01:17:11,322 - INFO - 
   [21/43] Processing document...
2026-02-16 01:17:11,323 - INFO - 📄 Scraping document...
2026-02-16 01:17:13,820 - INFO - HTTP Request: GET https://vegzmiigjvetbaqqcukd.supabase.co/rest/v1/lovdata_metadata?select=file_name&file_name=eq.LGSIV_avgjorelse_lg-2026-16764.xml&limit=1 "HTTP/1.1 200 OK"
2026-02-16 01:17:13,824 - INFO - ⏭️  Skipping existing: LGSIV_avgjorelse_lg-2026-16764.xml
2026-02-16 01:17:14,129 - INFO - 
   [22/43] Processing document...
2026-02-16 01:17:14,129 - INFO - 📄 Scraping document...
2026-02-16 01:17:16,555 - INFO - HTTP Request: GET https://vegzmiigjvetbaqqcukd.supabase.co/rest/v1/lovdata_metadata?select=file_name&file_name=eq.LGSIV_avgjorelse_lg-2026-5180.xml&limit=1 "HTTP/1.1 200 OK"
2026-02-16 01:17:16,560 - INFO - ⏭️  Skipping existing: LGSIV_avgjorelse_lg-2026-5180.xml
2026-02-16 01:17:16,873 - INFO - 
   [23/43] Processing document...
2026-02-16 01:17:16,874 - INFO - 📄 Scraping document...
2026-02-16 01:17:19,869 - INFO - HTTP Request: GET https://vegzmiigjvetbaqqcukd.supabase.co/rest/v1/lovdata_metadata?select=file_name&file_name=eq.LESIV_avgjorelse_le-2025-196437.xml&limit=1 "HTTP/1.1 200 OK"
2026-02-16 01:17:19,873 - INFO - ⏭️  Skipping existing: LESIV_avgjorelse_le-2025-196437.xml
2026-02-16 01:17:20,180 - INFO - 
   [24/43] Processing document...
2026-02-16 01:17:20,180 - INFO - 📄 Scraping document...
2026-02-16 01:17:22,564 - INFO - HTTP Request: GET https://vegzmiigjvetbaqqcukd.supabase.co/rest/v1/lovdata_metadata?select=file_name&file_name=eq.TRSTR_avgjorelse_tnet-2025-201859.xml&limit=1 "HTTP/1.1 200 OK"
2026-02-16 01:17:22,568 - INFO - ⏭️  Skipping existing: TRSTR_avgjorelse_tnet-2025-201859.xml
2026-02-16 01:17:22,881 - INFO - 
   [25/43] Processing document...
2026-02-16 01:17:22,882 - INFO - 📄 Scraping document...
2026-02-16 01:17:25,289 - INFO - HTTP Request: GET https://vegzmiigjvetbaqqcukd.supabase.co/rest/v1/lovdata_metadata?select=file_name&file_name=eq.TRSTR_avgjorelse_thrd-2025-147974.xml&limit=1 "HTTP/1.1 200 OK"
2026-02-16 01:17:25,293 - INFO - ⏭️  Skipping existing: TRSTR_avgjorelse_thrd-2025-147974.xml
2026-02-16 01:17:25,597 - INFO - 
   [26/43] Processing document...
2026-02-16 01:17:25,598 - INFO - 📄 Scraping document...
2026-02-16 01:17:27,947 - INFO - HTTP Request: GET https://vegzmiigjvetbaqqcukd.supabase.co/rest/v1/lovdata_metadata?select=file_name&file_name=eq.TRSTR_avgjorelse_thrd-2025-179533.xml&limit=1 "HTTP/1.1 200 OK"
2026-02-16 01:17:27,955 - INFO - ⏭️  Skipping existing: TRSTR_avgjorelse_thrd-2025-179533.xml
2026-02-16 01:17:28,258 - INFO - 
   [27/43] Processing document...
2026-02-16 01:17:28,259 - INFO - 📄 Scraping document...
2026-02-16 01:17:30,654 - INFO - HTTP Request: GET https://vegzmiigjvetbaqqcukd.supabase.co/rest/v1/lovdata_metadata?select=file_name&file_name=eq.TRSIV_avgjorelse_tosl-2025-206996.xml&limit=1 "HTTP/1.1 200 OK"
2026-02-16 01:17:30,659 - INFO - ⏭️  Skipping existing: TRSIV_avgjorelse_tosl-2025-206996.xml
2026-02-16 01:17:30,962 - INFO - 
   [28/43] Processing document...
2026-02-16 01:17:30,962 - INFO - 📄 Scraping document...
2026-02-16 01:17:33,581 - INFO - HTTP Request: GET https://vegzmiigjvetbaqqcukd.supabase.co/rest/v1/lovdata_metadata?select=file_name&file_name=eq.TRSTR_avgjorelse_tosl-2025-46750.xml&limit=1 "HTTP/1.1 200 OK"
2026-02-16 01:17:33,589 - INFO - ⏭️  Skipping existing: TRSTR_avgjorelse_tosl-2025-46750.xml
2026-02-16 01:17:33,891 - INFO - 
   [29/43] Processing document...
2026-02-16 01:17:33,893 - INFO - 📄 Scraping document...
2026-02-16 01:17:36,340 - INFO - HTTP Request: GET https://vegzmiigjvetbaqqcukd.supabase.co/rest/v1/lovdata_metadata?select=file_name&file_name=eq.TRSIV_avgjorelse_tosl-2025-180124.xml&limit=1 "HTTP/1.1 200 OK"
2026-02-16 01:17:36,344 - INFO - ⏭️  Skipping existing: TRSIV_avgjorelse_tosl-2025-180124.xml
2026-02-16 01:17:36,649 - INFO - 
   [30/43] Processing document...
2026-02-16 01:17:36,649 - INFO - 📄 Scraping document...
2026-02-16 01:17:39,049 - INFO - HTTP Request: GET https://vegzmiigjvetbaqqcukd.supabase.co/rest/v1/lovdata_metadata?select=file_name&file_name=eq.TRSIV_avgjorelse_tosl-2025-3971.xml&limit=1 "HTTP/1.1 200 OK"
2026-02-16 01:17:39,059 - INFO - ⏭️  Skipping existing: TRSIV_avgjorelse_tosl-2025-3971.xml
2026-02-16 01:17:39,375 - INFO - 
   [31/43] Processing document...
2026-02-16 01:17:39,375 - INFO - 📄 Scraping document...
2026-02-16 01:17:41,814 - INFO - HTTP Request: GET https://vegzmiigjvetbaqqcukd.supabase.co/rest/v1/lovdata_metadata?select=file_name&file_name=eq.TRSIV_avgjorelse_tvov-2025-54083.xml&limit=1 "HTTP/1.1 200 OK"
2026-02-16 01:17:41,818 - INFO - ⏭️  Skipping existing: TRSIV_avgjorelse_tvov-2025-54083.xml
2026-02-16 01:17:42,130 - INFO - 
   [32/43] Processing document...
2026-02-16 01:17:42,131 - INFO - 📄 Scraping document...
2026-02-16 01:17:44,573 - INFO - HTTP Request: GET https://vegzmiigjvetbaqqcukd.supabase.co/rest/v1/lovdata_metadata?select=file_name&file_name=eq.TRSIV_avgjorelse_tosl-2025-195280.xml&limit=1 "HTTP/1.1 200 OK"
2026-02-16 01:17:44,587 - INFO - ⏭️  Skipping existing: TRSIV_avgjorelse_tosl-2025-195280.xml
2026-02-16 01:17:44,895 - INFO - 
   [33/43] Processing document...
2026-02-16 01:17:44,895 - INFO - 📄 Scraping document...
2026-02-16 01:17:47,284 - INFO - HTTP Request: GET https://vegzmiigjvetbaqqcukd.supabase.co/rest/v1/lovdata_metadata?select=file_name&file_name=eq.TRSTR_avgjorelse_tgud-2025-196990.xml&limit=1 "HTTP/1.1 200 OK"
2026-02-16 01:17:47,288 - INFO - ⏭️  Skipping existing: TRSTR_avgjorelse_tgud-2025-196990.xml
2026-02-16 01:17:47,590 - INFO - 
   [34/43] Processing document...
2026-02-16 01:17:47,590 - INFO - 📄 Scraping document...
2026-02-16 01:17:50,066 - INFO - HTTP Request: GET https://vegzmiigjvetbaqqcukd.supabase.co/rest/v1/lovdata_metadata?select=file_name&file_name=eq.LTI_forskrift_2026-02-13-200.xml&limit=1 "HTTP/1.1 200 OK"
2026-02-16 01:17:50,073 - INFO - ⏭️  Skipping existing: LTI_forskrift_2026-02-13-200.xml
2026-02-16 01:17:50,385 - INFO - 
   [35/43] Processing document...
2026-02-16 01:17:50,386 - INFO - 📄 Scraping document...
2026-02-16 01:17:52,795 - INFO - HTTP Request: GET https://vegzmiigjvetbaqqcukd.supabase.co/rest/v1/lovdata_metadata?select=file_name&file_name=eq.LTI_forskrift_2026-02-12-199.xml&limit=1 "HTTP/1.1 200 OK"
2026-02-16 01:17:52,799 - INFO - ⏭️  Skipping existing: LTI_forskrift_2026-02-12-199.xml
2026-02-16 01:17:53,115 - INFO - 
   [36/43] Processing document...
2026-02-16 01:17:53,115 - INFO - 📄 Scraping document...
2026-02-16 01:17:55,491 - INFO - HTTP Request: GET https://vegzmiigjvetbaqqcukd.supabase.co/rest/v1/lovdata_metadata?select=file_name&file_name=eq.LTI_forskrift_2026-01-21-198.xml&limit=1 "HTTP/1.1 200 OK"
2026-02-16 01:17:55,495 - INFO - ⏭️  Skipping existing: LTI_forskrift_2026-01-21-198.xml
2026-02-16 01:17:55,811 - INFO - 
   [37/43] Processing document...
2026-02-16 01:17:55,811 - INFO - 📄 Scraping document...
2026-02-16 01:17:58,159 - INFO - HTTP Request: GET https://vegzmiigjvetbaqqcukd.supabase.co/rest/v1/lovdata_metadata?select=file_name&file_name=eq.LTI_forskrift_2026-02-13-197.xml&limit=1 "HTTP/1.1 200 OK"
2026-02-16 01:17:58,169 - INFO - ⏭️  Skipping existing: LTI_forskrift_2026-02-13-197.xml
2026-02-16 01:17:58,473 - INFO - 
   [38/43] Processing document...
2026-02-16 01:17:58,473 - INFO - 📄 Scraping document...
2026-02-16 01:18:00,858 - INFO - HTTP Request: GET https://vegzmiigjvetbaqqcukd.supabase.co/rest/v1/lovdata_metadata?select=file_name&file_name=eq.LTI_lov_2026-02-13-6.xml&limit=1 "HTTP/1.1 200 OK"
2026-02-16 01:18:00,861 - INFO - ⏭️  Skipping existing: LTI_lov_2026-02-13-6.xml
2026-02-16 01:18:01,166 - INFO - 
   [39/43] Processing document...
2026-02-16 01:18:01,166 - INFO - 📄 Scraping document...
2026-02-16 01:18:03,550 - INFO - HTTP Request: GET https://vegzmiigjvetbaqqcukd.supabase.co/rest/v1/lovdata_metadata?select=file_name&file_name=eq.LTI_lov_2026-02-13-5.xml&limit=1 "HTTP/1.1 200 OK"
2026-02-16 01:18:03,555 - INFO - ⏭️  Skipping existing: LTI_lov_2026-02-13-5.xml
2026-02-16 01:18:03,859 - INFO - 
   [40/43] Processing document...
2026-02-16 01:18:03,859 - INFO - 📄 Scraping document...
2026-02-16 01:18:06,155 - INFO - HTTP Request: GET https://vegzmiigjvetbaqqcukd.supabase.co/rest/v1/lovdata_metadata?select=file_name&file_name=eq.LTI_forskrift_2026-02-12-196.xml&limit=1 "HTTP/1.1 200 OK"
2026-02-16 01:18:06,159 - INFO - ⏭️  Skipping existing: LTI_forskrift_2026-02-12-196.xml
2026-02-16 01:18:06,474 - INFO - 
   [41/43] Processing document...
2026-02-16 01:18:06,475 - INFO - 📄 Scraping document...
2026-02-16 01:18:08,802 - INFO - HTTP Request: GET https://vegzmiigjvetbaqqcukd.supabase.co/rest/v1/lovdata_metadata?select=file_name&file_name=eq.LTI_forskrift_2026-02-12-195.xml&limit=1 "HTTP/1.1 200 OK"
2026-02-16 01:18:08,804 - INFO - ⏭️  Skipping existing: LTI_forskrift_2026-02-12-195.xml
2026-02-16 01:18:09,113 - INFO - 
   [42/43] Processing document...
2026-02-16 01:18:09,113 - INFO - 📄 Scraping document...
2026-02-16 01:18:11,566 - INFO - HTTP Request: GET https://vegzmiigjvetbaqqcukd.supabase.co/rest/v1/lovdata_metadata?select=file_name&file_name=eq.LTI_forskrift_2026-02-11-194.xml&limit=1 "HTTP/1.1 200 OK"
2026-02-16 01:18:11,566 - INFO - ⏭️  Skipping existing: LTI_forskrift_2026-02-11-194.xml
2026-02-16 01:18:11,880 - INFO - 
   [43/43] Processing document...
2026-02-16 01:18:11,880 - INFO - 📄 Scraping document...
2026-02-16 01:18:14,213 - INFO - HTTP Request: GET https://vegzmiigjvetbaqqcukd.supabase.co/rest/v1/lovdata_metadata?select=file_name&file_name=eq.LTI_forskrift_2026-02-09-193.xml&limit=1 "HTTP/1.1 200 OK"
2026-02-16 01:18:14,216 - INFO - ⏭️  Skipping existing: LTI_forskrift_2026-02-09-193.xml
2026-02-16 01:18:14,527 - INFO - 
✅ Completed area: Social_Security_Law
2026-02-16 01:18:14,527 - INFO - 
======================================================================
2026-02-16 01:18:14,527 - INFO - [4/38] Tort_Law
2026-02-16 01:18:14,530 - INFO - ======================================================================
2026-02-16 01:18:14,530 - INFO -    Norwegian: erstatningsrett
2026-02-16 01:18:14,530 - INFO -    🔗 https://lovdata.no/pro/#rettsomrade/erstatningsrett
2026-02-16 01:18:14,533 - INFO - 📂 Navigating to: https://lovdata.no/pro/#rettsomrade/erstatningsrett
2026-02-16 01:18:20,561 - INFO -    🌍 Current URL after load: https://lovdata.no/pro/#myPage
2026-02-16 01:18:20,581 - INFO -    📄 Currently loaded: 45
2026-02-16 01:18:22,617 - INFO -    📄 Currently loaded: 45
2026-02-16 01:18:24,652 - INFO -    📄 Currently loaded: 45
2026-02-16 01:18:26,673 - INFO -    📄 Currently loaded: 45
2026-02-16 01:18:26,675 - INFO -    ✅ All documents loaded
2026-02-16 01:18:27,493 - INFO -    🎉 Finished. Found 43 documents.
2026-02-16 01:18:27,493 - INFO - 🚀 Processing 43 documents
2026-02-16 01:18:27,493 - INFO - 
   [1/43] Processing document...
2026-02-16 01:18:27,493 - INFO - 📄 Scraping document...
2026-02-16 01:18:30,140 - INFO - HTTP Request: GET https://vegzmiigjvetbaqqcukd.supabase.co/rest/v1/lovdata_metadata?select=file_name&file_name=eq.NL_lov_2007-06-15-40_C2_A744.xml&limit=1 "HTTP/1.1 200 OK"
2026-02-16 01:18:30,144 - INFO - ⏭️  Skipping existing: NL_lov_2007-06-15-40_C2_A744.xml
2026-02-16 01:18:30,451 - INFO - 
   [2/43] Processing document...
2026-02-16 01:18:30,451 - INFO - 📄 Scraping document...
2026-02-16 01:18:33,514 - INFO - HTTP Request: GET https://vegzmiigjvetbaqqcukd.supabase.co/rest/v1/lovdata_metadata?select=file_name&file_name=eq.NL_lov_2025-03-28-5.xml&limit=1 "HTTP/1.1 200 OK"
2026-02-16 01:18:33,514 - INFO - ⏭️  Skipping existing: NL_lov_2025-03-28-5.xml
2026-02-16 01:18:33,829 - INFO - 
   [3/43] Processing document...
2026-02-16 01:18:33,829 - INFO - 📄 Scraping document...
2026-02-16 01:18:36,279 - INFO - HTTP Request: GET https://vegzmiigjvetbaqqcukd.supabase.co/rest/v1/lovdata_metadata?select=file_name&file_name=eq.NL_lov_2007-06-15-40_C2_A79.xml&limit=1 "HTTP/1.1 200 OK"
2026-02-16 01:18:36,282 - INFO - ⏭️  Skipping existing: NL_lov_2007-06-15-40_C2_A79.xml
2026-02-16 01:18:36,588 - INFO - 
   [4/43] Processing document...
2026-02-16 01:18:36,589 - INFO - 📄 Scraping document...
2026-02-16 01:18:38,998 - INFO - HTTP Request: GET https://vegzmiigjvetbaqqcukd.supabase.co/rest/v1/lovdata_metadata?select=file_name&file_name=eq.HRSTR_avgjorelse_hr-2026-373-a.xml&limit=1 "HTTP/1.1 200 OK"
2026-02-16 01:18:39,013 - INFO - ⏭️  Skipping existing: HRSTR_avgjorelse_hr-2026-373-a.xml
2026-02-16 01:18:39,317 - INFO - 
   [5/43] Processing document...
2026-02-16 01:18:39,317 - INFO - 📄 Scraping document...
2026-02-16 01:18:41,674 - INFO - HTTP Request: GET https://vegzmiigjvetbaqqcukd.supabase.co/rest/v1/lovdata_metadata?select=file_name&file_name=eq.HRSIV_avgjorelse_hr-2026-372-a.xml&limit=1 "HTTP/1.1 200 OK"
2026-02-16 01:18:41,679 - INFO - ⏭️  Skipping existing: HRSIV_avgjorelse_hr-2026-372-a.xml
2026-02-16 01:18:41,986 - INFO - 
   [6/43] Processing document...
2026-02-16 01:18:41,987 - INFO - 📄 Scraping document...
2026-02-16 01:18:44,318 - INFO - HTTP Request: GET https://vegzmiigjvetbaqqcukd.supabase.co/rest/v1/lovdata_metadata?select=file_name&file_name=eq.HRSTR_avgjorelse_hr-2026-359-u.xml&limit=1 "HTTP/1.1 200 OK"
2026-02-16 01:18:44,324 - INFO - ⏭️  Skipping existing: HRSTR_avgjorelse_hr-2026-359-u.xml
2026-02-16 01:18:44,638 - INFO - 
   [7/43] Processing document...
2026-02-16 01:18:44,640 - INFO - 📄 Scraping document...
2026-02-16 01:18:46,983 - INFO - HTTP Request: GET https://vegzmiigjvetbaqqcukd.supabase.co/rest/v1/lovdata_metadata?select=file_name&file_name=eq.HRSIV_avgjorelse_hr-2026-346-u.xml&limit=1 "HTTP/1.1 200 OK"
2026-02-16 01:18:46,985 - INFO - ⏭️  Skipping existing: HRSIV_avgjorelse_hr-2026-346-u.xml
2026-02-16 01:18:47,286 - INFO - 
   [8/43] Processing document...
2026-02-16 01:18:47,286 - INFO - 📄 Scraping document...
2026-02-16 01:18:49,658 - INFO - HTTP Request: GET https://vegzmiigjvetbaqqcukd.supabase.co/rest/v1/lovdata_metadata?select=file_name&file_name=eq.HRSTR_avgjorelse_hr-2026-344-u.xml&limit=1 "HTTP/1.1 200 OK"
2026-02-16 01:18:49,658 - INFO - ⏭️  Skipping existing: HRSTR_avgjorelse_hr-2026-344-u.xml
2026-02-16 01:18:49,980 - INFO - 
   [9/43] Processing document...
2026-02-16 01:18:49,981 - INFO - 📄 Scraping document...
2026-02-16 01:18:52,310 - INFO - HTTP Request: GET https://vegzmiigjvetbaqqcukd.supabase.co/rest/v1/lovdata_metadata?select=file_name&file_name=eq.HRSIV_avgjorelse_hr-2026-339-u.xml&limit=1 "HTTP/1.1 200 OK"
2026-02-16 01:18:52,313 - INFO - ⏭️  Skipping existing: HRSIV_avgjorelse_hr-2026-339-u.xml
2026-02-16 01:18:52,616 - INFO - 
   [10/43] Processing document...
2026-02-16 01:18:52,617 - INFO - 📄 Scraping document...
2026-02-16 01:18:55,006 - INFO - HTTP Request: GET https://vegzmiigjvetbaqqcukd.supabase.co/rest/v1/lovdata_metadata?select=file_name&file_name=eq.HRSIV_avgjorelse_hr-2026-334-u.xml&limit=1 "HTTP/1.1 200 OK"
2026-02-16 01:18:55,006 - INFO - ⏭️  Skipping existing: HRSIV_avgjorelse_hr-2026-334-u.xml
2026-02-16 01:18:55,316 - INFO - 
   [11/43] Processing document...
2026-02-16 01:18:55,317 - INFO - 📄 Scraping document...
2026-02-16 01:18:57,600 - INFO - HTTP Request: GET https://vegzmiigjvetbaqqcukd.supabase.co/rest/v1/lovdata_metadata?select=file_name&file_name=eq.HRSTR_avgjorelse_hr-2026-333-u.xml&limit=1 "HTTP/1.1 200 OK"
2026-02-16 01:18:57,603 - INFO - ⏭️  Skipping existing: HRSTR_avgjorelse_hr-2026-333-u.xml
2026-02-16 01:18:57,906 - INFO - 
   [12/43] Processing document...
2026-02-16 01:18:57,907 - INFO - 📄 Scraping document...
2026-02-16 01:19:00,311 - INFO - HTTP Request: GET https://vegzmiigjvetbaqqcukd.supabase.co/rest/v1/lovdata_metadata?select=file_name&file_name=eq.HRSTR_avgjorelse_hr-2026-312-u.xml&limit=1 "HTTP/1.1 200 OK"
2026-02-16 01:19:00,315 - INFO - ⏭️  Skipping existing: HRSTR_avgjorelse_hr-2026-312-u.xml
2026-02-16 01:19:00,620 - INFO - 
   [13/43] Processing document...
2026-02-16 01:19:00,621 - INFO - 📄 Scraping document...
2026-02-16 01:19:02,990 - INFO - HTTP Request: GET https://vegzmiigjvetbaqqcukd.supabase.co/rest/v1/lovdata_metadata?select=file_name&file_name=eq.HRSIV_avgjorelse_hr-2026-296-u.xml&limit=1 "HTTP/1.1 200 OK"
2026-02-16 01:19:02,995 - INFO - ⏭️  Skipping existing: HRSIV_avgjorelse_hr-2026-296-u.xml
2026-02-16 01:19:03,302 - INFO - 
   [14/43] Processing document...
2026-02-16 01:19:03,302 - INFO - 📄 Scraping document...
2026-02-16 01:19:05,694 - INFO - HTTP Request: GET https://vegzmiigjvetbaqqcukd.supabase.co/rest/v1/lovdata_metadata?select=file_name&file_name=eq.LGSIV_avgjorelse_lg-2025-49402.xml&limit=1 "HTTP/1.1 200 OK"
2026-02-16 01:19:05,698 - INFO - ⏭️  Skipping existing: LGSIV_avgjorelse_lg-2025-49402.xml
2026-02-16 01:19:06,003 - INFO - 
   [15/43] Processing document...
2026-02-16 01:19:06,004 - INFO - 📄 Scraping document...
2026-02-16 01:19:08,401 - INFO - HTTP Request: GET https://vegzmiigjvetbaqqcukd.supabase.co/rest/v1/lovdata_metadata?select=file_name&file_name=eq.LGSIV_avgjorelse_lg-2026-18220.xml&limit=1 "HTTP/1.1 200 OK"
2026-02-16 01:19:08,406 - INFO - ⏭️  Skipping existing: LGSIV_avgjorelse_lg-2026-18220.xml
2026-02-16 01:19:08,722 - INFO - 
   [16/43] Processing document...
2026-02-16 01:19:08,722 - INFO - 📄 Scraping document...
2026-02-16 01:19:11,146 - INFO - HTTP Request: GET https://vegzmiigjvetbaqqcukd.supabase.co/rest/v1/lovdata_metadata?select=file_name&file_name=eq.LBSIV_avgjorelse_lb-2025-181309.xml&limit=1 "HTTP/1.1 200 OK"
2026-02-16 01:19:11,153 - INFO - ⏭️  Skipping existing: LBSIV_avgjorelse_lb-2025-181309.xml
2026-02-16 01:19:11,458 - INFO - 
   [17/43] Processing document...
2026-02-16 01:19:11,459 - INFO - 📄 Scraping document...
2026-02-16 01:19:13,833 - INFO - HTTP Request: GET https://vegzmiigjvetbaqqcukd.supabase.co/rest/v1/lovdata_metadata?select=file_name&file_name=eq.LBSIV_avgjorelse_lb-2025-103123.xml&limit=1 "HTTP/1.1 200 OK"
2026-02-16 01:19:13,840 - INFO - ⏭️  Skipping existing: LBSIV_avgjorelse_lb-2025-103123.xml
2026-02-16 01:19:14,149 - INFO - 
   [18/43] Processing document...
2026-02-16 01:19:14,150 - INFO - 📄 Scraping document...
2026-02-16 01:19:16,524 - INFO - HTTP Request: GET https://vegzmiigjvetbaqqcukd.supabase.co/rest/v1/lovdata_metadata?select=file_name&file_name=eq.LBSTR_avgjorelse_lb-2025-101938.xml&limit=1 "HTTP/1.1 200 OK"
2026-02-16 01:19:16,530 - INFO - ⏭️  Skipping existing: LBSTR_avgjorelse_lb-2025-101938.xml
2026-02-16 01:19:16,837 - INFO - 
   [19/43] Processing document...
2026-02-16 01:19:16,838 - INFO - 📄 Scraping document...
2026-02-16 01:19:19,283 - INFO - HTTP Request: GET https://vegzmiigjvetbaqqcukd.supabase.co/rest/v1/lovdata_metadata?select=file_name&file_name=eq.LHSIV_avgjorelse_lh-2026-8272.xml&limit=1 "HTTP/1.1 200 OK"
2026-02-16 01:19:19,287 - INFO - ⏭️  Skipping existing: LHSIV_avgjorelse_lh-2026-8272.xml
2026-02-16 01:19:19,590 - INFO - 
   [20/43] Processing document...
2026-02-16 01:19:19,590 - INFO - 📄 Scraping document...
2026-02-16 01:19:21,990 - INFO - HTTP Request: GET https://vegzmiigjvetbaqqcukd.supabase.co/rest/v1/lovdata_metadata?select=file_name&file_name=eq.LHSTR_avgjorelse_lh-2025-188441.xml&limit=1 "HTTP/1.1 200 OK"
2026-02-16 01:19:21,993 - INFO - ⏭️  Skipping existing: LHSTR_avgjorelse_lh-2025-188441.xml
2026-02-16 01:19:22,299 - INFO - 
   [21/43] Processing document...
2026-02-16 01:19:22,299 - INFO - 📄 Scraping document...
2026-02-16 01:19:25,174 - INFO - HTTP Request: GET https://vegzmiigjvetbaqqcukd.supabase.co/rest/v1/lovdata_metadata?select=file_name&file_name=eq.LGSIV_avgjorelse_lg-2026-16764.xml&limit=1 "HTTP/1.1 200 OK"
2026-02-16 01:19:25,181 - INFO - ⏭️  Skipping existing: LGSIV_avgjorelse_lg-2026-16764.xml
2026-02-16 01:19:25,492 - INFO - 
   [22/43] Processing document...
2026-02-16 01:19:25,492 - INFO - 📄 Scraping document...
2026-02-16 01:19:28,036 - INFO - HTTP Request: GET https://vegzmiigjvetbaqqcukd.supabase.co/rest/v1/lovdata_metadata?select=file_name&file_name=eq.LGSIV_avgjorelse_lg-2026-5180.xml&limit=1 "HTTP/1.1 200 OK"
2026-02-16 01:19:28,042 - INFO - ⏭️  Skipping existing: LGSIV_avgjorelse_lg-2026-5180.xml
2026-02-16 01:19:28,350 - INFO - 
   [23/43] Processing document...
2026-02-16 01:19:28,351 - INFO - 📄 Scraping document...
2026-02-16 01:19:30,803 - INFO - HTTP Request: GET https://vegzmiigjvetbaqqcukd.supabase.co/rest/v1/lovdata_metadata?select=file_name&file_name=eq.LESIV_avgjorelse_le-2025-196437.xml&limit=1 "HTTP/1.1 200 OK"
2026-02-16 01:19:30,811 - INFO - ⏭️  Skipping existing: LESIV_avgjorelse_le-2025-196437.xml
2026-02-16 01:19:31,120 - INFO - 
   [24/43] Processing document...
2026-02-16 01:19:31,121 - INFO - 📄 Scraping document...
2026-02-16 01:19:33,771 - INFO - HTTP Request: GET https://vegzmiigjvetbaqqcukd.supabase.co/rest/v1/lovdata_metadata?select=file_name&file_name=eq.TRSTR_avgjorelse_tnet-2025-201859.xml&limit=1 "HTTP/1.1 200 OK"
2026-02-16 01:19:33,778 - INFO - ⏭️  Skipping existing: TRSTR_avgjorelse_tnet-2025-201859.xml
2026-02-16 01:19:34,087 - INFO - 
   [25/43] Processing document...
2026-02-16 01:19:34,087 - INFO - 📄 Scraping document...
2026-02-16 01:19:36,490 - INFO - HTTP Request: GET https://vegzmiigjvetbaqqcukd.supabase.co/rest/v1/lovdata_metadata?select=file_name&file_name=eq.TRSTR_avgjorelse_thrd-2025-147974.xml&limit=1 "HTTP/1.1 200 OK"
2026-02-16 01:19:36,493 - INFO - ⏭️  Skipping existing: TRSTR_avgjorelse_thrd-2025-147974.xml
2026-02-16 01:19:36,806 - INFO - 
   [26/43] Processing document...
2026-02-16 01:19:36,807 - INFO - 📄 Scraping document...
2026-02-16 01:19:39,193 - INFO - HTTP Request: GET https://vegzmiigjvetbaqqcukd.supabase.co/rest/v1/lovdata_metadata?select=file_name&file_name=eq.TRSTR_avgjorelse_thrd-2025-179533.xml&limit=1 "HTTP/1.1 200 OK"
2026-02-16 01:19:39,197 - INFO - ⏭️  Skipping existing: TRSTR_avgjorelse_thrd-2025-179533.xml
2026-02-16 01:19:39,512 - INFO - 
   [27/43] Processing document...
2026-02-16 01:19:39,513 - INFO - 📄 Scraping document...
2026-02-16 01:19:41,886 - INFO - HTTP Request: GET https://vegzmiigjvetbaqqcukd.supabase.co/rest/v1/lovdata_metadata?select=file_name&file_name=eq.TRSIV_avgjorelse_tosl-2025-206996.xml&limit=1 "HTTP/1.1 200 OK"
2026-02-16 01:19:41,891 - INFO - ⏭️  Skipping existing: TRSIV_avgjorelse_tosl-2025-206996.xml
2026-02-16 01:19:42,200 - INFO - 
   [28/43] Processing document...
2026-02-16 01:19:42,201 - INFO - 📄 Scraping document...
2026-02-16 01:19:44,610 - INFO - HTTP Request: GET https://vegzmiigjvetbaqqcukd.supabase.co/rest/v1/lovdata_metadata?select=file_name&file_name=eq.TRSTR_avgjorelse_tosl-2025-46750.xml&limit=1 "HTTP/1.1 200 OK"
2026-02-16 01:19:44,615 - INFO - ⏭️  Skipping existing: TRSTR_avgjorelse_tosl-2025-46750.xml
2026-02-16 01:19:44,921 - INFO - 
   [29/43] Processing document...
2026-02-16 01:19:44,921 - INFO - 📄 Scraping document...
2026-02-16 01:19:47,531 - INFO - HTTP Request: GET https://vegzmiigjvetbaqqcukd.supabase.co/rest/v1/lovdata_metadata?select=file_name&file_name=eq.TRSIV_avgjorelse_tosl-2025-180124.xml&limit=1 "HTTP/1.1 200 OK"
2026-02-16 01:19:47,547 - INFO - ⏭️  Skipping existing: TRSIV_avgjorelse_tosl-2025-180124.xml
2026-02-16 01:19:47,862 - INFO - 
   [30/43] Processing document...
2026-02-16 01:19:47,862 - INFO - 📄 Scraping document...
2026-02-16 01:19:50,463 - INFO - HTTP Request: GET https://vegzmiigjvetbaqqcukd.supabase.co/rest/v1/lovdata_metadata?select=file_name&file_name=eq.TRSIV_avgjorelse_tosl-2025-3971.xml&limit=1 "HTTP/1.1 200 OK"
2026-02-16 01:19:50,469 - INFO - ⏭️  Skipping existing: TRSIV_avgjorelse_tosl-2025-3971.xml
2026-02-16 01:19:50,770 - INFO - 
   [31/43] Processing document...
2026-02-16 01:19:50,770 - INFO - 📄 Scraping document...
2026-02-16 01:19:53,198 - INFO - HTTP Request: GET https://vegzmiigjvetbaqqcukd.supabase.co/rest/v1/lovdata_metadata?select=file_name&file_name=eq.TRSIV_avgjorelse_tvov-2025-54083.xml&limit=1 "HTTP/1.1 200 OK"
2026-02-16 01:19:53,200 - INFO - ⏭️  Skipping existing: TRSIV_avgjorelse_tvov-2025-54083.xml
2026-02-16 01:19:53,503 - INFO - 
   [32/43] Processing document...
2026-02-16 01:19:53,504 - INFO - 📄 Scraping document...
2026-02-16 01:19:55,908 - INFO - HTTP Request: GET https://vegzmiigjvetbaqqcukd.supabase.co/rest/v1/lovdata_metadata?select=file_name&file_name=eq.TRSIV_avgjorelse_tosl-2025-195280.xml&limit=1 "HTTP/1.1 200 OK"
2026-02-16 01:19:55,913 - INFO - ⏭️  Skipping existing: TRSIV_avgjorelse_tosl-2025-195280.xml
2026-02-16 01:19:56,226 - INFO - 
   [33/43] Processing document...
2026-02-16 01:19:56,227 - INFO - 📄 Scraping document...
2026-02-16 01:19:58,640 - INFO - HTTP Request: GET https://vegzmiigjvetbaqqcukd.supabase.co/rest/v1/lovdata_metadata?select=file_name&file_name=eq.TRSTR_avgjorelse_tgud-2025-196990.xml&limit=1 "HTTP/1.1 200 OK"
2026-02-16 01:19:58,645 - INFO - ⏭️  Skipping existing: TRSTR_avgjorelse_tgud-2025-196990.xml
2026-02-16 01:19:58,954 - INFO - 
   [34/43] Processing document...
2026-02-16 01:19:58,954 - INFO - 📄 Scraping document...
2026-02-16 01:20:01,351 - INFO - HTTP Request: GET https://vegzmiigjvetbaqqcukd.supabase.co/rest/v1/lovdata_metadata?select=file_name&file_name=eq.LTI_forskrift_2026-02-13-200.xml&limit=1 "HTTP/1.1 200 OK"
2026-02-16 01:20:01,352 - INFO - ⏭️  Skipping existing: LTI_forskrift_2026-02-13-200.xml
2026-02-16 01:20:01,668 - INFO - 
   [35/43] Processing document...
2026-02-16 01:20:01,668 - INFO - 📄 Scraping document...
2026-02-16 01:20:04,314 - INFO - HTTP Request: GET https://vegzmiigjvetbaqqcukd.supabase.co/rest/v1/lovdata_metadata?select=file_name&file_name=eq.LTI_forskrift_2026-02-12-199.xml&limit=1 "HTTP/1.1 200 OK"
2026-02-16 01:20:04,319 - INFO - ⏭️  Skipping existing: LTI_forskrift_2026-02-12-199.xml
2026-02-16 01:20:04,623 - INFO - 
   [36/43] Processing document...
2026-02-16 01:20:04,623 - INFO - 📄 Scraping document...
2026-02-16 01:20:06,970 - INFO - HTTP Request: GET https://vegzmiigjvetbaqqcukd.supabase.co/rest/v1/lovdata_metadata?select=file_name&file_name=eq.LTI_forskrift_2026-01-21-198.xml&limit=1 "HTTP/1.1 200 OK"
2026-02-16 01:20:06,975 - INFO - ⏭️  Skipping existing: LTI_forskrift_2026-01-21-198.xml
2026-02-16 01:20:07,291 - INFO - 
   [37/43] Processing document...
2026-02-16 01:20:07,291 - INFO - 📄 Scraping document...
2026-02-16 01:20:09,793 - INFO - HTTP Request: GET https://vegzmiigjvetbaqqcukd.supabase.co/rest/v1/lovdata_metadata?select=file_name&file_name=eq.LTI_forskrift_2026-02-13-197.xml&limit=1 "HTTP/1.1 200 OK"
2026-02-16 01:20:09,797 - INFO - ⏭️  Skipping existing: LTI_forskrift_2026-02-13-197.xml
2026-02-16 01:20:10,114 - INFO - 
   [38/43] Processing document...
2026-02-16 01:20:10,115 - INFO - 📄 Scraping document...
2026-02-16 01:20:12,507 - INFO - HTTP Request: GET https://vegzmiigjvetbaqqcukd.supabase.co/rest/v1/lovdata_metadata?select=file_name&file_name=eq.LTI_lov_2026-02-13-6.xml&limit=1 "HTTP/1.1 200 OK"
2026-02-16 01:20:12,511 - INFO - ⏭️  Skipping existing: LTI_lov_2026-02-13-6.xml
2026-02-16 01:20:12,823 - INFO - 
   [39/43] Processing document...
2026-02-16 01:20:12,824 - INFO - 📄 Scraping document...
2026-02-16 01:20:15,226 - INFO - HTTP Request: GET https://vegzmiigjvetbaqqcukd.supabase.co/rest/v1/lovdata_metadata?select=file_name&file_name=eq.LTI_lov_2026-02-13-5.xml&limit=1 "HTTP/1.1 200 OK"
2026-02-16 01:20:15,230 - INFO - ⏭️  Skipping existing: LTI_lov_2026-02-13-5.xml
2026-02-16 01:20:15,536 - INFO - 
   [40/43] Processing document...
2026-02-16 01:20:15,536 - INFO - 📄 Scraping document...
2026-02-16 01:20:18,035 - INFO - HTTP Request: GET https://vegzmiigjvetbaqqcukd.supabase.co/rest/v1/lovdata_metadata?select=file_name&file_name=eq.LTI_forskrift_2026-02-12-196.xml&limit=1 "HTTP/1.1 200 OK"
2026-02-16 01:20:18,040 - INFO - ⏭️  Skipping existing: LTI_forskrift_2026-02-12-196.xml
2026-02-16 01:20:18,349 - INFO - 
   [41/43] Processing document...
2026-02-16 01:20:18,349 - INFO - 📄 Scraping document...
2026-02-16 01:20:20,674 - INFO - HTTP Request: GET https://vegzmiigjvetbaqqcukd.supabase.co/rest/v1/lovdata_metadata?select=file_name&file_name=eq.LTI_forskrift_2026-02-12-195.xml&limit=1 "HTTP/1.1 200 OK"
2026-02-16 01:20:20,681 - INFO - ⏭️  Skipping existing: LTI_forskrift_2026-02-12-195.xml
2026-02-16 01:20:20,991 - INFO - 
   [42/43] Processing document...
2026-02-16 01:20:20,991 - INFO - 📄 Scraping document...
2026-02-16 01:20:23,415 - INFO - HTTP Request: GET https://vegzmiigjvetbaqqcukd.supabase.co/rest/v1/lovdata_metadata?select=file_name&file_name=eq.LTI_forskrift_2026-02-11-194.xml&limit=1 "HTTP/1.1 200 OK"
2026-02-16 01:20:23,420 - INFO - ⏭️  Skipping existing: LTI_forskrift_2026-02-11-194.xml
2026-02-16 01:20:23,728 - INFO - 
   [43/43] Processing document...
2026-02-16 01:20:23,728 - INFO - 📄 Scraping document...
2026-02-16 01:20:26,066 - INFO - HTTP Request: GET https://vegzmiigjvetbaqqcukd.supabase.co/rest/v1/lovdata_metadata?select=file_name&file_name=eq.LTI_forskrift_2026-02-09-193.xml&limit=1 "HTTP/1.1 200 OK"
2026-02-16 01:20:26,070 - INFO - ⏭️  Skipping existing: LTI_forskrift_2026-02-09-193.xml
2026-02-16 01:20:26,381 - INFO - 
✅ Completed area: Tort_Law
2026-02-16 01:20:26,381 - INFO - 
======================================================================
2026-02-16 01:20:26,383 - INFO - [5/38] Family_Law
2026-02-16 01:20:26,383 - INFO - ======================================================================
2026-02-16 01:20:26,383 - INFO -    Norwegian: familierett
2026-02-16 01:20:26,384 - INFO -    🔗 https://lovdata.no/pro/#rettsomrade/familierett
2026-02-16 01:20:26,385 - INFO - 📂 Navigating to: https://lovdata.no/pro/#rettsomrade/familierett
2026-02-16 01:20:32,426 - INFO -    🌍 Current URL after load: https://lovdata.no/pro/#myPage
2026-02-16 01:20:32,459 - INFO -    📄 Currently loaded: 45
2026-02-16 01:20:34,498 - INFO -    📄 Currently loaded: 45
2026-02-16 01:20:36,537 - INFO -    📄 Currently loaded: 45
2026-02-16 01:20:38,571 - INFO -    📄 Currently loaded: 45
2026-02-16 01:20:38,573 - INFO -    ✅ All documents loaded
2026-02-16 01:20:39,318 - INFO -    🎉 Finished. Found 43 documents.
2026-02-16 01:20:39,319 - INFO - 🚀 Processing 43 documents
2026-02-16 01:20:39,319 - INFO - 
   [1/43] Processing document...
2026-02-16 01:20:39,319 - INFO - 📄 Scraping document...
2026-02-16 01:20:41,908 - INFO - HTTP Request: GET https://vegzmiigjvetbaqqcukd.supabase.co/rest/v1/lovdata_metadata?select=file_name&file_name=eq.NL_lov_2007-06-15-40_C2_A744.xml&limit=1 "HTTP/1.1 200 OK"
2026-02-16 01:20:41,914 - INFO - ⏭️  Skipping existing: NL_lov_2007-06-15-40_C2_A744.xml
2026-02-16 01:20:42,228 - INFO - 
   [2/43] Processing document...
2026-02-16 01:20:42,228 - INFO - 📄 Scraping document...
2026-02-16 01:20:44,920 - INFO - HTTP Request: GET https://vegzmiigjvetbaqqcukd.supabase.co/rest/v1/lovdata_metadata?select=file_name&file_name=eq.NL_lov_2025-03-28-5.xml&limit=1 "HTTP/1.1 200 OK"
2026-02-16 01:20:44,925 - INFO - ⏭️  Skipping existing: NL_lov_2025-03-28-5.xml
2026-02-16 01:20:45,240 - INFO - 
   [3/43] Processing document...
2026-02-16 01:20:45,241 - INFO - 📄 Scraping document...
2026-02-16 01:20:47,661 - INFO - HTTP Request: GET https://vegzmiigjvetbaqqcukd.supabase.co/rest/v1/lovdata_metadata?select=file_name&file_name=eq.NL_lov_2007-06-15-40_C2_A79.xml&limit=1 "HTTP/1.1 200 OK"
2026-02-16 01:20:47,666 - INFO - ⏭️  Skipping existing: NL_lov_2007-06-15-40_C2_A79.xml
2026-02-16 01:20:47,981 - INFO - 
   [4/43] Processing document...
2026-02-16 01:20:47,981 - INFO - 📄 Scraping document...
2026-02-16 01:20:50,406 - INFO - HTTP Request: GET https://vegzmiigjvetbaqqcukd.supabase.co/rest/v1/lovdata_metadata?select=file_name&file_name=eq.HRSTR_avgjorelse_hr-2026-373-a.xml&limit=1 "HTTP/1.1 200 OK"
2026-02-16 01:20:50,410 - INFO - ⏭️  Skipping existing: HRSTR_avgjorelse_hr-2026-373-a.xml
2026-02-16 01:20:50,717 - INFO - 
   [5/43] Processing document...
2026-02-16 01:20:50,718 - INFO - 📄 Scraping document...
2026-02-16 01:20:53,118 - INFO - HTTP Request: GET https://vegzmiigjvetbaqqcukd.supabase.co/rest/v1/lovdata_metadata?select=file_name&file_name=eq.HRSIV_avgjorelse_hr-2026-372-a.xml&limit=1 "HTTP/1.1 200 OK"
2026-02-16 01:20:53,120 - INFO - ⏭️  Skipping existing: HRSIV_avgjorelse_hr-2026-372-a.xml
2026-02-16 01:20:53,433 - INFO - 
   [6/43] Processing document...
2026-02-16 01:20:53,435 - INFO - 📄 Scraping document...
2026-02-16 01:20:55,800 - INFO - HTTP Request: GET https://vegzmiigjvetbaqqcukd.supabase.co/rest/v1/lovdata_metadata?select=file_name&file_name=eq.HRSTR_avgjorelse_hr-2026-359-u.xml&limit=1 "HTTP/1.1 200 OK"
2026-02-16 01:20:55,804 - INFO - ⏭️  Skipping existing: HRSTR_avgjorelse_hr-2026-359-u.xml
2026-02-16 01:20:56,120 - INFO - 
   [7/43] Processing document...
2026-02-16 01:20:56,121 - INFO - 📄 Scraping document...
2026-02-16 01:20:59,304 - INFO - HTTP Request: GET https://vegzmiigjvetbaqqcukd.supabase.co/rest/v1/lovdata_metadata?select=file_name&file_name=eq.HRSIV_avgjorelse_hr-2026-346-u.xml&limit=1 "HTTP/1.1 200 OK"
2026-02-16 01:20:59,306 - INFO - ⏭️  Skipping existing: HRSIV_avgjorelse_hr-2026-346-u.xml
2026-02-16 01:20:59,617 - INFO - 
   [8/43] Processing document...
2026-02-16 01:20:59,617 - INFO - 📄 Scraping document...
2026-02-16 01:21:02,071 - INFO - HTTP Request: GET https://vegzmiigjvetbaqqcukd.supabase.co/rest/v1/lovdata_metadata?select=file_name&file_name=eq.HRSTR_avgjorelse_hr-2026-344-u.xml&limit=1 "HTTP/1.1 200 OK"
2026-02-16 01:21:02,077 - INFO - ⏭️  Skipping existing: HRSTR_avgjorelse_hr-2026-344-u.xml
2026-02-16 01:21:02,378 - INFO - 
   [9/43] Processing document...
2026-02-16 01:21:02,378 - INFO - 📄 Scraping document...
2026-02-16 01:21:05,054 - INFO - HTTP Request: GET https://vegzmiigjvetbaqqcukd.supabase.co/rest/v1/lovdata_metadata?select=file_name&file_name=eq.HRSIV_avgjorelse_hr-2026-339-u.xml&limit=1 "HTTP/1.1 200 OK"
2026-02-16 01:21:05,060 - INFO - ⏭️  Skipping existing: HRSIV_avgjorelse_hr-2026-339-u.xml
2026-02-16 01:21:05,373 - INFO - 
   [10/43] Processing document...
2026-02-16 01:21:05,373 - INFO - 📄 Scraping document...
2026-02-16 01:21:08,349 - INFO - HTTP Request: GET https://vegzmiigjvetbaqqcukd.supabase.co/rest/v1/lovdata_metadata?select=file_name&file_name=eq.HRSIV_avgjorelse_hr-2026-334-u.xml&limit=1 "HTTP/1.1 200 OK"
2026-02-16 01:21:08,354 - INFO - ⏭️  Skipping existing: HRSIV_avgjorelse_hr-2026-334-u.xml
2026-02-16 01:21:08,660 - INFO - 
   [11/43] Processing document...
2026-02-16 01:21:08,660 - INFO - 📄 Scraping document...
2026-02-16 01:21:11,110 - INFO - HTTP Request: GET https://vegzmiigjvetbaqqcukd.supabase.co/rest/v1/lovdata_metadata?select=file_name&file_name=eq.HRSTR_avgjorelse_hr-2026-333-u.xml&limit=1 "HTTP/1.1 200 OK"
2026-02-16 01:21:11,115 - INFO - ⏭️  Skipping existing: HRSTR_avgjorelse_hr-2026-333-u.xml
2026-02-16 01:21:11,430 - INFO - 
   [12/43] Processing document...
2026-02-16 01:21:11,431 - INFO - 📄 Scraping document...
2026-02-16 01:21:14,364 - INFO - HTTP Request: GET https://vegzmiigjvetbaqqcukd.supabase.co/rest/v1/lovdata_metadata?select=file_name&file_name=eq.HRSTR_avgjorelse_hr-2026-312-u.xml&limit=1 "HTTP/1.1 200 OK"
2026-02-16 01:21:14,369 - INFO - ⏭️  Skipping existing: HRSTR_avgjorelse_hr-2026-312-u.xml
2026-02-16 01:21:14,679 - INFO - 
   [13/43] Processing document...
2026-02-16 01:21:14,680 - INFO - 📄 Scraping document...
2026-02-16 01:21:17,325 - INFO - HTTP Request: GET https://vegzmiigjvetbaqqcukd.supabase.co/rest/v1/lovdata_metadata?select=file_name&file_name=eq.HRSIV_avgjorelse_hr-2026-296-u.xml&limit=1 "HTTP/1.1 200 OK"
2026-02-16 01:21:17,327 - INFO - ⏭️  Skipping existing: HRSIV_avgjorelse_hr-2026-296-u.xml
2026-02-16 01:21:17,641 - INFO - 
   [14/43] Processing document...
2026-02-16 01:21:17,642 - INFO - 📄 Scraping document...
2026-02-16 01:21:20,000 - INFO - HTTP Request: GET https://vegzmiigjvetbaqqcukd.supabase.co/rest/v1/lovdata_metadata?select=file_name&file_name=eq.LGSIV_avgjorelse_lg-2025-49402.xml&limit=1 "HTTP/1.1 200 OK"
2026-02-16 01:21:20,007 - INFO - ⏭️  Skipping existing: LGSIV_avgjorelse_lg-2025-49402.xml
2026-02-16 01:21:20,309 - INFO - 
   [15/43] Processing document...
2026-02-16 01:21:20,311 - INFO - 📄 Scraping document...
2026-02-16 01:21:24,391 - INFO - HTTP Request: GET https://vegzmiigjvetbaqqcukd.supabase.co/rest/v1/lovdata_metadata?select=file_name&file_name=eq.LGSIV_avgjorelse_lg-2026-18220.xml&limit=1 "HTTP/1.1 200 OK"
2026-02-16 01:21:24,395 - INFO - ⏭️  Skipping existing: LGSIV_avgjorelse_lg-2026-18220.xml
2026-02-16 01:21:24,710 - INFO - 
   [16/43] Processing document...
2026-02-16 01:21:24,711 - INFO - 📄 Scraping document...
2026-02-16 01:21:27,742 - INFO - HTTP Request: GET https://vegzmiigjvetbaqqcukd.supabase.co/rest/v1/lovdata_metadata?select=file_name&file_name=eq.LBSIV_avgjorelse_lb-2025-181309.xml&limit=1 "HTTP/1.1 200 OK"
2026-02-16 01:21:27,747 - INFO - ⏭️  Skipping existing: LBSIV_avgjorelse_lb-2025-181309.xml
2026-02-16 01:21:28,061 - INFO - 
   [17/43] Processing document...
2026-02-16 01:21:28,062 - INFO - 📄 Scraping document...
2026-02-16 01:21:30,433 - INFO - HTTP Request: GET https://vegzmiigjvetbaqqcukd.supabase.co/rest/v1/lovdata_metadata?select=file_name&file_name=eq.LBSIV_avgjorelse_lb-2025-103123.xml&limit=1 "HTTP/1.1 200 OK"
2026-02-16 01:21:30,438 - INFO - ⏭️  Skipping existing: LBSIV_avgjorelse_lb-2025-103123.xml
2026-02-16 01:21:30,740 - INFO - 
   [18/43] Processing document...
2026-02-16 01:21:30,740 - INFO - 📄 Scraping document...
2026-02-16 01:21:33,344 - INFO - HTTP Request: GET https://vegzmiigjvetbaqqcukd.supabase.co/rest/v1/lovdata_metadata?select=file_name&file_name=eq.LBSTR_avgjorelse_lb-2025-101938.xml&limit=1 "HTTP/1.1 200 OK"
2026-02-16 01:21:33,348 - INFO - ⏭️  Skipping existing: LBSTR_avgjorelse_lb-2025-101938.xml
2026-02-16 01:21:33,659 - INFO - 
   [19/43] Processing document...
2026-02-16 01:21:33,660 - INFO - 📄 Scraping document...
2026-02-16 01:21:36,373 - INFO - HTTP Request: GET https://vegzmiigjvetbaqqcukd.supabase.co/rest/v1/lovdata_metadata?select=file_name&file_name=eq.LHSIV_avgjorelse_lh-2026-8272.xml&limit=1 "HTTP/1.1 200 OK"
2026-02-16 01:21:36,376 - INFO - ⏭️  Skipping existing: LHSIV_avgjorelse_lh-2026-8272.xml
2026-02-16 01:21:36,690 - INFO - 
   [20/43] Processing document...
2026-02-16 01:21:36,690 - INFO - 📄 Scraping document...
2026-02-16 01:21:39,089 - INFO - HTTP Request: GET https://vegzmiigjvetbaqqcukd.supabase.co/rest/v1/lovdata_metadata?select=file_name&file_name=eq.LHSTR_avgjorelse_lh-2025-188441.xml&limit=1 "HTTP/1.1 200 OK"
2026-02-16 01:21:39,097 - INFO - ⏭️  Skipping existing: LHSTR_avgjorelse_lh-2025-188441.xml
2026-02-16 01:21:39,402 - INFO - 
   [21/43] Processing document...
2026-02-16 01:21:39,403 - INFO - 📄 Scraping document...
2026-02-16 01:21:41,770 - INFO - HTTP Request: GET https://vegzmiigjvetbaqqcukd.supabase.co/rest/v1/lovdata_metadata?select=file_name&file_name=eq.LGSIV_avgjorelse_lg-2026-16764.xml&limit=1 "HTTP/1.1 200 OK"
2026-02-16 01:21:41,775 - INFO - ⏭️  Skipping existing: LGSIV_avgjorelse_lg-2026-16764.xml
2026-02-16 01:21:42,083 - INFO - 
   [22/43] Processing document...
2026-02-16 01:21:42,084 - INFO - 📄 Scraping document...
2026-02-16 01:21:44,368 - INFO - HTTP Request: GET https://vegzmiigjvetbaqqcukd.supabase.co/rest/v1/lovdata_metadata?select=file_name&file_name=eq.LGSIV_avgjorelse_lg-2026-5180.xml&limit=1 "HTTP/1.1 200 OK"
2026-02-16 01:21:44,373 - INFO - ⏭️  Skipping existing: LGSIV_avgjorelse_lg-2026-5180.xml
2026-02-16 01:21:44,682 - INFO - 
   [23/43] Processing document...
2026-02-16 01:21:44,683 - INFO - 📄 Scraping document...
2026-02-16 01:21:48,371 - INFO - HTTP Request: GET https://vegzmiigjvetbaqqcukd.supabase.co/rest/v1/lovdata_metadata?select=file_name&file_name=eq.LESIV_avgjorelse_le-2025-196437.xml&limit=1 "HTTP/1.1 200 OK"
2026-02-16 01:21:48,377 - INFO - ⏭️  Skipping existing: LESIV_avgjorelse_le-2025-196437.xml
2026-02-16 01:21:48,692 - INFO - 
   [24/43] Processing document...
2026-02-16 01:21:48,693 - INFO - 📄 Scraping document...
2026-02-16 01:21:51,219 - INFO - HTTP Request: GET https://vegzmiigjvetbaqqcukd.supabase.co/rest/v1/lovdata_metadata?select=file_name&file_name=eq.TRSTR_avgjorelse_tnet-2025-201859.xml&limit=1 "HTTP/1.1 200 OK"
2026-02-16 01:21:51,225 - INFO - ⏭️  Skipping existing: TRSTR_avgjorelse_tnet-2025-201859.xml
2026-02-16 01:21:51,537 - INFO - 
   [25/43] Processing document...
2026-02-16 01:21:51,537 - INFO - 📄 Scraping document...
2026-02-16 01:21:54,066 - INFO - HTTP Request: GET https://vegzmiigjvetbaqqcukd.supabase.co/rest/v1/lovdata_metadata?select=file_name&file_name=eq.TRSTR_avgjorelse_thrd-2025-147974.xml&limit=1 "HTTP/1.1 200 OK"
2026-02-16 01:21:54,069 - INFO - ⏭️  Skipping existing: TRSTR_avgjorelse_thrd-2025-147974.xml
2026-02-16 01:21:54,383 - INFO - 
   [26/43] Processing document...
2026-02-16 01:21:54,384 - INFO - 📄 Scraping document...
2026-02-16 01:21:57,885 - INFO - HTTP Request: GET https://vegzmiigjvetbaqqcukd.supabase.co/rest/v1/lovdata_metadata?select=file_name&file_name=eq.TRSTR_avgjorelse_thrd-2025-179533.xml&limit=1 "HTTP/1.1 200 OK"
2026-02-16 01:21:57,890 - INFO - ⏭️  Skipping existing: TRSTR_avgjorelse_thrd-2025-179533.xml
2026-02-16 01:21:58,196 - INFO - 
   [27/43] Processing document...
2026-02-16 01:21:58,197 - INFO - 📄 Scraping document...
2026-02-16 01:22:01,517 - INFO - HTTP Request: GET https://vegzmiigjvetbaqqcukd.supabase.co/rest/v1/lovdata_metadata?select=file_name&file_name=eq.TRSIV_avgjorelse_tosl-2025-206996.xml&limit=1 "HTTP/1.1 200 OK"
2026-02-16 01:22:01,520 - INFO - ⏭️  Skipping existing: TRSIV_avgjorelse_tosl-2025-206996.xml
2026-02-16 01:22:01,836 - INFO - 
   [28/43] Processing document...
2026-02-16 01:22:01,836 - INFO - 📄 Scraping document...
2026-02-16 01:22:04,640 - INFO - HTTP Request: GET https://vegzmiigjvetbaqqcukd.supabase.co/rest/v1/lovdata_metadata?select=file_name&file_name=eq.TRSTR_avgjorelse_tosl-2025-46750.xml&limit=1 "HTTP/1.1 200 OK"
2026-02-16 01:22:04,644 - INFO - ⏭️  Skipping existing: TRSTR_avgjorelse_tosl-2025-46750.xml
2026-02-16 01:22:04,950 - INFO - 
   [29/43] Processing document...
2026-02-16 01:22:04,950 - INFO - 📄 Scraping document...
2026-02-16 01:22:08,423 - INFO - HTTP Request: GET https://vegzmiigjvetbaqqcukd.supabase.co/rest/v1/lovdata_metadata?select=file_name&file_name=eq.TRSIV_avgjorelse_tosl-2025-180124.xml&limit=1 "HTTP/1.1 200 OK"
2026-02-16 01:22:08,426 - INFO - ⏭️  Skipping existing: TRSIV_avgjorelse_tosl-2025-180124.xml
2026-02-16 01:22:08,732 - INFO - 
   [30/43] Processing document...
2026-02-16 01:22:08,732 - INFO - 📄 Scraping document...
2026-02-16 01:22:10,584 - WARNING - Retrying (Retry(total=2, connect=None, read=None, redirect=None, status=None)) after connection broken by 'ConnectionResetError(10054, 'An existing connection was forcibly closed by the remote host', None, 10054, None)': /session/51a2c743bf83836985c4dd4815cdcd50
